[35m[1mConsolidate compiler generated dependencies of target openarm_can[0m
[ 71%] Built target openarm_can
[35m[1mConsolidate compiler generated dependencies of target motor-check[0m
[35m[1mConsolidate compiler generated dependencies of target openarm-demo[0m
[100%] Built target motor-check
[100%] Built target openarm-demo
-- Install configuration: ""
-- Installing: /root/workspace/openarm/install/openarm_can/lib/libopenarm_can.a
-- Installing: /root/workspace/openarm/install/openarm_can/include/openarm
-- Installing: /root/workspace/openarm/install/openarm_can/include/openarm/can
-- Installing: /root/workspace/openarm/install/openarm_can/include/openarm/can/socket
-- Installing: /root/workspace/openarm/install/openarm_can/include/openarm/can/socket/arm_component.hpp
-- Installing: /root/workspace/openarm/install/openarm_can/include/openarm/can/socket/gripper_component.hpp
-- Installing: /root/workspace/openarm/install/openarm_can/include/openarm/can/socket/openarm.hpp
-- Installing: /root/workspace/openarm/install/openarm_can/include/openarm/canbus
-- Installing: /root/workspace/openarm/install/openarm_can/include/openarm/canbus/can_device.hpp
-- Installing: /root/workspace/openarm/install/openarm_can/include/openarm/canbus/can_device_collection.hpp
-- Installing: /root/workspace/openarm/install/openarm_can/include/openarm/canbus/can_socket.hpp
-- Installing: /root/workspace/openarm/install/openarm_can/include/openarm/damiao_motor
-- Installing: /root/workspace/openarm/install/openarm_can/include/openarm/damiao_motor/dm_motor.hpp
-- Installing: /root/workspace/openarm/install/openarm_can/include/openarm/damiao_motor/dm_motor_constants.hpp
-- Installing: /root/workspace/openarm/install/openarm_can/include/openarm/damiao_motor/dm_motor_control.hpp
-- Installing: /root/workspace/openarm/install/openarm_can/include/openarm/damiao_motor/dm_motor_device.hpp
-- Installing: /root/workspace/openarm/install/openarm_can/include/openarm/damiao_motor/dm_motor_device_collection.hpp
-- Installing: /root/workspace/openarm/install/openarm_can/lib/cmake/OpenArmCAN/OpenArmCANTargets.cmake
-- Installing: /root/workspace/openarm/install/openarm_can/lib/cmake/OpenArmCAN/OpenArmCANTargets-noconfig.cmake
-- Installing: /root/workspace/openarm/install/openarm_can/lib/cmake/OpenArmCAN/OpenArmCANConfig.cmake
-- Installing: /root/workspace/openarm/install/openarm_can/lib/cmake/OpenArmCAN/OpenArmCANVersion.cmake
-- Installing: /root/workspace/openarm/install/openarm_can/lib/pkgconfig/openarm-can.pc
