[0.108s] Invoking command in '/home/endika/Documents/openarm_ros2/build/openarm_can': /usr/bin/cmake --build /home/endika/Documents/openarm_ros2/build/openarm_can -- -j4 -l4
[0.330s] [35m[1mConsolidate compiler generated dependencies of target openarm_can[0m
[0.434s] [ 71%] Built target openarm_can
[0.514s] [35m[1mConsolidate compiler generated dependencies of target openarm-demo[0m
[0.533s] [35m[1mConsolidate compiler generated dependencies of target motor-check[0m
[0.615s] [ 85%] Built target motor-check
[0.629s] [100%] Built target openarm-demo
[1.921s] Invoked command in '/home/endika/Documents/openarm_ros2/build/openarm_can' returned '0': /usr/bin/cmake --build /home/endika/Documents/openarm_ros2/build/openarm_can -- -j4 -l4
[1.927s] Invoking command in '/home/endika/Documents/openarm_ros2/build/openarm_can': /usr/bin/cmake --install /home/endika/Documents/openarm_ros2/build/openarm_can
[1.964s] -- Install configuration: ""
[1.965s] -- Up-to-date: /home/endika/Documents/openarm_ros2/install/openarm_can/lib/libopenarm_can.a
[1.965s] -- Up-to-date: /home/endika/Documents/openarm_ros2/install/openarm_can/include/openarm
[1.965s] -- Up-to-date: /home/endika/Documents/openarm_ros2/install/openarm_can/include/openarm/damiao_motor
[1.965s] -- Up-to-date: /home/endika/Documents/openarm_ros2/install/openarm_can/include/openarm/damiao_motor/dm_motor_constants.hpp
[1.966s] -- Up-to-date: /home/endika/Documents/openarm_ros2/install/openarm_can/include/openarm/damiao_motor/dm_motor.hpp
[1.966s] -- Up-to-date: /home/endika/Documents/openarm_ros2/install/openarm_can/include/openarm/damiao_motor/dm_motor_control.hpp
[1.966s] -- Up-to-date: /home/endika/Documents/openarm_ros2/install/openarm_can/include/openarm/damiao_motor/dm_motor_device.hpp
[1.969s] -- Up-to-date: /home/endika/Documents/openarm_ros2/install/openarm_can/include/openarm/damiao_motor/dm_motor_device_collection.hpp
[1.970s] -- Up-to-date: /home/endika/Documents/openarm_ros2/install/openarm_can/include/openarm/canbus
[1.970s] -- Up-to-date: /home/endika/Documents/openarm_ros2/install/openarm_can/include/openarm/canbus/can_device_collection.hpp
[1.971s] -- Up-to-date: /home/endika/Documents/openarm_ros2/install/openarm_can/include/openarm/canbus/can_socket.hpp
[1.972s] -- Up-to-date: /home/endika/Documents/openarm_ros2/install/openarm_can/include/openarm/canbus/can_device.hpp
[1.972s] -- Up-to-date: /home/endika/Documents/openarm_ros2/install/openarm_can/include/openarm/can
[1.972s] -- Up-to-date: /home/endika/Documents/openarm_ros2/install/openarm_can/include/openarm/can/socket
[1.972s] -- Up-to-date: /home/endika/Documents/openarm_ros2/install/openarm_can/include/openarm/can/socket/arm_component.hpp
[1.973s] -- Up-to-date: /home/endika/Documents/openarm_ros2/install/openarm_can/include/openarm/can/socket/gripper_component.hpp
[1.973s] -- Up-to-date: /home/endika/Documents/openarm_ros2/install/openarm_can/include/openarm/can/socket/openarm.hpp
[1.973s] -- Up-to-date: /home/endika/Documents/openarm_ros2/install/openarm_can/lib/cmake/OpenArmCAN/OpenArmCANTargets.cmake
[1.987s] -- Up-to-date: /home/endika/Documents/openarm_ros2/install/openarm_can/lib/cmake/OpenArmCAN/OpenArmCANTargets-noconfig.cmake
[1.990s] -- Up-to-date: /home/endika/Documents/openarm_ros2/install/openarm_can/lib/cmake/OpenArmCAN/OpenArmCANConfig.cmake
[1.993s] -- Up-to-date: /home/endika/Documents/openarm_ros2/install/openarm_can/lib/cmake/OpenArmCAN/OpenArmCANVersion.cmake
[1.993s] -- Up-to-date: /home/endika/Documents/openarm_ros2/install/openarm_can/lib/pkgconfig/openarm-can.pc
[2.027s] Invoked command in '/home/endika/Documents/openarm_ros2/build/openarm_can' returned '0': /usr/bin/cmake --install /home/endika/Documents/openarm_ros2/build/openarm_can
