[0.321s] DEBUG:colcon:Command line arguments: ['/usr/bin/colcon', 'build', '--packages-select', 'openarm_p_p']
[0.321s] DEBUG:colcon:Parsed command line arguments: Namespace(log_base=None, log_level=None, verb_name='build', build_base='build', install_base='install', merge_install=False, symlink_install=False, test_result_base=None, continue_on_error=False, executor='parallel', parallel_workers=4, event_handlers=None, ignore_user_meta=False, metas=['./colcon.meta'], base_paths=['.'], packages_ignore=None, packages_ignore_regex=None, paths=None, packages_up_to=None, packages_up_to_regex=None, packages_above=None, packages_above_and_dependencies=None, packages_above_depth=None, packages_select_by_dep=None, packages_skip_by_dep=None, packages_skip_up_to=None, packages_select_build_failed=False, packages_skip_build_finished=False, packages_select_test_failures=False, packages_skip_test_passed=False, packages_select=['openarm_p_p'], packages_skip=None, packages_select_regex=None, packages_skip_regex=None, packages_start=None, packages_end=None, allow_overriding=[], cmake_args=None, cmake_target=None, cmake_target_skip_unavailable=False, cmake_clean_cache=False, cmake_clean_first=False, cmake_force_configure=False, ament_cmake_args=None, catkin_cmake_args=None, catkin_skip_building_tests=False, mixin_files=None, mixin=None, verb_parser=<colcon_mixin.mixin.mixin_argument.MixinArgumentDecorator object at 0x709abd152bc0>, verb_extension=<colcon_core.verb.build.BuildVerb object at 0x709abd24faf0>, main=<bound method BuildVerb.main of <colcon_core.verb.build.BuildVerb object at 0x709abd24faf0>>, mixin_verb=('build',))
[0.718s] Level 1:colcon.colcon_core.package_discovery:discover_packages(colcon_meta) check parameters
[0.719s] Level 1:colcon.colcon_core.package_discovery:discover_packages(recursive) check parameters
[0.719s] Level 1:colcon.colcon_core.package_discovery:discover_packages(ignore) check parameters
[0.719s] Level 1:colcon.colcon_core.package_discovery:discover_packages(path) check parameters
[0.719s] Level 1:colcon.colcon_core.package_discovery:discover_packages(colcon_meta) discover
[0.719s] Level 1:colcon.colcon_core.package_discovery:discover_packages(recursive) discover
[0.719s] INFO:colcon.colcon_core.package_discovery:Crawling recursively for packages in '/home/endika/Documents/openarm_ros2'
[0.719s] Level 1:colcon.colcon_core.package_identification:_identify(.) by extensions ['ignore', 'ignore_ament_install']
[0.719s] Level 1:colcon.colcon_core.package_identification:_identify(.) by extension 'ignore'
[0.720s] Level 1:colcon.colcon_core.package_identification:_identify(.) by extension 'ignore_ament_install'
[0.720s] Level 1:colcon.colcon_core.package_identification:_identify(.) by extensions ['colcon_pkg']
[0.720s] Level 1:colcon.colcon_core.package_identification:_identify(.) by extension 'colcon_pkg'
[0.720s] Level 1:colcon.colcon_core.package_identification:_identify(.) by extensions ['colcon_meta']
[0.720s] Level 1:colcon.colcon_core.package_identification:_identify(.) by extension 'colcon_meta'
[0.720s] Level 1:colcon.colcon_core.package_identification:_identify(.) by extensions ['ros']
[0.720s] Level 1:colcon.colcon_core.package_identification:_identify(.) by extension 'ros'
[0.743s] Level 1:colcon.colcon_core.package_identification:_identify(.) by extensions ['cmake', 'python']
[0.743s] Level 1:colcon.colcon_core.package_identification:_identify(.) by extension 'cmake'
[0.743s] Level 1:colcon.colcon_core.package_identification:_identify(.) by extension 'python'
[0.743s] Level 1:colcon.colcon_core.package_identification:_identify(.) by extensions ['python_setup_py']
[0.744s] Level 1:colcon.colcon_core.package_identification:_identify(.) by extension 'python_setup_py'
[0.744s] Level 1:colcon.colcon_core.package_identification:_identify(build) by extensions ['ignore', 'ignore_ament_install']
[0.744s] Level 1:colcon.colcon_core.package_identification:_identify(build) by extension 'ignore'
[0.744s] Level 1:colcon.colcon_core.package_identification:_identify(build) ignored
[0.744s] Level 1:colcon.colcon_core.package_identification:_identify(dev) by extensions ['ignore', 'ignore_ament_install']
[0.745s] Level 1:colcon.colcon_core.package_identification:_identify(dev) by extension 'ignore'
[0.745s] Level 1:colcon.colcon_core.package_identification:_identify(dev) by extension 'ignore_ament_install'
[0.745s] Level 1:colcon.colcon_core.package_identification:_identify(dev) by extensions ['colcon_pkg']
[0.745s] Level 1:colcon.colcon_core.package_identification:_identify(dev) by extension 'colcon_pkg'
[0.745s] Level 1:colcon.colcon_core.package_identification:_identify(dev) by extensions ['colcon_meta']
[0.745s] Level 1:colcon.colcon_core.package_identification:_identify(dev) by extension 'colcon_meta'
[0.745s] Level 1:colcon.colcon_core.package_identification:_identify(dev) by extensions ['ros']
[0.745s] Level 1:colcon.colcon_core.package_identification:_identify(dev) by extension 'ros'
[0.745s] Level 1:colcon.colcon_core.package_identification:_identify(dev) by extensions ['cmake', 'python']
[0.746s] Level 1:colcon.colcon_core.package_identification:_identify(dev) by extension 'cmake'
[0.746s] Level 1:colcon.colcon_core.package_identification:_identify(dev) by extension 'python'
[0.746s] Level 1:colcon.colcon_core.package_identification:_identify(dev) by extensions ['python_setup_py']
[0.746s] Level 1:colcon.colcon_core.package_identification:_identify(dev) by extension 'python_setup_py'
[0.746s] Level 1:colcon.colcon_core.package_identification:_identify(install) by extensions ['ignore', 'ignore_ament_install']
[0.746s] Level 1:colcon.colcon_core.package_identification:_identify(install) by extension 'ignore'
[0.746s] Level 1:colcon.colcon_core.package_identification:_identify(install) ignored
[0.747s] Level 1:colcon.colcon_core.package_identification:_identify(log) by extensions ['ignore', 'ignore_ament_install']
[0.747s] Level 1:colcon.colcon_core.package_identification:_identify(log) by extension 'ignore'
[0.747s] Level 1:colcon.colcon_core.package_identification:_identify(log) ignored
[0.747s] Level 1:colcon.colcon_core.package_identification:_identify(openarm) by extensions ['ignore', 'ignore_ament_install']
[0.747s] Level 1:colcon.colcon_core.package_identification:_identify(openarm) by extension 'ignore'
[0.747s] Level 1:colcon.colcon_core.package_identification:_identify(openarm) by extension 'ignore_ament_install'
[0.748s] Level 1:colcon.colcon_core.package_identification:_identify(openarm) by extensions ['colcon_pkg']
[0.748s] Level 1:colcon.colcon_core.package_identification:_identify(openarm) by extension 'colcon_pkg'
[0.748s] Level 1:colcon.colcon_core.package_identification:_identify(openarm) by extensions ['colcon_meta']
[0.748s] Level 1:colcon.colcon_core.package_identification:_identify(openarm) by extension 'colcon_meta'
[0.748s] Level 1:colcon.colcon_core.package_identification:_identify(openarm) by extensions ['ros']
[0.748s] Level 1:colcon.colcon_core.package_identification:_identify(openarm) by extension 'ros'
[0.753s] DEBUG:colcon.colcon_core.package_identification:Package 'openarm' with type 'ros.ament_cmake' and name 'openarm'
[0.753s] Level 1:colcon.colcon_core.package_identification:_identify(openarm_bimanual_moveit_config) by extensions ['ignore', 'ignore_ament_install']
[0.754s] Level 1:colcon.colcon_core.package_identification:_identify(openarm_bimanual_moveit_config) by extension 'ignore'
[0.754s] Level 1:colcon.colcon_core.package_identification:_identify(openarm_bimanual_moveit_config) by extension 'ignore_ament_install'
[0.754s] Level 1:colcon.colcon_core.package_identification:_identify(openarm_bimanual_moveit_config) by extensions ['colcon_pkg']
[0.754s] Level 1:colcon.colcon_core.package_identification:_identify(openarm_bimanual_moveit_config) by extension 'colcon_pkg'
[0.754s] Level 1:colcon.colcon_core.package_identification:_identify(openarm_bimanual_moveit_config) by extensions ['colcon_meta']
[0.754s] Level 1:colcon.colcon_core.package_identification:_identify(openarm_bimanual_moveit_config) by extension 'colcon_meta'
[0.754s] Level 1:colcon.colcon_core.package_identification:_identify(openarm_bimanual_moveit_config) by extensions ['ros']
[0.754s] Level 1:colcon.colcon_core.package_identification:_identify(openarm_bimanual_moveit_config) by extension 'ros'
[0.756s] DEBUG:colcon.colcon_core.package_identification:Package 'openarm_bimanual_moveit_config' with type 'ros.ament_cmake' and name 'openarm_bimanual_moveit_config'
[0.756s] Level 1:colcon.colcon_core.package_identification:_identify(openarm_bringup) by extensions ['ignore', 'ignore_ament_install']
[0.756s] Level 1:colcon.colcon_core.package_identification:_identify(openarm_bringup) by extension 'ignore'
[0.757s] Level 1:colcon.colcon_core.package_identification:_identify(openarm_bringup) by extension 'ignore_ament_install'
[0.757s] Level 1:colcon.colcon_core.package_identification:_identify(openarm_bringup) by extensions ['colcon_pkg']
[0.757s] Level 1:colcon.colcon_core.package_identification:_identify(openarm_bringup) by extension 'colcon_pkg'
[0.757s] Level 1:colcon.colcon_core.package_identification:_identify(openarm_bringup) by extensions ['colcon_meta']
[0.757s] Level 1:colcon.colcon_core.package_identification:_identify(openarm_bringup) by extension 'colcon_meta'
[0.757s] Level 1:colcon.colcon_core.package_identification:_identify(openarm_bringup) by extensions ['ros']
[0.757s] Level 1:colcon.colcon_core.package_identification:_identify(openarm_bringup) by extension 'ros'
[0.758s] DEBUG:colcon.colcon_core.package_identification:Package 'openarm_bringup' with type 'ros.ament_cmake' and name 'openarm_bringup'
[0.758s] Level 1:colcon.colcon_core.package_identification:_identify(openarm_can) by extensions ['ignore', 'ignore_ament_install']
[0.759s] Level 1:colcon.colcon_core.package_identification:_identify(openarm_can) by extension 'ignore'
[0.759s] Level 1:colcon.colcon_core.package_identification:_identify(openarm_can) by extension 'ignore_ament_install'
[0.759s] Level 1:colcon.colcon_core.package_identification:_identify(openarm_can) by extensions ['colcon_pkg']
[0.759s] Level 1:colcon.colcon_core.package_identification:_identify(openarm_can) by extension 'colcon_pkg'
[0.759s] Level 1:colcon.colcon_core.package_identification:_identify(openarm_can) by extensions ['colcon_meta']
[0.759s] Level 1:colcon.colcon_core.package_identification:_identify(openarm_can) by extension 'colcon_meta'
[0.759s] Level 1:colcon.colcon_core.package_identification:_identify(openarm_can) by extensions ['ros']
[0.759s] Level 1:colcon.colcon_core.package_identification:_identify(openarm_can) by extension 'ros'
[0.760s] Level 1:colcon.colcon_core.package_identification:_identify(openarm_can) by extensions ['cmake', 'python']
[0.760s] Level 1:colcon.colcon_core.package_identification:_identify(openarm_can) by extension 'cmake'
[0.784s] Level 1:colcon.colcon_core.package_identification:_identify(openarm_can) by extension 'python'
[0.784s] DEBUG:colcon.colcon_core.package_identification:Package 'openarm_can' with type 'cmake' and name 'openarm_can'
[0.784s] Level 1:colcon.colcon_core.package_identification:_identify(openarm_description) by extensions ['ignore', 'ignore_ament_install']
[0.785s] Level 1:colcon.colcon_core.package_identification:_identify(openarm_description) by extension 'ignore'
[0.785s] Level 1:colcon.colcon_core.package_identification:_identify(openarm_description) by extension 'ignore_ament_install'
[0.785s] Level 1:colcon.colcon_core.package_identification:_identify(openarm_description) by extensions ['colcon_pkg']
[0.785s] Level 1:colcon.colcon_core.package_identification:_identify(openarm_description) by extension 'colcon_pkg'
[0.785s] Level 1:colcon.colcon_core.package_identification:_identify(openarm_description) by extensions ['colcon_meta']
[0.785s] Level 1:colcon.colcon_core.package_identification:_identify(openarm_description) by extension 'colcon_meta'
[0.785s] Level 1:colcon.colcon_core.package_identification:_identify(openarm_description) by extensions ['ros']
[0.785s] Level 1:colcon.colcon_core.package_identification:_identify(openarm_description) by extension 'ros'
[0.787s] DEBUG:colcon.colcon_core.package_identification:Package 'openarm_description' with type 'ros.ament_cmake' and name 'openarm_description'
[0.787s] Level 1:colcon.colcon_core.package_identification:_identify(openarm_hardware) by extensions ['ignore', 'ignore_ament_install']
[0.788s] Level 1:colcon.colcon_core.package_identification:_identify(openarm_hardware) by extension 'ignore'
[0.788s] Level 1:colcon.colcon_core.package_identification:_identify(openarm_hardware) by extension 'ignore_ament_install'
[0.788s] Level 1:colcon.colcon_core.package_identification:_identify(openarm_hardware) by extensions ['colcon_pkg']
[0.788s] Level 1:colcon.colcon_core.package_identification:_identify(openarm_hardware) by extension 'colcon_pkg'
[0.788s] Level 1:colcon.colcon_core.package_identification:_identify(openarm_hardware) by extensions ['colcon_meta']
[0.788s] Level 1:colcon.colcon_core.package_identification:_identify(openarm_hardware) by extension 'colcon_meta'
[0.788s] Level 1:colcon.colcon_core.package_identification:_identify(openarm_hardware) by extensions ['ros']
[0.788s] Level 1:colcon.colcon_core.package_identification:_identify(openarm_hardware) by extension 'ros'
[0.790s] DEBUG:colcon.colcon_core.package_identification:Package 'openarm_hardware' with type 'ros.ament_cmake' and name 'openarm_hardware'
[0.790s] Level 1:colcon.colcon_core.package_identification:_identify(openarm_p_p) by extensions ['ignore', 'ignore_ament_install']
[0.790s] Level 1:colcon.colcon_core.package_identification:_identify(openarm_p_p) by extension 'ignore'
[0.790s] Level 1:colcon.colcon_core.package_identification:_identify(openarm_p_p) by extension 'ignore_ament_install'
[0.791s] Level 1:colcon.colcon_core.package_identification:_identify(openarm_p_p) by extensions ['colcon_pkg']
[0.791s] Level 1:colcon.colcon_core.package_identification:_identify(openarm_p_p) by extension 'colcon_pkg'
[0.791s] Level 1:colcon.colcon_core.package_identification:_identify(openarm_p_p) by extensions ['colcon_meta']
[0.791s] Level 1:colcon.colcon_core.package_identification:_identify(openarm_p_p) by extension 'colcon_meta'
[0.791s] Level 1:colcon.colcon_core.package_identification:_identify(openarm_p_p) by extensions ['ros']
[0.791s] Level 1:colcon.colcon_core.package_identification:_identify(openarm_p_p) by extension 'ros'
[0.794s] DEBUG:colcon.colcon_core.package_identification:Package 'openarm_p_p' with type 'ros.ament_python' and name 'openarm_p_p'
[0.794s] Level 1:colcon.colcon_core.package_discovery:discover_packages(recursive) using defaults
[0.794s] Level 1:colcon.colcon_core.package_discovery:discover_packages(ignore) discover
[0.794s] Level 1:colcon.colcon_core.package_discovery:discover_packages(ignore) using defaults
[0.794s] Level 1:colcon.colcon_core.package_discovery:discover_packages(path) discover
[0.794s] Level 1:colcon.colcon_core.package_discovery:discover_packages(path) using defaults
[0.873s] INFO:colcon.colcon_core.package_selection:Skipping not selected package 'openarm_bringup' in 'openarm_bringup'
[0.873s] INFO:colcon.colcon_core.package_selection:Skipping not selected package 'openarm_can' in 'openarm_can'
[0.874s] INFO:colcon.colcon_core.package_selection:Skipping not selected package 'openarm_description' in 'openarm_description'
[0.874s] INFO:colcon.colcon_core.package_selection:Skipping not selected package 'openarm_hardware' in 'openarm_hardware'
[0.874s] INFO:colcon.colcon_core.package_selection:Skipping not selected package 'openarm' in 'openarm'
[0.874s] INFO:colcon.colcon_core.package_selection:Skipping not selected package 'openarm_bimanual_moveit_config' in 'openarm_bimanual_moveit_config'
[0.875s] Level 1:colcon.colcon_core.package_discovery:discover_packages(prefix_path) check parameters
[0.875s] Level 1:colcon.colcon_core.package_discovery:discover_packages(prefix_path) discover
[0.879s] DEBUG:colcon.colcon_installed_package_information.package_discovery:Found 7 installed packages in /home/endika/Documents/openarm_ros2/install
[0.883s] DEBUG:colcon.colcon_installed_package_information.package_discovery:Found 363 installed packages in /opt/ros/humble
[0.887s] Level 1:colcon.colcon_core.package_discovery:discover_packages(prefix_path) using defaults
[1.060s] Level 5:colcon.colcon_core.verb:set package 'openarm_p_p' build argument 'cmake_args' from command line to 'None'
[1.060s] Level 5:colcon.colcon_core.verb:set package 'openarm_p_p' build argument 'cmake_target' from command line to 'None'
[1.060s] Level 5:colcon.colcon_core.verb:set package 'openarm_p_p' build argument 'cmake_target_skip_unavailable' from command line to 'False'
[1.060s] Level 5:colcon.colcon_core.verb:set package 'openarm_p_p' build argument 'cmake_clean_cache' from command line to 'False'
[1.061s] Level 5:colcon.colcon_core.verb:set package 'openarm_p_p' build argument 'cmake_clean_first' from command line to 'False'
[1.061s] Level 5:colcon.colcon_core.verb:set package 'openarm_p_p' build argument 'cmake_force_configure' from command line to 'False'
[1.061s] Level 5:colcon.colcon_core.verb:set package 'openarm_p_p' build argument 'ament_cmake_args' from command line to 'None'
[1.061s] Level 5:colcon.colcon_core.verb:set package 'openarm_p_p' build argument 'catkin_cmake_args' from command line to 'None'
[1.061s] Level 5:colcon.colcon_core.verb:set package 'openarm_p_p' build argument 'catkin_skip_building_tests' from command line to 'False'
[1.061s] DEBUG:colcon.colcon_core.verb:Building package 'openarm_p_p' with the following arguments: {'ament_cmake_args': None, 'build_base': '/home/endika/Documents/openarm_ros2/build/openarm_p_p', 'catkin_cmake_args': None, 'catkin_skip_building_tests': False, 'cmake_args': None, 'cmake_clean_cache': False, 'cmake_clean_first': False, 'cmake_force_configure': False, 'cmake_target': None, 'cmake_target_skip_unavailable': False, 'install_base': '/home/endika/Documents/openarm_ros2/install/openarm_p_p', 'merge_install': False, 'path': '/home/endika/Documents/openarm_ros2/openarm_p_p', 'symlink_install': False, 'test_result_base': None}
[1.062s] INFO:colcon.colcon_core.executor:Executing jobs using 'parallel' executor
[1.064s] DEBUG:colcon.colcon_parallel_executor.executor.parallel:run_until_complete
[1.065s] INFO:colcon.colcon_ros.task.ament_python.build:Building ROS package in '/home/endika/Documents/openarm_ros2/openarm_p_p' with build type 'ament_python'
[1.066s] Level 1:colcon.colcon_core.shell:create_environment_hook('openarm_p_p', 'ament_prefix_path')
[1.071s] INFO:colcon.colcon_core.plugin_system:Skipping extension 'colcon_core.shell.bat': Not used on non-Windows systems
[1.071s] INFO:colcon.colcon_core.shell:Creating environment hook '/home/endika/Documents/openarm_ros2/install/openarm_p_p/share/openarm_p_p/hook/ament_prefix_path.ps1'
[1.073s] INFO:colcon.colcon_core.shell:Creating environment descriptor '/home/endika/Documents/openarm_ros2/install/openarm_p_p/share/openarm_p_p/hook/ament_prefix_path.dsv'
[1.075s] INFO:colcon.colcon_core.shell:Creating environment hook '/home/endika/Documents/openarm_ros2/install/openarm_p_p/share/openarm_p_p/hook/ament_prefix_path.sh'
[1.077s] INFO:colcon.colcon_core.shell:Skip shell extension 'powershell' for command environment: Not usable outside of PowerShell
[1.077s] DEBUG:colcon.colcon_core.shell:Skip shell extension 'dsv' for command environment
[2.039s] INFO:colcon.colcon_core.task.python.build:Building Python package in '/home/endika/Documents/openarm_ros2/openarm_p_p'
[2.040s] INFO:colcon.colcon_core.shell:Skip shell extension 'powershell' for command environment: Not usable outside of PowerShell
[2.040s] DEBUG:colcon.colcon_core.shell:Skip shell extension 'dsv' for command environment
[3.221s] DEBUG:colcon.colcon_core.event_handler.log_command:Invoking command in '/home/endika/Documents/openarm_ros2/openarm_p_p': PYTHONPATH=/home/endika/Documents/openarm_ros2/build/openarm_p_p/prefix_override:/usr/lib/python3/dist-packages/colcon_core/task/python/colcon_distutils_commands:/home/endika/Documents/openarm_ros2/install/openarm_p_p/lib/python3.10/site-packages:${PYTHONPATH} /usr/bin/python3 -W ignore:setup.py install is deprecated -W ignore:easy_install command is deprecated setup.py egg_info --egg-base ../build/openarm_p_p build --build-base /home/endika/Documents/openarm_ros2/build/openarm_p_p/build install --record /home/endika/Documents/openarm_ros2/build/openarm_p_p/install.log --single-version-externally-managed install_data
[4.205s] DEBUG:colcon.colcon_core.event_handler.log_command:Invoked command in '/home/endika/Documents/openarm_ros2/openarm_p_p' returned '0': PYTHONPATH=/home/endika/Documents/openarm_ros2/build/openarm_p_p/prefix_override:/usr/lib/python3/dist-packages/colcon_core/task/python/colcon_distutils_commands:/home/endika/Documents/openarm_ros2/install/openarm_p_p/lib/python3.10/site-packages:${PYTHONPATH} /usr/bin/python3 -W ignore:setup.py install is deprecated -W ignore:easy_install command is deprecated setup.py egg_info --egg-base ../build/openarm_p_p build --build-base /home/endika/Documents/openarm_ros2/build/openarm_p_p/build install --record /home/endika/Documents/openarm_ros2/build/openarm_p_p/install.log --single-version-externally-managed install_data
[4.212s] Level 1:colcon.colcon_core.environment:checking '/home/endika/Documents/openarm_ros2/install/openarm_p_p' for CMake module files
[4.213s] Level 1:colcon.colcon_core.environment:checking '/home/endika/Documents/openarm_ros2/install/openarm_p_p' for CMake config files
[4.216s] Level 1:colcon.colcon_core.environment:checking '/home/endika/Documents/openarm_ros2/install/openarm_p_p/lib'
[4.217s] Level 1:colcon.colcon_core.environment:checking '/home/endika/Documents/openarm_ros2/install/openarm_p_p/bin'
[4.217s] Level 1:colcon.colcon_core.shell:create_environment_hook('openarm_p_p', 'path')
[4.219s] INFO:colcon.colcon_core.shell:Creating environment hook '/home/endika/Documents/openarm_ros2/install/openarm_p_p/share/openarm_p_p/hook/path.ps1'
[4.221s] INFO:colcon.colcon_core.shell:Creating environment descriptor '/home/endika/Documents/openarm_ros2/install/openarm_p_p/share/openarm_p_p/hook/path.dsv'
[4.222s] INFO:colcon.colcon_core.shell:Creating environment hook '/home/endika/Documents/openarm_ros2/install/openarm_p_p/share/openarm_p_p/hook/path.sh'
[4.224s] Level 1:colcon.colcon_core.environment:checking '/home/endika/Documents/openarm_ros2/install/openarm_p_p/lib/pkgconfig/openarm_p_p.pc'
[4.225s] Level 1:colcon.colcon_core.environment:checking '/home/endika/Documents/openarm_ros2/install/openarm_p_p/lib/python3.10/site-packages'
[4.226s] Level 1:colcon.colcon_core.shell:create_environment_hook('openarm_p_p', 'pythonpath')
[4.227s] INFO:colcon.colcon_core.shell:Creating environment hook '/home/endika/Documents/openarm_ros2/install/openarm_p_p/share/openarm_p_p/hook/pythonpath.ps1'
[4.231s] INFO:colcon.colcon_core.shell:Creating environment descriptor '/home/endika/Documents/openarm_ros2/install/openarm_p_p/share/openarm_p_p/hook/pythonpath.dsv'
[4.234s] INFO:colcon.colcon_core.shell:Creating environment hook '/home/endika/Documents/openarm_ros2/install/openarm_p_p/share/openarm_p_p/hook/pythonpath.sh'
[4.236s] Level 1:colcon.colcon_core.environment:checking '/home/endika/Documents/openarm_ros2/install/openarm_p_p/bin'
[4.236s] Level 1:colcon.colcon_core.shell:create_environment_hook('openarm_p_p', 'pythonscriptspath')
[4.238s] INFO:colcon.colcon_core.shell:Creating environment hook '/home/endika/Documents/openarm_ros2/install/openarm_p_p/share/openarm_p_p/hook/pythonscriptspath.ps1'
[4.240s] INFO:colcon.colcon_core.shell:Creating environment descriptor '/home/endika/Documents/openarm_ros2/install/openarm_p_p/share/openarm_p_p/hook/pythonscriptspath.dsv'
[4.241s] INFO:colcon.colcon_core.shell:Creating environment hook '/home/endika/Documents/openarm_ros2/install/openarm_p_p/share/openarm_p_p/hook/pythonscriptspath.sh'
[4.243s] Level 1:colcon.colcon_core.environment:create_environment_scripts_only(openarm_p_p)
[4.244s] INFO:colcon.colcon_core.shell:Creating package script '/home/endika/Documents/openarm_ros2/install/openarm_p_p/share/openarm_p_p/package.ps1'
[4.247s] INFO:colcon.colcon_core.shell:Creating package descriptor '/home/endika/Documents/openarm_ros2/install/openarm_p_p/share/openarm_p_p/package.dsv'
[4.249s] INFO:colcon.colcon_core.shell:Creating package script '/home/endika/Documents/openarm_ros2/install/openarm_p_p/share/openarm_p_p/package.sh'
[4.252s] INFO:colcon.colcon_core.shell:Creating package script '/home/endika/Documents/openarm_ros2/install/openarm_p_p/share/openarm_p_p/package.bash'
[4.255s] INFO:colcon.colcon_core.shell:Creating package script '/home/endika/Documents/openarm_ros2/install/openarm_p_p/share/openarm_p_p/package.zsh'
[4.258s] Level 1:colcon.colcon_core.environment:create_file_with_runtime_dependencies(/home/endika/Documents/openarm_ros2/install/openarm_p_p/share/colcon-core/packages/openarm_p_p)
[4.259s] DEBUG:colcon.colcon_parallel_executor.executor.parallel:closing loop
[4.259s] DEBUG:colcon.colcon_parallel_executor.executor.parallel:loop closed
[4.259s] DEBUG:colcon.colcon_parallel_executor.executor.parallel:run_until_complete finished with '0'
[4.260s] DEBUG:colcon.colcon_core.event_reactor:joining thread
[4.275s] INFO:colcon.colcon_core.plugin_system:Skipping extension 'colcon_notification.desktop_notification.terminal_notifier': Not used on non-Darwin systems
[4.276s] INFO:colcon.colcon_core.plugin_system:Skipping extension 'colcon_notification.desktop_notification.win32': Not used on non-Windows systems
[4.277s] INFO:colcon.colcon_notification.desktop_notification:Sending desktop notification using 'notify2'
[4.329s] DEBUG:colcon.colcon_core.event_reactor:joined thread
[4.331s] INFO:colcon.colcon_core.shell:Creating prefix script '/home/endika/Documents/openarm_ros2/install/local_setup.ps1'
[4.336s] INFO:colcon.colcon_core.shell:Creating prefix util module '/home/endika/Documents/openarm_ros2/install/_local_setup_util_ps1.py'
[4.344s] INFO:colcon.colcon_core.shell:Creating prefix chain script '/home/endika/Documents/openarm_ros2/install/setup.ps1'
[4.350s] INFO:colcon.colcon_core.shell:Creating prefix script '/home/endika/Documents/openarm_ros2/install/local_setup.sh'
[4.353s] INFO:colcon.colcon_core.shell:Creating prefix util module '/home/endika/Documents/openarm_ros2/install/_local_setup_util_sh.py'
[4.356s] INFO:colcon.colcon_core.shell:Creating prefix chain script '/home/endika/Documents/openarm_ros2/install/setup.sh'
[4.363s] INFO:colcon.colcon_core.shell:Creating prefix script '/home/endika/Documents/openarm_ros2/install/local_setup.bash'
[4.365s] INFO:colcon.colcon_core.shell:Creating prefix chain script '/home/endika/Documents/openarm_ros2/install/setup.bash'
[4.374s] INFO:colcon.colcon_core.shell:Creating prefix script '/home/endika/Documents/openarm_ros2/install/local_setup.zsh'
[4.377s] INFO:colcon.colcon_core.shell:Creating prefix chain script '/home/endika/Documents/openarm_ros2/install/setup.zsh'
