[0.095s] Invoking command in '/home/endika/Documents/openarm_ros2/build/openarm': CMAKE_PREFIX_PATH=/home/endika/Documents/openarm_ros2/install/openarm_hardware:/home/endika/Documents/openarm_ros2/install/openarm_description:/home/endika/Documents/openarm_ros2/install/openarm_bringup:/home/endika/Documents/openarm_ros2/install/openarm:/home/endika/Documents/openarm_ros2/install/openarm_bimanual_moveit_config:/home/endika/Documents/openarm_ros2/install/openarm_can:/home/endika/Documents/openarm_ros2/install/openarm_p_p:/opt/ros/humble /usr/bin/cmake --build /home/endika/Documents/openarm_ros2/build/openarm -- -j4 -l4
[0.235s] Invoked command in '/home/endika/Documents/openarm_ros2/build/openarm' returned '0': CMAKE_PREFIX_PATH=/home/endika/Documents/openarm_ros2/install/openarm_hardware:/home/endika/Documents/openarm_ros2/install/openarm_description:/home/endika/Documents/openarm_ros2/install/openarm_bringup:/home/endika/Documents/openarm_ros2/install/openarm:/home/endika/Documents/openarm_ros2/install/openarm_bimanual_moveit_config:/home/endika/Documents/openarm_ros2/install/openarm_can:/home/endika/Documents/openarm_ros2/install/openarm_p_p:/opt/ros/humble /usr/bin/cmake --build /home/endika/Documents/openarm_ros2/build/openarm -- -j4 -l4
[0.240s] Invoking command in '/home/endika/Documents/openarm_ros2/build/openarm': CMAKE_PREFIX_PATH=/home/endika/Documents/openarm_ros2/install/openarm_hardware:/home/endika/Documents/openarm_ros2/install/openarm_description:/home/endika/Documents/openarm_ros2/install/openarm_bringup:/home/endika/Documents/openarm_ros2/install/openarm:/home/endika/Documents/openarm_ros2/install/openarm_bimanual_moveit_config:/home/endika/Documents/openarm_ros2/install/openarm_can:/home/endika/Documents/openarm_ros2/install/openarm_p_p:/opt/ros/humble /usr/bin/cmake --install /home/endika/Documents/openarm_ros2/build/openarm
[0.293s] -- Install configuration: ""
[0.294s] -- Up-to-date: /home/endika/Documents/openarm_ros2/install/openarm/share/ament_index/resource_index/package_run_dependencies/openarm
[0.294s] -- Up-to-date: /home/endika/Documents/openarm_ros2/install/openarm/share/ament_index/resource_index/parent_prefix_path/openarm
[0.297s] -- Up-to-date: /home/endika/Documents/openarm_ros2/install/openarm/share/openarm/environment/ament_prefix_path.sh
[0.298s] -- Up-to-date: /home/endika/Documents/openarm_ros2/install/openarm/share/openarm/environment/ament_prefix_path.dsv
[0.299s] -- Up-to-date: /home/endika/Documents/openarm_ros2/install/openarm/share/openarm/environment/path.sh
[0.299s] -- Up-to-date: /home/endika/Documents/openarm_ros2/install/openarm/share/openarm/environment/path.dsv
[0.299s] -- Up-to-date: /home/endika/Documents/openarm_ros2/install/openarm/share/openarm/local_setup.bash
[0.299s] -- Up-to-date: /home/endika/Documents/openarm_ros2/install/openarm/share/openarm/local_setup.sh
[0.300s] -- Up-to-date: /home/endika/Documents/openarm_ros2/install/openarm/share/openarm/local_setup.zsh
[0.301s] -- Up-to-date: /home/endika/Documents/openarm_ros2/install/openarm/share/openarm/local_setup.dsv
[0.301s] -- Installing: /home/endika/Documents/openarm_ros2/install/openarm/share/openarm/package.dsv
[0.301s] -- Up-to-date: /home/endika/Documents/openarm_ros2/install/openarm/share/ament_index/resource_index/packages/openarm
[0.304s] -- Up-to-date: /home/endika/Documents/openarm_ros2/install/openarm/share/openarm/cmake/openarmConfig.cmake
[0.305s] -- Up-to-date: /home/endika/Documents/openarm_ros2/install/openarm/share/openarm/cmake/openarmConfig-version.cmake
[0.305s] -- Up-to-date: /home/endika/Documents/openarm_ros2/install/openarm/share/openarm/package.xml
[0.315s] Invoked command in '/home/endika/Documents/openarm_ros2/build/openarm' returned '0': CMAKE_PREFIX_PATH=/home/endika/Documents/openarm_ros2/install/openarm_hardware:/home/endika/Documents/openarm_ros2/install/openarm_description:/home/endika/Documents/openarm_ros2/install/openarm_bringup:/home/endika/Documents/openarm_ros2/install/openarm:/home/endika/Documents/openarm_ros2/install/openarm_bimanual_moveit_config:/home/endika/Documents/openarm_ros2/install/openarm_can:/home/endika/Documents/openarm_ros2/install/openarm_p_p:/opt/ros/humble /usr/bin/cmake --install /home/endika/Documents/openarm_ros2/build/openarm
