-- The C compiler identification is GNU 11.4.0
-- The CXX compiler identification is GNU 11.4.0
-- Detecting C compiler ABI info
-- Detecting C compiler ABI info - done
-- Check for working C compiler: /usr/bin/cc - skipped
-- Detecting C compile features
-- Detecting C compile features - done
-- Detecting CXX compiler ABI info
-- Detecting CXX compiler ABI info - done
-- Check for working CXX compiler: /usr/bin/c++ - skipped
-- Detecting CXX compile features
-- Detecting CXX compile features - done
-- Configuring done
-- Generating done
-- Build files have been written to: /home/endika/Documents/openarm_ros2/build/openarm_can
[  7%] [32mBuilding CXX object CMakeFiles/openarm_can.dir/src/openarm/canbus/can_device_collection.cpp.o[0m
[ 14%] [32mBuilding CXX object CMakeFiles/openarm_can.dir/src/openarm/can/socket/gripper_component.cpp.o[0m
[ 21%] [32mBuilding CXX object CMakeFiles/openarm_can.dir/src/openarm/can/socket/arm_component.cpp.o[0m
[ 28%] [32mBuilding CXX object CMakeFiles/openarm_can.dir/src/openarm/can/socket/openarm.cpp.o[0m
[ 35%] [32mBuilding CXX object CMakeFiles/openarm_can.dir/src/openarm/canbus/can_socket.cpp.o[0m
[ 42%] [32mBuilding CXX object CMakeFiles/openarm_can.dir/src/openarm/damiao_motor/dm_motor.cpp.o[0m
[ 50%] [32mBuilding CXX object CMakeFiles/openarm_can.dir/src/openarm/damiao_motor/dm_motor_control.cpp.o[0m
[ 57%] [32mBuilding CXX object CMakeFiles/openarm_can.dir/src/openarm/damiao_motor/dm_motor_device.cpp.o[0m
[ 64%] [32mBuilding CXX object CMakeFiles/openarm_can.dir/src/openarm/damiao_motor/dm_motor_device_collection.cpp.o[0m
[ 71%] [32m[1mLinking CXX static library libopenarm_can.a[0m
[ 71%] Built target openarm_can
[ 78%] [32mBuilding CXX object CMakeFiles/openarm-demo.dir/examples/demo.cpp.o[0m
[ 85%] [32mBuilding CXX object CMakeFiles/motor-check.dir/setup/motor_check.cpp.o[0m
[ 92%] [32m[1mLinking CXX executable motor-check[0m
[ 92%] Built target motor-check
[100%] [32m[1mLinking CXX executable openarm-demo[0m
[100%] Built target openarm-demo
-- Install configuration: ""
-- Installing: /home/endika/Documents/openarm_ros2/install/openarm_can/lib/libopenarm_can.a
-- Installing: /home/endika/Documents/openarm_ros2/install/openarm_can/include/openarm
-- Installing: /home/endika/Documents/openarm_ros2/install/openarm_can/include/openarm/damiao_motor
-- Installing: /home/endika/Documents/openarm_ros2/install/openarm_can/include/openarm/damiao_motor/dm_motor_constants.hpp
-- Installing: /home/endika/Documents/openarm_ros2/install/openarm_can/include/openarm/damiao_motor/dm_motor.hpp
-- Installing: /home/endika/Documents/openarm_ros2/install/openarm_can/include/openarm/damiao_motor/dm_motor_control.hpp
-- Installing: /home/endika/Documents/openarm_ros2/install/openarm_can/include/openarm/damiao_motor/dm_motor_device.hpp
-- Installing: /home/endika/Documents/openarm_ros2/install/openarm_can/include/openarm/damiao_motor/dm_motor_device_collection.hpp
-- Installing: /home/endika/Documents/openarm_ros2/install/openarm_can/include/openarm/canbus
-- Installing: /home/endika/Documents/openarm_ros2/install/openarm_can/include/openarm/canbus/can_device_collection.hpp
-- Installing: /home/endika/Documents/openarm_ros2/install/openarm_can/include/openarm/canbus/can_socket.hpp
-- Installing: /home/endika/Documents/openarm_ros2/install/openarm_can/include/openarm/canbus/can_device.hpp
-- Installing: /home/endika/Documents/openarm_ros2/install/openarm_can/include/openarm/can
-- Installing: /home/endika/Documents/openarm_ros2/install/openarm_can/include/openarm/can/socket
-- Installing: /home/endika/Documents/openarm_ros2/install/openarm_can/include/openarm/can/socket/arm_component.hpp
-- Installing: /home/endika/Documents/openarm_ros2/install/openarm_can/include/openarm/can/socket/gripper_component.hpp
-- Installing: /home/endika/Documents/openarm_ros2/install/openarm_can/include/openarm/can/socket/openarm.hpp
-- Installing: /home/endika/Documents/openarm_ros2/install/openarm_can/lib/cmake/OpenArmCAN/OpenArmCANTargets.cmake
-- Installing: /home/endika/Documents/openarm_ros2/install/openarm_can/lib/cmake/OpenArmCAN/OpenArmCANTargets-noconfig.cmake
-- Installing: /home/endika/Documents/openarm_ros2/install/openarm_can/lib/cmake/OpenArmCAN/OpenArmCANConfig.cmake
-- Installing: /home/endika/Documents/openarm_ros2/install/openarm_can/lib/cmake/OpenArmCAN/OpenArmCANVersion.cmake
-- Installing: /home/endika/Documents/openarm_ros2/install/openarm_can/lib/pkgconfig/openarm-can.pc
