[0.509s] DEBUG:colcon:Command line arguments: ['/usr/bin/colcon', 'build', '--packages-select', 'openarm_p_p']
[0.509s] DEBUG:colcon:Parsed command line arguments: Namespace(log_base=None, log_level=None, verb_name='build', build_base='build', install_base='install', merge_install=False, symlink_install=False, test_result_base=None, continue_on_error=False, executor='parallel', parallel_workers=4, event_handlers=None, ignore_user_meta=False, metas=['./colcon.meta'], base_paths=['.'], packages_ignore=None, packages_ignore_regex=None, paths=None, packages_up_to=None, packages_up_to_regex=None, packages_above=None, packages_above_and_dependencies=None, packages_above_depth=None, packages_select_by_dep=None, packages_skip_by_dep=None, packages_skip_up_to=None, packages_select_build_failed=False, packages_skip_build_finished=False, packages_select_test_failures=False, packages_skip_test_passed=False, packages_select=['openarm_p_p'], packages_skip=None, packages_select_regex=None, packages_skip_regex=None, packages_start=None, packages_end=None, allow_overriding=[], cmake_args=None, cmake_target=None, cmake_target_skip_unavailable=False, cmake_clean_cache=False, cmake_clean_first=False, cmake_force_configure=False, ament_cmake_args=None, catkin_cmake_args=None, catkin_skip_building_tests=False, mixin_files=None, mixin=None, verb_parser=<colcon_mixin.mixin.mixin_argument.MixinArgumentDecorator object at 0x7e84a9a52e90>, verb_extension=<colcon_core.verb.build.BuildVerb object at 0x7e84a9b47dc0>, main=<bound method BuildVerb.main of <colcon_core.verb.build.BuildVerb object at 0x7e84a9b47dc0>>, mixin_verb=('build',))
[1.205s] Level 1:colcon.colcon_core.package_discovery:discover_packages(colcon_meta) check parameters
[1.205s] Level 1:colcon.colcon_core.package_discovery:discover_packages(recursive) check parameters
[1.205s] Level 1:colcon.colcon_core.package_discovery:discover_packages(ignore) check parameters
[1.205s] Level 1:colcon.colcon_core.package_discovery:discover_packages(path) check parameters
[1.205s] Level 1:colcon.colcon_core.package_discovery:discover_packages(colcon_meta) discover
[1.206s] Level 1:colcon.colcon_core.package_discovery:discover_packages(recursive) discover
[1.206s] INFO:colcon.colcon_core.package_discovery:Crawling recursively for packages in '/home/endika/Documents/openarm_ros2'
[1.206s] Level 1:colcon.colcon_core.package_identification:_identify(.) by extensions ['ignore', 'ignore_ament_install']
[1.207s] Level 1:colcon.colcon_core.package_identification:_identify(.) by extension 'ignore'
[1.207s] Level 1:colcon.colcon_core.package_identification:_identify(.) by extension 'ignore_ament_install'
[1.207s] Level 1:colcon.colcon_core.package_identification:_identify(.) by extensions ['colcon_pkg']
[1.207s] Level 1:colcon.colcon_core.package_identification:_identify(.) by extension 'colcon_pkg'
[1.207s] Level 1:colcon.colcon_core.package_identification:_identify(.) by extensions ['colcon_meta']
[1.207s] Level 1:colcon.colcon_core.package_identification:_identify(.) by extension 'colcon_meta'
[1.208s] Level 1:colcon.colcon_core.package_identification:_identify(.) by extensions ['ros']
[1.208s] Level 1:colcon.colcon_core.package_identification:_identify(.) by extension 'ros'
[1.242s] Level 1:colcon.colcon_core.package_identification:_identify(.) by extensions ['cmake', 'python']
[1.242s] Level 1:colcon.colcon_core.package_identification:_identify(.) by extension 'cmake'
[1.242s] Level 1:colcon.colcon_core.package_identification:_identify(.) by extension 'python'
[1.242s] Level 1:colcon.colcon_core.package_identification:_identify(.) by extensions ['python_setup_py']
[1.242s] Level 1:colcon.colcon_core.package_identification:_identify(.) by extension 'python_setup_py'
[1.243s] Level 1:colcon.colcon_core.package_identification:_identify(build) by extensions ['ignore', 'ignore_ament_install']
[1.243s] Level 1:colcon.colcon_core.package_identification:_identify(build) by extension 'ignore'
[1.243s] Level 1:colcon.colcon_core.package_identification:_identify(build) ignored
[1.244s] Level 1:colcon.colcon_core.package_identification:_identify(dev) by extensions ['ignore', 'ignore_ament_install']
[1.244s] Level 1:colcon.colcon_core.package_identification:_identify(dev) by extension 'ignore'
[1.244s] Level 1:colcon.colcon_core.package_identification:_identify(dev) by extension 'ignore_ament_install'
[1.245s] Level 1:colcon.colcon_core.package_identification:_identify(dev) by extensions ['colcon_pkg']
[1.245s] Level 1:colcon.colcon_core.package_identification:_identify(dev) by extension 'colcon_pkg'
[1.245s] Level 1:colcon.colcon_core.package_identification:_identify(dev) by extensions ['colcon_meta']
[1.245s] Level 1:colcon.colcon_core.package_identification:_identify(dev) by extension 'colcon_meta'
[1.245s] Level 1:colcon.colcon_core.package_identification:_identify(dev) by extensions ['ros']
[1.245s] Level 1:colcon.colcon_core.package_identification:_identify(dev) by extension 'ros'
[1.246s] Level 1:colcon.colcon_core.package_identification:_identify(dev) by extensions ['cmake', 'python']
[1.246s] Level 1:colcon.colcon_core.package_identification:_identify(dev) by extension 'cmake'
[1.246s] Level 1:colcon.colcon_core.package_identification:_identify(dev) by extension 'python'
[1.246s] Level 1:colcon.colcon_core.package_identification:_identify(dev) by extensions ['python_setup_py']
[1.246s] Level 1:colcon.colcon_core.package_identification:_identify(dev) by extension 'python_setup_py'
[1.247s] Level 1:colcon.colcon_core.package_identification:_identify(install) by extensions ['ignore', 'ignore_ament_install']
[1.247s] Level 1:colcon.colcon_core.package_identification:_identify(install) by extension 'ignore'
[1.247s] Level 1:colcon.colcon_core.package_identification:_identify(install) ignored
[1.248s] Level 1:colcon.colcon_core.package_identification:_identify(log) by extensions ['ignore', 'ignore_ament_install']
[1.249s] Level 1:colcon.colcon_core.package_identification:_identify(log) by extension 'ignore'
[1.250s] Level 1:colcon.colcon_core.package_identification:_identify(log) ignored
[1.250s] Level 1:colcon.colcon_core.package_identification:_identify(openarm) by extensions ['ignore', 'ignore_ament_install']
[1.251s] Level 1:colcon.colcon_core.package_identification:_identify(openarm) by extension 'ignore'
[1.251s] Level 1:colcon.colcon_core.package_identification:_identify(openarm) by extension 'ignore_ament_install'
[1.252s] Level 1:colcon.colcon_core.package_identification:_identify(openarm) by extensions ['colcon_pkg']
[1.252s] Level 1:colcon.colcon_core.package_identification:_identify(openarm) by extension 'colcon_pkg'
[1.253s] Level 1:colcon.colcon_core.package_identification:_identify(openarm) by extensions ['colcon_meta']
[1.253s] Level 1:colcon.colcon_core.package_identification:_identify(openarm) by extension 'colcon_meta'
[1.254s] Level 1:colcon.colcon_core.package_identification:_identify(openarm) by extensions ['ros']
[1.254s] Level 1:colcon.colcon_core.package_identification:_identify(openarm) by extension 'ros'
[1.261s] DEBUG:colcon.colcon_core.package_identification:Package 'openarm' with type 'ros.ament_cmake' and name 'openarm'
[1.262s] Level 1:colcon.colcon_core.package_identification:_identify(openarm_bimanual_moveit_config) by extensions ['ignore', 'ignore_ament_install']
[1.262s] Level 1:colcon.colcon_core.package_identification:_identify(openarm_bimanual_moveit_config) by extension 'ignore'
[1.262s] Level 1:colcon.colcon_core.package_identification:_identify(openarm_bimanual_moveit_config) by extension 'ignore_ament_install'
[1.263s] Level 1:colcon.colcon_core.package_identification:_identify(openarm_bimanual_moveit_config) by extensions ['colcon_pkg']
[1.263s] Level 1:colcon.colcon_core.package_identification:_identify(openarm_bimanual_moveit_config) by extension 'colcon_pkg'
[1.263s] Level 1:colcon.colcon_core.package_identification:_identify(openarm_bimanual_moveit_config) by extensions ['colcon_meta']
[1.263s] Level 1:colcon.colcon_core.package_identification:_identify(openarm_bimanual_moveit_config) by extension 'colcon_meta'
[1.263s] Level 1:colcon.colcon_core.package_identification:_identify(openarm_bimanual_moveit_config) by extensions ['ros']
[1.263s] Level 1:colcon.colcon_core.package_identification:_identify(openarm_bimanual_moveit_config) by extension 'ros'
[1.266s] DEBUG:colcon.colcon_core.package_identification:Package 'openarm_bimanual_moveit_config' with type 'ros.ament_cmake' and name 'openarm_bimanual_moveit_config'
[1.266s] Level 1:colcon.colcon_core.package_identification:_identify(openarm_bringup) by extensions ['ignore', 'ignore_ament_install']
[1.266s] Level 1:colcon.colcon_core.package_identification:_identify(openarm_bringup) by extension 'ignore'
[1.267s] Level 1:colcon.colcon_core.package_identification:_identify(openarm_bringup) by extension 'ignore_ament_install'
[1.267s] Level 1:colcon.colcon_core.package_identification:_identify(openarm_bringup) by extensions ['colcon_pkg']
[1.267s] Level 1:colcon.colcon_core.package_identification:_identify(openarm_bringup) by extension 'colcon_pkg'
[1.267s] Level 1:colcon.colcon_core.package_identification:_identify(openarm_bringup) by extensions ['colcon_meta']
[1.267s] Level 1:colcon.colcon_core.package_identification:_identify(openarm_bringup) by extension 'colcon_meta'
[1.267s] Level 1:colcon.colcon_core.package_identification:_identify(openarm_bringup) by extensions ['ros']
[1.268s] Level 1:colcon.colcon_core.package_identification:_identify(openarm_bringup) by extension 'ros'
[1.269s] DEBUG:colcon.colcon_core.package_identification:Package 'openarm_bringup' with type 'ros.ament_cmake' and name 'openarm_bringup'
[1.270s] Level 1:colcon.colcon_core.package_identification:_identify(openarm_can) by extensions ['ignore', 'ignore_ament_install']
[1.270s] Level 1:colcon.colcon_core.package_identification:_identify(openarm_can) by extension 'ignore'
[1.270s] Level 1:colcon.colcon_core.package_identification:_identify(openarm_can) by extension 'ignore_ament_install'
[1.270s] Level 1:colcon.colcon_core.package_identification:_identify(openarm_can) by extensions ['colcon_pkg']
[1.270s] Level 1:colcon.colcon_core.package_identification:_identify(openarm_can) by extension 'colcon_pkg'
[1.271s] Level 1:colcon.colcon_core.package_identification:_identify(openarm_can) by extensions ['colcon_meta']
[1.271s] Level 1:colcon.colcon_core.package_identification:_identify(openarm_can) by extension 'colcon_meta'
[1.271s] Level 1:colcon.colcon_core.package_identification:_identify(openarm_can) by extensions ['ros']
[1.271s] Level 1:colcon.colcon_core.package_identification:_identify(openarm_can) by extension 'ros'
[1.271s] Level 1:colcon.colcon_core.package_identification:_identify(openarm_can) by extensions ['cmake', 'python']
[1.272s] Level 1:colcon.colcon_core.package_identification:_identify(openarm_can) by extension 'cmake'
[1.307s] Level 1:colcon.colcon_core.package_identification:_identify(openarm_can) by extension 'python'
[1.307s] DEBUG:colcon.colcon_core.package_identification:Package 'openarm_can' with type 'cmake' and name 'openarm_can'
[1.307s] Level 1:colcon.colcon_core.package_identification:_identify(openarm_description) by extensions ['ignore', 'ignore_ament_install']
[1.308s] Level 1:colcon.colcon_core.package_identification:_identify(openarm_description) by extension 'ignore'
[1.308s] Level 1:colcon.colcon_core.package_identification:_identify(openarm_description) by extension 'ignore_ament_install'
[1.308s] Level 1:colcon.colcon_core.package_identification:_identify(openarm_description) by extensions ['colcon_pkg']
[1.308s] Level 1:colcon.colcon_core.package_identification:_identify(openarm_description) by extension 'colcon_pkg'
[1.308s] Level 1:colcon.colcon_core.package_identification:_identify(openarm_description) by extensions ['colcon_meta']
[1.308s] Level 1:colcon.colcon_core.package_identification:_identify(openarm_description) by extension 'colcon_meta'
[1.309s] Level 1:colcon.colcon_core.package_identification:_identify(openarm_description) by extensions ['ros']
[1.309s] Level 1:colcon.colcon_core.package_identification:_identify(openarm_description) by extension 'ros'
[1.312s] DEBUG:colcon.colcon_core.package_identification:Package 'openarm_description' with type 'ros.ament_cmake' and name 'openarm_description'
[1.312s] Level 1:colcon.colcon_core.package_identification:_identify(openarm_hardware) by extensions ['ignore', 'ignore_ament_install']
[1.313s] Level 1:colcon.colcon_core.package_identification:_identify(openarm_hardware) by extension 'ignore'
[1.314s] Level 1:colcon.colcon_core.package_identification:_identify(openarm_hardware) by extension 'ignore_ament_install'
[1.314s] Level 1:colcon.colcon_core.package_identification:_identify(openarm_hardware) by extensions ['colcon_pkg']
[1.315s] Level 1:colcon.colcon_core.package_identification:_identify(openarm_hardware) by extension 'colcon_pkg'
[1.315s] Level 1:colcon.colcon_core.package_identification:_identify(openarm_hardware) by extensions ['colcon_meta']
[1.315s] Level 1:colcon.colcon_core.package_identification:_identify(openarm_hardware) by extension 'colcon_meta'
[1.316s] Level 1:colcon.colcon_core.package_identification:_identify(openarm_hardware) by extensions ['ros']
[1.316s] Level 1:colcon.colcon_core.package_identification:_identify(openarm_hardware) by extension 'ros'
[1.320s] DEBUG:colcon.colcon_core.package_identification:Package 'openarm_hardware' with type 'ros.ament_cmake' and name 'openarm_hardware'
[1.321s] Level 1:colcon.colcon_core.package_identification:_identify(openarm_p_p) by extensions ['ignore', 'ignore_ament_install']
[1.322s] Level 1:colcon.colcon_core.package_identification:_identify(openarm_p_p) by extension 'ignore'
[1.323s] Level 1:colcon.colcon_core.package_identification:_identify(openarm_p_p) by extension 'ignore_ament_install'
[1.323s] Level 1:colcon.colcon_core.package_identification:_identify(openarm_p_p) by extensions ['colcon_pkg']
[1.323s] Level 1:colcon.colcon_core.package_identification:_identify(openarm_p_p) by extension 'colcon_pkg'
[1.323s] Level 1:colcon.colcon_core.package_identification:_identify(openarm_p_p) by extensions ['colcon_meta']
[1.324s] Level 1:colcon.colcon_core.package_identification:_identify(openarm_p_p) by extension 'colcon_meta'
[1.324s] Level 1:colcon.colcon_core.package_identification:_identify(openarm_p_p) by extensions ['ros']
[1.324s] Level 1:colcon.colcon_core.package_identification:_identify(openarm_p_p) by extension 'ros'
[1.325s] DEBUG:colcon.colcon_core.package_identification:Failed to parse potential ROS package manifest in'openarm_p_p': Error(s) in package 'openarm_p_p/package.xml':
The manifest contains invalid XML:
XML or text declaration not at start of entity: line 4, column 2
[1.326s] Level 1:colcon.colcon_core.package_identification:_identify(openarm_p_p) by extensions ['cmake', 'python']
[1.326s] Level 1:colcon.colcon_core.package_identification:_identify(openarm_p_p) by extension 'cmake'
[1.326s] Level 1:colcon.colcon_core.package_identification:_identify(openarm_p_p) by extension 'python'
[1.326s] Level 1:colcon.colcon_core.package_identification:_identify(openarm_p_p) by extensions ['python_setup_py']
[1.326s] Level 1:colcon.colcon_core.package_identification:_identify(openarm_p_p) by extension 'python_setup_py'
[2.312s] DEBUG:colcon.colcon_core.package_identification:Package 'openarm_p_p' with type 'python' and name 'openarm_p_p'
[2.313s] Level 1:colcon.colcon_core.package_discovery:discover_packages(recursive) using defaults
[2.313s] Level 1:colcon.colcon_core.package_discovery:discover_packages(ignore) discover
[2.313s] Level 1:colcon.colcon_core.package_discovery:discover_packages(ignore) using defaults
[2.313s] Level 1:colcon.colcon_core.package_discovery:discover_packages(path) discover
[2.313s] Level 1:colcon.colcon_core.package_discovery:discover_packages(path) using defaults
[2.418s] INFO:colcon.colcon_core.package_selection:Skipping not selected package 'openarm_bringup' in 'openarm_bringup'
[2.418s] INFO:colcon.colcon_core.package_selection:Skipping not selected package 'openarm_can' in 'openarm_can'
[2.418s] INFO:colcon.colcon_core.package_selection:Skipping not selected package 'openarm_description' in 'openarm_description'
[2.418s] INFO:colcon.colcon_core.package_selection:Skipping not selected package 'openarm_hardware' in 'openarm_hardware'
[2.418s] INFO:colcon.colcon_core.package_selection:Skipping not selected package 'openarm' in 'openarm'
[2.418s] INFO:colcon.colcon_core.package_selection:Skipping not selected package 'openarm_bimanual_moveit_config' in 'openarm_bimanual_moveit_config'
[2.419s] Level 1:colcon.colcon_core.package_discovery:discover_packages(prefix_path) check parameters
[2.419s] Level 1:colcon.colcon_core.package_discovery:discover_packages(prefix_path) discover
[2.425s] DEBUG:colcon.colcon_installed_package_information.package_discovery:Found 7 installed packages in /home/endika/Documents/openarm_ros2/install
[2.430s] DEBUG:colcon.colcon_installed_package_information.package_discovery:Found 363 installed packages in /opt/ros/humble
[2.438s] Level 1:colcon.colcon_core.package_discovery:discover_packages(prefix_path) using defaults
[2.649s] Level 5:colcon.colcon_core.verb:set package 'openarm_p_p' build argument 'cmake_args' from command line to 'None'
[2.649s] Level 5:colcon.colcon_core.verb:set package 'openarm_p_p' build argument 'cmake_target' from command line to 'None'
[2.649s] Level 5:colcon.colcon_core.verb:set package 'openarm_p_p' build argument 'cmake_target_skip_unavailable' from command line to 'False'
[2.649s] Level 5:colcon.colcon_core.verb:set package 'openarm_p_p' build argument 'cmake_clean_cache' from command line to 'False'
[2.649s] Level 5:colcon.colcon_core.verb:set package 'openarm_p_p' build argument 'cmake_clean_first' from command line to 'False'
[2.649s] Level 5:colcon.colcon_core.verb:set package 'openarm_p_p' build argument 'cmake_force_configure' from command line to 'False'
[2.650s] Level 5:colcon.colcon_core.verb:set package 'openarm_p_p' build argument 'ament_cmake_args' from command line to 'None'
[2.650s] Level 5:colcon.colcon_core.verb:set package 'openarm_p_p' build argument 'catkin_cmake_args' from command line to 'None'
[2.650s] Level 5:colcon.colcon_core.verb:set package 'openarm_p_p' build argument 'catkin_skip_building_tests' from command line to 'False'
[2.650s] DEBUG:colcon.colcon_core.verb:Building package 'openarm_p_p' with the following arguments: {'ament_cmake_args': None, 'build_base': '/home/endika/Documents/openarm_ros2/build/openarm_p_p', 'catkin_cmake_args': None, 'catkin_skip_building_tests': False, 'cmake_args': None, 'cmake_clean_cache': False, 'cmake_clean_first': False, 'cmake_force_configure': False, 'cmake_target': None, 'cmake_target_skip_unavailable': False, 'install_base': '/home/endika/Documents/openarm_ros2/install/openarm_p_p', 'merge_install': False, 'path': '/home/endika/Documents/openarm_ros2/openarm_p_p', 'symlink_install': False, 'test_result_base': None}
[2.650s] INFO:colcon.colcon_core.executor:Executing jobs using 'parallel' executor
[2.653s] DEBUG:colcon.colcon_parallel_executor.executor.parallel:run_until_complete
[2.654s] INFO:colcon.colcon_core.task.python.build:Building Python package in '/home/endika/Documents/openarm_ros2/openarm_p_p'
[2.659s] INFO:colcon.colcon_core.plugin_system:Skipping extension 'colcon_core.shell.bat': Not used on non-Windows systems
[2.660s] INFO:colcon.colcon_core.shell:Skip shell extension 'powershell' for command environment: Not usable outside of PowerShell
[2.661s] DEBUG:colcon.colcon_core.shell:Skip shell extension 'dsv' for command environment
[5.107s] DEBUG:colcon.colcon_core.event_handler.log_command:Invoking command in '/home/endika/Documents/openarm_ros2/openarm_p_p': PYTHONPATH=/home/endika/Documents/openarm_ros2/build/openarm_p_p/prefix_override:/usr/lib/python3/dist-packages/colcon_core/task/python/colcon_distutils_commands:/home/endika/Documents/openarm_ros2/install/openarm_p_p/lib/python3.10/site-packages:${PYTHONPATH} /usr/bin/python3 -W ignore:setup.py install is deprecated -W ignore:easy_install command is deprecated setup.py egg_info --egg-base ../build/openarm_p_p build --build-base /home/endika/Documents/openarm_ros2/build/openarm_p_p/build install --record /home/endika/Documents/openarm_ros2/build/openarm_p_p/install.log --single-version-externally-managed install_data
[6.234s] DEBUG:colcon.colcon_core.event_handler.log_command:Invoked command in '/home/endika/Documents/openarm_ros2/openarm_p_p' returned '0': PYTHONPATH=/home/endika/Documents/openarm_ros2/build/openarm_p_p/prefix_override:/usr/lib/python3/dist-packages/colcon_core/task/python/colcon_distutils_commands:/home/endika/Documents/openarm_ros2/install/openarm_p_p/lib/python3.10/site-packages:${PYTHONPATH} /usr/bin/python3 -W ignore:setup.py install is deprecated -W ignore:easy_install command is deprecated setup.py egg_info --egg-base ../build/openarm_p_p build --build-base /home/endika/Documents/openarm_ros2/build/openarm_p_p/build install --record /home/endika/Documents/openarm_ros2/build/openarm_p_p/install.log --single-version-externally-managed install_data
[6.240s] Level 1:colcon.colcon_core.environment:checking '/home/endika/Documents/openarm_ros2/install/openarm_p_p' for CMake module files
[6.241s] Level 1:colcon.colcon_core.environment:checking '/home/endika/Documents/openarm_ros2/install/openarm_p_p' for CMake config files
[6.243s] Level 1:colcon.colcon_core.environment:checking '/home/endika/Documents/openarm_ros2/install/openarm_p_p/lib'
[6.243s] Level 1:colcon.colcon_core.environment:checking '/home/endika/Documents/openarm_ros2/install/openarm_p_p/bin'
[6.243s] Level 1:colcon.colcon_core.shell:create_environment_hook('openarm_p_p', 'path')
[6.244s] INFO:colcon.colcon_core.shell:Creating environment hook '/home/endika/Documents/openarm_ros2/install/openarm_p_p/share/openarm_p_p/hook/path.ps1'
[6.246s] INFO:colcon.colcon_core.shell:Creating environment descriptor '/home/endika/Documents/openarm_ros2/install/openarm_p_p/share/openarm_p_p/hook/path.dsv'
[6.248s] INFO:colcon.colcon_core.shell:Creating environment hook '/home/endika/Documents/openarm_ros2/install/openarm_p_p/share/openarm_p_p/hook/path.sh'
[6.250s] Level 1:colcon.colcon_core.environment:checking '/home/endika/Documents/openarm_ros2/install/openarm_p_p/lib/pkgconfig/openarm_p_p.pc'
[6.251s] Level 1:colcon.colcon_core.environment:checking '/home/endika/Documents/openarm_ros2/install/openarm_p_p/lib/python3.10/site-packages'
[6.252s] Level 1:colcon.colcon_core.shell:create_environment_hook('openarm_p_p', 'pythonpath')
[6.253s] INFO:colcon.colcon_core.shell:Creating environment hook '/home/endika/Documents/openarm_ros2/install/openarm_p_p/share/openarm_p_p/hook/pythonpath.ps1'
[6.255s] INFO:colcon.colcon_core.shell:Creating environment descriptor '/home/endika/Documents/openarm_ros2/install/openarm_p_p/share/openarm_p_p/hook/pythonpath.dsv'
[6.257s] INFO:colcon.colcon_core.shell:Creating environment hook '/home/endika/Documents/openarm_ros2/install/openarm_p_p/share/openarm_p_p/hook/pythonpath.sh'
[6.259s] Level 1:colcon.colcon_core.environment:checking '/home/endika/Documents/openarm_ros2/install/openarm_p_p/bin'
[6.259s] Level 1:colcon.colcon_core.shell:create_environment_hook('openarm_p_p', 'pythonscriptspath')
[6.260s] INFO:colcon.colcon_core.shell:Creating environment hook '/home/endika/Documents/openarm_ros2/install/openarm_p_p/share/openarm_p_p/hook/pythonscriptspath.ps1'
[6.261s] INFO:colcon.colcon_core.shell:Creating environment descriptor '/home/endika/Documents/openarm_ros2/install/openarm_p_p/share/openarm_p_p/hook/pythonscriptspath.dsv'
[6.262s] INFO:colcon.colcon_core.shell:Creating environment hook '/home/endika/Documents/openarm_ros2/install/openarm_p_p/share/openarm_p_p/hook/pythonscriptspath.sh'
[6.263s] Level 1:colcon.colcon_core.environment:create_environment_scripts_only(openarm_p_p)
[6.264s] INFO:colcon.colcon_core.shell:Creating package script '/home/endika/Documents/openarm_ros2/install/openarm_p_p/share/openarm_p_p/package.ps1'
[6.267s] INFO:colcon.colcon_core.shell:Creating package descriptor '/home/endika/Documents/openarm_ros2/install/openarm_p_p/share/openarm_p_p/package.dsv'
[6.269s] INFO:colcon.colcon_core.shell:Creating package script '/home/endika/Documents/openarm_ros2/install/openarm_p_p/share/openarm_p_p/package.sh'
[6.272s] INFO:colcon.colcon_core.shell:Creating package script '/home/endika/Documents/openarm_ros2/install/openarm_p_p/share/openarm_p_p/package.bash'
[6.277s] INFO:colcon.colcon_core.shell:Creating package script '/home/endika/Documents/openarm_ros2/install/openarm_p_p/share/openarm_p_p/package.zsh'
[6.282s] Level 1:colcon.colcon_core.environment:create_file_with_runtime_dependencies(/home/endika/Documents/openarm_ros2/install/openarm_p_p/share/colcon-core/packages/openarm_p_p)
[6.284s] DEBUG:colcon.colcon_parallel_executor.executor.parallel:closing loop
[6.285s] DEBUG:colcon.colcon_parallel_executor.executor.parallel:loop closed
[6.285s] DEBUG:colcon.colcon_parallel_executor.executor.parallel:run_until_complete finished with '0'
[6.286s] DEBUG:colcon.colcon_core.event_reactor:joining thread
[6.306s] INFO:colcon.colcon_core.plugin_system:Skipping extension 'colcon_notification.desktop_notification.terminal_notifier': Not used on non-Darwin systems
[6.306s] INFO:colcon.colcon_core.plugin_system:Skipping extension 'colcon_notification.desktop_notification.win32': Not used on non-Windows systems
[6.307s] INFO:colcon.colcon_notification.desktop_notification:Sending desktop notification using 'notify2'
[6.363s] DEBUG:colcon.colcon_core.event_reactor:joined thread
[6.364s] INFO:colcon.colcon_core.shell:Creating prefix script '/home/endika/Documents/openarm_ros2/install/local_setup.ps1'
[6.369s] INFO:colcon.colcon_core.shell:Creating prefix util module '/home/endika/Documents/openarm_ros2/install/_local_setup_util_ps1.py'
[6.376s] INFO:colcon.colcon_core.shell:Creating prefix chain script '/home/endika/Documents/openarm_ros2/install/setup.ps1'
[6.383s] INFO:colcon.colcon_core.shell:Creating prefix script '/home/endika/Documents/openarm_ros2/install/local_setup.sh'
[6.386s] INFO:colcon.colcon_core.shell:Creating prefix util module '/home/endika/Documents/openarm_ros2/install/_local_setup_util_sh.py'
[6.390s] INFO:colcon.colcon_core.shell:Creating prefix chain script '/home/endika/Documents/openarm_ros2/install/setup.sh'
[6.398s] INFO:colcon.colcon_core.shell:Creating prefix script '/home/endika/Documents/openarm_ros2/install/local_setup.bash'
[6.400s] INFO:colcon.colcon_core.shell:Creating prefix chain script '/home/endika/Documents/openarm_ros2/install/setup.bash'
[6.412s] INFO:colcon.colcon_core.shell:Creating prefix script '/home/endika/Documents/openarm_ros2/install/local_setup.zsh'
[6.416s] INFO:colcon.colcon_core.shell:Creating prefix chain script '/home/endika/Documents/openarm_ros2/install/setup.zsh'
