[0.273s] DEBUG:colcon:Command line arguments: ['/usr/bin/colcon', 'build', '--symlink-install', '--packages-select', 'openarm_bimanual_moveit_config']
[0.274s] DEBUG:colcon:Parsed command line arguments: Namespace(log_base=None, log_level=None, verb_name='build', build_base='build', install_base='install', merge_install=False, symlink_install=True, test_result_base=None, continue_on_error=False, executor='parallel', parallel_workers=4, event_handlers=None, ignore_user_meta=False, metas=['./colcon.meta'], base_paths=['.'], packages_ignore=None, packages_ignore_regex=None, paths=None, packages_up_to=None, packages_up_to_regex=None, packages_above=None, packages_above_and_dependencies=None, packages_above_depth=None, packages_select_by_dep=None, packages_skip_by_dep=None, packages_skip_up_to=None, packages_select_build_failed=False, packages_skip_build_finished=False, packages_select_test_failures=False, packages_skip_test_passed=False, packages_select=['openarm_bimanual_moveit_config'], packages_skip=None, packages_select_regex=None, packages_skip_regex=None, packages_start=None, packages_end=None, allow_overriding=[], cmake_args=None, cmake_target=None, cmake_target_skip_unavailable=False, cmake_clean_cache=False, cmake_clean_first=False, cmake_force_configure=False, ament_cmake_args=None, catkin_cmake_args=None, catkin_skip_building_tests=False, mixin_files=None, mixin=None, verb_parser=<colcon_mixin.mixin.mixin_argument.MixinArgumentDecorator object at 0x7ab020667040>, verb_extension=<colcon_core.verb.build.BuildVerb object at 0x7ab02075bf70>, main=<bound method BuildVerb.main of <colcon_core.verb.build.BuildVerb object at 0x7ab02075bf70>>, mixin_verb=('build',))
[0.687s] Level 1:colcon.colcon_core.package_discovery:discover_packages(colcon_meta) check parameters
[0.687s] Level 1:colcon.colcon_core.package_discovery:discover_packages(recursive) check parameters
[0.687s] Level 1:colcon.colcon_core.package_discovery:discover_packages(ignore) check parameters
[0.687s] Level 1:colcon.colcon_core.package_discovery:discover_packages(path) check parameters
[0.687s] Level 1:colcon.colcon_core.package_discovery:discover_packages(colcon_meta) discover
[0.688s] Level 1:colcon.colcon_core.package_discovery:discover_packages(recursive) discover
[0.688s] INFO:colcon.colcon_core.package_discovery:Crawling recursively for packages in '/home/endika/Documents/openarm_ros2'
[0.688s] Level 1:colcon.colcon_core.package_identification:_identify(.) by extensions ['ignore', 'ignore_ament_install']
[0.688s] Level 1:colcon.colcon_core.package_identification:_identify(.) by extension 'ignore'
[0.689s] Level 1:colcon.colcon_core.package_identification:_identify(.) by extension 'ignore_ament_install'
[0.689s] Level 1:colcon.colcon_core.package_identification:_identify(.) by extensions ['colcon_pkg']
[0.689s] Level 1:colcon.colcon_core.package_identification:_identify(.) by extension 'colcon_pkg'
[0.689s] Level 1:colcon.colcon_core.package_identification:_identify(.) by extensions ['colcon_meta']
[0.689s] Level 1:colcon.colcon_core.package_identification:_identify(.) by extension 'colcon_meta'
[0.689s] Level 1:colcon.colcon_core.package_identification:_identify(.) by extensions ['ros']
[0.689s] Level 1:colcon.colcon_core.package_identification:_identify(.) by extension 'ros'
[0.759s] Level 1:colcon.colcon_core.package_identification:_identify(.) by extensions ['cmake', 'python']
[0.759s] Level 1:colcon.colcon_core.package_identification:_identify(.) by extension 'cmake'
[0.759s] Level 1:colcon.colcon_core.package_identification:_identify(.) by extension 'python'
[0.759s] Level 1:colcon.colcon_core.package_identification:_identify(.) by extensions ['python_setup_py']
[0.759s] Level 1:colcon.colcon_core.package_identification:_identify(.) by extension 'python_setup_py'
[0.759s] Level 1:colcon.colcon_core.package_identification:_identify(__pycache__) by extensions ['ignore', 'ignore_ament_install']
[0.760s] Level 1:colcon.colcon_core.package_identification:_identify(__pycache__) by extension 'ignore'
[0.760s] Level 1:colcon.colcon_core.package_identification:_identify(__pycache__) by extension 'ignore_ament_install'
[0.760s] Level 1:colcon.colcon_core.package_identification:_identify(__pycache__) by extensions ['colcon_pkg']
[0.760s] Level 1:colcon.colcon_core.package_identification:_identify(__pycache__) by extension 'colcon_pkg'
[0.760s] Level 1:colcon.colcon_core.package_identification:_identify(__pycache__) by extensions ['colcon_meta']
[0.760s] Level 1:colcon.colcon_core.package_identification:_identify(__pycache__) by extension 'colcon_meta'
[0.760s] Level 1:colcon.colcon_core.package_identification:_identify(__pycache__) by extensions ['ros']
[0.760s] Level 1:colcon.colcon_core.package_identification:_identify(__pycache__) by extension 'ros'
[0.760s] Level 1:colcon.colcon_core.package_identification:_identify(__pycache__) by extensions ['cmake', 'python']
[0.761s] Level 1:colcon.colcon_core.package_identification:_identify(__pycache__) by extension 'cmake'
[0.761s] Level 1:colcon.colcon_core.package_identification:_identify(__pycache__) by extension 'python'
[0.761s] Level 1:colcon.colcon_core.package_identification:_identify(__pycache__) by extensions ['python_setup_py']
[0.761s] Level 1:colcon.colcon_core.package_identification:_identify(__pycache__) by extension 'python_setup_py'
[0.761s] Level 1:colcon.colcon_core.package_identification:_identify(build) by extensions ['ignore', 'ignore_ament_install']
[0.761s] Level 1:colcon.colcon_core.package_identification:_identify(build) by extension 'ignore'
[0.761s] Level 1:colcon.colcon_core.package_identification:_identify(build) ignored
[0.762s] Level 1:colcon.colcon_core.package_identification:_identify(dev) by extensions ['ignore', 'ignore_ament_install']
[0.762s] Level 1:colcon.colcon_core.package_identification:_identify(dev) by extension 'ignore'
[0.762s] Level 1:colcon.colcon_core.package_identification:_identify(dev) by extension 'ignore_ament_install'
[0.762s] Level 1:colcon.colcon_core.package_identification:_identify(dev) by extensions ['colcon_pkg']
[0.762s] Level 1:colcon.colcon_core.package_identification:_identify(dev) by extension 'colcon_pkg'
[0.762s] Level 1:colcon.colcon_core.package_identification:_identify(dev) by extensions ['colcon_meta']
[0.762s] Level 1:colcon.colcon_core.package_identification:_identify(dev) by extension 'colcon_meta'
[0.762s] Level 1:colcon.colcon_core.package_identification:_identify(dev) by extensions ['ros']
[0.763s] Level 1:colcon.colcon_core.package_identification:_identify(dev) by extension 'ros'
[0.763s] Level 1:colcon.colcon_core.package_identification:_identify(dev) by extensions ['cmake', 'python']
[0.763s] Level 1:colcon.colcon_core.package_identification:_identify(dev) by extension 'cmake'
[0.763s] Level 1:colcon.colcon_core.package_identification:_identify(dev) by extension 'python'
[0.763s] Level 1:colcon.colcon_core.package_identification:_identify(dev) by extensions ['python_setup_py']
[0.763s] Level 1:colcon.colcon_core.package_identification:_identify(dev) by extension 'python_setup_py'
[0.763s] Level 1:colcon.colcon_core.package_identification:_identify(install) by extensions ['ignore', 'ignore_ament_install']
[0.764s] Level 1:colcon.colcon_core.package_identification:_identify(install) by extension 'ignore'
[0.764s] Level 1:colcon.colcon_core.package_identification:_identify(install) ignored
[0.764s] Level 1:colcon.colcon_core.package_identification:_identify(log) by extensions ['ignore', 'ignore_ament_install']
[0.764s] Level 1:colcon.colcon_core.package_identification:_identify(log) by extension 'ignore'
[0.764s] Level 1:colcon.colcon_core.package_identification:_identify(log) ignored
[0.764s] Level 1:colcon.colcon_core.package_identification:_identify(openarm) by extensions ['ignore', 'ignore_ament_install']
[0.765s] Level 1:colcon.colcon_core.package_identification:_identify(openarm) by extension 'ignore'
[0.765s] Level 1:colcon.colcon_core.package_identification:_identify(openarm) by extension 'ignore_ament_install'
[0.765s] Level 1:colcon.colcon_core.package_identification:_identify(openarm) by extensions ['colcon_pkg']
[0.765s] Level 1:colcon.colcon_core.package_identification:_identify(openarm) by extension 'colcon_pkg'
[0.765s] Level 1:colcon.colcon_core.package_identification:_identify(openarm) by extensions ['colcon_meta']
[0.765s] Level 1:colcon.colcon_core.package_identification:_identify(openarm) by extension 'colcon_meta'
[0.765s] Level 1:colcon.colcon_core.package_identification:_identify(openarm) by extensions ['ros']
[0.765s] Level 1:colcon.colcon_core.package_identification:_identify(openarm) by extension 'ros'
[0.770s] DEBUG:colcon.colcon_core.package_identification:Package 'openarm' with type 'ros.ament_cmake' and name 'openarm'
[0.771s] Level 1:colcon.colcon_core.package_identification:_identify(openarm_bimanual_moveit_config) by extensions ['ignore', 'ignore_ament_install']
[0.771s] Level 1:colcon.colcon_core.package_identification:_identify(openarm_bimanual_moveit_config) by extension 'ignore'
[0.771s] Level 1:colcon.colcon_core.package_identification:_identify(openarm_bimanual_moveit_config) by extension 'ignore_ament_install'
[0.771s] Level 1:colcon.colcon_core.package_identification:_identify(openarm_bimanual_moveit_config) by extensions ['colcon_pkg']
[0.771s] Level 1:colcon.colcon_core.package_identification:_identify(openarm_bimanual_moveit_config) by extension 'colcon_pkg'
[0.771s] Level 1:colcon.colcon_core.package_identification:_identify(openarm_bimanual_moveit_config) by extensions ['colcon_meta']
[0.771s] Level 1:colcon.colcon_core.package_identification:_identify(openarm_bimanual_moveit_config) by extension 'colcon_meta'
[0.772s] Level 1:colcon.colcon_core.package_identification:_identify(openarm_bimanual_moveit_config) by extensions ['ros']
[0.772s] Level 1:colcon.colcon_core.package_identification:_identify(openarm_bimanual_moveit_config) by extension 'ros'
[0.773s] DEBUG:colcon.colcon_core.package_identification:Package 'openarm_bimanual_moveit_config' with type 'ros.ament_cmake' and name 'openarm_bimanual_moveit_config'
[0.774s] Level 1:colcon.colcon_core.package_identification:_identify(openarm_bringup) by extensions ['ignore', 'ignore_ament_install']
[0.774s] Level 1:colcon.colcon_core.package_identification:_identify(openarm_bringup) by extension 'ignore'
[0.774s] Level 1:colcon.colcon_core.package_identification:_identify(openarm_bringup) by extension 'ignore_ament_install'
[0.774s] Level 1:colcon.colcon_core.package_identification:_identify(openarm_bringup) by extensions ['colcon_pkg']
[0.774s] Level 1:colcon.colcon_core.package_identification:_identify(openarm_bringup) by extension 'colcon_pkg'
[0.774s] Level 1:colcon.colcon_core.package_identification:_identify(openarm_bringup) by extensions ['colcon_meta']
[0.774s] Level 1:colcon.colcon_core.package_identification:_identify(openarm_bringup) by extension 'colcon_meta'
[0.774s] Level 1:colcon.colcon_core.package_identification:_identify(openarm_bringup) by extensions ['ros']
[0.775s] Level 1:colcon.colcon_core.package_identification:_identify(openarm_bringup) by extension 'ros'
[0.776s] DEBUG:colcon.colcon_core.package_identification:Package 'openarm_bringup' with type 'ros.ament_cmake' and name 'openarm_bringup'
[0.776s] Level 1:colcon.colcon_core.package_identification:_identify(openarm_can) by extensions ['ignore', 'ignore_ament_install']
[0.776s] Level 1:colcon.colcon_core.package_identification:_identify(openarm_can) by extension 'ignore'
[0.776s] Level 1:colcon.colcon_core.package_identification:_identify(openarm_can) by extension 'ignore_ament_install'
[0.777s] Level 1:colcon.colcon_core.package_identification:_identify(openarm_can) by extensions ['colcon_pkg']
[0.777s] Level 1:colcon.colcon_core.package_identification:_identify(openarm_can) by extension 'colcon_pkg'
[0.777s] Level 1:colcon.colcon_core.package_identification:_identify(openarm_can) by extensions ['colcon_meta']
[0.777s] Level 1:colcon.colcon_core.package_identification:_identify(openarm_can) by extension 'colcon_meta'
[0.777s] Level 1:colcon.colcon_core.package_identification:_identify(openarm_can) by extensions ['ros']
[0.777s] Level 1:colcon.colcon_core.package_identification:_identify(openarm_can) by extension 'ros'
[0.778s] Level 1:colcon.colcon_core.package_identification:_identify(openarm_can) by extensions ['cmake', 'python']
[0.778s] Level 1:colcon.colcon_core.package_identification:_identify(openarm_can) by extension 'cmake'
[0.799s] Level 1:colcon.colcon_core.package_identification:_identify(openarm_can) by extension 'python'
[0.799s] DEBUG:colcon.colcon_core.package_identification:Package 'openarm_can' with type 'cmake' and name 'openarm_can'
[0.800s] Level 1:colcon.colcon_core.package_identification:_identify(openarm_description) by extensions ['ignore', 'ignore_ament_install']
[0.800s] Level 1:colcon.colcon_core.package_identification:_identify(openarm_description) by extension 'ignore'
[0.800s] Level 1:colcon.colcon_core.package_identification:_identify(openarm_description) by extension 'ignore_ament_install'
[0.800s] Level 1:colcon.colcon_core.package_identification:_identify(openarm_description) by extensions ['colcon_pkg']
[0.801s] Level 1:colcon.colcon_core.package_identification:_identify(openarm_description) by extension 'colcon_pkg'
[0.801s] Level 1:colcon.colcon_core.package_identification:_identify(openarm_description) by extensions ['colcon_meta']
[0.801s] Level 1:colcon.colcon_core.package_identification:_identify(openarm_description) by extension 'colcon_meta'
[0.801s] Level 1:colcon.colcon_core.package_identification:_identify(openarm_description) by extensions ['ros']
[0.801s] Level 1:colcon.colcon_core.package_identification:_identify(openarm_description) by extension 'ros'
[0.803s] DEBUG:colcon.colcon_core.package_identification:Package 'openarm_description' with type 'ros.ament_cmake' and name 'openarm_description'
[0.803s] Level 1:colcon.colcon_core.package_identification:_identify(openarm_hardware) by extensions ['ignore', 'ignore_ament_install']
[0.804s] Level 1:colcon.colcon_core.package_identification:_identify(openarm_hardware) by extension 'ignore'
[0.804s] Level 1:colcon.colcon_core.package_identification:_identify(openarm_hardware) by extension 'ignore_ament_install'
[0.804s] Level 1:colcon.colcon_core.package_identification:_identify(openarm_hardware) by extensions ['colcon_pkg']
[0.804s] Level 1:colcon.colcon_core.package_identification:_identify(openarm_hardware) by extension 'colcon_pkg'
[0.804s] Level 1:colcon.colcon_core.package_identification:_identify(openarm_hardware) by extensions ['colcon_meta']
[0.804s] Level 1:colcon.colcon_core.package_identification:_identify(openarm_hardware) by extension 'colcon_meta'
[0.805s] Level 1:colcon.colcon_core.package_identification:_identify(openarm_hardware) by extensions ['ros']
[0.805s] Level 1:colcon.colcon_core.package_identification:_identify(openarm_hardware) by extension 'ros'
[0.807s] DEBUG:colcon.colcon_core.package_identification:Package 'openarm_hardware' with type 'ros.ament_cmake' and name 'openarm_hardware'
[0.807s] Level 1:colcon.colcon_core.package_identification:_identify(openarm_p_p) by extensions ['ignore', 'ignore_ament_install']
[0.808s] Level 1:colcon.colcon_core.package_identification:_identify(openarm_p_p) by extension 'ignore'
[0.808s] Level 1:colcon.colcon_core.package_identification:_identify(openarm_p_p) by extension 'ignore_ament_install'
[0.808s] Level 1:colcon.colcon_core.package_identification:_identify(openarm_p_p) by extensions ['colcon_pkg']
[0.808s] Level 1:colcon.colcon_core.package_identification:_identify(openarm_p_p) by extension 'colcon_pkg'
[0.808s] Level 1:colcon.colcon_core.package_identification:_identify(openarm_p_p) by extensions ['colcon_meta']
[0.808s] Level 1:colcon.colcon_core.package_identification:_identify(openarm_p_p) by extension 'colcon_meta'
[0.809s] Level 1:colcon.colcon_core.package_identification:_identify(openarm_p_p) by extensions ['ros']
[0.809s] Level 1:colcon.colcon_core.package_identification:_identify(openarm_p_p) by extension 'ros'
[0.812s] DEBUG:colcon.colcon_core.package_identification:Package 'openarm_p_p' with type 'ros.ament_cmake' and name 'openarm_p_p'
[0.812s] Level 1:colcon.colcon_core.package_discovery:discover_packages(recursive) using defaults
[0.812s] Level 1:colcon.colcon_core.package_discovery:discover_packages(ignore) discover
[0.812s] Level 1:colcon.colcon_core.package_discovery:discover_packages(ignore) using defaults
[0.812s] Level 1:colcon.colcon_core.package_discovery:discover_packages(path) discover
[0.812s] Level 1:colcon.colcon_core.package_discovery:discover_packages(path) using defaults
[0.868s] INFO:colcon.colcon_core.package_selection:Skipping not selected package 'openarm_bringup' in 'openarm_bringup'
[0.868s] INFO:colcon.colcon_core.package_selection:Skipping not selected package 'openarm_can' in 'openarm_can'
[0.868s] INFO:colcon.colcon_core.package_selection:Skipping not selected package 'openarm_description' in 'openarm_description'
[0.868s] INFO:colcon.colcon_core.package_selection:Skipping not selected package 'openarm_hardware' in 'openarm_hardware'
[0.868s] INFO:colcon.colcon_core.package_selection:Skipping not selected package 'openarm_p_p' in 'openarm_p_p'
[0.868s] INFO:colcon.colcon_core.package_selection:Skipping not selected package 'openarm' in 'openarm'
[0.870s] Level 1:colcon.colcon_core.package_discovery:discover_packages(prefix_path) check parameters
[0.870s] Level 1:colcon.colcon_core.package_discovery:discover_packages(prefix_path) discover
[0.878s] DEBUG:colcon.colcon_installed_package_information.package_discovery:Found 7 installed packages in /home/endika/Documents/openarm_ros2/install
[0.884s] DEBUG:colcon.colcon_installed_package_information.package_discovery:Found 371 installed packages in /opt/ros/humble
[0.894s] Level 1:colcon.colcon_core.package_discovery:discover_packages(prefix_path) using defaults
[1.083s] Level 5:colcon.colcon_core.verb:set package 'openarm_bimanual_moveit_config' build argument 'cmake_args' from command line to 'None'
[1.083s] Level 5:colcon.colcon_core.verb:set package 'openarm_bimanual_moveit_config' build argument 'cmake_target' from command line to 'None'
[1.083s] Level 5:colcon.colcon_core.verb:set package 'openarm_bimanual_moveit_config' build argument 'cmake_target_skip_unavailable' from command line to 'False'
[1.084s] Level 5:colcon.colcon_core.verb:set package 'openarm_bimanual_moveit_config' build argument 'cmake_clean_cache' from command line to 'False'
[1.084s] Level 5:colcon.colcon_core.verb:set package 'openarm_bimanual_moveit_config' build argument 'cmake_clean_first' from command line to 'False'
[1.084s] Level 5:colcon.colcon_core.verb:set package 'openarm_bimanual_moveit_config' build argument 'cmake_force_configure' from command line to 'False'
[1.084s] Level 5:colcon.colcon_core.verb:set package 'openarm_bimanual_moveit_config' build argument 'ament_cmake_args' from command line to 'None'
[1.084s] Level 5:colcon.colcon_core.verb:set package 'openarm_bimanual_moveit_config' build argument 'catkin_cmake_args' from command line to 'None'
[1.084s] Level 5:colcon.colcon_core.verb:set package 'openarm_bimanual_moveit_config' build argument 'catkin_skip_building_tests' from command line to 'False'
[1.084s] DEBUG:colcon.colcon_core.verb:Building package 'openarm_bimanual_moveit_config' with the following arguments: {'ament_cmake_args': None, 'build_base': '/home/endika/Documents/openarm_ros2/build/openarm_bimanual_moveit_config', 'catkin_cmake_args': None, 'catkin_skip_building_tests': False, 'cmake_args': None, 'cmake_clean_cache': False, 'cmake_clean_first': False, 'cmake_force_configure': False, 'cmake_target': None, 'cmake_target_skip_unavailable': False, 'install_base': '/home/endika/Documents/openarm_ros2/install/openarm_bimanual_moveit_config', 'merge_install': False, 'path': '/home/endika/Documents/openarm_ros2/openarm_bimanual_moveit_config', 'symlink_install': True, 'test_result_base': None}
[1.085s] INFO:colcon.colcon_core.executor:Executing jobs using 'parallel' executor
[1.088s] DEBUG:colcon.colcon_parallel_executor.executor.parallel:run_until_complete
[1.088s] INFO:colcon.colcon_ros.task.ament_cmake.build:Building ROS package in '/home/endika/Documents/openarm_ros2/openarm_bimanual_moveit_config' with build type 'ament_cmake'
[1.089s] INFO:colcon.colcon_cmake.task.cmake.build:Building CMake package in '/home/endika/Documents/openarm_ros2/openarm_bimanual_moveit_config'
[1.097s] INFO:colcon.colcon_core.plugin_system:Skipping extension 'colcon_core.shell.bat': Not used on non-Windows systems
[1.098s] INFO:colcon.colcon_core.shell:Skip shell extension 'powershell' for command environment: Not usable outside of PowerShell
[1.098s] DEBUG:colcon.colcon_core.shell:Skip shell extension 'dsv' for command environment
[1.136s] DEBUG:colcon.colcon_core.event_handler.log_command:Invoking command in '/home/endika/Documents/openarm_ros2/build/openarm_bimanual_moveit_config': CMAKE_PREFIX_PATH=/home/endika/Documents/openarm_ros2/install/openarm_description:/home/endika/Documents/openarm_ros2/install/openarm_p_p:/home/endika/Documents/openarm_ros2/install/openarm:/home/endika/Documents/openarm_ros2/install/openarm_hardware:/home/endika/Documents/openarm_ros2/install/openarm_bimanual_moveit_config:/home/endika/Documents/openarm_ros2/install/openarm_can:/home/endika/Documents/openarm_ros2/install/openarm_bringup:/opt/ros/humble /usr/bin/cmake --build /home/endika/Documents/openarm_ros2/build/openarm_bimanual_moveit_config -- -j4 -l4
[1.223s] DEBUG:colcon.colcon_core.event_handler.log_command:Invoked command in '/home/endika/Documents/openarm_ros2/build/openarm_bimanual_moveit_config' returned '0': CMAKE_PREFIX_PATH=/home/endika/Documents/openarm_ros2/install/openarm_description:/home/endika/Documents/openarm_ros2/install/openarm_p_p:/home/endika/Documents/openarm_ros2/install/openarm:/home/endika/Documents/openarm_ros2/install/openarm_hardware:/home/endika/Documents/openarm_ros2/install/openarm_bimanual_moveit_config:/home/endika/Documents/openarm_ros2/install/openarm_can:/home/endika/Documents/openarm_ros2/install/openarm_bringup:/opt/ros/humble /usr/bin/cmake --build /home/endika/Documents/openarm_ros2/build/openarm_bimanual_moveit_config -- -j4 -l4
[1.252s] DEBUG:colcon.colcon_core.event_handler.log_command:Invoking command in '/home/endika/Documents/openarm_ros2/build/openarm_bimanual_moveit_config': CMAKE_PREFIX_PATH=/home/endika/Documents/openarm_ros2/install/openarm_description:/home/endika/Documents/openarm_ros2/install/openarm_p_p:/home/endika/Documents/openarm_ros2/install/openarm:/home/endika/Documents/openarm_ros2/install/openarm_hardware:/home/endika/Documents/openarm_ros2/install/openarm_bimanual_moveit_config:/home/endika/Documents/openarm_ros2/install/openarm_can:/home/endika/Documents/openarm_ros2/install/openarm_bringup:/opt/ros/humble /usr/bin/cmake --install /home/endika/Documents/openarm_ros2/build/openarm_bimanual_moveit_config
[1.348s] Level 1:colcon.colcon_core.environment:create_environment_scripts_only(openarm_bimanual_moveit_config)
[1.351s] DEBUG:colcon.colcon_core.event_handler.log_command:Invoked command in '/home/endika/Documents/openarm_ros2/build/openarm_bimanual_moveit_config' returned '0': CMAKE_PREFIX_PATH=/home/endika/Documents/openarm_ros2/install/openarm_description:/home/endika/Documents/openarm_ros2/install/openarm_p_p:/home/endika/Documents/openarm_ros2/install/openarm:/home/endika/Documents/openarm_ros2/install/openarm_hardware:/home/endika/Documents/openarm_ros2/install/openarm_bimanual_moveit_config:/home/endika/Documents/openarm_ros2/install/openarm_can:/home/endika/Documents/openarm_ros2/install/openarm_bringup:/opt/ros/humble /usr/bin/cmake --install /home/endika/Documents/openarm_ros2/build/openarm_bimanual_moveit_config
[1.358s] Level 1:colcon.colcon_core.environment:checking '/home/endika/Documents/openarm_ros2/install/openarm_bimanual_moveit_config' for CMake module files
[1.359s] Level 1:colcon.colcon_core.environment:checking '/home/endika/Documents/openarm_ros2/install/openarm_bimanual_moveit_config' for CMake config files
[1.361s] Level 1:colcon.colcon_core.shell:create_environment_hook('openarm_bimanual_moveit_config', 'cmake_prefix_path')
[1.362s] INFO:colcon.colcon_core.shell:Creating environment hook '/home/endika/Documents/openarm_ros2/install/openarm_bimanual_moveit_config/share/openarm_bimanual_moveit_config/hook/cmake_prefix_path.ps1'
[1.364s] INFO:colcon.colcon_core.shell:Creating environment descriptor '/home/endika/Documents/openarm_ros2/install/openarm_bimanual_moveit_config/share/openarm_bimanual_moveit_config/hook/cmake_prefix_path.dsv'
[1.365s] INFO:colcon.colcon_core.shell:Creating environment hook '/home/endika/Documents/openarm_ros2/install/openarm_bimanual_moveit_config/share/openarm_bimanual_moveit_config/hook/cmake_prefix_path.sh'
[1.368s] Level 1:colcon.colcon_core.environment:checking '/home/endika/Documents/openarm_ros2/install/openarm_bimanual_moveit_config/bin'
[1.368s] Level 1:colcon.colcon_core.environment:checking '/home/endika/Documents/openarm_ros2/install/openarm_bimanual_moveit_config/lib/pkgconfig/openarm_bimanual_moveit_config.pc'
[1.369s] Level 1:colcon.colcon_core.environment:checking '/home/endika/Documents/openarm_ros2/install/openarm_bimanual_moveit_config/lib/python3.10/site-packages'
[1.369s] Level 1:colcon.colcon_core.environment:checking '/home/endika/Documents/openarm_ros2/install/openarm_bimanual_moveit_config/bin'
[1.370s] INFO:colcon.colcon_core.shell:Creating package script '/home/endika/Documents/openarm_ros2/install/openarm_bimanual_moveit_config/share/openarm_bimanual_moveit_config/package.ps1'
[1.372s] INFO:colcon.colcon_core.shell:Creating package descriptor '/home/endika/Documents/openarm_ros2/install/openarm_bimanual_moveit_config/share/openarm_bimanual_moveit_config/package.dsv'
[1.373s] INFO:colcon.colcon_core.shell:Creating package script '/home/endika/Documents/openarm_ros2/install/openarm_bimanual_moveit_config/share/openarm_bimanual_moveit_config/package.sh'
[1.376s] INFO:colcon.colcon_core.shell:Creating package script '/home/endika/Documents/openarm_ros2/install/openarm_bimanual_moveit_config/share/openarm_bimanual_moveit_config/package.bash'
[1.378s] INFO:colcon.colcon_core.shell:Creating package script '/home/endika/Documents/openarm_ros2/install/openarm_bimanual_moveit_config/share/openarm_bimanual_moveit_config/package.zsh'
[1.379s] Level 1:colcon.colcon_core.environment:create_file_with_runtime_dependencies(/home/endika/Documents/openarm_ros2/install/openarm_bimanual_moveit_config/share/colcon-core/packages/openarm_bimanual_moveit_config)
[1.381s] Level 1:colcon.colcon_core.environment:create_environment_scripts_only(openarm_bimanual_moveit_config)
[1.382s] Level 1:colcon.colcon_core.environment:checking '/home/endika/Documents/openarm_ros2/install/openarm_bimanual_moveit_config' for CMake module files
[1.383s] Level 1:colcon.colcon_core.environment:checking '/home/endika/Documents/openarm_ros2/install/openarm_bimanual_moveit_config' for CMake config files
[1.383s] Level 1:colcon.colcon_core.shell:create_environment_hook('openarm_bimanual_moveit_config', 'cmake_prefix_path')
[1.384s] INFO:colcon.colcon_core.shell:Creating environment hook '/home/endika/Documents/openarm_ros2/install/openarm_bimanual_moveit_config/share/openarm_bimanual_moveit_config/hook/cmake_prefix_path.ps1'
[1.385s] INFO:colcon.colcon_core.shell:Creating environment descriptor '/home/endika/Documents/openarm_ros2/install/openarm_bimanual_moveit_config/share/openarm_bimanual_moveit_config/hook/cmake_prefix_path.dsv'
[1.386s] INFO:colcon.colcon_core.shell:Creating environment hook '/home/endika/Documents/openarm_ros2/install/openarm_bimanual_moveit_config/share/openarm_bimanual_moveit_config/hook/cmake_prefix_path.sh'
[1.388s] Level 1:colcon.colcon_core.environment:checking '/home/endika/Documents/openarm_ros2/install/openarm_bimanual_moveit_config/bin'
[1.388s] Level 1:colcon.colcon_core.environment:checking '/home/endika/Documents/openarm_ros2/install/openarm_bimanual_moveit_config/lib/pkgconfig/openarm_bimanual_moveit_config.pc'
[1.389s] Level 1:colcon.colcon_core.environment:checking '/home/endika/Documents/openarm_ros2/install/openarm_bimanual_moveit_config/lib/python3.10/site-packages'
[1.389s] Level 1:colcon.colcon_core.environment:checking '/home/endika/Documents/openarm_ros2/install/openarm_bimanual_moveit_config/bin'
[1.390s] INFO:colcon.colcon_core.shell:Creating package script '/home/endika/Documents/openarm_ros2/install/openarm_bimanual_moveit_config/share/openarm_bimanual_moveit_config/package.ps1'
[1.391s] INFO:colcon.colcon_core.shell:Creating package descriptor '/home/endika/Documents/openarm_ros2/install/openarm_bimanual_moveit_config/share/openarm_bimanual_moveit_config/package.dsv'
[1.392s] INFO:colcon.colcon_core.shell:Creating package script '/home/endika/Documents/openarm_ros2/install/openarm_bimanual_moveit_config/share/openarm_bimanual_moveit_config/package.sh'
[1.393s] INFO:colcon.colcon_core.shell:Creating package script '/home/endika/Documents/openarm_ros2/install/openarm_bimanual_moveit_config/share/openarm_bimanual_moveit_config/package.bash'
[1.394s] INFO:colcon.colcon_core.shell:Creating package script '/home/endika/Documents/openarm_ros2/install/openarm_bimanual_moveit_config/share/openarm_bimanual_moveit_config/package.zsh'
[1.396s] Level 1:colcon.colcon_core.environment:create_file_with_runtime_dependencies(/home/endika/Documents/openarm_ros2/install/openarm_bimanual_moveit_config/share/colcon-core/packages/openarm_bimanual_moveit_config)
[1.396s] DEBUG:colcon.colcon_parallel_executor.executor.parallel:closing loop
[1.398s] DEBUG:colcon.colcon_parallel_executor.executor.parallel:loop closed
[1.398s] DEBUG:colcon.colcon_parallel_executor.executor.parallel:run_until_complete finished with '0'
[1.398s] DEBUG:colcon.colcon_core.event_reactor:joining thread
[1.415s] INFO:colcon.colcon_core.plugin_system:Skipping extension 'colcon_notification.desktop_notification.terminal_notifier': Not used on non-Darwin systems
[1.415s] INFO:colcon.colcon_core.plugin_system:Skipping extension 'colcon_notification.desktop_notification.win32': Not used on non-Windows systems
[1.415s] INFO:colcon.colcon_notification.desktop_notification:Sending desktop notification using 'notify2'
[1.452s] DEBUG:colcon.colcon_core.event_reactor:joined thread
[1.453s] INFO:colcon.colcon_core.shell:Creating prefix script '/home/endika/Documents/openarm_ros2/install/local_setup.ps1'
[1.456s] INFO:colcon.colcon_core.shell:Creating prefix util module '/home/endika/Documents/openarm_ros2/install/_local_setup_util_ps1.py'
[1.460s] INFO:colcon.colcon_core.shell:Creating prefix chain script '/home/endika/Documents/openarm_ros2/install/setup.ps1'
[1.465s] INFO:colcon.colcon_core.shell:Creating prefix script '/home/endika/Documents/openarm_ros2/install/local_setup.sh'
[1.467s] INFO:colcon.colcon_core.shell:Creating prefix util module '/home/endika/Documents/openarm_ros2/install/_local_setup_util_sh.py'
[1.470s] INFO:colcon.colcon_core.shell:Creating prefix chain script '/home/endika/Documents/openarm_ros2/install/setup.sh'
[1.473s] INFO:colcon.colcon_core.shell:Creating prefix script '/home/endika/Documents/openarm_ros2/install/local_setup.bash'
[1.474s] INFO:colcon.colcon_core.shell:Creating prefix chain script '/home/endika/Documents/openarm_ros2/install/setup.bash'
[1.478s] INFO:colcon.colcon_core.shell:Creating prefix script '/home/endika/Documents/openarm_ros2/install/local_setup.zsh'
[1.480s] INFO:colcon.colcon_core.shell:Creating prefix chain script '/home/endika/Documents/openarm_ros2/install/setup.zsh'
