[0.019s] Invoking command in '/home/endika/Documents/openarm_ros2/openarm_hardware/build/openarm_hardware': CMAKE_PREFIX_PATH=/opt/ros/humble /usr/bin/cmake /home/endika/Documents/openarm_ros2/openarm_hardware -DAMENT_CMAKE_SYMLINK_INSTALL=1 -DCMAKE_INSTALL_PREFIX=/home/endika/Documents/openarm_ros2/openarm_hardware/install/openarm_hardware
[0.046s] -- Found ament_cmake: 1.3.12 (/opt/ros/humble/share/ament_cmake/cmake)
[0.303s] -- Override CMake install command with custom implementation using symlinks instead of copying resources
[0.321s] -- Found hardware_interface: 2.51.0 (/opt/ros/humble/share/hardware_interface/cmake)
[0.461s] -- Found rosidl_generator_c: 3.1.7 (/opt/ros/humble/share/rosidl_generator_c/cmake)
[0.475s] -- Found rosidl_adapter: 3.1.7 (/opt/ros/humble/share/rosidl_adapter/cmake)
[0.502s] -- Found rosidl_generator_cpp: 3.1.7 (/opt/ros/humble/share/rosidl_generator_cpp/cmake)
[0.540s] -- Using all available rosidl_typesupport_c: rosidl_typesupport_fastrtps_c;rosidl_typesupport_introspection_c
[0.586s] -- Using all available rosidl_typesupport_cpp: rosidl_typesupport_fastrtps_cpp;rosidl_typesupport_introspection_cpp
[1.137s] -- Found rmw_implementation_cmake: 6.1.2 (/opt/ros/humble/share/rmw_implementation_cmake/cmake)
[1.144s] -- Found rmw_cyclonedds_cpp: 1.3.4 (/opt/ros/humble/share/rmw_cyclonedds_cpp/cmake)
[1.210s] -- Using RMW implementation 'rmw_cyclonedds_cpp' as default
[1.233s] -- Looking for pthread.h
[1.402s] -- Looking for pthread.h - found
[1.402s] -- Performing Test CMAKE_HAVE_LIBC_PTHREAD
[1.554s] -- Performing Test CMAKE_HAVE_LIBC_PTHREAD - Success
[1.556s] -- Found Threads: TRUE  
[1.763s] [31mCMake Error at CMakeLists.txt:30 (find_package):
[1.763s]   By not providing "FindOpenArmCAN.cmake" in CMAKE_MODULE_PATH this project
[1.764s]   has asked CMake to find a package configuration file provided by
[1.764s]   "OpenArmCAN", but CMake did not find one.
[1.764s] 
[1.764s]   Could not find a package configuration file provided by "OpenArmCAN" with
[1.764s]   any of the following names:
[1.764s] 
[1.764s]     OpenArmCANConfig.cmake
[1.764s]     openarmcan-config.cmake
[1.765s] 
[1.765s]   Add the installation prefix of "OpenArmCAN" to CMAKE_PREFIX_PATH or set
[1.765s]   "OpenArmCAN_DIR" to a directory containing one of the above files.  If
[1.765s]   "OpenArmCAN" provides a separate development package or SDK, be sure it has
[1.765s]   been installed.
[1.765s] 
[1.765s] [0m
[1.765s] -- Configuring incomplete, errors occurred!
[1.766s] See also "/home/endika/Documents/openarm_ros2/openarm_hardware/build/openarm_hardware/CMakeFiles/CMakeOutput.log".
[1.776s] Invoked command in '/home/endika/Documents/openarm_ros2/openarm_hardware/build/openarm_hardware' returned '1': CMAKE_PREFIX_PATH=/opt/ros/humble /usr/bin/cmake /home/endika/Documents/openarm_ros2/openarm_hardware -DAMENT_CMAKE_SYMLINK_INSTALL=1 -DCMAKE_INSTALL_PREFIX=/home/endika/Documents/openarm_ros2/openarm_hardware/install/openarm_hardware
