[2.389s] Invoking command in '/home/endika/Documents/openarm_ros2/build/openarm_p_p': PYTHONPATH=/home/endika/Documents/openarm_ros2/build/openarm_p_p/prefix_override:/usr/lib/python3/dist-packages/colcon_core/task/python/colcon_distutils_commands:/home/endika/Documents/openarm_ros2/install/openarm_p_p/lib/python3.10/site-packages:${PYTHONPATH} /usr/bin/python3 -W ignore:setup.py install is deprecated -W ignore:easy_install command is deprecated setup.py develop --uninstall --editable --build-directory /home/endika/Documents/openarm_ros2/build/openarm_p_p/build
[3.404s] running develop
[4.224s] Removing /home/endika/Documents/openarm_ros2/install/openarm_p_p/lib/python3.10/site-packages/openarm-p-p.egg-link (link to .)
[4.335s] Invoked command in '/home/endika/Documents/openarm_ros2/build/openarm_p_p' returned '0': PYTHONPATH=/home/endika/Documents/openarm_ros2/build/openarm_p_p/prefix_override:/usr/lib/python3/dist-packages/colcon_core/task/python/colcon_distutils_commands:/home/endika/Documents/openarm_ros2/install/openarm_p_p/lib/python3.10/site-packages:${PYTHONPATH} /usr/bin/python3 -W ignore:setup.py install is deprecated -W ignore:easy_install command is deprecated setup.py develop --uninstall --editable --build-directory /home/endika/Documents/openarm_ros2/build/openarm_p_p/build
[4.347s] Invoking command in '/home/endika/Documents/openarm_ros2/openarm_p_p': PYTHONPATH=/home/endika/Documents/openarm_ros2/build/openarm_p_p/prefix_override:/usr/lib/python3/dist-packages/colcon_core/task/python/colcon_distutils_commands:/home/endika/Documents/openarm_ros2/install/openarm_p_p/lib/python3.10/site-packages:${PYTHONPATH} /usr/bin/python3 -W ignore:setup.py install is deprecated -W ignore:easy_install command is deprecated setup.py egg_info --egg-base ../build/openarm_p_p build --build-base /home/endika/Documents/openarm_ros2/build/openarm_p_p/build install --record /home/endika/Documents/openarm_ros2/build/openarm_p_p/install.log --single-version-externally-managed install_data --force
[5.503s] running egg_info
[5.505s] writing ../build/openarm_p_p/openarm_p_p.egg-info/PKG-INFO
[5.507s] writing dependency_links to ../build/openarm_p_p/openarm_p_p.egg-info/dependency_links.txt
[5.508s] writing entry points to ../build/openarm_p_p/openarm_p_p.egg-info/entry_points.txt
[5.508s] writing requirements to ../build/openarm_p_p/openarm_p_p.egg-info/requires.txt
[5.508s] writing top-level names to ../build/openarm_p_p/openarm_p_p.egg-info/top_level.txt
[5.514s] reading manifest file '../build/openarm_p_p/openarm_p_p.egg-info/SOURCES.txt'
[5.516s] writing manifest file '../build/openarm_p_p/openarm_p_p.egg-info/SOURCES.txt'
[5.517s] running build
[5.517s] running build_py
[5.518s] copying openarm_p_p/openarm_p_p.py -> /home/endika/Documents/openarm_ros2/build/openarm_p_p/build/lib/openarm_p_p
[5.518s] running install
[5.520s] running install_lib
[5.523s] creating /home/endika/Documents/openarm_ros2/install/openarm_p_p/lib/python3.10/site-packages/openarm_p_p
[5.523s] copying /home/endika/Documents/openarm_ros2/build/openarm_p_p/build/lib/openarm_p_p/openarm_p_p.py -> /home/endika/Documents/openarm_ros2/install/openarm_p_p/lib/python3.10/site-packages/openarm_p_p
[5.523s] copying /home/endika/Documents/openarm_ros2/build/openarm_p_p/build/lib/openarm_p_p/__init__.py -> /home/endika/Documents/openarm_ros2/install/openarm_p_p/lib/python3.10/site-packages/openarm_p_p
[5.524s] byte-compiling /home/endika/Documents/openarm_ros2/install/openarm_p_p/lib/python3.10/site-packages/openarm_p_p/openarm_p_p.py to openarm_p_p.cpython-310.pyc
[5.528s] byte-compiling /home/endika/Documents/openarm_ros2/install/openarm_p_p/lib/python3.10/site-packages/openarm_p_p/__init__.py to __init__.cpython-310.pyc
[5.529s] running install_data
[5.529s] copying resource/openarm_p_p -> /home/endika/Documents/openarm_ros2/install/openarm_p_p/share/ament_index/resource_index/packages
[5.534s] copying package.xml -> /home/endika/Documents/openarm_ros2/install/openarm_p_p/share/openarm_p_p
[5.535s] running install_egg_info
[5.541s] Copying ../build/openarm_p_p/openarm_p_p.egg-info to /home/endika/Documents/openarm_ros2/install/openarm_p_p/lib/python3.10/site-packages/openarm_p_p-0.0.0-py3.10.egg-info
[5.543s] running install_scripts
[5.625s] Installing openarm_p_p script to /home/endika/Documents/openarm_ros2/install/openarm_p_p/bin
[5.627s] writing list of installed files to '/home/endika/Documents/openarm_ros2/build/openarm_p_p/install.log'
[5.739s] Invoked command in '/home/endika/Documents/openarm_ros2/openarm_p_p' returned '0': PYTHONPATH=/home/endika/Documents/openarm_ros2/build/openarm_p_p/prefix_override:/usr/lib/python3/dist-packages/colcon_core/task/python/colcon_distutils_commands:/home/endika/Documents/openarm_ros2/install/openarm_p_p/lib/python3.10/site-packages:${PYTHONPATH} /usr/bin/python3 -W ignore:setup.py install is deprecated -W ignore:easy_install command is deprecated setup.py egg_info --egg-base ../build/openarm_p_p build --build-base /home/endika/Documents/openarm_ros2/build/openarm_p_p/build install --record /home/endika/Documents/openarm_ros2/build/openarm_p_p/install.log --single-version-externally-managed install_data --force
