[0.038s] Invoking command in '/home/endika/Documents/openarm_ros2/build/openarm_bimanual_moveit_config': AMENT_PREFIX_PATH=/home/endika/Documents/openarm_ros2/install/openarm_description:${AMENT_PREFIX_PATH} CMAKE_PREFIX_PATH=/home/endika/Documents/openarm_ros2/install/openarm_description:/opt/ros/humble /usr/bin/cmake /home/endika/Documents/openarm_ros2/openarm_bimanual_moveit_config -DAMENT_CMAKE_SYMLINK_INSTALL=1 -DCMAKE_INSTALL_PREFIX=/home/endika/Documents/openarm_ros2/install/openarm_bimanual_moveit_config
[0.079s] -- Found ament_cmake: 1.3.12 (/opt/ros/humble/share/ament_cmake/cmake)
[0.404s] -- Override CMake install command with custom implementation using symlinks instead of copying resources
[0.688s] -- Configuring done
[0.696s] -- Generating done
[0.700s] -- Build files have been written to: /home/endika/Documents/openarm_ros2/build/openarm_bimanual_moveit_config
[0.705s] Invoked command in '/home/endika/Documents/openarm_ros2/build/openarm_bimanual_moveit_config' returned '0': AMENT_PREFIX_PATH=/home/endika/Documents/openarm_ros2/install/openarm_description:${AMENT_PREFIX_PATH} CMAKE_PREFIX_PATH=/home/endika/Documents/openarm_ros2/install/openarm_description:/opt/ros/humble /usr/bin/cmake /home/endika/Documents/openarm_ros2/openarm_bimanual_moveit_config -DAMENT_CMAKE_SYMLINK_INSTALL=1 -DCMAKE_INSTALL_PREFIX=/home/endika/Documents/openarm_ros2/install/openarm_bimanual_moveit_config
[0.715s] Invoking command in '/home/endika/Documents/openarm_ros2/build/openarm_bimanual_moveit_config': AMENT_PREFIX_PATH=/home/endika/Documents/openarm_ros2/install/openarm_description:${AMENT_PREFIX_PATH} CMAKE_PREFIX_PATH=/home/endika/Documents/openarm_ros2/install/openarm_description:/opt/ros/humble /usr/bin/cmake --build /home/endika/Documents/openarm_ros2/build/openarm_bimanual_moveit_config -- -j4 -l4
[0.796s] Invoked command in '/home/endika/Documents/openarm_ros2/build/openarm_bimanual_moveit_config' returned '0': AMENT_PREFIX_PATH=/home/endika/Documents/openarm_ros2/install/openarm_description:${AMENT_PREFIX_PATH} CMAKE_PREFIX_PATH=/home/endika/Documents/openarm_ros2/install/openarm_description:/opt/ros/humble /usr/bin/cmake --build /home/endika/Documents/openarm_ros2/build/openarm_bimanual_moveit_config -- -j4 -l4
[0.823s] Invoking command in '/home/endika/Documents/openarm_ros2/build/openarm_bimanual_moveit_config': AMENT_PREFIX_PATH=/home/endika/Documents/openarm_ros2/install/openarm_description:${AMENT_PREFIX_PATH} CMAKE_PREFIX_PATH=/home/endika/Documents/openarm_ros2/install/openarm_description:/opt/ros/humble /usr/bin/cmake --install /home/endika/Documents/openarm_ros2/build/openarm_bimanual_moveit_config
[0.843s] -- Install configuration: ""
[0.844s] -- Execute custom install script
[0.845s] -- Symlinking: /home/endika/Documents/openarm_ros2/install/openarm_bimanual_moveit_config/share/ament_index/resource_index/package_run_dependencies/openarm_bimanual_moveit_config
[0.868s] -- Symlinking: /home/endika/Documents/openarm_ros2/install/openarm_bimanual_moveit_config/share/ament_index/resource_index/parent_prefix_path/openarm_bimanual_moveit_config
[0.886s] -- Symlinking: /home/endika/Documents/openarm_ros2/install/openarm_bimanual_moveit_config/share/openarm_bimanual_moveit_config/environment/ament_prefix_path.sh
[0.914s] -- Symlinking: /home/endika/Documents/openarm_ros2/install/openarm_bimanual_moveit_config/share/openarm_bimanual_moveit_config/environment/ament_prefix_path.dsv
[0.942s] -- Symlinking: /home/endika/Documents/openarm_ros2/install/openarm_bimanual_moveit_config/share/openarm_bimanual_moveit_config/environment/path.sh
[0.960s] -- Symlinking: /home/endika/Documents/openarm_ros2/install/openarm_bimanual_moveit_config/share/openarm_bimanual_moveit_config/environment/path.dsv
[0.977s] -- Symlinking: /home/endika/Documents/openarm_ros2/install/openarm_bimanual_moveit_config/share/openarm_bimanual_moveit_config/local_setup.bash
[0.994s] -- Symlinking: /home/endika/Documents/openarm_ros2/install/openarm_bimanual_moveit_config/share/openarm_bimanual_moveit_config/local_setup.sh
[1.014s] -- Symlinking: /home/endika/Documents/openarm_ros2/install/openarm_bimanual_moveit_config/share/openarm_bimanual_moveit_config/local_setup.zsh
[1.041s] -- Symlinking: /home/endika/Documents/openarm_ros2/install/openarm_bimanual_moveit_config/share/openarm_bimanual_moveit_config/local_setup.dsv
[1.060s] -- Symlinking: /home/endika/Documents/openarm_ros2/install/openarm_bimanual_moveit_config/share/openarm_bimanual_moveit_config/package.dsv
[1.079s] -- Symlinking: /home/endika/Documents/openarm_ros2/install/openarm_bimanual_moveit_config/share/ament_index/resource_index/packages/openarm_bimanual_moveit_config
[1.097s] -- Symlinking: /home/endika/Documents/openarm_ros2/install/openarm_bimanual_moveit_config/share/openarm_bimanual_moveit_config/cmake/openarm_bimanual_moveit_configConfig.cmake
[1.123s] -- Symlinking: /home/endika/Documents/openarm_ros2/install/openarm_bimanual_moveit_config/share/openarm_bimanual_moveit_config/cmake/openarm_bimanual_moveit_configConfig-version.cmake
[1.147s] -- Symlinking: /home/endika/Documents/openarm_ros2/install/openarm_bimanual_moveit_config/share/openarm_bimanual_moveit_config/package.xml
[1.170s] -- Symlinking: /home/endika/Documents/openarm_ros2/install/openarm_bimanual_moveit_config/share/openarm_bimanual_moveit_config/launch/__pycache__/demo.launch.cpython-310.pyc
[1.188s] -- Symlinking: /home/endika/Documents/openarm_ros2/install/openarm_bimanual_moveit_config/share/openarm_bimanual_moveit_config/launch/demo.launch.py
[1.206s] -- Symlinking: /home/endika/Documents/openarm_ros2/install/openarm_bimanual_moveit_config/share/openarm_bimanual_moveit_config/launch/demo2.launch.py
[1.234s] -- Symlinking: /home/endika/Documents/openarm_ros2/install/openarm_bimanual_moveit_config/share/openarm_bimanual_moveit_config/launch/move_group.launch.py
[1.255s] -- Symlinking: /home/endika/Documents/openarm_ros2/install/openarm_bimanual_moveit_config/share/openarm_bimanual_moveit_config/launch/moveit_rviz.launch.py
[1.274s] -- Symlinking: /home/endika/Documents/openarm_ros2/install/openarm_bimanual_moveit_config/share/openarm_bimanual_moveit_config/launch/prueba.launch.py
[1.292s] -- Symlinking: /home/endika/Documents/openarm_ros2/install/openarm_bimanual_moveit_config/share/openarm_bimanual_moveit_config/launch/setup_assistant.launch.py
[1.310s] -- Symlinking: /home/endika/Documents/openarm_ros2/install/openarm_bimanual_moveit_config/share/openarm_bimanual_moveit_config/launch/spawn_controllers.launch.py
[1.338s] -- Symlinking: /home/endika/Documents/openarm_ros2/install/openarm_bimanual_moveit_config/share/openarm_bimanual_moveit_config/launch/static_virtual_joint_tfs.launch.py
[1.357s] -- Symlinking: /home/endika/Documents/openarm_ros2/install/openarm_bimanual_moveit_config/share/openarm_bimanual_moveit_config/config/initial_positions.yaml
[1.378s] -- Symlinking: /home/endika/Documents/openarm_ros2/install/openarm_bimanual_moveit_config/share/openarm_bimanual_moveit_config/config/joint_limits.yaml
[1.395s] -- Symlinking: /home/endika/Documents/openarm_ros2/install/openarm_bimanual_moveit_config/share/openarm_bimanual_moveit_config/config/kinematics.yaml
[1.415s] -- Symlinking: /home/endika/Documents/openarm_ros2/install/openarm_bimanual_moveit_config/share/openarm_bimanual_moveit_config/config/moveit.rviz
[1.440s] -- Symlinking: /home/endika/Documents/openarm_ros2/install/openarm_bimanual_moveit_config/share/openarm_bimanual_moveit_config/config/moveit_controllers.yaml
[1.458s] -- Symlinking: /home/endika/Documents/openarm_ros2/install/openarm_bimanual_moveit_config/share/openarm_bimanual_moveit_config/config/openarm.srdf
[1.475s] -- Symlinking: /home/endika/Documents/openarm_ros2/install/openarm_bimanual_moveit_config/share/openarm_bimanual_moveit_config/config/openarm_bimanual.urdf.xacro
[1.493s] -- Symlinking: /home/endika/Documents/openarm_ros2/install/openarm_bimanual_moveit_config/share/openarm_bimanual_moveit_config/config/pilz_cartesian_limits.yaml
[1.510s] -- Symlinking: /home/endika/Documents/openarm_ros2/install/openarm_bimanual_moveit_config/share/openarm_bimanual_moveit_config/config/ros2_controllers.yaml
[1.537s] -- Symlinking: /home/endika/Documents/openarm_ros2/install/openarm_bimanual_moveit_config/share/openarm_bimanual_moveit_config/config/sensors_3d.yaml
[1.555s] -- Symlinking: /home/endika/Documents/openarm_ros2/install/openarm_bimanual_moveit_config/share/openarm_bimanual_moveit_config/.setup_assistant
[1.577s] Invoked command in '/home/endika/Documents/openarm_ros2/build/openarm_bimanual_moveit_config' returned '0': AMENT_PREFIX_PATH=/home/endika/Documents/openarm_ros2/install/openarm_description:${AMENT_PREFIX_PATH} CMAKE_PREFIX_PATH=/home/endika/Documents/openarm_ros2/install/openarm_description:/opt/ros/humble /usr/bin/cmake --install /home/endika/Documents/openarm_ros2/build/openarm_bimanual_moveit_config
