[0.130s] Invoking command in '/home/endika/Documents/openarm_ros2/build/openarm_bringup': /usr/bin/cmake --build /home/endika/Documents/openarm_ros2/build/openarm_bringup -- -j4 -l4
[0.589s] Invoked command in '/home/endika/Documents/openarm_ros2/build/openarm_bringup' returned '0': /usr/bin/cmake --build /home/endika/Documents/openarm_ros2/build/openarm_bringup -- -j4 -l4
[0.599s] Invoking command in '/home/endika/Documents/openarm_ros2/build/openarm_bringup': /usr/bin/cmake --install /home/endika/Documents/openarm_ros2/build/openarm_bringup
[0.766s] -- Install configuration: ""
[0.766s] -- Up-to-date: /home/endika/Documents/openarm_ros2/install/openarm_bringup/share/openarm_bringup/launch
[0.767s] -- Up-to-date: /home/endika/Documents/openarm_ros2/install/openarm_bringup/share/openarm_bringup/launch/openarm.bimanual.launch.py
[0.767s] -- Up-to-date: /home/endika/Documents/openarm_ros2/install/openarm_bringup/share/openarm_bringup/launch/openarm.launch.py
[0.767s] -- Up-to-date: /home/endika/Documents/openarm_ros2/install/openarm_bringup/share/openarm_bringup/config
[0.768s] -- Up-to-date: /home/endika/Documents/openarm_ros2/install/openarm_bringup/share/openarm_bringup/config/v10_controllers
[0.768s] -- Up-to-date: /home/endika/Documents/openarm_ros2/install/openarm_bringup/share/openarm_bringup/config/v10_controllers/openarm_v10_bimanual_controllers.yaml
[0.768s] -- Up-to-date: /home/endika/Documents/openarm_ros2/install/openarm_bringup/share/openarm_bringup/config/v10_controllers/openarm_v10_controllers.yaml
[0.777s] -- Up-to-date: /home/endika/Documents/openarm_ros2/install/openarm_bringup/share/openarm_bringup/config/v10_controllers/openarm_v10_bimanual_controllers_namespaced.yaml
[0.778s] -- Up-to-date: /home/endika/Documents/openarm_ros2/install/openarm_bringup/share/ament_index/resource_index/package_run_dependencies/openarm_bringup
[0.778s] -- Up-to-date: /home/endika/Documents/openarm_ros2/install/openarm_bringup/share/ament_index/resource_index/parent_prefix_path/openarm_bringup
[0.778s] -- Up-to-date: /home/endika/Documents/openarm_ros2/install/openarm_bringup/share/openarm_bringup/environment/ament_prefix_path.sh
[0.779s] -- Up-to-date: /home/endika/Documents/openarm_ros2/install/openarm_bringup/share/openarm_bringup/environment/ament_prefix_path.dsv
[0.779s] -- Up-to-date: /home/endika/Documents/openarm_ros2/install/openarm_bringup/share/openarm_bringup/environment/path.sh
[0.783s] -- Up-to-date: /home/endika/Documents/openarm_ros2/install/openarm_bringup/share/openarm_bringup/environment/path.dsv
[0.784s] -- Up-to-date: /home/endika/Documents/openarm_ros2/install/openarm_bringup/share/openarm_bringup/local_setup.bash
[0.784s] -- Up-to-date: /home/endika/Documents/openarm_ros2/install/openarm_bringup/share/openarm_bringup/local_setup.sh
[0.785s] -- Up-to-date: /home/endika/Documents/openarm_ros2/install/openarm_bringup/share/openarm_bringup/local_setup.zsh
[0.785s] -- Up-to-date: /home/endika/Documents/openarm_ros2/install/openarm_bringup/share/openarm_bringup/local_setup.dsv
[0.785s] -- Up-to-date: /home/endika/Documents/openarm_ros2/install/openarm_bringup/share/openarm_bringup/package.dsv
[0.794s] -- Up-to-date: /home/endika/Documents/openarm_ros2/install/openarm_bringup/share/ament_index/resource_index/packages/openarm_bringup
[0.804s] -- Up-to-date: /home/endika/Documents/openarm_ros2/install/openarm_bringup/share/openarm_bringup/cmake/openarm_bringupConfig.cmake
[0.811s] -- Up-to-date: /home/endika/Documents/openarm_ros2/install/openarm_bringup/share/openarm_bringup/cmake/openarm_bringupConfig-version.cmake
[0.812s] -- Up-to-date: /home/endika/Documents/openarm_ros2/install/openarm_bringup/share/openarm_bringup/package.xml
[0.850s] Invoked command in '/home/endika/Documents/openarm_ros2/build/openarm_bringup' returned '0': /usr/bin/cmake --install /home/endika/Documents/openarm_ros2/build/openarm_bringup
