[0.057s] Invoking command in '/root/workspace/openarm/build/openarm_bringup': CMAKE_PREFIX_PATH=${CMAKE_PREFIX_PATH}:/root/ws_moveit/install/moveit_configs_utils:/root/ws_moveit/install/launch_param_builder:/opt/ros/humble /usr/bin/cmake --build /root/workspace/openarm/build/openarm_bringup -- -j6 -l6
[0.131s] Invoked command in '/root/workspace/openarm/build/openarm_bringup' returned '0': CMAKE_PREFIX_PATH=${CMAKE_PREFIX_PATH}:/root/ws_moveit/install/moveit_configs_utils:/root/ws_moveit/install/launch_param_builder:/opt/ros/humble /usr/bin/cmake --build /root/workspace/openarm/build/openarm_bringup -- -j6 -l6
[0.135s] Invoking command in '/root/workspace/openarm/build/openarm_bringup': CMAKE_PREFIX_PATH=${CMAKE_PREFIX_PATH}:/root/ws_moveit/install/moveit_configs_utils:/root/ws_moveit/install/launch_param_builder:/opt/ros/humble /usr/bin/cmake --install /root/workspace/openarm/build/openarm_bringup
[0.149s] -- Install configuration: ""
[0.152s] -- Execute custom install script
[0.153s] -- Up-to-date symlink: /root/workspace/openarm/install/openarm_bringup/share/openarm_bringup/launch/openarm.bimanual.launch.py
[0.155s] -- Up-to-date symlink: /root/workspace/openarm/install/openarm_bringup/share/openarm_bringup/launch/openarm.launch.py
[0.157s] -- Up-to-date symlink: /root/workspace/openarm/install/openarm_bringup/share/openarm_bringup/config/v10_controllers/openarm_v10_bimanual_controllers.yaml
[0.159s] -- Up-to-date symlink: /root/workspace/openarm/install/openarm_bringup/share/openarm_bringup/config/v10_controllers/openarm_v10_bimanual_controllers_namespaced.yaml
[0.166s] -- Up-to-date symlink: /root/workspace/openarm/install/openarm_bringup/share/openarm_bringup/config/v10_controllers/openarm_v10_controllers.yaml
[0.167s] -- Up-to-date symlink: /root/workspace/openarm/install/openarm_bringup/share/ament_index/resource_index/package_run_dependencies/openarm_bringup
[0.171s] -- Up-to-date symlink: /root/workspace/openarm/install/openarm_bringup/share/ament_index/resource_index/parent_prefix_path/openarm_bringup
[0.175s] -- Up-to-date symlink: /root/workspace/openarm/install/openarm_bringup/share/openarm_bringup/environment/ament_prefix_path.sh
[0.177s] -- Up-to-date symlink: /root/workspace/openarm/install/openarm_bringup/share/openarm_bringup/environment/ament_prefix_path.dsv
[0.179s] -- Up-to-date symlink: /root/workspace/openarm/install/openarm_bringup/share/openarm_bringup/environment/path.sh
[0.181s] -- Up-to-date symlink: /root/workspace/openarm/install/openarm_bringup/share/openarm_bringup/environment/path.dsv
[0.183s] -- Up-to-date symlink: /root/workspace/openarm/install/openarm_bringup/share/openarm_bringup/local_setup.bash
[0.183s] -- Up-to-date symlink: /root/workspace/openarm/install/openarm_bringup/share/openarm_bringup/local_setup.sh
[0.186s] -- Up-to-date symlink: /root/workspace/openarm/install/openarm_bringup/share/openarm_bringup/local_setup.zsh
[0.189s] -- Up-to-date symlink: /root/workspace/openarm/install/openarm_bringup/share/openarm_bringup/local_setup.dsv
[0.190s] -- Symlinking: /root/workspace/openarm/install/openarm_bringup/share/openarm_bringup/package.dsv
[0.209s] -- Up-to-date symlink: /root/workspace/openarm/install/openarm_bringup/share/ament_index/resource_index/packages/openarm_bringup
[0.211s] -- Up-to-date symlink: /root/workspace/openarm/install/openarm_bringup/share/openarm_bringup/cmake/openarm_bringupConfig.cmake
[0.212s] -- Up-to-date symlink: /root/workspace/openarm/install/openarm_bringup/share/openarm_bringup/cmake/openarm_bringupConfig-version.cmake
[0.213s] -- Up-to-date symlink: /root/workspace/openarm/install/openarm_bringup/share/openarm_bringup/package.xml
[0.216s] Invoked command in '/root/workspace/openarm/build/openarm_bringup' returned '0': CMAKE_PREFIX_PATH=${CMAKE_PREFIX_PATH}:/root/ws_moveit/install/moveit_configs_utils:/root/ws_moveit/install/launch_param_builder:/opt/ros/humble /usr/bin/cmake --install /root/workspace/openarm/build/openarm_bringup
