[0.080s] Invoking command in '/home/endika/Documents/openarm_ros2/build/openarm_bringup': CMAKE_PREFIX_PATH=${CMAKE_PREFIX_PATH}:/home/endika/Documents/openarm_ros2/install/openarm_p_p:/opt/ros/humble /usr/bin/cmake /home/endika/Documents/openarm_ros2/openarm_bringup -DCMAKE_INSTALL_PREFIX=/home/endika/Documents/openarm_ros2/install/openarm_bringup
[0.367s] -- The C compiler identification is GNU 11.4.0
[0.648s] -- The CXX compiler identification is GNU 11.4.0
[0.698s] -- Detecting C compiler ABI info
[1.146s] -- Detecting C compiler ABI info - done
[1.196s] -- Check for working C compiler: /usr/bin/cc - skipped
[1.197s] -- Detecting C compile features
[1.198s] -- Detecting C compile features - done
[1.223s] -- Detecting CXX compiler ABI info
[1.763s] -- Detecting CXX compiler ABI info - done
[1.882s] -- Check for working CXX compiler: /usr/bin/c++ - skipped
[1.886s] -- Detecting CXX compile features
[1.888s] -- Detecting CXX compile features - done
[1.915s] -- Found ament_cmake: 1.3.12 (/opt/ros/humble/share/ament_cmake/cmake)
[2.933s] -- Found Python3: /usr/bin/python3 (found version "3.10.12") found components: Interpreter 
[4.142s] -- Found ament_lint_auto: 0.12.14 (/opt/ros/humble/share/ament_lint_auto/cmake)
[4.978s] -- Added test 'flake8' to check Python code syntax and style conventions
[4.984s] -- Added test 'lint_cmake' to check CMake code style
[4.987s] -- Added test 'pep257' to check Python code against some of the docstring style conventions in PEP 257
[5.002s] -- Added test 'xmllint' to check XML markup files
[5.010s] -- Configuring done
[5.050s] -- Generating done
[5.072s] -- Build files have been written to: /home/endika/Documents/openarm_ros2/build/openarm_bringup
[5.112s] Invoked command in '/home/endika/Documents/openarm_ros2/build/openarm_bringup' returned '0': CMAKE_PREFIX_PATH=${CMAKE_PREFIX_PATH}:/home/endika/Documents/openarm_ros2/install/openarm_p_p:/opt/ros/humble /usr/bin/cmake /home/endika/Documents/openarm_ros2/openarm_bringup -DCMAKE_INSTALL_PREFIX=/home/endika/Documents/openarm_ros2/install/openarm_bringup
[5.114s] Invoking command in '/home/endika/Documents/openarm_ros2/build/openarm_bringup': CMAKE_PREFIX_PATH=${CMAKE_PREFIX_PATH}:/home/endika/Documents/openarm_ros2/install/openarm_p_p:/opt/ros/humble /usr/bin/cmake --build /home/endika/Documents/openarm_ros2/build/openarm_bringup -- -j4 -l4
[5.461s] Invoked command in '/home/endika/Documents/openarm_ros2/build/openarm_bringup' returned '0': CMAKE_PREFIX_PATH=${CMAKE_PREFIX_PATH}:/home/endika/Documents/openarm_ros2/install/openarm_p_p:/opt/ros/humble /usr/bin/cmake --build /home/endika/Documents/openarm_ros2/build/openarm_bringup -- -j4 -l4
[5.533s] Invoking command in '/home/endika/Documents/openarm_ros2/build/openarm_bringup': CMAKE_PREFIX_PATH=${CMAKE_PREFIX_PATH}:/home/endika/Documents/openarm_ros2/install/openarm_p_p:/opt/ros/humble /usr/bin/cmake --install /home/endika/Documents/openarm_ros2/build/openarm_bringup
[5.617s] -- Install configuration: ""
[5.618s] -- Installing: /home/endika/Documents/openarm_ros2/install/openarm_bringup/share/openarm_bringup/launch
[5.618s] -- Installing: /home/endika/Documents/openarm_ros2/install/openarm_bringup/share/openarm_bringup/launch/openarm.bimanual.launch.py
[5.618s] -- Installing: /home/endika/Documents/openarm_ros2/install/openarm_bringup/share/openarm_bringup/launch/openarm.launch.py
[5.618s] -- Installing: /home/endika/Documents/openarm_ros2/install/openarm_bringup/share/openarm_bringup/config
[5.619s] -- Installing: /home/endika/Documents/openarm_ros2/install/openarm_bringup/share/openarm_bringup/config/v10_controllers
[5.619s] -- Installing: /home/endika/Documents/openarm_ros2/install/openarm_bringup/share/openarm_bringup/config/v10_controllers/openarm_v10_bimanual_controllers.yaml
[5.619s] -- Installing: /home/endika/Documents/openarm_ros2/install/openarm_bringup/share/openarm_bringup/config/v10_controllers/openarm_v10_controllers.yaml
[5.632s] -- Installing: /home/endika/Documents/openarm_ros2/install/openarm_bringup/share/openarm_bringup/config/v10_controllers/openarm_v10_bimanual_controllers_namespaced.yaml
[5.632s] -- Installing: /home/endika/Documents/openarm_ros2/install/openarm_bringup/share/ament_index/resource_index/package_run_dependencies/openarm_bringup
[5.632s] -- Installing: /home/endika/Documents/openarm_ros2/install/openarm_bringup/share/ament_index/resource_index/parent_prefix_path/openarm_bringup
[5.639s] -- Installing: /home/endika/Documents/openarm_ros2/install/openarm_bringup/share/openarm_bringup/environment/ament_prefix_path.sh
[5.639s] -- Installing: /home/endika/Documents/openarm_ros2/install/openarm_bringup/share/openarm_bringup/environment/ament_prefix_path.dsv
[5.640s] -- Installing: /home/endika/Documents/openarm_ros2/install/openarm_bringup/share/openarm_bringup/environment/path.sh
[5.640s] -- Installing: /home/endika/Documents/openarm_ros2/install/openarm_bringup/share/openarm_bringup/environment/path.dsv
[5.640s] -- Installing: /home/endika/Documents/openarm_ros2/install/openarm_bringup/share/openarm_bringup/local_setup.bash
[5.641s] -- Installing: /home/endika/Documents/openarm_ros2/install/openarm_bringup/share/openarm_bringup/local_setup.sh
[5.641s] -- Installing: /home/endika/Documents/openarm_ros2/install/openarm_bringup/share/openarm_bringup/local_setup.zsh
[5.641s] -- Installing: /home/endika/Documents/openarm_ros2/install/openarm_bringup/share/openarm_bringup/local_setup.dsv
[5.642s] -- Installing: /home/endika/Documents/openarm_ros2/install/openarm_bringup/share/openarm_bringup/package.dsv
[5.642s] -- Installing: /home/endika/Documents/openarm_ros2/install/openarm_bringup/share/ament_index/resource_index/packages/openarm_bringup
[5.648s] -- Installing: /home/endika/Documents/openarm_ros2/install/openarm_bringup/share/openarm_bringup/cmake/openarm_bringupConfig.cmake
[5.648s] -- Installing: /home/endika/Documents/openarm_ros2/install/openarm_bringup/share/openarm_bringup/cmake/openarm_bringupConfig-version.cmake
[5.648s] -- Installing: /home/endika/Documents/openarm_ros2/install/openarm_bringup/share/openarm_bringup/package.xml
[5.669s] Invoked command in '/home/endika/Documents/openarm_ros2/build/openarm_bringup' returned '0': CMAKE_PREFIX_PATH=${CMAKE_PREFIX_PATH}:/home/endika/Documents/openarm_ros2/install/openarm_p_p:/opt/ros/humble /usr/bin/cmake --install /home/endika/Documents/openarm_ros2/build/openarm_bringup
