[0.093s] Invoking command in '/home/endika/Documents/openarm/build/openarm_bringup': CMAKE_PREFIX_PATH=/opt/ros/humble /usr/bin/cmake /home/endika/Documents/openarm/src/openarm_bringup -DAMENT_CMAKE_SYMLINK_INSTALL=1 -DCMAKE_INSTALL_PREFIX=/home/endika/Documents/openarm/install/openarm_bringup
[0.657s] -- The C compiler identification is GNU 11.4.0
[1.278s] -- The CXX compiler identification is GNU 11.4.0
[1.389s] -- Detecting C compiler ABI info
[2.029s] -- Detecting C compiler ABI info - done
[2.147s] -- Check for working C compiler: /usr/bin/cc - skipped
[2.148s] -- Detecting C compile features
[2.149s] -- Detecting C compile features - done
[2.164s] -- Detecting CXX compiler ABI info
[2.856s] -- Detecting CXX compiler ABI info - done
[2.955s] -- Check for working CXX compiler: /usr/bin/c++ - skipped
[2.964s] -- Detecting CXX compile features
[2.975s] -- Detecting CXX compile features - done
[3.008s] -- Found ament_cmake: 1.3.12 (/opt/ros/humble/share/ament_cmake/cmake)
[4.248s] -- Found Python3: /usr/bin/python3 (found version "3.10.12") found components: Interpreter 
[4.822s] -- Override CMake install command with custom implementation using symlinks instead of copying resources
[4.969s] -- Found ament_lint_auto: 0.12.14 (/opt/ros/humble/share/ament_lint_auto/cmake)
[5.898s] -- Added test 'flake8' to check Python code syntax and style conventions
[5.900s] -- Added test 'lint_cmake' to check CMake code style
[5.906s] -- Added test 'pep257' to check Python code against some of the docstring style conventions in PEP 257
[5.928s] -- Added test 'xmllint' to check XML markup files
[5.940s] -- Configuring done
[5.993s] -- Generating done
[6.014s] -- Build files have been written to: /home/endika/Documents/openarm/build/openarm_bringup
[6.071s] Invoked command in '/home/endika/Documents/openarm/build/openarm_bringup' returned '0': CMAKE_PREFIX_PATH=/opt/ros/humble /usr/bin/cmake /home/endika/Documents/openarm/src/openarm_bringup -DAMENT_CMAKE_SYMLINK_INSTALL=1 -DCMAKE_INSTALL_PREFIX=/home/endika/Documents/openarm/install/openarm_bringup
[6.085s] Invoking command in '/home/endika/Documents/openarm/build/openarm_bringup': CMAKE_PREFIX_PATH=/opt/ros/humble /usr/bin/cmake --build /home/endika/Documents/openarm/build/openarm_bringup -- -j4 -l4
[6.343s] Invoked command in '/home/endika/Documents/openarm/build/openarm_bringup' returned '0': CMAKE_PREFIX_PATH=/opt/ros/humble /usr/bin/cmake --build /home/endika/Documents/openarm/build/openarm_bringup -- -j4 -l4
[6.351s] Invoking command in '/home/endika/Documents/openarm/build/openarm_bringup': CMAKE_PREFIX_PATH=/opt/ros/humble /usr/bin/cmake --install /home/endika/Documents/openarm/build/openarm_bringup
[6.433s] -- Install configuration: ""
[6.440s] -- Execute custom install script
[6.451s] -- Symlinking: /home/endika/Documents/openarm/install/openarm_bringup/share/openarm_bringup/launch/openarm.bimanual.launch.py
[6.571s] -- Symlinking: /home/endika/Documents/openarm/install/openarm_bringup/share/openarm_bringup/launch/openarm.launch.py
[6.615s] -- Symlinking: /home/endika/Documents/openarm/install/openarm_bringup/share/openarm_bringup/config/v10_controllers/openarm_v10_bimanual_controllers.yaml
[6.643s] -- Symlinking: /home/endika/Documents/openarm/install/openarm_bringup/share/openarm_bringup/config/v10_controllers/openarm_v10_bimanual_controllers_namespaced.yaml
[6.752s] -- Symlinking: /home/endika/Documents/openarm/install/openarm_bringup/share/openarm_bringup/config/v10_controllers/openarm_v10_controllers.yaml
[6.859s] -- Symlinking: /home/endika/Documents/openarm/install/openarm_bringup/share/ament_index/resource_index/package_run_dependencies/openarm_bringup
[6.945s] -- Symlinking: /home/endika/Documents/openarm/install/openarm_bringup/share/ament_index/resource_index/parent_prefix_path/openarm_bringup
[7.036s] -- Symlinking: /home/endika/Documents/openarm/install/openarm_bringup/share/openarm_bringup/environment/ament_prefix_path.sh
[7.233s] -- Symlinking: /home/endika/Documents/openarm/install/openarm_bringup/share/openarm_bringup/environment/ament_prefix_path.dsv
[7.382s] -- Symlinking: /home/endika/Documents/openarm/install/openarm_bringup/share/openarm_bringup/environment/path.sh
[7.530s] -- Symlinking: /home/endika/Documents/openarm/install/openarm_bringup/share/openarm_bringup/environment/path.dsv
[7.615s] -- Symlinking: /home/endika/Documents/openarm/install/openarm_bringup/share/openarm_bringup/local_setup.bash
[7.742s] -- Symlinking: /home/endika/Documents/openarm/install/openarm_bringup/share/openarm_bringup/local_setup.sh
[7.849s] -- Symlinking: /home/endika/Documents/openarm/install/openarm_bringup/share/openarm_bringup/local_setup.zsh
[7.891s] -- Symlinking: /home/endika/Documents/openarm/install/openarm_bringup/share/openarm_bringup/local_setup.dsv
[7.993s] -- Symlinking: /home/endika/Documents/openarm/install/openarm_bringup/share/openarm_bringup/package.dsv
[8.092s] -- Symlinking: /home/endika/Documents/openarm/install/openarm_bringup/share/ament_index/resource_index/packages/openarm_bringup
[8.155s] -- Symlinking: /home/endika/Documents/openarm/install/openarm_bringup/share/openarm_bringup/cmake/openarm_bringupConfig.cmake
[8.236s] -- Symlinking: /home/endika/Documents/openarm/install/openarm_bringup/share/openarm_bringup/cmake/openarm_bringupConfig-version.cmake
[8.301s] -- Symlinking: /home/endika/Documents/openarm/install/openarm_bringup/share/openarm_bringup/package.xml
[8.523s] Invoked command in '/home/endika/Documents/openarm/build/openarm_bringup' returned '0': CMAKE_PREFIX_PATH=/opt/ros/humble /usr/bin/cmake --install /home/endika/Documents/openarm/build/openarm_bringup
