[0.099s] Invoking command in '/home/endika/Documents/openarm_ros2/build/openarm_bringup': CMAKE_PREFIX_PATH=${CMAKE_PREFIX_PATH}:/home/endika/Documents/openarm_ros2/install/openarm_p_p:/opt/ros/humble /usr/bin/cmake --build /home/endika/Documents/openarm_ros2/build/openarm_bringup -- -j4 -l4
[0.288s] Invoked command in '/home/endika/Documents/openarm_ros2/build/openarm_bringup' returned '0': CMAKE_PREFIX_PATH=${CMAKE_PREFIX_PATH}:/home/endika/Documents/openarm_ros2/install/openarm_p_p:/opt/ros/humble /usr/bin/cmake --build /home/endika/Documents/openarm_ros2/build/openarm_bringup -- -j4 -l4
[0.322s] Invoking command in '/home/endika/Documents/openarm_ros2/build/openarm_bringup': CMAKE_PREFIX_PATH=${CMAKE_PREFIX_PATH}:/home/endika/Documents/openarm_ros2/install/openarm_p_p:/opt/ros/humble /usr/bin/cmake --install /home/endika/Documents/openarm_ros2/build/openarm_bringup
[0.348s] -- Install configuration: ""
[0.349s] -- Up-to-date: /home/endika/Documents/openarm_ros2/install/openarm_bringup/share/openarm_bringup/launch
[0.349s] -- Up-to-date: /home/endika/Documents/openarm_ros2/install/openarm_bringup/share/openarm_bringup/launch/openarm.bimanual.launch.py
[0.349s] -- Up-to-date: /home/endika/Documents/openarm_ros2/install/openarm_bringup/share/openarm_bringup/launch/openarm.launch.py
[0.351s] -- Up-to-date: /home/endika/Documents/openarm_ros2/install/openarm_bringup/share/openarm_bringup/config
[0.352s] -- Up-to-date: /home/endika/Documents/openarm_ros2/install/openarm_bringup/share/openarm_bringup/config/v10_controllers
[0.352s] -- Up-to-date: /home/endika/Documents/openarm_ros2/install/openarm_bringup/share/openarm_bringup/config/v10_controllers/openarm_v10_bimanual_controllers.yaml
[0.352s] -- Up-to-date: /home/endika/Documents/openarm_ros2/install/openarm_bringup/share/openarm_bringup/config/v10_controllers/openarm_v10_controllers.yaml
[0.353s] -- Up-to-date: /home/endika/Documents/openarm_ros2/install/openarm_bringup/share/openarm_bringup/config/v10_controllers/openarm_v10_bimanual_controllers_namespaced.yaml
[0.353s] -- Up-to-date: /home/endika/Documents/openarm_ros2/install/openarm_bringup/share/ament_index/resource_index/package_run_dependencies/openarm_bringup
[0.353s] -- Up-to-date: /home/endika/Documents/openarm_ros2/install/openarm_bringup/share/ament_index/resource_index/parent_prefix_path/openarm_bringup
[0.353s] -- Up-to-date: /home/endika/Documents/openarm_ros2/install/openarm_bringup/share/openarm_bringup/environment/ament_prefix_path.sh
[0.354s] -- Up-to-date: /home/endika/Documents/openarm_ros2/install/openarm_bringup/share/openarm_bringup/environment/ament_prefix_path.dsv
[0.354s] -- Up-to-date: /home/endika/Documents/openarm_ros2/install/openarm_bringup/share/openarm_bringup/environment/path.sh
[0.357s] -- Up-to-date: /home/endika/Documents/openarm_ros2/install/openarm_bringup/share/openarm_bringup/environment/path.dsv
[0.357s] -- Up-to-date: /home/endika/Documents/openarm_ros2/install/openarm_bringup/share/openarm_bringup/local_setup.bash
[0.357s] -- Up-to-date: /home/endika/Documents/openarm_ros2/install/openarm_bringup/share/openarm_bringup/local_setup.sh
[0.357s] -- Up-to-date: /home/endika/Documents/openarm_ros2/install/openarm_bringup/share/openarm_bringup/local_setup.zsh
[0.358s] -- Up-to-date: /home/endika/Documents/openarm_ros2/install/openarm_bringup/share/openarm_bringup/local_setup.dsv
[0.358s] -- Up-to-date: /home/endika/Documents/openarm_ros2/install/openarm_bringup/share/openarm_bringup/package.dsv
[0.358s] -- Up-to-date: /home/endika/Documents/openarm_ros2/install/openarm_bringup/share/ament_index/resource_index/packages/openarm_bringup
[0.358s] -- Up-to-date: /home/endika/Documents/openarm_ros2/install/openarm_bringup/share/openarm_bringup/cmake/openarm_bringupConfig.cmake
[0.359s] -- Up-to-date: /home/endika/Documents/openarm_ros2/install/openarm_bringup/share/openarm_bringup/cmake/openarm_bringupConfig-version.cmake
[0.359s] -- Up-to-date: /home/endika/Documents/openarm_ros2/install/openarm_bringup/share/openarm_bringup/package.xml
[0.369s] Invoked command in '/home/endika/Documents/openarm_ros2/build/openarm_bringup' returned '0': CMAKE_PREFIX_PATH=${CMAKE_PREFIX_PATH}:/home/endika/Documents/openarm_ros2/install/openarm_p_p:/opt/ros/humble /usr/bin/cmake --install /home/endika/Documents/openarm_ros2/build/openarm_bringup
