[0.032s] Invoking command in '/home/endika/Documents/openarm_ros2/build/openarm_bimanual_moveit_config': CMAKE_PREFIX_PATH=/home/endika/Documents/openarm_ros2/install/openarm_description:/home/endika/Documents/openarm_ros2/install/openarm_p_p:/home/endika/Documents/openarm_ros2/install/openarm:/home/endika/Documents/openarm_ros2/install/openarm_hardware:/home/endika/Documents/openarm_ros2/install/openarm_bimanual_moveit_config:/home/endika/Documents/openarm_ros2/install/openarm_can:/home/endika/Documents/openarm_ros2/install/openarm_bringup:/opt/ros/humble /usr/bin/cmake --build /home/endika/Documents/openarm_ros2/build/openarm_bimanual_moveit_config -- -j4 -l4
[0.105s] Invoked command in '/home/endika/Documents/openarm_ros2/build/openarm_bimanual_moveit_config' returned '0': CMAKE_PREFIX_PATH=/home/endika/Documents/openarm_ros2/install/openarm_description:/home/endika/Documents/openarm_ros2/install/openarm_p_p:/home/endika/Documents/openarm_ros2/install/openarm:/home/endika/Documents/openarm_ros2/install/openarm_hardware:/home/endika/Documents/openarm_ros2/install/openarm_bimanual_moveit_config:/home/endika/Documents/openarm_ros2/install/openarm_can:/home/endika/Documents/openarm_ros2/install/openarm_bringup:/opt/ros/humble /usr/bin/cmake --build /home/endika/Documents/openarm_ros2/build/openarm_bimanual_moveit_config -- -j4 -l4
[0.128s] Invoking command in '/home/endika/Documents/openarm_ros2/build/openarm_bimanual_moveit_config': CMAKE_PREFIX_PATH=/home/endika/Documents/openarm_ros2/install/openarm_description:/home/endika/Documents/openarm_ros2/install/openarm_p_p:/home/endika/Documents/openarm_ros2/install/openarm:/home/endika/Documents/openarm_ros2/install/openarm_hardware:/home/endika/Documents/openarm_ros2/install/openarm_bimanual_moveit_config:/home/endika/Documents/openarm_ros2/install/openarm_can:/home/endika/Documents/openarm_ros2/install/openarm_bringup:/opt/ros/humble /usr/bin/cmake --install /home/endika/Documents/openarm_ros2/build/openarm_bimanual_moveit_config
[0.144s] -- Install configuration: ""
[0.145s] -- Execute custom install script
[0.146s] -- Up-to-date symlink: /home/endika/Documents/openarm_ros2/install/openarm_bimanual_moveit_config/share/ament_index/resource_index/package_run_dependencies/openarm_bimanual_moveit_config
[0.147s] -- Up-to-date symlink: /home/endika/Documents/openarm_ros2/install/openarm_bimanual_moveit_config/share/ament_index/resource_index/parent_prefix_path/openarm_bimanual_moveit_config
[0.148s] -- Up-to-date symlink: /home/endika/Documents/openarm_ros2/install/openarm_bimanual_moveit_config/share/openarm_bimanual_moveit_config/environment/ament_prefix_path.sh
[0.148s] -- Up-to-date symlink: /home/endika/Documents/openarm_ros2/install/openarm_bimanual_moveit_config/share/openarm_bimanual_moveit_config/environment/ament_prefix_path.dsv
[0.149s] -- Up-to-date symlink: /home/endika/Documents/openarm_ros2/install/openarm_bimanual_moveit_config/share/openarm_bimanual_moveit_config/environment/path.sh
[0.149s] -- Up-to-date symlink: /home/endika/Documents/openarm_ros2/install/openarm_bimanual_moveit_config/share/openarm_bimanual_moveit_config/environment/path.dsv
[0.150s] -- Up-to-date symlink: /home/endika/Documents/openarm_ros2/install/openarm_bimanual_moveit_config/share/openarm_bimanual_moveit_config/local_setup.bash
[0.150s] -- Up-to-date symlink: /home/endika/Documents/openarm_ros2/install/openarm_bimanual_moveit_config/share/openarm_bimanual_moveit_config/local_setup.sh
[0.151s] -- Up-to-date symlink: /home/endika/Documents/openarm_ros2/install/openarm_bimanual_moveit_config/share/openarm_bimanual_moveit_config/local_setup.zsh
[0.152s] -- Up-to-date symlink: /home/endika/Documents/openarm_ros2/install/openarm_bimanual_moveit_config/share/openarm_bimanual_moveit_config/local_setup.dsv
[0.152s] -- Symlinking: /home/endika/Documents/openarm_ros2/install/openarm_bimanual_moveit_config/share/openarm_bimanual_moveit_config/package.dsv
[0.174s] -- Up-to-date symlink: /home/endika/Documents/openarm_ros2/install/openarm_bimanual_moveit_config/share/ament_index/resource_index/packages/openarm_bimanual_moveit_config
[0.176s] -- Up-to-date symlink: /home/endika/Documents/openarm_ros2/install/openarm_bimanual_moveit_config/share/openarm_bimanual_moveit_config/cmake/openarm_bimanual_moveit_configConfig.cmake
[0.176s] -- Up-to-date symlink: /home/endika/Documents/openarm_ros2/install/openarm_bimanual_moveit_config/share/openarm_bimanual_moveit_config/cmake/openarm_bimanual_moveit_configConfig-version.cmake
[0.177s] -- Up-to-date symlink: /home/endika/Documents/openarm_ros2/install/openarm_bimanual_moveit_config/share/openarm_bimanual_moveit_config/package.xml
[0.177s] -- Symlinking: /home/endika/Documents/openarm_ros2/install/openarm_bimanual_moveit_config/share/openarm_bimanual_moveit_config/launch/__pycache__/demo.launch.cpython-310.pyc
[0.198s] -- Up-to-date symlink: /home/endika/Documents/openarm_ros2/install/openarm_bimanual_moveit_config/share/openarm_bimanual_moveit_config/launch/demo.launch.py
[0.202s] -- Up-to-date symlink: /home/endika/Documents/openarm_ros2/install/openarm_bimanual_moveit_config/share/openarm_bimanual_moveit_config/launch/demo2.launch.py
[0.202s] -- Up-to-date symlink: /home/endika/Documents/openarm_ros2/install/openarm_bimanual_moveit_config/share/openarm_bimanual_moveit_config/launch/move_group.launch.py
[0.202s] -- Up-to-date symlink: /home/endika/Documents/openarm_ros2/install/openarm_bimanual_moveit_config/share/openarm_bimanual_moveit_config/launch/moveit_rviz.launch.py
[0.202s] -- Up-to-date symlink: /home/endika/Documents/openarm_ros2/install/openarm_bimanual_moveit_config/share/openarm_bimanual_moveit_config/launch/prueba.launch.py
[0.203s] -- Up-to-date symlink: /home/endika/Documents/openarm_ros2/install/openarm_bimanual_moveit_config/share/openarm_bimanual_moveit_config/launch/setup_assistant.launch.py
[0.203s] -- Up-to-date symlink: /home/endika/Documents/openarm_ros2/install/openarm_bimanual_moveit_config/share/openarm_bimanual_moveit_config/launch/spawn_controllers.launch.py
[0.203s] -- Up-to-date symlink: /home/endika/Documents/openarm_ros2/install/openarm_bimanual_moveit_config/share/openarm_bimanual_moveit_config/launch/static_virtual_joint_tfs.launch.py
[0.204s] -- Up-to-date symlink: /home/endika/Documents/openarm_ros2/install/openarm_bimanual_moveit_config/share/openarm_bimanual_moveit_config/config/initial_positions.yaml
[0.205s] -- Up-to-date symlink: /home/endika/Documents/openarm_ros2/install/openarm_bimanual_moveit_config/share/openarm_bimanual_moveit_config/config/joint_limits.yaml
[0.206s] -- Up-to-date symlink: /home/endika/Documents/openarm_ros2/install/openarm_bimanual_moveit_config/share/openarm_bimanual_moveit_config/config/kinematics.yaml
[0.207s] -- Up-to-date symlink: /home/endika/Documents/openarm_ros2/install/openarm_bimanual_moveit_config/share/openarm_bimanual_moveit_config/config/moveit.rviz
[0.207s] -- Up-to-date symlink: /home/endika/Documents/openarm_ros2/install/openarm_bimanual_moveit_config/share/openarm_bimanual_moveit_config/config/moveit_controllers.yaml
[0.207s] -- Up-to-date symlink: /home/endika/Documents/openarm_ros2/install/openarm_bimanual_moveit_config/share/openarm_bimanual_moveit_config/config/ompl_planning.yaml
[0.210s] -- Up-to-date symlink: /home/endika/Documents/openarm_ros2/install/openarm_bimanual_moveit_config/share/openarm_bimanual_moveit_config/config/openarm_bimanual.srdf
[0.210s] -- Up-to-date symlink: /home/endika/Documents/openarm_ros2/install/openarm_bimanual_moveit_config/share/openarm_bimanual_moveit_config/config/pilz_cartesian_limits.yaml
[0.210s] -- Up-to-date symlink: /home/endika/Documents/openarm_ros2/install/openarm_bimanual_moveit_config/share/openarm_bimanual_moveit_config/config/planning_pipelines.yaml
[0.211s] -- Up-to-date symlink: /home/endika/Documents/openarm_ros2/install/openarm_bimanual_moveit_config/share/openarm_bimanual_moveit_config/config/ros2_controllers.yaml
[0.211s] -- Up-to-date symlink: /home/endika/Documents/openarm_ros2/install/openarm_bimanual_moveit_config/share/openarm_bimanual_moveit_config/config/sensors_3d.yaml
[0.211s] -- Symlinking: /home/endika/Documents/openarm_ros2/install/openarm_bimanual_moveit_config/share/openarm_bimanual_moveit_config/config/trayectory_exec.yaml
[0.238s] -- Up-to-date symlink: /home/endika/Documents/openarm_ros2/install/openarm_bimanual_moveit_config/share/openarm_bimanual_moveit_config/.setup_assistant
[0.242s] Invoked command in '/home/endika/Documents/openarm_ros2/build/openarm_bimanual_moveit_config' returned '0': CMAKE_PREFIX_PATH=/home/endika/Documents/openarm_ros2/install/openarm_description:/home/endika/Documents/openarm_ros2/install/openarm_p_p:/home/endika/Documents/openarm_ros2/install/openarm:/home/endika/Documents/openarm_ros2/install/openarm_hardware:/home/endika/Documents/openarm_ros2/install/openarm_bimanual_moveit_config:/home/endika/Documents/openarm_ros2/install/openarm_can:/home/endika/Documents/openarm_ros2/install/openarm_bringup:/opt/ros/humble /usr/bin/cmake --install /home/endika/Documents/openarm_ros2/build/openarm_bimanual_moveit_config
