[0.081s] Invoking command in '/home/endika/Documents/openarm_ros2/build/openarm_hardware': CMAKE_PREFIX_PATH=${CMAKE_PREFIX_PATH}:/home/endika/Documents/openarm_ros2/install/openarm_p_p:/opt/ros/humble /usr/bin/cmake --build /home/endika/Documents/openarm_ros2/build/openarm_hardware -- -j4 -l4
[0.322s] [100%] Built target openarm_hardware
[0.409s] Invoked command in '/home/endika/Documents/openarm_ros2/build/openarm_hardware' returned '0': CMAKE_PREFIX_PATH=${CMAKE_PREFIX_PATH}:/home/endika/Documents/openarm_ros2/install/openarm_p_p:/opt/ros/humble /usr/bin/cmake --build /home/endika/Documents/openarm_ros2/build/openarm_hardware -- -j4 -l4
[0.410s] Invoking command in '/home/endika/Documents/openarm_ros2/build/openarm_hardware': CMAKE_PREFIX_PATH=${CMAKE_PREFIX_PATH}:/home/endika/Documents/openarm_ros2/install/openarm_p_p:/opt/ros/humble /usr/bin/cmake --install /home/endika/Documents/openarm_ros2/build/openarm_hardware
[0.465s] -- Install configuration: ""
[0.465s] -- Up-to-date: /home/endika/Documents/openarm_ros2/install/openarm_hardware/share/openarm_hardware/openarm_hardware.xml
[0.469s] -- Up-to-date: /home/endika/Documents/openarm_ros2/install/openarm_hardware/lib/libopenarm_hardware.so
[0.469s] -- Up-to-date: /home/endika/Documents/openarm_ros2/install/openarm_hardware/include
[0.470s] -- Up-to-date: /home/endika/Documents/openarm_ros2/install/openarm_hardware/include/openarm_hardware
[0.470s] -- Up-to-date: /home/endika/Documents/openarm_ros2/install/openarm_hardware/include/openarm_hardware/v10_simple_hardware.hpp
[0.470s] -- Up-to-date: /home/endika/Documents/openarm_ros2/install/openarm_hardware/include/openarm_hardware/visibility_control.h
[0.471s] -- Up-to-date: /home/endika/Documents/openarm_ros2/install/openarm_hardware/share/openarm_hardware/environment/library_path.sh
[0.471s] -- Up-to-date: /home/endika/Documents/openarm_ros2/install/openarm_hardware/share/openarm_hardware/environment/library_path.dsv
[0.471s] -- Up-to-date: /home/endika/Documents/openarm_ros2/install/openarm_hardware/share/ament_index/resource_index/package_run_dependencies/openarm_hardware
[0.471s] -- Up-to-date: /home/endika/Documents/openarm_ros2/install/openarm_hardware/share/ament_index/resource_index/parent_prefix_path/openarm_hardware
[0.475s] -- Up-to-date: /home/endika/Documents/openarm_ros2/install/openarm_hardware/share/openarm_hardware/environment/ament_prefix_path.sh
[0.475s] -- Up-to-date: /home/endika/Documents/openarm_ros2/install/openarm_hardware/share/openarm_hardware/environment/ament_prefix_path.dsv
[0.475s] -- Up-to-date: /home/endika/Documents/openarm_ros2/install/openarm_hardware/share/openarm_hardware/environment/path.sh
[0.476s] -- Up-to-date: /home/endika/Documents/openarm_ros2/install/openarm_hardware/share/openarm_hardware/environment/path.dsv
[0.476s] -- Up-to-date: /home/endika/Documents/openarm_ros2/install/openarm_hardware/share/openarm_hardware/local_setup.bash
[0.476s] -- Up-to-date: /home/endika/Documents/openarm_ros2/install/openarm_hardware/share/openarm_hardware/local_setup.sh
[0.476s] -- Up-to-date: /home/endika/Documents/openarm_ros2/install/openarm_hardware/share/openarm_hardware/local_setup.zsh
[0.477s] -- Up-to-date: /home/endika/Documents/openarm_ros2/install/openarm_hardware/share/openarm_hardware/local_setup.dsv
[0.477s] -- Installing: /home/endika/Documents/openarm_ros2/install/openarm_hardware/share/openarm_hardware/package.dsv
[0.477s] -- Up-to-date: /home/endika/Documents/openarm_ros2/install/openarm_hardware/share/ament_index/resource_index/packages/openarm_hardware
[0.481s] -- Up-to-date: /home/endika/Documents/openarm_ros2/install/openarm_hardware/share/ament_index/resource_index/hardware_interface__pluginlib__plugin/openarm_hardware
[0.482s] -- Up-to-date: /home/endika/Documents/openarm_ros2/install/openarm_hardware/share/openarm_hardware/cmake/ament_cmake_export_include_directories-extras.cmake
[0.484s] -- Up-to-date: /home/endika/Documents/openarm_ros2/install/openarm_hardware/share/openarm_hardware/cmake/ament_cmake_export_libraries-extras.cmake
[0.484s] -- Up-to-date: /home/endika/Documents/openarm_ros2/install/openarm_hardware/share/openarm_hardware/cmake/ament_cmake_export_dependencies-extras.cmake
[0.485s] -- Up-to-date: /home/endika/Documents/openarm_ros2/install/openarm_hardware/share/openarm_hardware/cmake/openarm_hardwareConfig.cmake
[0.485s] -- Up-to-date: /home/endika/Documents/openarm_ros2/install/openarm_hardware/share/openarm_hardware/cmake/openarm_hardwareConfig-version.cmake
[0.485s] -- Up-to-date: /home/endika/Documents/openarm_ros2/install/openarm_hardware/share/openarm_hardware/package.xml
[0.486s] Invoked command in '/home/endika/Documents/openarm_ros2/build/openarm_hardware' returned '0': CMAKE_PREFIX_PATH=${CMAKE_PREFIX_PATH}:/home/endika/Documents/openarm_ros2/install/openarm_p_p:/opt/ros/humble /usr/bin/cmake --install /home/endika/Documents/openarm_ros2/build/openarm_hardware
