[3.022s] Invoking command in '/home/endika/Documents/openarm_ros2/openarm_p_p': PYTHONPATH=/home/endika/Documents/openarm_ros2/build/openarm_p_p/prefix_override:/usr/lib/python3/dist-packages/colcon_core/task/python/colcon_distutils_commands:/home/endika/Documents/openarm_ros2/install/openarm_p_p/lib/python3.10/site-packages:${PYTHONPATH} /usr/bin/python3 -W ignore:setup.py install is deprecated -W ignore:easy_install command is deprecated setup.py egg_info --egg-base ../build/openarm_p_p build --build-base /home/endika/Documents/openarm_ros2/build/openarm_p_p/build install --record /home/endika/Documents/openarm_ros2/build/openarm_p_p/install.log --single-version-externally-managed install_data
[3.884s] running egg_info
[3.887s] writing ../build/openarm_p_p/openarm_p_p.egg-info/PKG-INFO
[3.888s] writing dependency_links to ../build/openarm_p_p/openarm_p_p.egg-info/dependency_links.txt
[3.889s] writing entry points to ../build/openarm_p_p/openarm_p_p.egg-info/entry_points.txt
[3.889s] writing requirements to ../build/openarm_p_p/openarm_p_p.egg-info/requires.txt
[3.890s] writing top-level names to ../build/openarm_p_p/openarm_p_p.egg-info/top_level.txt
[3.896s] reading manifest file '../build/openarm_p_p/openarm_p_p.egg-info/SOURCES.txt'
[3.898s] writing manifest file '../build/openarm_p_p/openarm_p_p.egg-info/SOURCES.txt'
[3.899s] running build
[3.899s] running build_py
[3.900s] running install
[3.900s] running install_lib
[3.903s] running install_data
[3.904s] running install_egg_info
[3.911s] removing '/home/endika/Documents/openarm_ros2/install/openarm_p_p/lib/python3.10/site-packages/openarm_p_p-0.0.0-py3.10.egg-info' (and everything under it)
[3.911s] Copying ../build/openarm_p_p/openarm_p_p.egg-info to /home/endika/Documents/openarm_ros2/install/openarm_p_p/lib/python3.10/site-packages/openarm_p_p-0.0.0-py3.10.egg-info
[3.914s] running install_scripts
[3.977s] Installing move_group_python script to /home/endika/Documents/openarm_ros2/install/openarm_p_p/bin
[3.978s] writing list of installed files to '/home/endika/Documents/openarm_ros2/build/openarm_p_p/install.log'
[4.084s] Invoked command in '/home/endika/Documents/openarm_ros2/openarm_p_p' returned '0': PYTHONPATH=/home/endika/Documents/openarm_ros2/build/openarm_p_p/prefix_override:/usr/lib/python3/dist-packages/colcon_core/task/python/colcon_distutils_commands:/home/endika/Documents/openarm_ros2/install/openarm_p_p/lib/python3.10/site-packages:${PYTHONPATH} /usr/bin/python3 -W ignore:setup.py install is deprecated -W ignore:easy_install command is deprecated setup.py egg_info --egg-base ../build/openarm_p_p build --build-base /home/endika/Documents/openarm_ros2/build/openarm_p_p/build install --record /home/endika/Documents/openarm_ros2/build/openarm_p_p/install.log --single-version-externally-managed install_data
