[0.020s] Invoking command in '/home/endika/Documents/openarm_ros2/openarm_hardware/build/openarm_hardware': CMAKE_PREFIX_PATH=/opt/ros/humble /usr/bin/cmake /home/endika/Documents/openarm_ros2/openarm_hardware -DAMENT_CMAKE_SYMLINK_INSTALL=1 -DCMAKE_INSTALL_PREFIX=/home/endika/Documents/openarm_ros2/openarm_hardware/install/openarm_hardware
[0.130s] -- The C compiler identification is GNU 11.4.0
[0.246s] -- The CXX compiler identification is GNU 11.4.0
[0.263s] -- Detecting C compiler ABI info
[0.407s] -- Detecting C compiler ABI info - done
[0.425s] -- Check for working C compiler: /usr/bin/cc - skipped
[0.426s] -- Detecting C compile features
[0.428s] -- Detecting C compile features - done
[0.438s] -- Detecting CXX compiler ABI info
[0.602s] -- Detecting CXX compiler ABI info - done
[0.620s] -- Check for working CXX compiler: /usr/bin/c++ - skipped
[0.620s] -- Detecting CXX compile features
[0.621s] -- Detecting CXX compile features - done
[0.626s] -- Found ament_cmake: 1.3.12 (/opt/ros/humble/share/ament_cmake/cmake)
[0.952s] -- Found Python3: /usr/bin/python3 (found version "3.10.12") found components: Interpreter 
[1.088s] -- Override CMake install command with custom implementation using symlinks instead of copying resources
[1.180s] [31mCMake Error at CMakeLists.txt:24 (find_package):
[1.181s]   By not providing "Findhardware_interface.cmake" in CMAKE_MODULE_PATH this
[1.181s]   project has asked CMake to find a package configuration file provided by
[1.181s]   "hardware_interface", but CMake did not find one.
[1.181s] 
[1.181s]   Could not find a package configuration file provided by
[1.181s]   "hardware_interface" with any of the following names:
[1.182s] 
[1.182s]     hardware_interfaceConfig.cmake
[1.182s]     hardware_interface-config.cmake
[1.182s] 
[1.182s]   Add the installation prefix of "hardware_interface" to CMAKE_PREFIX_PATH or
[1.182s]   set "hardware_interface_DIR" to a directory containing one of the above
[1.183s]   files.  If "hardware_interface" provides a separate development package or
[1.183s]   SDK, be sure it has been installed.
[1.183s] 
[1.183s] [0m
[1.183s] -- Configuring incomplete, errors occurred!
[1.183s] See also "/home/endika/Documents/openarm_ros2/openarm_hardware/build/openarm_hardware/CMakeFiles/CMakeOutput.log".
[1.190s] Invoked command in '/home/endika/Documents/openarm_ros2/openarm_hardware/build/openarm_hardware' returned '1': CMAKE_PREFIX_PATH=/opt/ros/humble /usr/bin/cmake /home/endika/Documents/openarm_ros2/openarm_hardware -DAMENT_CMAKE_SYMLINK_INSTALL=1 -DCMAKE_INSTALL_PREFIX=/home/endika/Documents/openarm_ros2/openarm_hardware/install/openarm_hardware
