[0.086s] Invoking command in '/home/endika/Documents/openarm_ros2/build/openarm_bringup': CMAKE_PREFIX_PATH=${CMAKE_PREFIX_PATH}:/home/endika/Documents/openarm_ros2/install/openarm_p_p:/opt/ros/humble /usr/bin/cmake --build /home/endika/Documents/openarm_ros2/build/openarm_bringup -- -j4 -l4
[0.167s] -- Found ament_cmake: 1.3.12 (/opt/ros/humble/share/ament_cmake/cmake)
[0.761s] -- Found ament_lint_auto: 0.12.14 (/opt/ros/humble/share/ament_lint_auto/cmake)
[0.950s] -- Added test 'flake8' to check Python code syntax and style conventions
[0.952s] -- Added test 'lint_cmake' to check CMake code style
[0.953s] -- Added test 'pep257' to check Python code against some of the docstring style conventions in PEP 257
[0.956s] -- Added test 'xmllint' to check XML markup files
[0.959s] -- Configuring done
[0.969s] -- Generating done
[0.973s] -- Build files have been written to: /home/endika/Documents/openarm_ros2/build/openarm_bringup
[1.016s] Invoked command in '/home/endika/Documents/openarm_ros2/build/openarm_bringup' returned '0': CMAKE_PREFIX_PATH=${CMAKE_PREFIX_PATH}:/home/endika/Documents/openarm_ros2/install/openarm_p_p:/opt/ros/humble /usr/bin/cmake --build /home/endika/Documents/openarm_ros2/build/openarm_bringup -- -j4 -l4
[1.019s] Invoking command in '/home/endika/Documents/openarm_ros2/build/openarm_bringup': CMAKE_PREFIX_PATH=${CMAKE_PREFIX_PATH}:/home/endika/Documents/openarm_ros2/install/openarm_p_p:/opt/ros/humble /usr/bin/cmake --install /home/endika/Documents/openarm_ros2/build/openarm_bringup
[1.035s] -- Install configuration: ""
[1.036s] -- Up-to-date: /home/endika/Documents/openarm_ros2/install/openarm_bringup/share/openarm_bringup/launch
[1.036s] -- Up-to-date: /home/endika/Documents/openarm_ros2/install/openarm_bringup/share/openarm_bringup/launch/openarm.bimanual.launch.py
[1.036s] -- Up-to-date: /home/endika/Documents/openarm_ros2/install/openarm_bringup/share/openarm_bringup/launch/openarm.launch.py
[1.036s] -- Up-to-date: /home/endika/Documents/openarm_ros2/install/openarm_bringup/share/openarm_bringup/config
[1.036s] -- Up-to-date: /home/endika/Documents/openarm_ros2/install/openarm_bringup/share/openarm_bringup/config/v10_controllers
[1.037s] -- Up-to-date: /home/endika/Documents/openarm_ros2/install/openarm_bringup/share/openarm_bringup/config/v10_controllers/openarm_v10_bimanual_controllers.yaml
[1.037s] -- Up-to-date: /home/endika/Documents/openarm_ros2/install/openarm_bringup/share/openarm_bringup/config/v10_controllers/openarm_v10_controllers.yaml
[1.037s] -- Up-to-date: /home/endika/Documents/openarm_ros2/install/openarm_bringup/share/openarm_bringup/config/v10_controllers/openarm_v10_bimanual_controllers_namespaced.yaml
[1.037s] -- Up-to-date: /home/endika/Documents/openarm_ros2/install/openarm_bringup/share/ament_index/resource_index/package_run_dependencies/openarm_bringup
[1.037s] -- Up-to-date: /home/endika/Documents/openarm_ros2/install/openarm_bringup/share/ament_index/resource_index/parent_prefix_path/openarm_bringup
[1.038s] -- Up-to-date: /home/endika/Documents/openarm_ros2/install/openarm_bringup/share/openarm_bringup/environment/ament_prefix_path.sh
[1.038s] -- Installing: /home/endika/Documents/openarm_ros2/install/openarm_bringup/share/openarm_bringup/environment/ament_prefix_path.dsv
[1.038s] -- Up-to-date: /home/endika/Documents/openarm_ros2/install/openarm_bringup/share/openarm_bringup/environment/path.sh
[1.038s] -- Installing: /home/endika/Documents/openarm_ros2/install/openarm_bringup/share/openarm_bringup/environment/path.dsv
[1.039s] -- Up-to-date: /home/endika/Documents/openarm_ros2/install/openarm_bringup/share/openarm_bringup/local_setup.bash
[1.039s] -- Up-to-date: /home/endika/Documents/openarm_ros2/install/openarm_bringup/share/openarm_bringup/local_setup.sh
[1.039s] -- Up-to-date: /home/endika/Documents/openarm_ros2/install/openarm_bringup/share/openarm_bringup/local_setup.zsh
[1.039s] -- Installing: /home/endika/Documents/openarm_ros2/install/openarm_bringup/share/openarm_bringup/local_setup.dsv
[1.039s] -- Installing: /home/endika/Documents/openarm_ros2/install/openarm_bringup/share/openarm_bringup/package.dsv
[1.039s] -- Up-to-date: /home/endika/Documents/openarm_ros2/install/openarm_bringup/share/ament_index/resource_index/packages/openarm_bringup
[1.040s] -- Up-to-date: /home/endika/Documents/openarm_ros2/install/openarm_bringup/share/openarm_bringup/cmake/openarm_bringupConfig.cmake
[1.040s] -- Up-to-date: /home/endika/Documents/openarm_ros2/install/openarm_bringup/share/openarm_bringup/cmake/openarm_bringupConfig-version.cmake
[1.040s] -- Installing: /home/endika/Documents/openarm_ros2/install/openarm_bringup/share/openarm_bringup/package.xml
[1.045s] Invoked command in '/home/endika/Documents/openarm_ros2/build/openarm_bringup' returned '0': CMAKE_PREFIX_PATH=${CMAKE_PREFIX_PATH}:/home/endika/Documents/openarm_ros2/install/openarm_p_p:/opt/ros/humble /usr/bin/cmake --install /home/endika/Documents/openarm_ros2/build/openarm_bringup
