-- The C compiler identification is GNU 11.4.0
-- The CXX compiler identification is GNU 11.4.0
-- Detecting C compiler ABI info
-- Detecting C compiler ABI info - done
-- Check for working C compiler: /usr/bin/cc - skipped
-- Detecting C compile features
-- Detecting C compile features - done
-- Detecting CXX compiler ABI info
-- Detecting CXX compiler ABI info - done
-- Check for working CXX compiler: /usr/bin/c++ - skipped
-- Detecting CXX compile features
-- Detecting CXX compile features - done
-- Found ament_cmake: 1.3.11 (/opt/ros/humble/share/ament_cmake/cmake)
-- Found Python3: /usr/bin/python3 (found version "3.10.12") found components: Interpreter 
-- Override CMake install command with custom implementation using symlinks instead of copying resources
-- Found ament_lint_auto: 0.12.12 (/opt/ros/humble/share/ament_lint_auto/cmake)
-- Added test 'flake8' to check Python code syntax and style conventions
-- Added test 'lint_cmake' to check CMake code style
-- Added test 'pep257' to check Python code against some of the docstring style conventions in PEP 257
-- Added test 'xmllint' to check XML markup files
-- Configuring done
-- Generating done
-- Build files have been written to: /root/workspace/openarm/build/openarm_bringup
-- Install configuration: ""
-- Execute custom install script
-- Symlinking: /root/workspace/openarm/install/openarm_bringup/share/openarm_bringup/launch/openarm.bimanual.launch.py
-- Symlinking: /root/workspace/openarm/install/openarm_bringup/share/openarm_bringup/launch/openarm.launch.py
-- Symlinking: /root/workspace/openarm/install/openarm_bringup/share/openarm_bringup/config/v10_controllers/openarm_v10_bimanual_controllers.yaml
-- Symlinking: /root/workspace/openarm/install/openarm_bringup/share/openarm_bringup/config/v10_controllers/openarm_v10_bimanual_controllers_namespaced.yaml
-- Symlinking: /root/workspace/openarm/install/openarm_bringup/share/openarm_bringup/config/v10_controllers/openarm_v10_controllers.yaml
-- Symlinking: /root/workspace/openarm/install/openarm_bringup/share/ament_index/resource_index/package_run_dependencies/openarm_bringup
-- Symlinking: /root/workspace/openarm/install/openarm_bringup/share/ament_index/resource_index/parent_prefix_path/openarm_bringup
-- Symlinking: /root/workspace/openarm/install/openarm_bringup/share/openarm_bringup/environment/ament_prefix_path.sh
-- Symlinking: /root/workspace/openarm/install/openarm_bringup/share/openarm_bringup/environment/ament_prefix_path.dsv
-- Symlinking: /root/workspace/openarm/install/openarm_bringup/share/openarm_bringup/environment/path.sh
-- Symlinking: /root/workspace/openarm/install/openarm_bringup/share/openarm_bringup/environment/path.dsv
-- Symlinking: /root/workspace/openarm/install/openarm_bringup/share/openarm_bringup/local_setup.bash
-- Symlinking: /root/workspace/openarm/install/openarm_bringup/share/openarm_bringup/local_setup.sh
-- Symlinking: /root/workspace/openarm/install/openarm_bringup/share/openarm_bringup/local_setup.zsh
-- Symlinking: /root/workspace/openarm/install/openarm_bringup/share/openarm_bringup/local_setup.dsv
-- Symlinking: /root/workspace/openarm/install/openarm_bringup/share/openarm_bringup/package.dsv
-- Symlinking: /root/workspace/openarm/install/openarm_bringup/share/ament_index/resource_index/packages/openarm_bringup
-- Symlinking: /root/workspace/openarm/install/openarm_bringup/share/openarm_bringup/cmake/openarm_bringupConfig.cmake
-- Symlinking: /root/workspace/openarm/install/openarm_bringup/share/openarm_bringup/cmake/openarm_bringupConfig-version.cmake
-- Symlinking: /root/workspace/openarm/install/openarm_bringup/share/openarm_bringup/package.xml
