[0.130s] Invoking command in '/home/endika/Documents/openarm_ros2/build/openarm_description': /usr/bin/cmake --build /home/endika/Documents/openarm_ros2/build/openarm_description -- -j4 -l4
[0.546s] Invoked command in '/home/endika/Documents/openarm_ros2/build/openarm_description' returned '0': /usr/bin/cmake --build /home/endika/Documents/openarm_ros2/build/openarm_description -- -j4 -l4
[0.615s] Invoking command in '/home/endika/Documents/openarm_ros2/build/openarm_description': /usr/bin/cmake --install /home/endika/Documents/openarm_ros2/build/openarm_description
[0.679s] -- Install configuration: ""
[0.681s] -- Up-to-date: /home/endika/Documents/openarm_ros2/install/openarm_description/share/openarm_description/launch
[0.681s] -- Up-to-date: /home/endika/Documents/openarm_ros2/install/openarm_description/share/openarm_description/launch/display_openarm.launch.py
[0.682s] -- Up-to-date: /home/endika/Documents/openarm_ros2/install/openarm_description/share/openarm_description/meshes
[0.682s] -- Up-to-date: /home/endika/Documents/openarm_ros2/install/openarm_description/share/openarm_description/meshes/body
[0.682s] -- Up-to-date: /home/endika/Documents/openarm_ros2/install/openarm_description/share/openarm_description/meshes/body/v10
[0.688s] -- Up-to-date: /home/endika/Documents/openarm_ros2/install/openarm_description/share/openarm_description/meshes/body/v10/collision
[0.689s] -- Up-to-date: /home/endika/Documents/openarm_ros2/install/openarm_description/share/openarm_description/meshes/body/v10/collision/body_link0_symp.stl
[0.691s] -- Up-to-date: /home/endika/Documents/openarm_ros2/install/openarm_description/share/openarm_description/meshes/body/v10/visual
[0.692s] -- Up-to-date: /home/endika/Documents/openarm_ros2/install/openarm_description/share/openarm_description/meshes/body/v10/visual/body_link0.dae
[0.692s] -- Up-to-date: /home/endika/Documents/openarm_ros2/install/openarm_description/share/openarm_description/meshes/body/v10/visual/body_link0.stl
[0.693s] -- Up-to-date: /home/endika/Documents/openarm_ros2/install/openarm_description/share/openarm_description/meshes/ee
[0.693s] -- Up-to-date: /home/endika/Documents/openarm_ros2/install/openarm_description/share/openarm_description/meshes/ee/openarm_hand
[0.693s] -- Up-to-date: /home/endika/Documents/openarm_ros2/install/openarm_description/share/openarm_description/meshes/ee/openarm_hand/collision
[0.695s] -- Up-to-date: /home/endika/Documents/openarm_ros2/install/openarm_description/share/openarm_description/meshes/ee/openarm_hand/collision/finger.stl
[0.696s] -- Up-to-date: /home/endika/Documents/openarm_ros2/install/openarm_description/share/openarm_description/meshes/ee/openarm_hand/collision/hand.stl
[0.699s] -- Up-to-date: /home/endika/Documents/openarm_ros2/install/openarm_description/share/openarm_description/meshes/ee/openarm_hand/visual
[0.700s] -- Up-to-date: /home/endika/Documents/openarm_ros2/install/openarm_description/share/openarm_description/meshes/ee/openarm_hand/visual/finger.stl
[0.700s] -- Up-to-date: /home/endika/Documents/openarm_ros2/install/openarm_description/share/openarm_description/meshes/ee/openarm_hand/visual/hand.dae
[0.700s] -- Up-to-date: /home/endika/Documents/openarm_ros2/install/openarm_description/share/openarm_description/meshes/ee/openarm_hand/visual/finger.dae
[0.701s] -- Up-to-date: /home/endika/Documents/openarm_ros2/install/openarm_description/share/openarm_description/meshes/arm
[0.701s] -- Up-to-date: /home/endika/Documents/openarm_ros2/install/openarm_description/share/openarm_description/meshes/arm/v10
[0.701s] -- Up-to-date: /home/endika/Documents/openarm_ros2/install/openarm_description/share/openarm_description/meshes/arm/v10/collision
[0.706s] -- Up-to-date: /home/endika/Documents/openarm_ros2/install/openarm_description/share/openarm_description/meshes/arm/v10/collision/link6_symp.stl
[0.707s] -- Up-to-date: /home/endika/Documents/openarm_ros2/install/openarm_description/share/openarm_description/meshes/arm/v10/collision/link2_symp.stl
[0.708s] -- Up-to-date: /home/endika/Documents/openarm_ros2/install/openarm_description/share/openarm_description/meshes/arm/v10/collision/link1_symp.stl
[0.710s] -- Up-to-date: /home/endika/Documents/openarm_ros2/install/openarm_description/share/openarm_description/meshes/arm/v10/collision/link3_symp.stl
[0.710s] -- Up-to-date: /home/endika/Documents/openarm_ros2/install/openarm_description/share/openarm_description/meshes/arm/v10/collision/link5_symp.stl
[0.712s] -- Up-to-date: /home/endika/Documents/openarm_ros2/install/openarm_description/share/openarm_description/meshes/arm/v10/collision/link7_symp.stl
[0.713s] -- Up-to-date: /home/endika/Documents/openarm_ros2/install/openarm_description/share/openarm_description/meshes/arm/v10/collision/link4_symp.stl
[0.715s] -- Up-to-date: /home/endika/Documents/openarm_ros2/install/openarm_description/share/openarm_description/meshes/arm/v10/collision/link0_symp.stl
[0.720s] -- Up-to-date: /home/endika/Documents/openarm_ros2/install/openarm_description/share/openarm_description/meshes/arm/v10/visual
[0.720s] -- Up-to-date: /home/endika/Documents/openarm_ros2/install/openarm_description/share/openarm_description/meshes/arm/v10/visual/link5.stl
[0.721s] -- Up-to-date: /home/endika/Documents/openarm_ros2/install/openarm_description/share/openarm_description/meshes/arm/v10/visual/link0.stl
[0.721s] -- Up-to-date: /home/endika/Documents/openarm_ros2/install/openarm_description/share/openarm_description/meshes/arm/v10/visual/link6.stl
[0.721s] -- Up-to-date: /home/endika/Documents/openarm_ros2/install/openarm_description/share/openarm_description/meshes/arm/v10/visual/link7.dae
[0.722s] -- Up-to-date: /home/endika/Documents/openarm_ros2/install/openarm_description/share/openarm_description/meshes/arm/v10/visual/link3.stl
[0.722s] -- Up-to-date: /home/endika/Documents/openarm_ros2/install/openarm_description/share/openarm_description/meshes/arm/v10/visual/link0.dae
[0.722s] -- Up-to-date: /home/endika/Documents/openarm_ros2/install/openarm_description/share/openarm_description/meshes/arm/v10/visual/link1.stl
[0.735s] -- Up-to-date: /home/endika/Documents/openarm_ros2/install/openarm_description/share/openarm_description/meshes/arm/v10/visual/link3.dae
[0.735s] -- Up-to-date: /home/endika/Documents/openarm_ros2/install/openarm_description/share/openarm_description/meshes/arm/v10/visual/link4.stl
[0.740s] -- Up-to-date: /home/endika/Documents/openarm_ros2/install/openarm_description/share/openarm_description/meshes/arm/v10/visual/link2.stl
[0.740s] -- Up-to-date: /home/endika/Documents/openarm_ros2/install/openarm_description/share/openarm_description/meshes/arm/v10/visual/link4.dae
[0.741s] -- Up-to-date: /home/endika/Documents/openarm_ros2/install/openarm_description/share/openarm_description/meshes/arm/v10/visual/link2.dae
[0.741s] -- Up-to-date: /home/endika/Documents/openarm_ros2/install/openarm_description/share/openarm_description/meshes/arm/v10/visual/link5.dae
[0.741s] -- Up-to-date: /home/endika/Documents/openarm_ros2/install/openarm_description/share/openarm_description/meshes/arm/v10/visual/link1.dae
[0.765s] -- Up-to-date: /home/endika/Documents/openarm_ros2/install/openarm_description/share/openarm_description/meshes/arm/v10/visual/link7.stl
[0.765s] -- Up-to-date: /home/endika/Documents/openarm_ros2/install/openarm_description/share/openarm_description/meshes/arm/v10/visual/link6.dae
[0.766s] -- Up-to-date: /home/endika/Documents/openarm_ros2/install/openarm_description/share/openarm_description/rviz
[0.766s] -- Up-to-date: /home/endika/Documents/openarm_ros2/install/openarm_description/share/openarm_description/rviz/arm_only.rviz
[0.766s] -- Up-to-date: /home/endika/Documents/openarm_ros2/install/openarm_description/share/openarm_description/rviz/bimanual.rviz
[0.766s] -- Up-to-date: /home/endika/Documents/openarm_ros2/install/openarm_description/share/openarm_description/urdf
[0.767s] -- Up-to-date: /home/endika/Documents/openarm_ros2/install/openarm_description/share/openarm_description/urdf/body
[0.767s] -- Up-to-date: /home/endika/Documents/openarm_ros2/install/openarm_description/share/openarm_description/urdf/body/openarm_body_macro.xacro
[0.782s] -- Up-to-date: /home/endika/Documents/openarm_ros2/install/openarm_description/share/openarm_description/urdf/body/openarm_body.xacro
[0.783s] -- Up-to-date: /home/endika/Documents/openarm_ros2/install/openarm_description/share/openarm_description/urdf/ee
[0.785s] -- Up-to-date: /home/endika/Documents/openarm_ros2/install/openarm_description/share/openarm_description/urdf/ee/openarm_hand_arguments.xacro
[0.786s] -- Up-to-date: /home/endika/Documents/openarm_ros2/install/openarm_description/share/openarm_description/urdf/ee/openarm_hand.xacro
[0.786s] -- Up-to-date: /home/endika/Documents/openarm_ros2/install/openarm_description/share/openarm_description/urdf/ee/ee_with_one_link.xacro
[0.786s] -- Up-to-date: /home/endika/Documents/openarm_ros2/install/openarm_description/share/openarm_description/urdf/ee/openarm_hand_macro.xacro
[0.798s] -- Up-to-date: /home/endika/Documents/openarm_ros2/install/openarm_description/share/openarm_description/urdf/robot
[0.799s] -- Up-to-date: /home/endika/Documents/openarm_ros2/install/openarm_description/share/openarm_description/urdf/robot/v10.urdf.xacro
[0.810s] -- Up-to-date: /home/endika/Documents/openarm_ros2/install/openarm_description/share/openarm_description/urdf/robot/openarm_robot.xacro
[0.822s] -- Up-to-date: /home/endika/Documents/openarm_ros2/install/openarm_description/share/openarm_description/urdf/arm
[0.830s] -- Up-to-date: /home/endika/Documents/openarm_ros2/install/openarm_description/share/openarm_description/urdf/arm/openarm_macro.xacro
[0.830s] -- Up-to-date: /home/endika/Documents/openarm_ros2/install/openarm_description/share/openarm_description/urdf/arm/openarm_arm.xacro
[0.830s] -- Up-to-date: /home/endika/Documents/openarm_ros2/install/openarm_description/share/openarm_description/urdf/ros2_control
[0.835s] -- Up-to-date: /home/endika/Documents/openarm_ros2/install/openarm_description/share/openarm_description/urdf/ros2_control/openarm.bimanual.ros2_control.xacro
[0.835s] -- Up-to-date: /home/endika/Documents/openarm_ros2/install/openarm_description/share/openarm_description/urdf/ros2_control/openarm.ros2_control.xacro
[0.838s] -- Up-to-date: /home/endika/Documents/openarm_ros2/install/openarm_description/share/openarm_description/config
[0.839s] -- Up-to-date: /home/endika/Documents/openarm_ros2/install/openarm_description/share/openarm_description/config/body
[0.839s] -- Up-to-date: /home/endika/Documents/openarm_ros2/install/openarm_description/share/openarm_description/config/body/v10
[0.849s] -- Up-to-date: /home/endika/Documents/openarm_ros2/install/openarm_description/share/openarm_description/config/body/v10/kinematics_link.yaml
[0.850s] -- Up-to-date: /home/endika/Documents/openarm_ros2/install/openarm_description/share/openarm_description/config/body/v10/kinematics.yaml
[0.854s] -- Up-to-date: /home/endika/Documents/openarm_ros2/install/openarm_description/share/openarm_description/config/body/v10/inertials.yaml
[0.854s] -- Up-to-date: /home/endika/Documents/openarm_ros2/install/openarm_description/share/openarm_description/config/hand
[0.856s] -- Up-to-date: /home/endika/Documents/openarm_ros2/install/openarm_description/share/openarm_description/config/hand/openarm_hand
[0.857s] -- Up-to-date: /home/endika/Documents/openarm_ros2/install/openarm_description/share/openarm_description/config/hand/openarm_hand/kinematics_link.yaml
[0.857s] -- Up-to-date: /home/endika/Documents/openarm_ros2/install/openarm_description/share/openarm_description/config/hand/openarm_hand/joint_limits.yaml
[0.857s] -- Up-to-date: /home/endika/Documents/openarm_ros2/install/openarm_description/share/openarm_description/config/hand/openarm_hand/kinematics.yaml
[0.857s] -- Up-to-date: /home/endika/Documents/openarm_ros2/install/openarm_description/share/openarm_description/config/hand/openarm_hand/inertials.yaml
[0.861s] -- Up-to-date: /home/endika/Documents/openarm_ros2/install/openarm_description/share/openarm_description/config/arm
[0.861s] -- Up-to-date: /home/endika/Documents/openarm_ros2/install/openarm_description/share/openarm_description/config/arm/v10
[0.862s] -- Up-to-date: /home/endika/Documents/openarm_ros2/install/openarm_description/share/openarm_description/config/arm/v10/kinematics_offset.yaml
[0.862s] -- Up-to-date: /home/endika/Documents/openarm_ros2/install/openarm_description/share/openarm_description/config/arm/v10/kinematics_link.yaml
[0.863s] -- Up-to-date: /home/endika/Documents/openarm_ros2/install/openarm_description/share/openarm_description/config/arm/v10/joint_limits.yaml
[0.863s] -- Up-to-date: /home/endika/Documents/openarm_ros2/install/openarm_description/share/openarm_description/config/arm/v10/kinematics.yaml
[0.863s] -- Up-to-date: /home/endika/Documents/openarm_ros2/install/openarm_description/share/openarm_description/config/arm/v10/inertials.yaml
[0.871s] -- Up-to-date: /home/endika/Documents/openarm_ros2/install/openarm_description/share/ament_index/resource_index/package_run_dependencies/openarm_description
[0.871s] -- Up-to-date: /home/endika/Documents/openarm_ros2/install/openarm_description/share/ament_index/resource_index/parent_prefix_path/openarm_description
[0.871s] -- Up-to-date: /home/endika/Documents/openarm_ros2/install/openarm_description/share/openarm_description/environment/ament_prefix_path.sh
[0.872s] -- Up-to-date: /home/endika/Documents/openarm_ros2/install/openarm_description/share/openarm_description/environment/ament_prefix_path.dsv
[0.872s] -- Up-to-date: /home/endika/Documents/openarm_ros2/install/openarm_description/share/openarm_description/environment/path.sh
[0.873s] -- Up-to-date: /home/endika/Documents/openarm_ros2/install/openarm_description/share/openarm_description/environment/path.dsv
[0.873s] -- Up-to-date: /home/endika/Documents/openarm_ros2/install/openarm_description/share/openarm_description/local_setup.bash
[0.886s] -- Up-to-date: /home/endika/Documents/openarm_ros2/install/openarm_description/share/openarm_description/local_setup.sh
[0.887s] -- Up-to-date: /home/endika/Documents/openarm_ros2/install/openarm_description/share/openarm_description/local_setup.zsh
[0.887s] -- Up-to-date: /home/endika/Documents/openarm_ros2/install/openarm_description/share/openarm_description/local_setup.dsv
[0.887s] -- Installing: /home/endika/Documents/openarm_ros2/install/openarm_description/share/openarm_description/package.dsv
[0.888s] -- Up-to-date: /home/endika/Documents/openarm_ros2/install/openarm_description/share/ament_index/resource_index/packages/openarm_description
[0.888s] -- Up-to-date: /home/endika/Documents/openarm_ros2/install/openarm_description/share/openarm_description/cmake/openarm_descriptionConfig.cmake
[0.888s] -- Up-to-date: /home/endika/Documents/openarm_ros2/install/openarm_description/share/openarm_description/cmake/openarm_descriptionConfig-version.cmake
[0.888s] -- Up-to-date: /home/endika/Documents/openarm_ros2/install/openarm_description/share/openarm_description/package.xml
[1.045s] Invoked command in '/home/endika/Documents/openarm_ros2/build/openarm_description' returned '0': /usr/bin/cmake --install /home/endika/Documents/openarm_ros2/build/openarm_description
