-- Found ament_cmake: 1.3.11 (/opt/ros/humble/share/ament_cmake/cmake)
-- Override CMake install command with custom implementation using symlinks instead of copying resources
-- Found hardware_interface: 2.50.0 (/opt/ros/humble/share/hardware_interface/cmake)
-- Found rosidl_generator_c: 3.1.6 (/opt/ros/humble/share/rosidl_generator_c/cmake)
-- Found rosidl_adapter: 3.1.6 (/opt/ros/humble/share/rosidl_adapter/cmake)
-- Found rosidl_generator_cpp: 3.1.6 (/opt/ros/humble/share/rosidl_generator_cpp/cmake)
-- Using all available rosidl_typesupport_c: rosidl_typesupport_fastrtps_c;rosidl_typesupport_introspection_c
-- Using all available rosidl_typesupport_cpp: rosidl_typesupport_fastrtps_cpp;rosidl_typesupport_introspection_cpp
-- Found rmw_implementation_cmake: 6.1.2 (/opt/ros/humble/share/rmw_implementation_cmake/cmake)
-- Found rmw_fastrtps_cpp: 6.2.7 (/opt/ros/humble/share/rmw_fastrtps_cpp/cmake)
-- Found TinyXML2 via Config file: TinyXML2_DIR-NOTFOUND
-- Found TinyXML2 via Config file: TinyXML2_DIR-NOTFOUND
-- Found TinyXML2 via Config file: TinyXML2_DIR-NOTFOUND
-- Found TinyXML2 via Config file: TinyXML2_DIR-NOTFOUND
-- Using RMW implementation 'rmw_fastrtps_cpp' as default
-- Configuring done
-- Generating done
-- Build files have been written to: /root/workspace/openarm/build/openarm_hardware
[ 50%] [32mBuilding CXX object CMakeFiles/openarm_hardware.dir/src/v10_simple_hardware.cpp.o[0m
[100%] [32m[1mLinking CXX shared library libopenarm_hardware.so[0m
[100%] Built target openarm_hardware
-- Install configuration: ""
-- Execute custom install script
-- Symlinking: /root/workspace/openarm/install/openarm_hardware/share/openarm_hardware//openarm_hardware.xml
-- Symlinking: /root/workspace/openarm/install/openarm_hardware/lib/libopenarm_hardware.so
-- Symlinking: /root/workspace/openarm/install/openarm_hardware/include/openarm_hardware/v10_simple_hardware.hpp
-- Symlinking: /root/workspace/openarm/install/openarm_hardware/include/openarm_hardware/visibility_control.h
-- Symlinking: /root/workspace/openarm/install/openarm_hardware/share/openarm_hardware/environment/library_path.sh
-- Symlinking: /root/workspace/openarm/install/openarm_hardware/share/openarm_hardware/environment/library_path.dsv
-- Symlinking: /root/workspace/openarm/install/openarm_hardware/share/ament_index/resource_index/package_run_dependencies/openarm_hardware
-- Symlinking: /root/workspace/openarm/install/openarm_hardware/share/ament_index/resource_index/parent_prefix_path/openarm_hardware
-- Symlinking: /root/workspace/openarm/install/openarm_hardware/share/openarm_hardware/environment/ament_prefix_path.sh
-- Symlinking: /root/workspace/openarm/install/openarm_hardware/share/openarm_hardware/environment/ament_prefix_path.dsv
-- Symlinking: /root/workspace/openarm/install/openarm_hardware/share/openarm_hardware/environment/path.sh
-- Symlinking: /root/workspace/openarm/install/openarm_hardware/share/openarm_hardware/environment/path.dsv
-- Symlinking: /root/workspace/openarm/install/openarm_hardware/share/openarm_hardware/local_setup.bash
-- Symlinking: /root/workspace/openarm/install/openarm_hardware/share/openarm_hardware/local_setup.sh
-- Symlinking: /root/workspace/openarm/install/openarm_hardware/share/openarm_hardware/local_setup.zsh
-- Symlinking: /root/workspace/openarm/install/openarm_hardware/share/openarm_hardware/local_setup.dsv
-- Symlinking: /root/workspace/openarm/install/openarm_hardware/share/openarm_hardware/package.dsv
-- Symlinking: /root/workspace/openarm/install/openarm_hardware/share/ament_index/resource_index/packages/openarm_hardware
-- Symlinking: /root/workspace/openarm/install/openarm_hardware/share/ament_index/resource_index/hardware_interface__pluginlib__plugin/openarm_hardware
-- Symlinking: /root/workspace/openarm/install/openarm_hardware/share/openarm_hardware/cmake/ament_cmake_export_include_directories-extras.cmake
-- Symlinking: /root/workspace/openarm/install/openarm_hardware/share/openarm_hardware/cmake/ament_cmake_export_libraries-extras.cmake
-- Symlinking: /root/workspace/openarm/install/openarm_hardware/share/openarm_hardware/cmake/ament_cmake_export_dependencies-extras.cmake
-- Symlinking: /root/workspace/openarm/install/openarm_hardware/share/openarm_hardware/cmake/openarm_hardwareConfig.cmake
-- Symlinking: /root/workspace/openarm/install/openarm_hardware/share/openarm_hardware/cmake/openarm_hardwareConfig-version.cmake
-- Symlinking: /root/workspace/openarm/install/openarm_hardware/share/openarm_hardware/package.xml
