[0.319s] DEBUG:colcon:Command line arguments: ['/usr/bin/colcon', 'build', '--symlink-install', '--packages-select', 'openarm_bimanual_moveit_config']
[0.319s] DEBUG:colcon:Parsed command line arguments: Namespace(log_base=None, log_level=None, verb_name='build', build_base='build', install_base='install', merge_install=False, symlink_install=True, test_result_base=None, continue_on_error=False, executor='parallel', parallel_workers=4, event_handlers=None, ignore_user_meta=False, metas=['./colcon.meta'], base_paths=['.'], packages_ignore=None, packages_ignore_regex=None, paths=None, packages_up_to=None, packages_up_to_regex=None, packages_above=None, packages_above_and_dependencies=None, packages_above_depth=None, packages_select_by_dep=None, packages_skip_by_dep=None, packages_skip_up_to=None, packages_select_build_failed=False, packages_skip_build_finished=False, packages_select_test_failures=False, packages_skip_test_passed=False, packages_select=['openarm_bimanual_moveit_config'], packages_skip=None, packages_select_regex=None, packages_skip_regex=None, packages_start=None, packages_end=None, allow_overriding=[], cmake_args=None, cmake_target=None, cmake_target_skip_unavailable=False, cmake_clean_cache=False, cmake_clean_first=False, cmake_force_configure=False, ament_cmake_args=None, catkin_cmake_args=None, catkin_skip_building_tests=False, mixin_files=None, mixin=None, verb_parser=<colcon_mixin.mixin.mixin_argument.MixinArgumentDecorator object at 0x771775b94190>, verb_extension=<colcon_core.verb.build.BuildVerb object at 0x771775b0ceb0>, main=<bound method BuildVerb.main of <colcon_core.verb.build.BuildVerb object at 0x771775b0ceb0>>, mixin_verb=('build',))
[1.107s] Level 1:colcon.colcon_core.package_discovery:discover_packages(colcon_meta) check parameters
[1.108s] Level 1:colcon.colcon_core.package_discovery:discover_packages(recursive) check parameters
[1.108s] Level 1:colcon.colcon_core.package_discovery:discover_packages(ignore) check parameters
[1.108s] Level 1:colcon.colcon_core.package_discovery:discover_packages(path) check parameters
[1.108s] Level 1:colcon.colcon_core.package_discovery:discover_packages(colcon_meta) discover
[1.108s] Level 1:colcon.colcon_core.package_discovery:discover_packages(recursive) discover
[1.109s] INFO:colcon.colcon_core.package_discovery:Crawling recursively for packages in '/home/endika/Documents/openarm_ros2'
[1.110s] Level 1:colcon.colcon_core.package_identification:_identify(.) by extensions ['ignore', 'ignore_ament_install']
[1.111s] Level 1:colcon.colcon_core.package_identification:_identify(.) by extension 'ignore'
[1.111s] Level 1:colcon.colcon_core.package_identification:_identify(.) by extension 'ignore_ament_install'
[1.112s] Level 1:colcon.colcon_core.package_identification:_identify(.) by extensions ['colcon_pkg']
[1.112s] Level 1:colcon.colcon_core.package_identification:_identify(.) by extension 'colcon_pkg'
[1.112s] Level 1:colcon.colcon_core.package_identification:_identify(.) by extensions ['colcon_meta']
[1.112s] Level 1:colcon.colcon_core.package_identification:_identify(.) by extension 'colcon_meta'
[1.112s] Level 1:colcon.colcon_core.package_identification:_identify(.) by extensions ['ros']
[1.112s] Level 1:colcon.colcon_core.package_identification:_identify(.) by extension 'ros'
[1.228s] Level 1:colcon.colcon_core.package_identification:_identify(.) by extensions ['cmake', 'python']
[1.228s] Level 1:colcon.colcon_core.package_identification:_identify(.) by extension 'cmake'
[1.228s] Level 1:colcon.colcon_core.package_identification:_identify(.) by extension 'python'
[1.228s] Level 1:colcon.colcon_core.package_identification:_identify(.) by extensions ['python_setup_py']
[1.228s] Level 1:colcon.colcon_core.package_identification:_identify(.) by extension 'python_setup_py'
[1.229s] Level 1:colcon.colcon_core.package_identification:_identify(__pycache__) by extensions ['ignore', 'ignore_ament_install']
[1.229s] Level 1:colcon.colcon_core.package_identification:_identify(__pycache__) by extension 'ignore'
[1.229s] Level 1:colcon.colcon_core.package_identification:_identify(__pycache__) by extension 'ignore_ament_install'
[1.229s] Level 1:colcon.colcon_core.package_identification:_identify(__pycache__) by extensions ['colcon_pkg']
[1.229s] Level 1:colcon.colcon_core.package_identification:_identify(__pycache__) by extension 'colcon_pkg'
[1.230s] Level 1:colcon.colcon_core.package_identification:_identify(__pycache__) by extensions ['colcon_meta']
[1.230s] Level 1:colcon.colcon_core.package_identification:_identify(__pycache__) by extension 'colcon_meta'
[1.230s] Level 1:colcon.colcon_core.package_identification:_identify(__pycache__) by extensions ['ros']
[1.230s] Level 1:colcon.colcon_core.package_identification:_identify(__pycache__) by extension 'ros'
[1.230s] Level 1:colcon.colcon_core.package_identification:_identify(__pycache__) by extensions ['cmake', 'python']
[1.230s] Level 1:colcon.colcon_core.package_identification:_identify(__pycache__) by extension 'cmake'
[1.230s] Level 1:colcon.colcon_core.package_identification:_identify(__pycache__) by extension 'python'
[1.230s] Level 1:colcon.colcon_core.package_identification:_identify(__pycache__) by extensions ['python_setup_py']
[1.230s] Level 1:colcon.colcon_core.package_identification:_identify(__pycache__) by extension 'python_setup_py'
[1.231s] Level 1:colcon.colcon_core.package_identification:_identify(build) by extensions ['ignore', 'ignore_ament_install']
[1.231s] Level 1:colcon.colcon_core.package_identification:_identify(build) by extension 'ignore'
[1.231s] Level 1:colcon.colcon_core.package_identification:_identify(build) ignored
[1.231s] Level 1:colcon.colcon_core.package_identification:_identify(dev) by extensions ['ignore', 'ignore_ament_install']
[1.231s] Level 1:colcon.colcon_core.package_identification:_identify(dev) by extension 'ignore'
[1.232s] Level 1:colcon.colcon_core.package_identification:_identify(dev) by extension 'ignore_ament_install'
[1.232s] Level 1:colcon.colcon_core.package_identification:_identify(dev) by extensions ['colcon_pkg']
[1.232s] Level 1:colcon.colcon_core.package_identification:_identify(dev) by extension 'colcon_pkg'
[1.232s] Level 1:colcon.colcon_core.package_identification:_identify(dev) by extensions ['colcon_meta']
[1.232s] Level 1:colcon.colcon_core.package_identification:_identify(dev) by extension 'colcon_meta'
[1.232s] Level 1:colcon.colcon_core.package_identification:_identify(dev) by extensions ['ros']
[1.232s] Level 1:colcon.colcon_core.package_identification:_identify(dev) by extension 'ros'
[1.232s] Level 1:colcon.colcon_core.package_identification:_identify(dev) by extensions ['cmake', 'python']
[1.232s] Level 1:colcon.colcon_core.package_identification:_identify(dev) by extension 'cmake'
[1.232s] Level 1:colcon.colcon_core.package_identification:_identify(dev) by extension 'python'
[1.233s] Level 1:colcon.colcon_core.package_identification:_identify(dev) by extensions ['python_setup_py']
[1.233s] Level 1:colcon.colcon_core.package_identification:_identify(dev) by extension 'python_setup_py'
[1.233s] Level 1:colcon.colcon_core.package_identification:_identify(install) by extensions ['ignore', 'ignore_ament_install']
[1.233s] Level 1:colcon.colcon_core.package_identification:_identify(install) by extension 'ignore'
[1.233s] Level 1:colcon.colcon_core.package_identification:_identify(install) ignored
[1.233s] Level 1:colcon.colcon_core.package_identification:_identify(log) by extensions ['ignore', 'ignore_ament_install']
[1.234s] Level 1:colcon.colcon_core.package_identification:_identify(log) by extension 'ignore'
[1.234s] Level 1:colcon.colcon_core.package_identification:_identify(log) ignored
[1.234s] Level 1:colcon.colcon_core.package_identification:_identify(openarm) by extensions ['ignore', 'ignore_ament_install']
[1.234s] Level 1:colcon.colcon_core.package_identification:_identify(openarm) by extension 'ignore'
[1.234s] Level 1:colcon.colcon_core.package_identification:_identify(openarm) by extension 'ignore_ament_install'
[1.234s] Level 1:colcon.colcon_core.package_identification:_identify(openarm) by extensions ['colcon_pkg']
[1.234s] Level 1:colcon.colcon_core.package_identification:_identify(openarm) by extension 'colcon_pkg'
[1.235s] Level 1:colcon.colcon_core.package_identification:_identify(openarm) by extensions ['colcon_meta']
[1.235s] Level 1:colcon.colcon_core.package_identification:_identify(openarm) by extension 'colcon_meta'
[1.235s] Level 1:colcon.colcon_core.package_identification:_identify(openarm) by extensions ['ros']
[1.235s] Level 1:colcon.colcon_core.package_identification:_identify(openarm) by extension 'ros'
[1.242s] DEBUG:colcon.colcon_core.package_identification:Package 'openarm' with type 'ros.ament_cmake' and name 'openarm'
[1.243s] Level 1:colcon.colcon_core.package_identification:_identify(openarm_bimanual_moveit_config) by extensions ['ignore', 'ignore_ament_install']
[1.243s] Level 1:colcon.colcon_core.package_identification:_identify(openarm_bimanual_moveit_config) by extension 'ignore'
[1.243s] Level 1:colcon.colcon_core.package_identification:_identify(openarm_bimanual_moveit_config) by extension 'ignore_ament_install'
[1.244s] Level 1:colcon.colcon_core.package_identification:_identify(openarm_bimanual_moveit_config) by extensions ['colcon_pkg']
[1.244s] Level 1:colcon.colcon_core.package_identification:_identify(openarm_bimanual_moveit_config) by extension 'colcon_pkg'
[1.244s] Level 1:colcon.colcon_core.package_identification:_identify(openarm_bimanual_moveit_config) by extensions ['colcon_meta']
[1.244s] Level 1:colcon.colcon_core.package_identification:_identify(openarm_bimanual_moveit_config) by extension 'colcon_meta'
[1.244s] Level 1:colcon.colcon_core.package_identification:_identify(openarm_bimanual_moveit_config) by extensions ['ros']
[1.244s] Level 1:colcon.colcon_core.package_identification:_identify(openarm_bimanual_moveit_config) by extension 'ros'
[1.247s] DEBUG:colcon.colcon_core.package_identification:Package 'openarm_bimanual_moveit_config' with type 'ros.ament_cmake' and name 'openarm_bimanual_moveit_config'
[1.247s] Level 1:colcon.colcon_core.package_identification:_identify(openarm_bringup) by extensions ['ignore', 'ignore_ament_install']
[1.247s] Level 1:colcon.colcon_core.package_identification:_identify(openarm_bringup) by extension 'ignore'
[1.247s] Level 1:colcon.colcon_core.package_identification:_identify(openarm_bringup) by extension 'ignore_ament_install'
[1.247s] Level 1:colcon.colcon_core.package_identification:_identify(openarm_bringup) by extensions ['colcon_pkg']
[1.248s] Level 1:colcon.colcon_core.package_identification:_identify(openarm_bringup) by extension 'colcon_pkg'
[1.248s] Level 1:colcon.colcon_core.package_identification:_identify(openarm_bringup) by extensions ['colcon_meta']
[1.248s] Level 1:colcon.colcon_core.package_identification:_identify(openarm_bringup) by extension 'colcon_meta'
[1.248s] Level 1:colcon.colcon_core.package_identification:_identify(openarm_bringup) by extensions ['ros']
[1.248s] Level 1:colcon.colcon_core.package_identification:_identify(openarm_bringup) by extension 'ros'
[1.249s] DEBUG:colcon.colcon_core.package_identification:Package 'openarm_bringup' with type 'ros.ament_cmake' and name 'openarm_bringup'
[1.250s] Level 1:colcon.colcon_core.package_identification:_identify(openarm_can) by extensions ['ignore', 'ignore_ament_install']
[1.250s] Level 1:colcon.colcon_core.package_identification:_identify(openarm_can) by extension 'ignore'
[1.250s] Level 1:colcon.colcon_core.package_identification:_identify(openarm_can) by extension 'ignore_ament_install'
[1.250s] Level 1:colcon.colcon_core.package_identification:_identify(openarm_can) by extensions ['colcon_pkg']
[1.251s] Level 1:colcon.colcon_core.package_identification:_identify(openarm_can) by extension 'colcon_pkg'
[1.251s] Level 1:colcon.colcon_core.package_identification:_identify(openarm_can) by extensions ['colcon_meta']
[1.251s] Level 1:colcon.colcon_core.package_identification:_identify(openarm_can) by extension 'colcon_meta'
[1.251s] Level 1:colcon.colcon_core.package_identification:_identify(openarm_can) by extensions ['ros']
[1.251s] Level 1:colcon.colcon_core.package_identification:_identify(openarm_can) by extension 'ros'
[1.251s] Level 1:colcon.colcon_core.package_identification:_identify(openarm_can) by extensions ['cmake', 'python']
[1.251s] Level 1:colcon.colcon_core.package_identification:_identify(openarm_can) by extension 'cmake'
[1.293s] Level 1:colcon.colcon_core.package_identification:_identify(openarm_can) by extension 'python'
[1.293s] DEBUG:colcon.colcon_core.package_identification:Package 'openarm_can' with type 'cmake' and name 'openarm_can'
[1.294s] Level 1:colcon.colcon_core.package_identification:_identify(openarm_description) by extensions ['ignore', 'ignore_ament_install']
[1.294s] Level 1:colcon.colcon_core.package_identification:_identify(openarm_description) by extension 'ignore'
[1.294s] Level 1:colcon.colcon_core.package_identification:_identify(openarm_description) by extension 'ignore_ament_install'
[1.295s] Level 1:colcon.colcon_core.package_identification:_identify(openarm_description) by extensions ['colcon_pkg']
[1.295s] Level 1:colcon.colcon_core.package_identification:_identify(openarm_description) by extension 'colcon_pkg'
[1.295s] Level 1:colcon.colcon_core.package_identification:_identify(openarm_description) by extensions ['colcon_meta']
[1.295s] Level 1:colcon.colcon_core.package_identification:_identify(openarm_description) by extension 'colcon_meta'
[1.295s] Level 1:colcon.colcon_core.package_identification:_identify(openarm_description) by extensions ['ros']
[1.295s] Level 1:colcon.colcon_core.package_identification:_identify(openarm_description) by extension 'ros'
[1.297s] DEBUG:colcon.colcon_core.package_identification:Package 'openarm_description' with type 'ros.ament_cmake' and name 'openarm_description'
[1.298s] Level 1:colcon.colcon_core.package_identification:_identify(openarm_hardware) by extensions ['ignore', 'ignore_ament_install']
[1.298s] Level 1:colcon.colcon_core.package_identification:_identify(openarm_hardware) by extension 'ignore'
[1.298s] Level 1:colcon.colcon_core.package_identification:_identify(openarm_hardware) by extension 'ignore_ament_install'
[1.298s] Level 1:colcon.colcon_core.package_identification:_identify(openarm_hardware) by extensions ['colcon_pkg']
[1.298s] Level 1:colcon.colcon_core.package_identification:_identify(openarm_hardware) by extension 'colcon_pkg'
[1.299s] Level 1:colcon.colcon_core.package_identification:_identify(openarm_hardware) by extensions ['colcon_meta']
[1.299s] Level 1:colcon.colcon_core.package_identification:_identify(openarm_hardware) by extension 'colcon_meta'
[1.299s] Level 1:colcon.colcon_core.package_identification:_identify(openarm_hardware) by extensions ['ros']
[1.299s] Level 1:colcon.colcon_core.package_identification:_identify(openarm_hardware) by extension 'ros'
[1.303s] DEBUG:colcon.colcon_core.package_identification:Package 'openarm_hardware' with type 'ros.ament_cmake' and name 'openarm_hardware'
[1.303s] Level 1:colcon.colcon_core.package_identification:_identify(openarm_moveit) by extensions ['ignore', 'ignore_ament_install']
[1.303s] Level 1:colcon.colcon_core.package_identification:_identify(openarm_moveit) by extension 'ignore'
[1.304s] Level 1:colcon.colcon_core.package_identification:_identify(openarm_moveit) by extension 'ignore_ament_install'
[1.304s] Level 1:colcon.colcon_core.package_identification:_identify(openarm_moveit) by extensions ['colcon_pkg']
[1.304s] Level 1:colcon.colcon_core.package_identification:_identify(openarm_moveit) by extension 'colcon_pkg'
[1.304s] Level 1:colcon.colcon_core.package_identification:_identify(openarm_moveit) by extensions ['colcon_meta']
[1.304s] Level 1:colcon.colcon_core.package_identification:_identify(openarm_moveit) by extension 'colcon_meta'
[1.305s] Level 1:colcon.colcon_core.package_identification:_identify(openarm_moveit) by extensions ['ros']
[1.305s] Level 1:colcon.colcon_core.package_identification:_identify(openarm_moveit) by extension 'ros'
[1.305s] Level 1:colcon.colcon_core.package_identification:_identify(openarm_moveit) by extensions ['cmake', 'python']
[1.305s] Level 1:colcon.colcon_core.package_identification:_identify(openarm_moveit) by extension 'cmake'
[1.305s] Level 1:colcon.colcon_core.package_identification:_identify(openarm_moveit) by extension 'python'
[1.306s] Level 1:colcon.colcon_core.package_identification:_identify(openarm_moveit) by extensions ['python_setup_py']
[1.306s] Level 1:colcon.colcon_core.package_identification:_identify(openarm_moveit) by extension 'python_setup_py'
[1.306s] Level 1:colcon.colcon_core.package_identification:_identify(openarm_moveit/config) by extensions ['ignore', 'ignore_ament_install']
[1.306s] Level 1:colcon.colcon_core.package_identification:_identify(openarm_moveit/config) by extension 'ignore'
[1.307s] Level 1:colcon.colcon_core.package_identification:_identify(openarm_moveit/config) by extension 'ignore_ament_install'
[1.307s] Level 1:colcon.colcon_core.package_identification:_identify(openarm_moveit/config) by extensions ['colcon_pkg']
[1.307s] Level 1:colcon.colcon_core.package_identification:_identify(openarm_moveit/config) by extension 'colcon_pkg'
[1.307s] Level 1:colcon.colcon_core.package_identification:_identify(openarm_moveit/config) by extensions ['colcon_meta']
[1.307s] Level 1:colcon.colcon_core.package_identification:_identify(openarm_moveit/config) by extension 'colcon_meta'
[1.307s] Level 1:colcon.colcon_core.package_identification:_identify(openarm_moveit/config) by extensions ['ros']
[1.307s] Level 1:colcon.colcon_core.package_identification:_identify(openarm_moveit/config) by extension 'ros'
[1.307s] Level 1:colcon.colcon_core.package_identification:_identify(openarm_moveit/config) by extensions ['cmake', 'python']
[1.308s] Level 1:colcon.colcon_core.package_identification:_identify(openarm_moveit/config) by extension 'cmake'
[1.308s] Level 1:colcon.colcon_core.package_identification:_identify(openarm_moveit/config) by extension 'python'
[1.308s] Level 1:colcon.colcon_core.package_identification:_identify(openarm_moveit/config) by extensions ['python_setup_py']
[1.308s] Level 1:colcon.colcon_core.package_identification:_identify(openarm_moveit/config) by extension 'python_setup_py'
[1.308s] Level 1:colcon.colcon_core.package_identification:_identify(openarm_moveit/config/launch) by extensions ['ignore', 'ignore_ament_install']
[1.308s] Level 1:colcon.colcon_core.package_identification:_identify(openarm_moveit/config/launch) by extension 'ignore'
[1.309s] Level 1:colcon.colcon_core.package_identification:_identify(openarm_moveit/config/launch) by extension 'ignore_ament_install'
[1.309s] Level 1:colcon.colcon_core.package_identification:_identify(openarm_moveit/config/launch) by extensions ['colcon_pkg']
[1.309s] Level 1:colcon.colcon_core.package_identification:_identify(openarm_moveit/config/launch) by extension 'colcon_pkg'
[1.309s] Level 1:colcon.colcon_core.package_identification:_identify(openarm_moveit/config/launch) by extensions ['colcon_meta']
[1.309s] Level 1:colcon.colcon_core.package_identification:_identify(openarm_moveit/config/launch) by extension 'colcon_meta'
[1.309s] Level 1:colcon.colcon_core.package_identification:_identify(openarm_moveit/config/launch) by extensions ['ros']
[1.310s] Level 1:colcon.colcon_core.package_identification:_identify(openarm_moveit/config/launch) by extension 'ros'
[1.310s] Level 1:colcon.colcon_core.package_identification:_identify(openarm_moveit/config/launch) by extensions ['cmake', 'python']
[1.310s] Level 1:colcon.colcon_core.package_identification:_identify(openarm_moveit/config/launch) by extension 'cmake'
[1.310s] Level 1:colcon.colcon_core.package_identification:_identify(openarm_moveit/config/launch) by extension 'python'
[1.310s] Level 1:colcon.colcon_core.package_identification:_identify(openarm_moveit/config/launch) by extensions ['python_setup_py']
[1.310s] Level 1:colcon.colcon_core.package_identification:_identify(openarm_moveit/config/launch) by extension 'python_setup_py'
[1.311s] Level 1:colcon.colcon_core.package_identification:_identify(openarm_p_p) by extensions ['ignore', 'ignore_ament_install']
[1.311s] Level 1:colcon.colcon_core.package_identification:_identify(openarm_p_p) by extension 'ignore'
[1.311s] Level 1:colcon.colcon_core.package_identification:_identify(openarm_p_p) by extension 'ignore_ament_install'
[1.311s] Level 1:colcon.colcon_core.package_identification:_identify(openarm_p_p) by extensions ['colcon_pkg']
[1.312s] Level 1:colcon.colcon_core.package_identification:_identify(openarm_p_p) by extension 'colcon_pkg'
[1.312s] Level 1:colcon.colcon_core.package_identification:_identify(openarm_p_p) by extensions ['colcon_meta']
[1.312s] Level 1:colcon.colcon_core.package_identification:_identify(openarm_p_p) by extension 'colcon_meta'
[1.312s] Level 1:colcon.colcon_core.package_identification:_identify(openarm_p_p) by extensions ['ros']
[1.312s] Level 1:colcon.colcon_core.package_identification:_identify(openarm_p_p) by extension 'ros'
[1.316s] DEBUG:colcon.colcon_core.package_identification:Package 'openarm_p_p' with type 'ros.ament_cmake' and name 'openarm_p_p'
[1.316s] Level 1:colcon.colcon_core.package_discovery:discover_packages(recursive) using defaults
[1.316s] Level 1:colcon.colcon_core.package_discovery:discover_packages(ignore) discover
[1.316s] Level 1:colcon.colcon_core.package_discovery:discover_packages(ignore) using defaults
[1.316s] Level 1:colcon.colcon_core.package_discovery:discover_packages(path) discover
[1.316s] Level 1:colcon.colcon_core.package_discovery:discover_packages(path) using defaults
[1.381s] INFO:colcon.colcon_core.package_selection:Skipping not selected package 'openarm_bringup' in 'openarm_bringup'
[1.381s] INFO:colcon.colcon_core.package_selection:Skipping not selected package 'openarm_can' in 'openarm_can'
[1.381s] INFO:colcon.colcon_core.package_selection:Skipping not selected package 'openarm_description' in 'openarm_description'
[1.381s] INFO:colcon.colcon_core.package_selection:Skipping not selected package 'openarm_hardware' in 'openarm_hardware'
[1.381s] INFO:colcon.colcon_core.package_selection:Skipping not selected package 'openarm_p_p' in 'openarm_p_p'
[1.381s] INFO:colcon.colcon_core.package_selection:Skipping not selected package 'openarm' in 'openarm'
[1.383s] Level 1:colcon.colcon_core.package_discovery:discover_packages(prefix_path) check parameters
[1.383s] Level 1:colcon.colcon_core.package_discovery:discover_packages(prefix_path) discover
[1.398s] DEBUG:colcon.colcon_installed_package_information.package_discovery:Found 55 installed packages in /home/endika/ws_moveit2/install
[1.404s] DEBUG:colcon.colcon_installed_package_information.package_discovery:Found 371 installed packages in /opt/ros/humble
[1.411s] Level 1:colcon.colcon_core.package_discovery:discover_packages(prefix_path) using defaults
[1.568s] Level 5:colcon.colcon_core.verb:set package 'openarm_bimanual_moveit_config' build argument 'cmake_args' from command line to 'None'
[1.568s] Level 5:colcon.colcon_core.verb:set package 'openarm_bimanual_moveit_config' build argument 'cmake_target' from command line to 'None'
[1.568s] Level 5:colcon.colcon_core.verb:set package 'openarm_bimanual_moveit_config' build argument 'cmake_target_skip_unavailable' from command line to 'False'
[1.568s] Level 5:colcon.colcon_core.verb:set package 'openarm_bimanual_moveit_config' build argument 'cmake_clean_cache' from command line to 'False'
[1.568s] Level 5:colcon.colcon_core.verb:set package 'openarm_bimanual_moveit_config' build argument 'cmake_clean_first' from command line to 'False'
[1.568s] Level 5:colcon.colcon_core.verb:set package 'openarm_bimanual_moveit_config' build argument 'cmake_force_configure' from command line to 'False'
[1.568s] Level 5:colcon.colcon_core.verb:set package 'openarm_bimanual_moveit_config' build argument 'ament_cmake_args' from command line to 'None'
[1.569s] Level 5:colcon.colcon_core.verb:set package 'openarm_bimanual_moveit_config' build argument 'catkin_cmake_args' from command line to 'None'
[1.569s] Level 5:colcon.colcon_core.verb:set package 'openarm_bimanual_moveit_config' build argument 'catkin_skip_building_tests' from command line to 'False'
[1.569s] DEBUG:colcon.colcon_core.verb:Building package 'openarm_bimanual_moveit_config' with the following arguments: {'ament_cmake_args': None, 'build_base': '/home/endika/Documents/openarm_ros2/build/openarm_bimanual_moveit_config', 'catkin_cmake_args': None, 'catkin_skip_building_tests': False, 'cmake_args': None, 'cmake_clean_cache': False, 'cmake_clean_first': False, 'cmake_force_configure': False, 'cmake_target': None, 'cmake_target_skip_unavailable': False, 'install_base': '/home/endika/Documents/openarm_ros2/install/openarm_bimanual_moveit_config', 'merge_install': False, 'path': '/home/endika/Documents/openarm_ros2/openarm_bimanual_moveit_config', 'symlink_install': True, 'test_result_base': None}
[1.569s] INFO:colcon.colcon_core.executor:Executing jobs using 'parallel' executor
[1.571s] DEBUG:colcon.colcon_parallel_executor.executor.parallel:run_until_complete
[1.572s] INFO:colcon.colcon_ros.task.ament_cmake.build:Building ROS package in '/home/endika/Documents/openarm_ros2/openarm_bimanual_moveit_config' with build type 'ament_cmake'
[1.572s] INFO:colcon.colcon_cmake.task.cmake.build:Building CMake package in '/home/endika/Documents/openarm_ros2/openarm_bimanual_moveit_config'
[1.581s] INFO:colcon.colcon_core.plugin_system:Skipping extension 'colcon_core.shell.bat': Not used on non-Windows systems
[1.582s] INFO:colcon.colcon_core.shell:Skip shell extension 'powershell' for command environment: Not usable outside of PowerShell
[1.582s] DEBUG:colcon.colcon_core.shell:Skip shell extension 'dsv' for command environment
[1.634s] DEBUG:colcon.colcon_core.event_handler.log_command:Invoking command in '/home/endika/Documents/openarm_ros2/build/openarm_bimanual_moveit_config': AMENT_PREFIX_PATH=/home/endika/Documents/openarm_ros2/install/openarm_description:${AMENT_PREFIX_PATH} CMAKE_PREFIX_PATH=/home/endika/Documents/openarm_ros2/install/openarm_description:/home/endika/ws_moveit2/install/pilz_industrial_motion_planner_testutils:/home/endika/ws_moveit2/install/moveit_runtime:/home/endika/ws_moveit2/install/moveit2_tutorials:/home/endika/ws_moveit2/install/moveit:/home/endika/ws_moveit2/install/moveit_planners:/home/endika/ws_moveit2/install/pilz_industrial_motion_planner:/home/endika/ws_moveit2/install/moveit_visual_tools:/home/endika/ws_moveit2/install/moveit_task_constructor_visualization:/home/endika/ws_moveit2/install/moveit_task_constructor_demo:/home/endika/ws_moveit2/install/moveit_task_constructor_capabilities:/home/endika/ws_moveit2/install/moveit_task_constructor_core:/home/endika/ws_moveit2/install/moveit_ros_control_interface:/home/endika/ws_moveit2/install/moveit_plugins:/home/endika/ws_moveit2/install/moveit_simple_controller_manager:/home/endika/ws_moveit2/install/moveit_setup_assistant:/home/endika/ws_moveit2/install/moveit_setup_srdf_plugins:/home/endika/ws_moveit2/install/moveit_setup_core_plugins:/home/endika/ws_moveit2/install/moveit_setup_controllers:/home/endika/ws_moveit2/install/moveit_setup_app_plugins:/home/endika/ws_moveit2/install/moveit_setup_framework:/home/endika/ws_moveit2/install/moveit_servo:/home/endika/ws_moveit2/install/moveit_ros:/home/endika/ws_moveit2/install/moveit_ros_visualization:/home/endika/ws_moveit2/install/moveit_hybrid_planning:/home/endika/ws_moveit2/install/moveit_ros_planning_interface:/home/endika/ws_moveit2/install/moveit_ros_benchmarks:/home/endika/ws_moveit2/install/moveit_ros_warehouse:/home/endika/ws_moveit2/install/moveit_ros_robot_interaction:/home/endika/ws_moveit2/install/moveit_ros_perception:/home/endika/ws_moveit2/install/moveit_resources_prbt_pg70_support:/home/endika/ws_moveit2/install/moveit_resources_prbt_moveit_config:/home/endika/ws_moveit2/install/moveit_ros_move_group:/home/endika/ws_moveit2/install/moveit_planners_ompl:/home/endika/ws_moveit2/install/moveit_ros_planning:/home/endika/ws_moveit2/install/moveit_ros_occupancy_map_monitor:/home/endika/ws_moveit2/install/moveit_resources_prbt_ikfast_manipulator_plugin:/home/endika/ws_moveit2/install/moveit_planners_chomp:/home/endika/ws_moveit2/install/moveit_kinematics:/home/endika/ws_moveit2/install/moveit_chomp_optimizer_adapter:/home/endika/ws_moveit2/install/chomp_motion_planner:/home/endika/ws_moveit2/install/moveit_core:/home/endika/ws_moveit2/install/srdfdom:/home/endika/ws_moveit2/install/rviz_marker_tools:/home/endika/ws_moveit2/install/rosparam_shortcuts:/home/endika/ws_moveit2/install/moveit_task_constructor_msgs:/home/endika/ws_moveit2/install/moveit_resources_prbt_support:/home/endika/ws_moveit2/install/moveit_resources:/home/endika/ws_moveit2/install/moveit_resources_pr2_description:/home/endika/ws_moveit2/install/moveit_resources_panda_moveit_config:/home/endika/ws_moveit2/install/moveit_resources_panda_description:/home/endika/ws_moveit2/install/moveit_resources_fanuc_moveit_config:/home/endika/ws_moveit2/install/moveit_resources_fanuc_description:/home/endika/ws_moveit2/install/moveit_common:/home/endika/ws_moveit2/install/moveit_configs_utils:/home/endika/ws_moveit2/install/launch_param_builder:/opt/ros/humble /usr/bin/cmake --build /home/endika/Documents/openarm_ros2/build/openarm_bimanual_moveit_config -- -j4 -l4
[1.737s] DEBUG:colcon.colcon_core.event_handler.log_command:Invoked command in '/home/endika/Documents/openarm_ros2/build/openarm_bimanual_moveit_config' returned '0': AMENT_PREFIX_PATH=/home/endika/Documents/openarm_ros2/install/openarm_description:${AMENT_PREFIX_PATH} CMAKE_PREFIX_PATH=/home/endika/Documents/openarm_ros2/install/openarm_description:/home/endika/ws_moveit2/install/pilz_industrial_motion_planner_testutils:/home/endika/ws_moveit2/install/moveit_runtime:/home/endika/ws_moveit2/install/moveit2_tutorials:/home/endika/ws_moveit2/install/moveit:/home/endika/ws_moveit2/install/moveit_planners:/home/endika/ws_moveit2/install/pilz_industrial_motion_planner:/home/endika/ws_moveit2/install/moveit_visual_tools:/home/endika/ws_moveit2/install/moveit_task_constructor_visualization:/home/endika/ws_moveit2/install/moveit_task_constructor_demo:/home/endika/ws_moveit2/install/moveit_task_constructor_capabilities:/home/endika/ws_moveit2/install/moveit_task_constructor_core:/home/endika/ws_moveit2/install/moveit_ros_control_interface:/home/endika/ws_moveit2/install/moveit_plugins:/home/endika/ws_moveit2/install/moveit_simple_controller_manager:/home/endika/ws_moveit2/install/moveit_setup_assistant:/home/endika/ws_moveit2/install/moveit_setup_srdf_plugins:/home/endika/ws_moveit2/install/moveit_setup_core_plugins:/home/endika/ws_moveit2/install/moveit_setup_controllers:/home/endika/ws_moveit2/install/moveit_setup_app_plugins:/home/endika/ws_moveit2/install/moveit_setup_framework:/home/endika/ws_moveit2/install/moveit_servo:/home/endika/ws_moveit2/install/moveit_ros:/home/endika/ws_moveit2/install/moveit_ros_visualization:/home/endika/ws_moveit2/install/moveit_hybrid_planning:/home/endika/ws_moveit2/install/moveit_ros_planning_interface:/home/endika/ws_moveit2/install/moveit_ros_benchmarks:/home/endika/ws_moveit2/install/moveit_ros_warehouse:/home/endika/ws_moveit2/install/moveit_ros_robot_interaction:/home/endika/ws_moveit2/install/moveit_ros_perception:/home/endika/ws_moveit2/install/moveit_resources_prbt_pg70_support:/home/endika/ws_moveit2/install/moveit_resources_prbt_moveit_config:/home/endika/ws_moveit2/install/moveit_ros_move_group:/home/endika/ws_moveit2/install/moveit_planners_ompl:/home/endika/ws_moveit2/install/moveit_ros_planning:/home/endika/ws_moveit2/install/moveit_ros_occupancy_map_monitor:/home/endika/ws_moveit2/install/moveit_resources_prbt_ikfast_manipulator_plugin:/home/endika/ws_moveit2/install/moveit_planners_chomp:/home/endika/ws_moveit2/install/moveit_kinematics:/home/endika/ws_moveit2/install/moveit_chomp_optimizer_adapter:/home/endika/ws_moveit2/install/chomp_motion_planner:/home/endika/ws_moveit2/install/moveit_core:/home/endika/ws_moveit2/install/srdfdom:/home/endika/ws_moveit2/install/rviz_marker_tools:/home/endika/ws_moveit2/install/rosparam_shortcuts:/home/endika/ws_moveit2/install/moveit_task_constructor_msgs:/home/endika/ws_moveit2/install/moveit_resources_prbt_support:/home/endika/ws_moveit2/install/moveit_resources:/home/endika/ws_moveit2/install/moveit_resources_pr2_description:/home/endika/ws_moveit2/install/moveit_resources_panda_moveit_config:/home/endika/ws_moveit2/install/moveit_resources_panda_description:/home/endika/ws_moveit2/install/moveit_resources_fanuc_moveit_config:/home/endika/ws_moveit2/install/moveit_resources_fanuc_description:/home/endika/ws_moveit2/install/moveit_common:/home/endika/ws_moveit2/install/moveit_configs_utils:/home/endika/ws_moveit2/install/launch_param_builder:/opt/ros/humble /usr/bin/cmake --build /home/endika/Documents/openarm_ros2/build/openarm_bimanual_moveit_config -- -j4 -l4
[1.763s] DEBUG:colcon.colcon_core.event_handler.log_command:Invoking command in '/home/endika/Documents/openarm_ros2/build/openarm_bimanual_moveit_config': AMENT_PREFIX_PATH=/home/endika/Documents/openarm_ros2/install/openarm_description:${AMENT_PREFIX_PATH} CMAKE_PREFIX_PATH=/home/endika/Documents/openarm_ros2/install/openarm_description:/home/endika/ws_moveit2/install/pilz_industrial_motion_planner_testutils:/home/endika/ws_moveit2/install/moveit_runtime:/home/endika/ws_moveit2/install/moveit2_tutorials:/home/endika/ws_moveit2/install/moveit:/home/endika/ws_moveit2/install/moveit_planners:/home/endika/ws_moveit2/install/pilz_industrial_motion_planner:/home/endika/ws_moveit2/install/moveit_visual_tools:/home/endika/ws_moveit2/install/moveit_task_constructor_visualization:/home/endika/ws_moveit2/install/moveit_task_constructor_demo:/home/endika/ws_moveit2/install/moveit_task_constructor_capabilities:/home/endika/ws_moveit2/install/moveit_task_constructor_core:/home/endika/ws_moveit2/install/moveit_ros_control_interface:/home/endika/ws_moveit2/install/moveit_plugins:/home/endika/ws_moveit2/install/moveit_simple_controller_manager:/home/endika/ws_moveit2/install/moveit_setup_assistant:/home/endika/ws_moveit2/install/moveit_setup_srdf_plugins:/home/endika/ws_moveit2/install/moveit_setup_core_plugins:/home/endika/ws_moveit2/install/moveit_setup_controllers:/home/endika/ws_moveit2/install/moveit_setup_app_plugins:/home/endika/ws_moveit2/install/moveit_setup_framework:/home/endika/ws_moveit2/install/moveit_servo:/home/endika/ws_moveit2/install/moveit_ros:/home/endika/ws_moveit2/install/moveit_ros_visualization:/home/endika/ws_moveit2/install/moveit_hybrid_planning:/home/endika/ws_moveit2/install/moveit_ros_planning_interface:/home/endika/ws_moveit2/install/moveit_ros_benchmarks:/home/endika/ws_moveit2/install/moveit_ros_warehouse:/home/endika/ws_moveit2/install/moveit_ros_robot_interaction:/home/endika/ws_moveit2/install/moveit_ros_perception:/home/endika/ws_moveit2/install/moveit_resources_prbt_pg70_support:/home/endika/ws_moveit2/install/moveit_resources_prbt_moveit_config:/home/endika/ws_moveit2/install/moveit_ros_move_group:/home/endika/ws_moveit2/install/moveit_planners_ompl:/home/endika/ws_moveit2/install/moveit_ros_planning:/home/endika/ws_moveit2/install/moveit_ros_occupancy_map_monitor:/home/endika/ws_moveit2/install/moveit_resources_prbt_ikfast_manipulator_plugin:/home/endika/ws_moveit2/install/moveit_planners_chomp:/home/endika/ws_moveit2/install/moveit_kinematics:/home/endika/ws_moveit2/install/moveit_chomp_optimizer_adapter:/home/endika/ws_moveit2/install/chomp_motion_planner:/home/endika/ws_moveit2/install/moveit_core:/home/endika/ws_moveit2/install/srdfdom:/home/endika/ws_moveit2/install/rviz_marker_tools:/home/endika/ws_moveit2/install/rosparam_shortcuts:/home/endika/ws_moveit2/install/moveit_task_constructor_msgs:/home/endika/ws_moveit2/install/moveit_resources_prbt_support:/home/endika/ws_moveit2/install/moveit_resources:/home/endika/ws_moveit2/install/moveit_resources_pr2_description:/home/endika/ws_moveit2/install/moveit_resources_panda_moveit_config:/home/endika/ws_moveit2/install/moveit_resources_panda_description:/home/endika/ws_moveit2/install/moveit_resources_fanuc_moveit_config:/home/endika/ws_moveit2/install/moveit_resources_fanuc_description:/home/endika/ws_moveit2/install/moveit_common:/home/endika/ws_moveit2/install/moveit_configs_utils:/home/endika/ws_moveit2/install/launch_param_builder:/opt/ros/humble /usr/bin/cmake --install /home/endika/Documents/openarm_ros2/build/openarm_bimanual_moveit_config
[1.897s] Level 1:colcon.colcon_core.environment:create_environment_scripts_only(openarm_bimanual_moveit_config)
[1.899s] DEBUG:colcon.colcon_core.event_handler.log_command:Invoked command in '/home/endika/Documents/openarm_ros2/build/openarm_bimanual_moveit_config' returned '0': AMENT_PREFIX_PATH=/home/endika/Documents/openarm_ros2/install/openarm_description:${AMENT_PREFIX_PATH} CMAKE_PREFIX_PATH=/home/endika/Documents/openarm_ros2/install/openarm_description:/home/endika/ws_moveit2/install/pilz_industrial_motion_planner_testutils:/home/endika/ws_moveit2/install/moveit_runtime:/home/endika/ws_moveit2/install/moveit2_tutorials:/home/endika/ws_moveit2/install/moveit:/home/endika/ws_moveit2/install/moveit_planners:/home/endika/ws_moveit2/install/pilz_industrial_motion_planner:/home/endika/ws_moveit2/install/moveit_visual_tools:/home/endika/ws_moveit2/install/moveit_task_constructor_visualization:/home/endika/ws_moveit2/install/moveit_task_constructor_demo:/home/endika/ws_moveit2/install/moveit_task_constructor_capabilities:/home/endika/ws_moveit2/install/moveit_task_constructor_core:/home/endika/ws_moveit2/install/moveit_ros_control_interface:/home/endika/ws_moveit2/install/moveit_plugins:/home/endika/ws_moveit2/install/moveit_simple_controller_manager:/home/endika/ws_moveit2/install/moveit_setup_assistant:/home/endika/ws_moveit2/install/moveit_setup_srdf_plugins:/home/endika/ws_moveit2/install/moveit_setup_core_plugins:/home/endika/ws_moveit2/install/moveit_setup_controllers:/home/endika/ws_moveit2/install/moveit_setup_app_plugins:/home/endika/ws_moveit2/install/moveit_setup_framework:/home/endika/ws_moveit2/install/moveit_servo:/home/endika/ws_moveit2/install/moveit_ros:/home/endika/ws_moveit2/install/moveit_ros_visualization:/home/endika/ws_moveit2/install/moveit_hybrid_planning:/home/endika/ws_moveit2/install/moveit_ros_planning_interface:/home/endika/ws_moveit2/install/moveit_ros_benchmarks:/home/endika/ws_moveit2/install/moveit_ros_warehouse:/home/endika/ws_moveit2/install/moveit_ros_robot_interaction:/home/endika/ws_moveit2/install/moveit_ros_perception:/home/endika/ws_moveit2/install/moveit_resources_prbt_pg70_support:/home/endika/ws_moveit2/install/moveit_resources_prbt_moveit_config:/home/endika/ws_moveit2/install/moveit_ros_move_group:/home/endika/ws_moveit2/install/moveit_planners_ompl:/home/endika/ws_moveit2/install/moveit_ros_planning:/home/endika/ws_moveit2/install/moveit_ros_occupancy_map_monitor:/home/endika/ws_moveit2/install/moveit_resources_prbt_ikfast_manipulator_plugin:/home/endika/ws_moveit2/install/moveit_planners_chomp:/home/endika/ws_moveit2/install/moveit_kinematics:/home/endika/ws_moveit2/install/moveit_chomp_optimizer_adapter:/home/endika/ws_moveit2/install/chomp_motion_planner:/home/endika/ws_moveit2/install/moveit_core:/home/endika/ws_moveit2/install/srdfdom:/home/endika/ws_moveit2/install/rviz_marker_tools:/home/endika/ws_moveit2/install/rosparam_shortcuts:/home/endika/ws_moveit2/install/moveit_task_constructor_msgs:/home/endika/ws_moveit2/install/moveit_resources_prbt_support:/home/endika/ws_moveit2/install/moveit_resources:/home/endika/ws_moveit2/install/moveit_resources_pr2_description:/home/endika/ws_moveit2/install/moveit_resources_panda_moveit_config:/home/endika/ws_moveit2/install/moveit_resources_panda_description:/home/endika/ws_moveit2/install/moveit_resources_fanuc_moveit_config:/home/endika/ws_moveit2/install/moveit_resources_fanuc_description:/home/endika/ws_moveit2/install/moveit_common:/home/endika/ws_moveit2/install/moveit_configs_utils:/home/endika/ws_moveit2/install/launch_param_builder:/opt/ros/humble /usr/bin/cmake --install /home/endika/Documents/openarm_ros2/build/openarm_bimanual_moveit_config
[1.930s] Level 1:colcon.colcon_core.environment:checking '/home/endika/Documents/openarm_ros2/install/openarm_bimanual_moveit_config' for CMake module files
[1.932s] Level 1:colcon.colcon_core.environment:checking '/home/endika/Documents/openarm_ros2/install/openarm_bimanual_moveit_config' for CMake config files
[1.933s] Level 1:colcon.colcon_core.shell:create_environment_hook('openarm_bimanual_moveit_config', 'cmake_prefix_path')
[1.935s] INFO:colcon.colcon_core.shell:Creating environment hook '/home/endika/Documents/openarm_ros2/install/openarm_bimanual_moveit_config/share/openarm_bimanual_moveit_config/hook/cmake_prefix_path.ps1'
[1.941s] INFO:colcon.colcon_core.shell:Creating environment descriptor '/home/endika/Documents/openarm_ros2/install/openarm_bimanual_moveit_config/share/openarm_bimanual_moveit_config/hook/cmake_prefix_path.dsv'
[1.944s] INFO:colcon.colcon_core.shell:Creating environment hook '/home/endika/Documents/openarm_ros2/install/openarm_bimanual_moveit_config/share/openarm_bimanual_moveit_config/hook/cmake_prefix_path.sh'
[1.951s] Level 1:colcon.colcon_core.environment:checking '/home/endika/Documents/openarm_ros2/install/openarm_bimanual_moveit_config/bin'
[1.951s] Level 1:colcon.colcon_core.environment:checking '/home/endika/Documents/openarm_ros2/install/openarm_bimanual_moveit_config/lib/pkgconfig/openarm_bimanual_moveit_config.pc'
[1.952s] Level 1:colcon.colcon_core.environment:checking '/home/endika/Documents/openarm_ros2/install/openarm_bimanual_moveit_config/lib/python3.10/site-packages'
[1.954s] Level 1:colcon.colcon_core.environment:checking '/home/endika/Documents/openarm_ros2/install/openarm_bimanual_moveit_config/bin'
[1.956s] INFO:colcon.colcon_core.shell:Creating package script '/home/endika/Documents/openarm_ros2/install/openarm_bimanual_moveit_config/share/openarm_bimanual_moveit_config/package.ps1'
[1.958s] INFO:colcon.colcon_core.shell:Creating package descriptor '/home/endika/Documents/openarm_ros2/install/openarm_bimanual_moveit_config/share/openarm_bimanual_moveit_config/package.dsv'
[1.960s] INFO:colcon.colcon_core.shell:Creating package script '/home/endika/Documents/openarm_ros2/install/openarm_bimanual_moveit_config/share/openarm_bimanual_moveit_config/package.sh'
[1.963s] INFO:colcon.colcon_core.shell:Creating package script '/home/endika/Documents/openarm_ros2/install/openarm_bimanual_moveit_config/share/openarm_bimanual_moveit_config/package.bash'
[1.965s] INFO:colcon.colcon_core.shell:Creating package script '/home/endika/Documents/openarm_ros2/install/openarm_bimanual_moveit_config/share/openarm_bimanual_moveit_config/package.zsh'
[1.967s] Level 1:colcon.colcon_core.environment:create_file_with_runtime_dependencies(/home/endika/Documents/openarm_ros2/install/openarm_bimanual_moveit_config/share/colcon-core/packages/openarm_bimanual_moveit_config)
[1.969s] Level 1:colcon.colcon_core.environment:create_environment_scripts_only(openarm_bimanual_moveit_config)
[1.969s] Level 1:colcon.colcon_core.environment:checking '/home/endika/Documents/openarm_ros2/install/openarm_bimanual_moveit_config' for CMake module files
[1.970s] Level 1:colcon.colcon_core.environment:checking '/home/endika/Documents/openarm_ros2/install/openarm_bimanual_moveit_config' for CMake config files
[1.971s] Level 1:colcon.colcon_core.shell:create_environment_hook('openarm_bimanual_moveit_config', 'cmake_prefix_path')
[1.972s] INFO:colcon.colcon_core.shell:Creating environment hook '/home/endika/Documents/openarm_ros2/install/openarm_bimanual_moveit_config/share/openarm_bimanual_moveit_config/hook/cmake_prefix_path.ps1'
[1.974s] INFO:colcon.colcon_core.shell:Creating environment descriptor '/home/endika/Documents/openarm_ros2/install/openarm_bimanual_moveit_config/share/openarm_bimanual_moveit_config/hook/cmake_prefix_path.dsv'
[1.975s] INFO:colcon.colcon_core.shell:Creating environment hook '/home/endika/Documents/openarm_ros2/install/openarm_bimanual_moveit_config/share/openarm_bimanual_moveit_config/hook/cmake_prefix_path.sh'
[1.977s] Level 1:colcon.colcon_core.environment:checking '/home/endika/Documents/openarm_ros2/install/openarm_bimanual_moveit_config/bin'
[1.978s] Level 1:colcon.colcon_core.environment:checking '/home/endika/Documents/openarm_ros2/install/openarm_bimanual_moveit_config/lib/pkgconfig/openarm_bimanual_moveit_config.pc'
[1.979s] Level 1:colcon.colcon_core.environment:checking '/home/endika/Documents/openarm_ros2/install/openarm_bimanual_moveit_config/lib/python3.10/site-packages'
[1.981s] Level 1:colcon.colcon_core.environment:checking '/home/endika/Documents/openarm_ros2/install/openarm_bimanual_moveit_config/bin'
[1.981s] INFO:colcon.colcon_core.shell:Creating package script '/home/endika/Documents/openarm_ros2/install/openarm_bimanual_moveit_config/share/openarm_bimanual_moveit_config/package.ps1'
[1.983s] INFO:colcon.colcon_core.shell:Creating package descriptor '/home/endika/Documents/openarm_ros2/install/openarm_bimanual_moveit_config/share/openarm_bimanual_moveit_config/package.dsv'
[1.985s] INFO:colcon.colcon_core.shell:Creating package script '/home/endika/Documents/openarm_ros2/install/openarm_bimanual_moveit_config/share/openarm_bimanual_moveit_config/package.sh'
[1.987s] INFO:colcon.colcon_core.shell:Creating package script '/home/endika/Documents/openarm_ros2/install/openarm_bimanual_moveit_config/share/openarm_bimanual_moveit_config/package.bash'
[1.990s] INFO:colcon.colcon_core.shell:Creating package script '/home/endika/Documents/openarm_ros2/install/openarm_bimanual_moveit_config/share/openarm_bimanual_moveit_config/package.zsh'
[1.992s] Level 1:colcon.colcon_core.environment:create_file_with_runtime_dependencies(/home/endika/Documents/openarm_ros2/install/openarm_bimanual_moveit_config/share/colcon-core/packages/openarm_bimanual_moveit_config)
[1.993s] DEBUG:colcon.colcon_parallel_executor.executor.parallel:closing loop
[1.994s] DEBUG:colcon.colcon_parallel_executor.executor.parallel:loop closed
[1.994s] DEBUG:colcon.colcon_parallel_executor.executor.parallel:run_until_complete finished with '0'
[1.995s] DEBUG:colcon.colcon_core.event_reactor:joining thread
[2.021s] INFO:colcon.colcon_core.plugin_system:Skipping extension 'colcon_notification.desktop_notification.terminal_notifier': Not used on non-Darwin systems
[2.021s] INFO:colcon.colcon_core.plugin_system:Skipping extension 'colcon_notification.desktop_notification.win32': Not used on non-Windows systems
[2.021s] INFO:colcon.colcon_notification.desktop_notification:Sending desktop notification using 'notify2'
[2.073s] DEBUG:colcon.colcon_core.event_reactor:joined thread
[2.074s] INFO:colcon.colcon_core.shell:Creating prefix script '/home/endika/Documents/openarm_ros2/install/local_setup.ps1'
[2.090s] INFO:colcon.colcon_core.shell:Creating prefix util module '/home/endika/Documents/openarm_ros2/install/_local_setup_util_ps1.py'
[2.104s] INFO:colcon.colcon_core.shell:Creating prefix chain script '/home/endika/Documents/openarm_ros2/install/setup.ps1'
[2.133s] INFO:colcon.colcon_core.shell:Creating prefix script '/home/endika/Documents/openarm_ros2/install/local_setup.sh'
[2.139s] INFO:colcon.colcon_core.shell:Creating prefix util module '/home/endika/Documents/openarm_ros2/install/_local_setup_util_sh.py'
[2.146s] INFO:colcon.colcon_core.shell:Creating prefix chain script '/home/endika/Documents/openarm_ros2/install/setup.sh'
[2.196s] INFO:colcon.colcon_core.shell:Creating prefix script '/home/endika/Documents/openarm_ros2/install/local_setup.bash'
[2.203s] INFO:colcon.colcon_core.shell:Creating prefix chain script '/home/endika/Documents/openarm_ros2/install/setup.bash'
[2.244s] INFO:colcon.colcon_core.shell:Creating prefix script '/home/endika/Documents/openarm_ros2/install/local_setup.zsh'
[2.246s] INFO:colcon.colcon_core.shell:Creating prefix chain script '/home/endika/Documents/openarm_ros2/install/setup.zsh'
