[0.899s] DEBUG:colcon:Command line arguments: ['/usr/bin/colcon', 'build', '--packages-select', 'openarm_p_p']
[0.900s] DEBUG:colcon:Parsed command line arguments: Namespace(log_base=None, log_level=None, verb_name='build', build_base='build', install_base='install', merge_install=False, symlink_install=False, test_result_base=None, continue_on_error=False, executor='parallel', parallel_workers=4, event_handlers=None, ignore_user_meta=False, metas=['./colcon.meta'], base_paths=['.'], packages_ignore=None, packages_ignore_regex=None, paths=None, packages_up_to=None, packages_up_to_regex=None, packages_above=None, packages_above_and_dependencies=None, packages_above_depth=None, packages_select_by_dep=None, packages_skip_by_dep=None, packages_skip_up_to=None, packages_select_build_failed=False, packages_skip_build_finished=False, packages_select_test_failures=False, packages_skip_test_passed=False, packages_select=['openarm_p_p'], packages_skip=None, packages_select_regex=None, packages_skip_regex=None, packages_start=None, packages_end=None, allow_overriding=[], cmake_args=None, cmake_target=None, cmake_target_skip_unavailable=False, cmake_clean_cache=False, cmake_clean_first=False, cmake_force_configure=False, ament_cmake_args=None, catkin_cmake_args=None, catkin_skip_building_tests=False, mixin_files=None, mixin=None, verb_parser=<colcon_mixin.mixin.mixin_argument.MixinArgumentDecorator object at 0x7bc8200537c0>, verb_extension=<colcon_core.verb.build.BuildVerb object at 0x7bc82000ccd0>, main=<bound method BuildVerb.main of <colcon_core.verb.build.BuildVerb object at 0x7bc82000ccd0>>, mixin_verb=('build',))
[2.600s] Level 1:colcon.colcon_core.package_discovery:discover_packages(colcon_meta) check parameters
[2.601s] Level 1:colcon.colcon_core.package_discovery:discover_packages(recursive) check parameters
[2.601s] Level 1:colcon.colcon_core.package_discovery:discover_packages(ignore) check parameters
[2.601s] Level 1:colcon.colcon_core.package_discovery:discover_packages(path) check parameters
[2.602s] Level 1:colcon.colcon_core.package_discovery:discover_packages(colcon_meta) discover
[2.602s] Level 1:colcon.colcon_core.package_discovery:discover_packages(recursive) discover
[2.602s] INFO:colcon.colcon_core.package_discovery:Crawling recursively for packages in '/home/endika/Documents/openarm_ros2'
[2.603s] Level 1:colcon.colcon_core.package_identification:_identify(.) by extensions ['ignore', 'ignore_ament_install']
[2.605s] Level 1:colcon.colcon_core.package_identification:_identify(.) by extension 'ignore'
[2.605s] Level 1:colcon.colcon_core.package_identification:_identify(.) by extension 'ignore_ament_install'
[2.606s] Level 1:colcon.colcon_core.package_identification:_identify(.) by extensions ['colcon_pkg']
[2.606s] Level 1:colcon.colcon_core.package_identification:_identify(.) by extension 'colcon_pkg'
[2.606s] Level 1:colcon.colcon_core.package_identification:_identify(.) by extensions ['colcon_meta']
[2.606s] Level 1:colcon.colcon_core.package_identification:_identify(.) by extension 'colcon_meta'
[2.607s] Level 1:colcon.colcon_core.package_identification:_identify(.) by extensions ['ros']
[2.607s] Level 1:colcon.colcon_core.package_identification:_identify(.) by extension 'ros'
[2.964s] Level 1:colcon.colcon_core.package_identification:_identify(.) by extensions ['cmake', 'python']
[2.965s] Level 1:colcon.colcon_core.package_identification:_identify(.) by extension 'cmake'
[2.967s] Level 1:colcon.colcon_core.package_identification:_identify(.) by extension 'python'
[2.971s] Level 1:colcon.colcon_core.package_identification:_identify(.) by extensions ['python_setup_py']
[2.971s] Level 1:colcon.colcon_core.package_identification:_identify(.) by extension 'python_setup_py'
[2.973s] Level 1:colcon.colcon_core.package_identification:_identify(__pycache__) by extensions ['ignore', 'ignore_ament_install']
[2.974s] Level 1:colcon.colcon_core.package_identification:_identify(__pycache__) by extension 'ignore'
[2.975s] Level 1:colcon.colcon_core.package_identification:_identify(__pycache__) by extension 'ignore_ament_install'
[2.975s] Level 1:colcon.colcon_core.package_identification:_identify(__pycache__) by extensions ['colcon_pkg']
[2.975s] Level 1:colcon.colcon_core.package_identification:_identify(__pycache__) by extension 'colcon_pkg'
[2.975s] Level 1:colcon.colcon_core.package_identification:_identify(__pycache__) by extensions ['colcon_meta']
[2.978s] Level 1:colcon.colcon_core.package_identification:_identify(__pycache__) by extension 'colcon_meta'
[2.979s] Level 1:colcon.colcon_core.package_identification:_identify(__pycache__) by extensions ['ros']
[2.980s] Level 1:colcon.colcon_core.package_identification:_identify(__pycache__) by extension 'ros'
[2.986s] Level 1:colcon.colcon_core.package_identification:_identify(__pycache__) by extensions ['cmake', 'python']
[2.987s] Level 1:colcon.colcon_core.package_identification:_identify(__pycache__) by extension 'cmake'
[2.993s] Level 1:colcon.colcon_core.package_identification:_identify(__pycache__) by extension 'python'
[2.996s] Level 1:colcon.colcon_core.package_identification:_identify(__pycache__) by extensions ['python_setup_py']
[2.997s] Level 1:colcon.colcon_core.package_identification:_identify(__pycache__) by extension 'python_setup_py'
[3.001s] Level 1:colcon.colcon_core.package_identification:_identify(build) by extensions ['ignore', 'ignore_ament_install']
[3.002s] Level 1:colcon.colcon_core.package_identification:_identify(build) by extension 'ignore'
[3.002s] Level 1:colcon.colcon_core.package_identification:_identify(build) ignored
[3.008s] Level 1:colcon.colcon_core.package_identification:_identify(dev) by extensions ['ignore', 'ignore_ament_install']
[3.012s] Level 1:colcon.colcon_core.package_identification:_identify(dev) by extension 'ignore'
[3.014s] Level 1:colcon.colcon_core.package_identification:_identify(dev) by extension 'ignore_ament_install'
[3.016s] Level 1:colcon.colcon_core.package_identification:_identify(dev) by extensions ['colcon_pkg']
[3.018s] Level 1:colcon.colcon_core.package_identification:_identify(dev) by extension 'colcon_pkg'
[3.019s] Level 1:colcon.colcon_core.package_identification:_identify(dev) by extensions ['colcon_meta']
[3.020s] Level 1:colcon.colcon_core.package_identification:_identify(dev) by extension 'colcon_meta'
[3.024s] Level 1:colcon.colcon_core.package_identification:_identify(dev) by extensions ['ros']
[3.025s] Level 1:colcon.colcon_core.package_identification:_identify(dev) by extension 'ros'
[3.028s] Level 1:colcon.colcon_core.package_identification:_identify(dev) by extensions ['cmake', 'python']
[3.029s] Level 1:colcon.colcon_core.package_identification:_identify(dev) by extension 'cmake'
[3.030s] Level 1:colcon.colcon_core.package_identification:_identify(dev) by extension 'python'
[3.030s] Level 1:colcon.colcon_core.package_identification:_identify(dev) by extensions ['python_setup_py']
[3.031s] Level 1:colcon.colcon_core.package_identification:_identify(dev) by extension 'python_setup_py'
[3.035s] Level 1:colcon.colcon_core.package_identification:_identify(install) by extensions ['ignore', 'ignore_ament_install']
[3.037s] Level 1:colcon.colcon_core.package_identification:_identify(install) by extension 'ignore'
[3.037s] Level 1:colcon.colcon_core.package_identification:_identify(install) ignored
[3.043s] Level 1:colcon.colcon_core.package_identification:_identify(log) by extensions ['ignore', 'ignore_ament_install']
[3.044s] Level 1:colcon.colcon_core.package_identification:_identify(log) by extension 'ignore'
[3.047s] Level 1:colcon.colcon_core.package_identification:_identify(log) ignored
[3.048s] Level 1:colcon.colcon_core.package_identification:_identify(openarm) by extensions ['ignore', 'ignore_ament_install']
[3.049s] Level 1:colcon.colcon_core.package_identification:_identify(openarm) by extension 'ignore'
[3.049s] Level 1:colcon.colcon_core.package_identification:_identify(openarm) by extension 'ignore_ament_install'
[3.055s] Level 1:colcon.colcon_core.package_identification:_identify(openarm) by extensions ['colcon_pkg']
[3.055s] Level 1:colcon.colcon_core.package_identification:_identify(openarm) by extension 'colcon_pkg'
[3.056s] Level 1:colcon.colcon_core.package_identification:_identify(openarm) by extensions ['colcon_meta']
[3.059s] Level 1:colcon.colcon_core.package_identification:_identify(openarm) by extension 'colcon_meta'
[3.061s] Level 1:colcon.colcon_core.package_identification:_identify(openarm) by extensions ['ros']
[3.061s] Level 1:colcon.colcon_core.package_identification:_identify(openarm) by extension 'ros'
[3.092s] DEBUG:colcon.colcon_core.package_identification:Package 'openarm' with type 'ros.ament_cmake' and name 'openarm'
[3.095s] Level 1:colcon.colcon_core.package_identification:_identify(openarm_bimanual_moveit_config) by extensions ['ignore', 'ignore_ament_install']
[3.101s] Level 1:colcon.colcon_core.package_identification:_identify(openarm_bimanual_moveit_config) by extension 'ignore'
[3.102s] Level 1:colcon.colcon_core.package_identification:_identify(openarm_bimanual_moveit_config) by extension 'ignore_ament_install'
[3.103s] Level 1:colcon.colcon_core.package_identification:_identify(openarm_bimanual_moveit_config) by extensions ['colcon_pkg']
[3.104s] Level 1:colcon.colcon_core.package_identification:_identify(openarm_bimanual_moveit_config) by extension 'colcon_pkg'
[3.104s] Level 1:colcon.colcon_core.package_identification:_identify(openarm_bimanual_moveit_config) by extensions ['colcon_meta']
[3.108s] Level 1:colcon.colcon_core.package_identification:_identify(openarm_bimanual_moveit_config) by extension 'colcon_meta'
[3.109s] Level 1:colcon.colcon_core.package_identification:_identify(openarm_bimanual_moveit_config) by extensions ['ros']
[3.109s] Level 1:colcon.colcon_core.package_identification:_identify(openarm_bimanual_moveit_config) by extension 'ros'
[3.131s] DEBUG:colcon.colcon_core.package_identification:Package 'openarm_bimanual_moveit_config' with type 'ros.ament_cmake' and name 'openarm_bimanual_moveit_config'
[3.137s] Level 1:colcon.colcon_core.package_identification:_identify(openarm_bringup) by extensions ['ignore', 'ignore_ament_install']
[3.138s] Level 1:colcon.colcon_core.package_identification:_identify(openarm_bringup) by extension 'ignore'
[3.146s] Level 1:colcon.colcon_core.package_identification:_identify(openarm_bringup) by extension 'ignore_ament_install'
[3.147s] Level 1:colcon.colcon_core.package_identification:_identify(openarm_bringup) by extensions ['colcon_pkg']
[3.147s] Level 1:colcon.colcon_core.package_identification:_identify(openarm_bringup) by extension 'colcon_pkg'
[3.148s] Level 1:colcon.colcon_core.package_identification:_identify(openarm_bringup) by extensions ['colcon_meta']
[3.148s] Level 1:colcon.colcon_core.package_identification:_identify(openarm_bringup) by extension 'colcon_meta'
[3.151s] Level 1:colcon.colcon_core.package_identification:_identify(openarm_bringup) by extensions ['ros']
[3.152s] Level 1:colcon.colcon_core.package_identification:_identify(openarm_bringup) by extension 'ros'
[3.168s] DEBUG:colcon.colcon_core.package_identification:Package 'openarm_bringup' with type 'ros.ament_cmake' and name 'openarm_bringup'
[3.170s] Level 1:colcon.colcon_core.package_identification:_identify(openarm_can) by extensions ['ignore', 'ignore_ament_install']
[3.173s] Level 1:colcon.colcon_core.package_identification:_identify(openarm_can) by extension 'ignore'
[3.174s] Level 1:colcon.colcon_core.package_identification:_identify(openarm_can) by extension 'ignore_ament_install'
[3.175s] Level 1:colcon.colcon_core.package_identification:_identify(openarm_can) by extensions ['colcon_pkg']
[3.176s] Level 1:colcon.colcon_core.package_identification:_identify(openarm_can) by extension 'colcon_pkg'
[3.177s] Level 1:colcon.colcon_core.package_identification:_identify(openarm_can) by extensions ['colcon_meta']
[3.182s] Level 1:colcon.colcon_core.package_identification:_identify(openarm_can) by extension 'colcon_meta'
[3.183s] Level 1:colcon.colcon_core.package_identification:_identify(openarm_can) by extensions ['ros']
[3.183s] Level 1:colcon.colcon_core.package_identification:_identify(openarm_can) by extension 'ros'
[3.184s] Level 1:colcon.colcon_core.package_identification:_identify(openarm_can) by extensions ['cmake', 'python']
[3.184s] Level 1:colcon.colcon_core.package_identification:_identify(openarm_can) by extension 'cmake'
[3.271s] Level 1:colcon.colcon_core.package_identification:_identify(openarm_can) by extension 'python'
[3.272s] DEBUG:colcon.colcon_core.package_identification:Package 'openarm_can' with type 'cmake' and name 'openarm_can'
[3.273s] Level 1:colcon.colcon_core.package_identification:_identify(openarm_description) by extensions ['ignore', 'ignore_ament_install']
[3.273s] Level 1:colcon.colcon_core.package_identification:_identify(openarm_description) by extension 'ignore'
[3.274s] Level 1:colcon.colcon_core.package_identification:_identify(openarm_description) by extension 'ignore_ament_install'
[3.274s] Level 1:colcon.colcon_core.package_identification:_identify(openarm_description) by extensions ['colcon_pkg']
[3.274s] Level 1:colcon.colcon_core.package_identification:_identify(openarm_description) by extension 'colcon_pkg'
[3.275s] Level 1:colcon.colcon_core.package_identification:_identify(openarm_description) by extensions ['colcon_meta']
[3.275s] Level 1:colcon.colcon_core.package_identification:_identify(openarm_description) by extension 'colcon_meta'
[3.275s] Level 1:colcon.colcon_core.package_identification:_identify(openarm_description) by extensions ['ros']
[3.275s] Level 1:colcon.colcon_core.package_identification:_identify(openarm_description) by extension 'ros'
[3.286s] DEBUG:colcon.colcon_core.package_identification:Package 'openarm_description' with type 'ros.ament_cmake' and name 'openarm_description'
[3.288s] Level 1:colcon.colcon_core.package_identification:_identify(openarm_hardware) by extensions ['ignore', 'ignore_ament_install']
[3.290s] Level 1:colcon.colcon_core.package_identification:_identify(openarm_hardware) by extension 'ignore'
[3.291s] Level 1:colcon.colcon_core.package_identification:_identify(openarm_hardware) by extension 'ignore_ament_install'
[3.292s] Level 1:colcon.colcon_core.package_identification:_identify(openarm_hardware) by extensions ['colcon_pkg']
[3.293s] Level 1:colcon.colcon_core.package_identification:_identify(openarm_hardware) by extension 'colcon_pkg'
[3.294s] Level 1:colcon.colcon_core.package_identification:_identify(openarm_hardware) by extensions ['colcon_meta']
[3.294s] Level 1:colcon.colcon_core.package_identification:_identify(openarm_hardware) by extension 'colcon_meta'
[3.295s] Level 1:colcon.colcon_core.package_identification:_identify(openarm_hardware) by extensions ['ros']
[3.295s] Level 1:colcon.colcon_core.package_identification:_identify(openarm_hardware) by extension 'ros'
[3.302s] DEBUG:colcon.colcon_core.package_identification:Package 'openarm_hardware' with type 'ros.ament_cmake' and name 'openarm_hardware'
[3.304s] Level 1:colcon.colcon_core.package_identification:_identify(openarm_moveit) by extensions ['ignore', 'ignore_ament_install']
[3.305s] Level 1:colcon.colcon_core.package_identification:_identify(openarm_moveit) by extension 'ignore'
[3.306s] Level 1:colcon.colcon_core.package_identification:_identify(openarm_moveit) by extension 'ignore_ament_install'
[3.306s] Level 1:colcon.colcon_core.package_identification:_identify(openarm_moveit) by extensions ['colcon_pkg']
[3.308s] Level 1:colcon.colcon_core.package_identification:_identify(openarm_moveit) by extension 'colcon_pkg'
[3.309s] Level 1:colcon.colcon_core.package_identification:_identify(openarm_moveit) by extensions ['colcon_meta']
[3.309s] Level 1:colcon.colcon_core.package_identification:_identify(openarm_moveit) by extension 'colcon_meta'
[3.310s] Level 1:colcon.colcon_core.package_identification:_identify(openarm_moveit) by extensions ['ros']
[3.310s] Level 1:colcon.colcon_core.package_identification:_identify(openarm_moveit) by extension 'ros'
[3.310s] Level 1:colcon.colcon_core.package_identification:_identify(openarm_moveit) by extensions ['cmake', 'python']
[3.312s] Level 1:colcon.colcon_core.package_identification:_identify(openarm_moveit) by extension 'cmake'
[3.312s] Level 1:colcon.colcon_core.package_identification:_identify(openarm_moveit) by extension 'python'
[3.313s] Level 1:colcon.colcon_core.package_identification:_identify(openarm_moveit) by extensions ['python_setup_py']
[3.313s] Level 1:colcon.colcon_core.package_identification:_identify(openarm_moveit) by extension 'python_setup_py'
[3.314s] Level 1:colcon.colcon_core.package_identification:_identify(openarm_moveit/config) by extensions ['ignore', 'ignore_ament_install']
[3.314s] Level 1:colcon.colcon_core.package_identification:_identify(openarm_moveit/config) by extension 'ignore'
[3.315s] Level 1:colcon.colcon_core.package_identification:_identify(openarm_moveit/config) by extension 'ignore_ament_install'
[3.315s] Level 1:colcon.colcon_core.package_identification:_identify(openarm_moveit/config) by extensions ['colcon_pkg']
[3.316s] Level 1:colcon.colcon_core.package_identification:_identify(openarm_moveit/config) by extension 'colcon_pkg'
[3.317s] Level 1:colcon.colcon_core.package_identification:_identify(openarm_moveit/config) by extensions ['colcon_meta']
[3.317s] Level 1:colcon.colcon_core.package_identification:_identify(openarm_moveit/config) by extension 'colcon_meta'
[3.317s] Level 1:colcon.colcon_core.package_identification:_identify(openarm_moveit/config) by extensions ['ros']
[3.318s] Level 1:colcon.colcon_core.package_identification:_identify(openarm_moveit/config) by extension 'ros'
[3.319s] Level 1:colcon.colcon_core.package_identification:_identify(openarm_moveit/config) by extensions ['cmake', 'python']
[3.320s] Level 1:colcon.colcon_core.package_identification:_identify(openarm_moveit/config) by extension 'cmake'
[3.320s] Level 1:colcon.colcon_core.package_identification:_identify(openarm_moveit/config) by extension 'python'
[3.321s] Level 1:colcon.colcon_core.package_identification:_identify(openarm_moveit/config) by extensions ['python_setup_py']
[3.321s] Level 1:colcon.colcon_core.package_identification:_identify(openarm_moveit/config) by extension 'python_setup_py'
[3.322s] Level 1:colcon.colcon_core.package_identification:_identify(openarm_moveit/config/launch) by extensions ['ignore', 'ignore_ament_install']
[3.323s] Level 1:colcon.colcon_core.package_identification:_identify(openarm_moveit/config/launch) by extension 'ignore'
[3.324s] Level 1:colcon.colcon_core.package_identification:_identify(openarm_moveit/config/launch) by extension 'ignore_ament_install'
[3.324s] Level 1:colcon.colcon_core.package_identification:_identify(openarm_moveit/config/launch) by extensions ['colcon_pkg']
[3.325s] Level 1:colcon.colcon_core.package_identification:_identify(openarm_moveit/config/launch) by extension 'colcon_pkg'
[3.325s] Level 1:colcon.colcon_core.package_identification:_identify(openarm_moveit/config/launch) by extensions ['colcon_meta']
[3.325s] Level 1:colcon.colcon_core.package_identification:_identify(openarm_moveit/config/launch) by extension 'colcon_meta'
[3.326s] Level 1:colcon.colcon_core.package_identification:_identify(openarm_moveit/config/launch) by extensions ['ros']
[3.326s] Level 1:colcon.colcon_core.package_identification:_identify(openarm_moveit/config/launch) by extension 'ros'
[3.327s] Level 1:colcon.colcon_core.package_identification:_identify(openarm_moveit/config/launch) by extensions ['cmake', 'python']
[3.327s] Level 1:colcon.colcon_core.package_identification:_identify(openarm_moveit/config/launch) by extension 'cmake'
[3.327s] Level 1:colcon.colcon_core.package_identification:_identify(openarm_moveit/config/launch) by extension 'python'
[3.328s] Level 1:colcon.colcon_core.package_identification:_identify(openarm_moveit/config/launch) by extensions ['python_setup_py']
[3.328s] Level 1:colcon.colcon_core.package_identification:_identify(openarm_moveit/config/launch) by extension 'python_setup_py'
[3.328s] Level 1:colcon.colcon_core.package_identification:_identify(openarm_p_p) by extensions ['ignore', 'ignore_ament_install']
[3.330s] Level 1:colcon.colcon_core.package_identification:_identify(openarm_p_p) by extension 'ignore'
[3.330s] Level 1:colcon.colcon_core.package_identification:_identify(openarm_p_p) by extension 'ignore_ament_install'
[3.335s] Level 1:colcon.colcon_core.package_identification:_identify(openarm_p_p) by extensions ['colcon_pkg']
[3.336s] Level 1:colcon.colcon_core.package_identification:_identify(openarm_p_p) by extension 'colcon_pkg'
[3.338s] Level 1:colcon.colcon_core.package_identification:_identify(openarm_p_p) by extensions ['colcon_meta']
[3.338s] Level 1:colcon.colcon_core.package_identification:_identify(openarm_p_p) by extension 'colcon_meta'
[3.339s] Level 1:colcon.colcon_core.package_identification:_identify(openarm_p_p) by extensions ['ros']
[3.341s] Level 1:colcon.colcon_core.package_identification:_identify(openarm_p_p) by extension 'ros'
[3.352s] DEBUG:colcon.colcon_core.package_identification:Package 'openarm_p_p' with type 'ros.ament_cmake' and name 'openarm_p_p'
[3.353s] Level 1:colcon.colcon_core.package_discovery:discover_packages(recursive) using defaults
[3.354s] Level 1:colcon.colcon_core.package_discovery:discover_packages(ignore) discover
[3.355s] Level 1:colcon.colcon_core.package_discovery:discover_packages(ignore) using defaults
[3.356s] Level 1:colcon.colcon_core.package_discovery:discover_packages(path) discover
[3.356s] Level 1:colcon.colcon_core.package_discovery:discover_packages(path) using defaults
[3.507s] INFO:colcon.colcon_core.package_selection:Skipping not selected package 'openarm_bringup' in 'openarm_bringup'
[3.508s] INFO:colcon.colcon_core.package_selection:Skipping not selected package 'openarm_can' in 'openarm_can'
[3.508s] INFO:colcon.colcon_core.package_selection:Skipping not selected package 'openarm_description' in 'openarm_description'
[3.508s] INFO:colcon.colcon_core.package_selection:Skipping not selected package 'openarm_hardware' in 'openarm_hardware'
[3.509s] INFO:colcon.colcon_core.package_selection:Skipping not selected package 'openarm' in 'openarm'
[3.509s] INFO:colcon.colcon_core.package_selection:Skipping not selected package 'openarm_bimanual_moveit_config' in 'openarm_bimanual_moveit_config'
[3.510s] Level 1:colcon.colcon_core.package_discovery:discover_packages(prefix_path) check parameters
[3.511s] Level 1:colcon.colcon_core.package_discovery:discover_packages(prefix_path) discover
[3.538s] DEBUG:colcon.colcon_installed_package_information.package_discovery:Found 7 installed packages in /home/endika/Documents/openarm_ros2/install
[3.552s] DEBUG:colcon.colcon_installed_package_information.package_discovery:Found 55 installed packages in /home/endika/ws_moveit2/install
[3.563s] DEBUG:colcon.colcon_installed_package_information.package_discovery:Found 371 installed packages in /opt/ros/humble
[3.579s] Level 1:colcon.colcon_core.package_discovery:discover_packages(prefix_path) using defaults
[3.930s] Level 5:colcon.colcon_core.verb:set package 'openarm_p_p' build argument 'cmake_args' from command line to 'None'
[3.931s] Level 5:colcon.colcon_core.verb:set package 'openarm_p_p' build argument 'cmake_target' from command line to 'None'
[3.933s] Level 5:colcon.colcon_core.verb:set package 'openarm_p_p' build argument 'cmake_target_skip_unavailable' from command line to 'False'
[3.933s] Level 5:colcon.colcon_core.verb:set package 'openarm_p_p' build argument 'cmake_clean_cache' from command line to 'False'
[3.933s] Level 5:colcon.colcon_core.verb:set package 'openarm_p_p' build argument 'cmake_clean_first' from command line to 'False'
[3.934s] Level 5:colcon.colcon_core.verb:set package 'openarm_p_p' build argument 'cmake_force_configure' from command line to 'False'
[3.934s] Level 5:colcon.colcon_core.verb:set package 'openarm_p_p' build argument 'ament_cmake_args' from command line to 'None'
[3.934s] Level 5:colcon.colcon_core.verb:set package 'openarm_p_p' build argument 'catkin_cmake_args' from command line to 'None'
[3.934s] Level 5:colcon.colcon_core.verb:set package 'openarm_p_p' build argument 'catkin_skip_building_tests' from command line to 'False'
[3.936s] DEBUG:colcon.colcon_core.verb:Building package 'openarm_p_p' with the following arguments: {'ament_cmake_args': None, 'build_base': '/home/endika/Documents/openarm_ros2/build/openarm_p_p', 'catkin_cmake_args': None, 'catkin_skip_building_tests': False, 'cmake_args': None, 'cmake_clean_cache': False, 'cmake_clean_first': False, 'cmake_force_configure': False, 'cmake_target': None, 'cmake_target_skip_unavailable': False, 'install_base': '/home/endika/Documents/openarm_ros2/install/openarm_p_p', 'merge_install': False, 'path': '/home/endika/Documents/openarm_ros2/openarm_p_p', 'symlink_install': False, 'test_result_base': None}
[3.937s] INFO:colcon.colcon_core.executor:Executing jobs using 'parallel' executor
[3.947s] DEBUG:colcon.colcon_parallel_executor.executor.parallel:run_until_complete
[3.951s] INFO:colcon.colcon_ros.task.ament_cmake.build:Building ROS package in '/home/endika/Documents/openarm_ros2/openarm_p_p' with build type 'ament_cmake'
[3.952s] INFO:colcon.colcon_cmake.task.cmake.build:Building CMake package in '/home/endika/Documents/openarm_ros2/openarm_p_p'
[3.964s] INFO:colcon.colcon_core.plugin_system:Skipping extension 'colcon_core.shell.bat': Not used on non-Windows systems
[3.965s] INFO:colcon.colcon_core.shell:Skip shell extension 'powershell' for command environment: Not usable outside of PowerShell
[3.966s] DEBUG:colcon.colcon_core.shell:Skip shell extension 'dsv' for command environment
[4.092s] DEBUG:colcon.colcon_core.event_handler.log_command:Invoking command in '/home/endika/Documents/openarm_ros2/build/openarm_p_p': CMAKE_PREFIX_PATH=${CMAKE_PREFIX_PATH}:/home/endika/ws_moveit2/install/moveit_configs_utils:/home/endika/ws_moveit2/install/launch_param_builder:/opt/ros/humble /usr/bin/cmake --build /home/endika/Documents/openarm_ros2/build/openarm_p_p -- -j4 -l4
[57.645s] DEBUG:colcon.colcon_core.event_handler.log_command:Invoked command in '/home/endika/Documents/openarm_ros2/build/openarm_p_p' returned '2': CMAKE_PREFIX_PATH=${CMAKE_PREFIX_PATH}:/home/endika/ws_moveit2/install/moveit_configs_utils:/home/endika/ws_moveit2/install/launch_param_builder:/opt/ros/humble /usr/bin/cmake --build /home/endika/Documents/openarm_ros2/build/openarm_p_p -- -j4 -l4
[57.646s] Level 1:colcon.colcon_core.environment:create_environment_scripts_only(openarm_p_p)
[57.656s] Level 1:colcon.colcon_core.environment:checking '/home/endika/Documents/openarm_ros2/install/openarm_p_p' for CMake module files
[57.660s] Level 1:colcon.colcon_core.environment:checking '/home/endika/Documents/openarm_ros2/install/openarm_p_p' for CMake config files
[57.662s] Level 1:colcon.colcon_core.shell:create_environment_hook('openarm_p_p', 'cmake_prefix_path')
[57.664s] INFO:colcon.colcon_core.shell:Creating environment hook '/home/endika/Documents/openarm_ros2/install/openarm_p_p/share/openarm_p_p/hook/cmake_prefix_path.ps1'
[57.670s] INFO:colcon.colcon_core.shell:Creating environment descriptor '/home/endika/Documents/openarm_ros2/install/openarm_p_p/share/openarm_p_p/hook/cmake_prefix_path.dsv'
[57.672s] INFO:colcon.colcon_core.shell:Creating environment hook '/home/endika/Documents/openarm_ros2/install/openarm_p_p/share/openarm_p_p/hook/cmake_prefix_path.sh'
[57.676s] Level 1:colcon.colcon_core.environment:checking '/home/endika/Documents/openarm_ros2/install/openarm_p_p/lib'
[57.678s] Level 1:colcon.colcon_core.environment:checking '/home/endika/Documents/openarm_ros2/install/openarm_p_p/bin'
[57.678s] Level 1:colcon.colcon_core.environment:checking '/home/endika/Documents/openarm_ros2/install/openarm_p_p/lib/pkgconfig/openarm_p_p.pc'
[57.679s] Level 1:colcon.colcon_core.environment:checking '/home/endika/Documents/openarm_ros2/install/openarm_p_p/lib/python3.10/site-packages'
[57.680s] Level 1:colcon.colcon_core.environment:checking '/home/endika/Documents/openarm_ros2/install/openarm_p_p/bin'
[57.681s] INFO:colcon.colcon_core.shell:Creating package script '/home/endika/Documents/openarm_ros2/install/openarm_p_p/share/openarm_p_p/package.ps1'
[57.684s] INFO:colcon.colcon_core.shell:Creating package descriptor '/home/endika/Documents/openarm_ros2/install/openarm_p_p/share/openarm_p_p/package.dsv'
[57.687s] INFO:colcon.colcon_core.shell:Creating package script '/home/endika/Documents/openarm_ros2/install/openarm_p_p/share/openarm_p_p/package.sh'
[57.692s] INFO:colcon.colcon_core.shell:Creating package script '/home/endika/Documents/openarm_ros2/install/openarm_p_p/share/openarm_p_p/package.bash'
[57.694s] INFO:colcon.colcon_core.shell:Creating package script '/home/endika/Documents/openarm_ros2/install/openarm_p_p/share/openarm_p_p/package.zsh'
[57.697s] Level 1:colcon.colcon_core.environment:create_file_with_runtime_dependencies(/home/endika/Documents/openarm_ros2/install/openarm_p_p/share/colcon-core/packages/openarm_p_p)
[57.708s] DEBUG:colcon.colcon_parallel_executor.executor.parallel:closing loop
[57.709s] DEBUG:colcon.colcon_parallel_executor.executor.parallel:loop closed
[57.709s] DEBUG:colcon.colcon_parallel_executor.executor.parallel:run_until_complete finished with '2'
[57.710s] DEBUG:colcon.colcon_core.event_reactor:joining thread
[57.730s] INFO:colcon.colcon_core.plugin_system:Skipping extension 'colcon_notification.desktop_notification.terminal_notifier': Not used on non-Darwin systems
[57.731s] INFO:colcon.colcon_core.plugin_system:Skipping extension 'colcon_notification.desktop_notification.win32': Not used on non-Windows systems
[57.731s] INFO:colcon.colcon_notification.desktop_notification:Sending desktop notification using 'notify2'
[57.773s] DEBUG:colcon.colcon_core.event_reactor:joined thread
[57.774s] INFO:colcon.colcon_core.shell:Creating prefix script '/home/endika/Documents/openarm_ros2/install/local_setup.ps1'
[57.777s] INFO:colcon.colcon_core.shell:Creating prefix util module '/home/endika/Documents/openarm_ros2/install/_local_setup_util_ps1.py'
[57.784s] INFO:colcon.colcon_core.shell:Creating prefix chain script '/home/endika/Documents/openarm_ros2/install/setup.ps1'
[57.794s] INFO:colcon.colcon_core.shell:Creating prefix script '/home/endika/Documents/openarm_ros2/install/local_setup.sh'
[57.798s] INFO:colcon.colcon_core.shell:Creating prefix util module '/home/endika/Documents/openarm_ros2/install/_local_setup_util_sh.py'
[57.802s] INFO:colcon.colcon_core.shell:Creating prefix chain script '/home/endika/Documents/openarm_ros2/install/setup.sh'
[57.817s] INFO:colcon.colcon_core.shell:Creating prefix script '/home/endika/Documents/openarm_ros2/install/local_setup.bash'
[57.822s] INFO:colcon.colcon_core.shell:Creating prefix chain script '/home/endika/Documents/openarm_ros2/install/setup.bash'
[57.838s] INFO:colcon.colcon_core.shell:Creating prefix script '/home/endika/Documents/openarm_ros2/install/local_setup.zsh'
[57.842s] INFO:colcon.colcon_core.shell:Creating prefix chain script '/home/endika/Documents/openarm_ros2/install/setup.zsh'
