[0.615s] DEBUG:colcon:Command line arguments: ['/usr/bin/colcon', 'build', '--packages-select', 'openarm_p_p']
[0.615s] DEBUG:colcon:Parsed command line arguments: Namespace(log_base=None, log_level=None, verb_name='build', build_base='build', install_base='install', merge_install=False, symlink_install=False, test_result_base=None, continue_on_error=False, executor='parallel', parallel_workers=4, event_handlers=None, ignore_user_meta=False, metas=['./colcon.meta'], base_paths=['.'], packages_ignore=None, packages_ignore_regex=None, paths=None, packages_up_to=None, packages_up_to_regex=None, packages_above=None, packages_above_and_dependencies=None, packages_above_depth=None, packages_select_by_dep=None, packages_skip_by_dep=None, packages_skip_up_to=None, packages_select_build_failed=False, packages_skip_build_finished=False, packages_select_test_failures=False, packages_skip_test_passed=False, packages_select=['openarm_p_p'], packages_skip=None, packages_select_regex=None, packages_skip_regex=None, packages_start=None, packages_end=None, allow_overriding=[], cmake_args=None, cmake_target=None, cmake_target_skip_unavailable=False, cmake_clean_cache=False, cmake_clean_first=False, cmake_force_configure=False, ament_cmake_args=None, catkin_cmake_args=None, catkin_skip_building_tests=False, mixin_files=None, mixin=None, verb_parser=<colcon_mixin.mixin.mixin_argument.MixinArgumentDecorator object at 0x7894103528c0>, verb_extension=<colcon_core.verb.build.BuildVerb object at 0x7894104d3550>, main=<bound method BuildVerb.main of <colcon_core.verb.build.BuildVerb object at 0x7894104d3550>>, mixin_verb=('build',))
[2.572s] Level 1:colcon.colcon_core.package_discovery:discover_packages(colcon_meta) check parameters
[2.576s] Level 1:colcon.colcon_core.package_discovery:discover_packages(recursive) check parameters
[2.577s] Level 1:colcon.colcon_core.package_discovery:discover_packages(ignore) check parameters
[2.578s] Level 1:colcon.colcon_core.package_discovery:discover_packages(path) check parameters
[2.579s] Level 1:colcon.colcon_core.package_discovery:discover_packages(colcon_meta) discover
[2.579s] Level 1:colcon.colcon_core.package_discovery:discover_packages(recursive) discover
[2.580s] INFO:colcon.colcon_core.package_discovery:Crawling recursively for packages in '/home/endika/Documents/openarm_ros2'
[2.582s] Level 1:colcon.colcon_core.package_identification:_identify(.) by extensions ['ignore', 'ignore_ament_install']
[2.584s] Level 1:colcon.colcon_core.package_identification:_identify(.) by extension 'ignore'
[2.585s] Level 1:colcon.colcon_core.package_identification:_identify(.) by extension 'ignore_ament_install'
[2.586s] Level 1:colcon.colcon_core.package_identification:_identify(.) by extensions ['colcon_pkg']
[2.587s] Level 1:colcon.colcon_core.package_identification:_identify(.) by extension 'colcon_pkg'
[2.593s] Level 1:colcon.colcon_core.package_identification:_identify(.) by extensions ['colcon_meta']
[2.594s] Level 1:colcon.colcon_core.package_identification:_identify(.) by extension 'colcon_meta'
[2.595s] Level 1:colcon.colcon_core.package_identification:_identify(.) by extensions ['ros']
[2.595s] Level 1:colcon.colcon_core.package_identification:_identify(.) by extension 'ros'
[2.697s] Level 1:colcon.colcon_core.package_identification:_identify(.) by extensions ['cmake', 'python']
[2.698s] Level 1:colcon.colcon_core.package_identification:_identify(.) by extension 'cmake'
[2.699s] Level 1:colcon.colcon_core.package_identification:_identify(.) by extension 'python'
[2.700s] Level 1:colcon.colcon_core.package_identification:_identify(.) by extensions ['python_setup_py']
[2.701s] Level 1:colcon.colcon_core.package_identification:_identify(.) by extension 'python_setup_py'
[2.703s] Level 1:colcon.colcon_core.package_identification:_identify(build) by extensions ['ignore', 'ignore_ament_install']
[2.705s] Level 1:colcon.colcon_core.package_identification:_identify(build) by extension 'ignore'
[2.705s] Level 1:colcon.colcon_core.package_identification:_identify(build) ignored
[2.708s] Level 1:colcon.colcon_core.package_identification:_identify(dev) by extensions ['ignore', 'ignore_ament_install']
[2.710s] Level 1:colcon.colcon_core.package_identification:_identify(dev) by extension 'ignore'
[2.712s] Level 1:colcon.colcon_core.package_identification:_identify(dev) by extension 'ignore_ament_install'
[2.713s] Level 1:colcon.colcon_core.package_identification:_identify(dev) by extensions ['colcon_pkg']
[2.713s] Level 1:colcon.colcon_core.package_identification:_identify(dev) by extension 'colcon_pkg'
[2.714s] Level 1:colcon.colcon_core.package_identification:_identify(dev) by extensions ['colcon_meta']
[2.714s] Level 1:colcon.colcon_core.package_identification:_identify(dev) by extension 'colcon_meta'
[2.714s] Level 1:colcon.colcon_core.package_identification:_identify(dev) by extensions ['ros']
[2.715s] Level 1:colcon.colcon_core.package_identification:_identify(dev) by extension 'ros'
[2.716s] Level 1:colcon.colcon_core.package_identification:_identify(dev) by extensions ['cmake', 'python']
[2.717s] Level 1:colcon.colcon_core.package_identification:_identify(dev) by extension 'cmake'
[2.718s] Level 1:colcon.colcon_core.package_identification:_identify(dev) by extension 'python'
[2.718s] Level 1:colcon.colcon_core.package_identification:_identify(dev) by extensions ['python_setup_py']
[2.718s] Level 1:colcon.colcon_core.package_identification:_identify(dev) by extension 'python_setup_py'
[2.720s] Level 1:colcon.colcon_core.package_identification:_identify(install) by extensions ['ignore', 'ignore_ament_install']
[2.721s] Level 1:colcon.colcon_core.package_identification:_identify(install) by extension 'ignore'
[2.722s] Level 1:colcon.colcon_core.package_identification:_identify(install) ignored
[2.723s] Level 1:colcon.colcon_core.package_identification:_identify(log) by extensions ['ignore', 'ignore_ament_install']
[2.725s] Level 1:colcon.colcon_core.package_identification:_identify(log) by extension 'ignore'
[2.726s] Level 1:colcon.colcon_core.package_identification:_identify(log) ignored
[2.727s] Level 1:colcon.colcon_core.package_identification:_identify(openarm) by extensions ['ignore', 'ignore_ament_install']
[2.732s] Level 1:colcon.colcon_core.package_identification:_identify(openarm) by extension 'ignore'
[2.736s] Level 1:colcon.colcon_core.package_identification:_identify(openarm) by extension 'ignore_ament_install'
[2.737s] Level 1:colcon.colcon_core.package_identification:_identify(openarm) by extensions ['colcon_pkg']
[2.740s] Level 1:colcon.colcon_core.package_identification:_identify(openarm) by extension 'colcon_pkg'
[2.740s] Level 1:colcon.colcon_core.package_identification:_identify(openarm) by extensions ['colcon_meta']
[2.741s] Level 1:colcon.colcon_core.package_identification:_identify(openarm) by extension 'colcon_meta'
[2.742s] Level 1:colcon.colcon_core.package_identification:_identify(openarm) by extensions ['ros']
[2.742s] Level 1:colcon.colcon_core.package_identification:_identify(openarm) by extension 'ros'
[2.781s] DEBUG:colcon.colcon_core.package_identification:Package 'openarm' with type 'ros.ament_cmake' and name 'openarm'
[2.782s] Level 1:colcon.colcon_core.package_identification:_identify(openarm_bimanual_moveit_config) by extensions ['ignore', 'ignore_ament_install']
[2.787s] Level 1:colcon.colcon_core.package_identification:_identify(openarm_bimanual_moveit_config) by extension 'ignore'
[2.789s] Level 1:colcon.colcon_core.package_identification:_identify(openarm_bimanual_moveit_config) by extension 'ignore_ament_install'
[2.791s] Level 1:colcon.colcon_core.package_identification:_identify(openarm_bimanual_moveit_config) by extensions ['colcon_pkg']
[2.792s] Level 1:colcon.colcon_core.package_identification:_identify(openarm_bimanual_moveit_config) by extension 'colcon_pkg'
[2.792s] Level 1:colcon.colcon_core.package_identification:_identify(openarm_bimanual_moveit_config) by extensions ['colcon_meta']
[2.793s] Level 1:colcon.colcon_core.package_identification:_identify(openarm_bimanual_moveit_config) by extension 'colcon_meta'
[2.794s] Level 1:colcon.colcon_core.package_identification:_identify(openarm_bimanual_moveit_config) by extensions ['ros']
[2.795s] Level 1:colcon.colcon_core.package_identification:_identify(openarm_bimanual_moveit_config) by extension 'ros'
[2.804s] DEBUG:colcon.colcon_core.package_identification:Package 'openarm_bimanual_moveit_config' with type 'ros.ament_cmake' and name 'openarm_bimanual_moveit_config'
[2.806s] Level 1:colcon.colcon_core.package_identification:_identify(openarm_bringup) by extensions ['ignore', 'ignore_ament_install']
[2.807s] Level 1:colcon.colcon_core.package_identification:_identify(openarm_bringup) by extension 'ignore'
[2.808s] Level 1:colcon.colcon_core.package_identification:_identify(openarm_bringup) by extension 'ignore_ament_install'
[2.808s] Level 1:colcon.colcon_core.package_identification:_identify(openarm_bringup) by extensions ['colcon_pkg']
[2.808s] Level 1:colcon.colcon_core.package_identification:_identify(openarm_bringup) by extension 'colcon_pkg'
[2.809s] Level 1:colcon.colcon_core.package_identification:_identify(openarm_bringup) by extensions ['colcon_meta']
[2.809s] Level 1:colcon.colcon_core.package_identification:_identify(openarm_bringup) by extension 'colcon_meta'
[2.809s] Level 1:colcon.colcon_core.package_identification:_identify(openarm_bringup) by extensions ['ros']
[2.809s] Level 1:colcon.colcon_core.package_identification:_identify(openarm_bringup) by extension 'ros'
[2.814s] DEBUG:colcon.colcon_core.package_identification:Package 'openarm_bringup' with type 'ros.ament_cmake' and name 'openarm_bringup'
[2.817s] Level 1:colcon.colcon_core.package_identification:_identify(openarm_can) by extensions ['ignore', 'ignore_ament_install']
[2.818s] Level 1:colcon.colcon_core.package_identification:_identify(openarm_can) by extension 'ignore'
[2.819s] Level 1:colcon.colcon_core.package_identification:_identify(openarm_can) by extension 'ignore_ament_install'
[2.820s] Level 1:colcon.colcon_core.package_identification:_identify(openarm_can) by extensions ['colcon_pkg']
[2.821s] Level 1:colcon.colcon_core.package_identification:_identify(openarm_can) by extension 'colcon_pkg'
[2.822s] Level 1:colcon.colcon_core.package_identification:_identify(openarm_can) by extensions ['colcon_meta']
[2.823s] Level 1:colcon.colcon_core.package_identification:_identify(openarm_can) by extension 'colcon_meta'
[2.823s] Level 1:colcon.colcon_core.package_identification:_identify(openarm_can) by extensions ['ros']
[2.824s] Level 1:colcon.colcon_core.package_identification:_identify(openarm_can) by extension 'ros'
[2.825s] Level 1:colcon.colcon_core.package_identification:_identify(openarm_can) by extensions ['cmake', 'python']
[2.825s] Level 1:colcon.colcon_core.package_identification:_identify(openarm_can) by extension 'cmake'
[2.904s] Level 1:colcon.colcon_core.package_identification:_identify(openarm_can) by extension 'python'
[2.907s] DEBUG:colcon.colcon_core.package_identification:Package 'openarm_can' with type 'cmake' and name 'openarm_can'
[2.909s] Level 1:colcon.colcon_core.package_identification:_identify(openarm_description) by extensions ['ignore', 'ignore_ament_install']
[2.912s] Level 1:colcon.colcon_core.package_identification:_identify(openarm_description) by extension 'ignore'
[2.918s] Level 1:colcon.colcon_core.package_identification:_identify(openarm_description) by extension 'ignore_ament_install'
[2.919s] Level 1:colcon.colcon_core.package_identification:_identify(openarm_description) by extensions ['colcon_pkg']
[2.919s] Level 1:colcon.colcon_core.package_identification:_identify(openarm_description) by extension 'colcon_pkg'
[2.920s] Level 1:colcon.colcon_core.package_identification:_identify(openarm_description) by extensions ['colcon_meta']
[2.920s] Level 1:colcon.colcon_core.package_identification:_identify(openarm_description) by extension 'colcon_meta'
[2.921s] Level 1:colcon.colcon_core.package_identification:_identify(openarm_description) by extensions ['ros']
[2.922s] Level 1:colcon.colcon_core.package_identification:_identify(openarm_description) by extension 'ros'
[2.930s] DEBUG:colcon.colcon_core.package_identification:Package 'openarm_description' with type 'ros.ament_cmake' and name 'openarm_description'
[2.932s] Level 1:colcon.colcon_core.package_identification:_identify(openarm_hardware) by extensions ['ignore', 'ignore_ament_install']
[2.933s] Level 1:colcon.colcon_core.package_identification:_identify(openarm_hardware) by extension 'ignore'
[2.934s] Level 1:colcon.colcon_core.package_identification:_identify(openarm_hardware) by extension 'ignore_ament_install'
[2.936s] Level 1:colcon.colcon_core.package_identification:_identify(openarm_hardware) by extensions ['colcon_pkg']
[2.936s] Level 1:colcon.colcon_core.package_identification:_identify(openarm_hardware) by extension 'colcon_pkg'
[2.937s] Level 1:colcon.colcon_core.package_identification:_identify(openarm_hardware) by extensions ['colcon_meta']
[2.938s] Level 1:colcon.colcon_core.package_identification:_identify(openarm_hardware) by extension 'colcon_meta'
[2.938s] Level 1:colcon.colcon_core.package_identification:_identify(openarm_hardware) by extensions ['ros']
[2.941s] Level 1:colcon.colcon_core.package_identification:_identify(openarm_hardware) by extension 'ros'
[2.951s] DEBUG:colcon.colcon_core.package_identification:Package 'openarm_hardware' with type 'ros.ament_cmake' and name 'openarm_hardware'
[2.954s] Level 1:colcon.colcon_core.package_identification:_identify(openarm_p_p) by extensions ['ignore', 'ignore_ament_install']
[2.957s] Level 1:colcon.colcon_core.package_identification:_identify(openarm_p_p) by extension 'ignore'
[2.962s] Level 1:colcon.colcon_core.package_identification:_identify(openarm_p_p) by extension 'ignore_ament_install'
[2.963s] Level 1:colcon.colcon_core.package_identification:_identify(openarm_p_p) by extensions ['colcon_pkg']
[2.963s] Level 1:colcon.colcon_core.package_identification:_identify(openarm_p_p) by extension 'colcon_pkg'
[2.964s] Level 1:colcon.colcon_core.package_identification:_identify(openarm_p_p) by extensions ['colcon_meta']
[2.968s] Level 1:colcon.colcon_core.package_identification:_identify(openarm_p_p) by extension 'colcon_meta'
[2.969s] Level 1:colcon.colcon_core.package_identification:_identify(openarm_p_p) by extensions ['ros']
[2.970s] Level 1:colcon.colcon_core.package_identification:_identify(openarm_p_p) by extension 'ros'
[2.986s] DEBUG:colcon.colcon_core.package_identification:Package 'openarm_p_p' with type 'ros.ament_cmake' and name 'openarm_p_p'
[2.987s] Level 1:colcon.colcon_core.package_discovery:discover_packages(recursive) using defaults
[2.988s] Level 1:colcon.colcon_core.package_discovery:discover_packages(ignore) discover
[2.989s] Level 1:colcon.colcon_core.package_discovery:discover_packages(ignore) using defaults
[2.992s] Level 1:colcon.colcon_core.package_discovery:discover_packages(path) discover
[2.992s] Level 1:colcon.colcon_core.package_discovery:discover_packages(path) using defaults
[3.215s] INFO:colcon.colcon_core.package_selection:Skipping not selected package 'openarm_bringup' in 'openarm_bringup'
[3.216s] INFO:colcon.colcon_core.package_selection:Skipping not selected package 'openarm_can' in 'openarm_can'
[3.216s] INFO:colcon.colcon_core.package_selection:Skipping not selected package 'openarm_description' in 'openarm_description'
[3.216s] INFO:colcon.colcon_core.package_selection:Skipping not selected package 'openarm_hardware' in 'openarm_hardware'
[3.216s] INFO:colcon.colcon_core.package_selection:Skipping not selected package 'openarm' in 'openarm'
[3.216s] INFO:colcon.colcon_core.package_selection:Skipping not selected package 'openarm_bimanual_moveit_config' in 'openarm_bimanual_moveit_config'
[3.228s] Level 1:colcon.colcon_core.package_discovery:discover_packages(prefix_path) check parameters
[3.229s] Level 1:colcon.colcon_core.package_discovery:discover_packages(prefix_path) discover
[3.267s] DEBUG:colcon.colcon_installed_package_information.package_discovery:Found 7 installed packages in /home/endika/Documents/openarm_ros2/install
[3.292s] DEBUG:colcon.colcon_installed_package_information.package_discovery:Found 363 installed packages in /opt/ros/humble
[3.303s] Level 1:colcon.colcon_core.package_discovery:discover_packages(prefix_path) using defaults
[3.781s] Level 5:colcon.colcon_core.verb:set package 'openarm_p_p' build argument 'cmake_args' from command line to 'None'
[3.782s] Level 5:colcon.colcon_core.verb:set package 'openarm_p_p' build argument 'cmake_target' from command line to 'None'
[3.782s] Level 5:colcon.colcon_core.verb:set package 'openarm_p_p' build argument 'cmake_target_skip_unavailable' from command line to 'False'
[3.782s] Level 5:colcon.colcon_core.verb:set package 'openarm_p_p' build argument 'cmake_clean_cache' from command line to 'False'
[3.782s] Level 5:colcon.colcon_core.verb:set package 'openarm_p_p' build argument 'cmake_clean_first' from command line to 'False'
[3.782s] Level 5:colcon.colcon_core.verb:set package 'openarm_p_p' build argument 'cmake_force_configure' from command line to 'False'
[3.783s] Level 5:colcon.colcon_core.verb:set package 'openarm_p_p' build argument 'ament_cmake_args' from command line to 'None'
[3.783s] Level 5:colcon.colcon_core.verb:set package 'openarm_p_p' build argument 'catkin_cmake_args' from command line to 'None'
[3.783s] Level 5:colcon.colcon_core.verb:set package 'openarm_p_p' build argument 'catkin_skip_building_tests' from command line to 'False'
[3.783s] DEBUG:colcon.colcon_core.verb:Building package 'openarm_p_p' with the following arguments: {'ament_cmake_args': None, 'build_base': '/home/endika/Documents/openarm_ros2/build/openarm_p_p', 'catkin_cmake_args': None, 'catkin_skip_building_tests': False, 'cmake_args': None, 'cmake_clean_cache': False, 'cmake_clean_first': False, 'cmake_force_configure': False, 'cmake_target': None, 'cmake_target_skip_unavailable': False, 'install_base': '/home/endika/Documents/openarm_ros2/install/openarm_p_p', 'merge_install': False, 'path': '/home/endika/Documents/openarm_ros2/openarm_p_p', 'symlink_install': False, 'test_result_base': None}
[3.785s] INFO:colcon.colcon_core.executor:Executing jobs using 'parallel' executor
[3.789s] DEBUG:colcon.colcon_parallel_executor.executor.parallel:run_until_complete
[3.790s] INFO:colcon.colcon_ros.task.ament_cmake.build:Building ROS package in '/home/endika/Documents/openarm_ros2/openarm_p_p' with build type 'ament_cmake'
[3.790s] INFO:colcon.colcon_cmake.task.cmake.build:Building CMake package in '/home/endika/Documents/openarm_ros2/openarm_p_p'
[3.804s] INFO:colcon.colcon_core.plugin_system:Skipping extension 'colcon_core.shell.bat': Not used on non-Windows systems
[3.806s] INFO:colcon.colcon_core.shell:Skip shell extension 'powershell' for command environment: Not usable outside of PowerShell
[3.806s] DEBUG:colcon.colcon_core.shell:Skip shell extension 'dsv' for command environment
[3.867s] DEBUG:colcon.colcon_core.event_handler.log_command:Invoking command in '/home/endika/Documents/openarm_ros2/build/openarm_p_p': CMAKE_PREFIX_PATH=${CMAKE_PREFIX_PATH}:/opt/ros/humble /usr/bin/cmake --build /home/endika/Documents/openarm_ros2/build/openarm_p_p -- -j4 -l4
[69.788s] DEBUG:colcon.colcon_core.event_handler.log_command:Invoked command in '/home/endika/Documents/openarm_ros2/build/openarm_p_p' returned '0': CMAKE_PREFIX_PATH=${CMAKE_PREFIX_PATH}:/opt/ros/humble /usr/bin/cmake --build /home/endika/Documents/openarm_ros2/build/openarm_p_p -- -j4 -l4
[69.866s] DEBUG:colcon.colcon_core.event_handler.log_command:Invoking command in '/home/endika/Documents/openarm_ros2/build/openarm_p_p': CMAKE_PREFIX_PATH=${CMAKE_PREFIX_PATH}:/opt/ros/humble /usr/bin/cmake --install /home/endika/Documents/openarm_ros2/build/openarm_p_p
[69.954s] Level 1:colcon.colcon_core.environment:create_environment_scripts_only(openarm_p_p)
[69.969s] DEBUG:colcon.colcon_core.event_handler.log_command:Invoked command in '/home/endika/Documents/openarm_ros2/build/openarm_p_p' returned '0': CMAKE_PREFIX_PATH=${CMAKE_PREFIX_PATH}:/opt/ros/humble /usr/bin/cmake --install /home/endika/Documents/openarm_ros2/build/openarm_p_p
[69.988s] Level 1:colcon.colcon_core.environment:checking '/home/endika/Documents/openarm_ros2/install/openarm_p_p' for CMake module files
[69.992s] Level 1:colcon.colcon_core.environment:checking '/home/endika/Documents/openarm_ros2/install/openarm_p_p' for CMake config files
[69.995s] Level 1:colcon.colcon_core.shell:create_environment_hook('openarm_p_p', 'cmake_prefix_path')
[69.999s] INFO:colcon.colcon_core.shell:Creating environment hook '/home/endika/Documents/openarm_ros2/install/openarm_p_p/share/openarm_p_p/hook/cmake_prefix_path.ps1'
[70.005s] INFO:colcon.colcon_core.shell:Creating environment descriptor '/home/endika/Documents/openarm_ros2/install/openarm_p_p/share/openarm_p_p/hook/cmake_prefix_path.dsv'
[70.009s] INFO:colcon.colcon_core.shell:Creating environment hook '/home/endika/Documents/openarm_ros2/install/openarm_p_p/share/openarm_p_p/hook/cmake_prefix_path.sh'
[70.014s] Level 1:colcon.colcon_core.environment:checking '/home/endika/Documents/openarm_ros2/install/openarm_p_p/lib'
[70.016s] Level 1:colcon.colcon_core.environment:checking '/home/endika/Documents/openarm_ros2/install/openarm_p_p/bin'
[70.016s] Level 1:colcon.colcon_core.environment:checking '/home/endika/Documents/openarm_ros2/install/openarm_p_p/lib/pkgconfig/openarm_p_p.pc'
[70.018s] Level 1:colcon.colcon_core.environment:checking '/home/endika/Documents/openarm_ros2/install/openarm_p_p/lib/python3.10/site-packages'
[70.019s] Level 1:colcon.colcon_core.environment:checking '/home/endika/Documents/openarm_ros2/install/openarm_p_p/bin'
[70.021s] INFO:colcon.colcon_core.shell:Creating package script '/home/endika/Documents/openarm_ros2/install/openarm_p_p/share/openarm_p_p/package.ps1'
[70.029s] INFO:colcon.colcon_core.shell:Creating package descriptor '/home/endika/Documents/openarm_ros2/install/openarm_p_p/share/openarm_p_p/package.dsv'
[70.036s] INFO:colcon.colcon_core.shell:Creating package script '/home/endika/Documents/openarm_ros2/install/openarm_p_p/share/openarm_p_p/package.sh'
[70.044s] INFO:colcon.colcon_core.shell:Creating package script '/home/endika/Documents/openarm_ros2/install/openarm_p_p/share/openarm_p_p/package.bash'
[70.049s] INFO:colcon.colcon_core.shell:Creating package script '/home/endika/Documents/openarm_ros2/install/openarm_p_p/share/openarm_p_p/package.zsh'
[70.055s] Level 1:colcon.colcon_core.environment:create_file_with_runtime_dependencies(/home/endika/Documents/openarm_ros2/install/openarm_p_p/share/colcon-core/packages/openarm_p_p)
[70.063s] Level 1:colcon.colcon_core.environment:create_environment_scripts_only(openarm_p_p)
[70.066s] Level 1:colcon.colcon_core.environment:checking '/home/endika/Documents/openarm_ros2/install/openarm_p_p' for CMake module files
[70.070s] Level 1:colcon.colcon_core.environment:checking '/home/endika/Documents/openarm_ros2/install/openarm_p_p' for CMake config files
[70.072s] Level 1:colcon.colcon_core.shell:create_environment_hook('openarm_p_p', 'cmake_prefix_path')
[70.074s] INFO:colcon.colcon_core.shell:Creating environment hook '/home/endika/Documents/openarm_ros2/install/openarm_p_p/share/openarm_p_p/hook/cmake_prefix_path.ps1'
[70.080s] INFO:colcon.colcon_core.shell:Creating environment descriptor '/home/endika/Documents/openarm_ros2/install/openarm_p_p/share/openarm_p_p/hook/cmake_prefix_path.dsv'
[70.083s] INFO:colcon.colcon_core.shell:Creating environment hook '/home/endika/Documents/openarm_ros2/install/openarm_p_p/share/openarm_p_p/hook/cmake_prefix_path.sh'
[70.088s] Level 1:colcon.colcon_core.environment:checking '/home/endika/Documents/openarm_ros2/install/openarm_p_p/lib'
[70.089s] Level 1:colcon.colcon_core.environment:checking '/home/endika/Documents/openarm_ros2/install/openarm_p_p/bin'
[70.090s] Level 1:colcon.colcon_core.environment:checking '/home/endika/Documents/openarm_ros2/install/openarm_p_p/lib/pkgconfig/openarm_p_p.pc'
[70.092s] Level 1:colcon.colcon_core.environment:checking '/home/endika/Documents/openarm_ros2/install/openarm_p_p/lib/python3.10/site-packages'
[70.096s] Level 1:colcon.colcon_core.environment:checking '/home/endika/Documents/openarm_ros2/install/openarm_p_p/bin'
[70.098s] INFO:colcon.colcon_core.shell:Creating package script '/home/endika/Documents/openarm_ros2/install/openarm_p_p/share/openarm_p_p/package.ps1'
[70.102s] INFO:colcon.colcon_core.shell:Creating package descriptor '/home/endika/Documents/openarm_ros2/install/openarm_p_p/share/openarm_p_p/package.dsv'
[70.106s] INFO:colcon.colcon_core.shell:Creating package script '/home/endika/Documents/openarm_ros2/install/openarm_p_p/share/openarm_p_p/package.sh'
[70.111s] INFO:colcon.colcon_core.shell:Creating package script '/home/endika/Documents/openarm_ros2/install/openarm_p_p/share/openarm_p_p/package.bash'
[70.114s] INFO:colcon.colcon_core.shell:Creating package script '/home/endika/Documents/openarm_ros2/install/openarm_p_p/share/openarm_p_p/package.zsh'
[70.118s] Level 1:colcon.colcon_core.environment:create_file_with_runtime_dependencies(/home/endika/Documents/openarm_ros2/install/openarm_p_p/share/colcon-core/packages/openarm_p_p)
[70.121s] DEBUG:colcon.colcon_parallel_executor.executor.parallel:closing loop
[70.121s] DEBUG:colcon.colcon_parallel_executor.executor.parallel:loop closed
[70.121s] DEBUG:colcon.colcon_parallel_executor.executor.parallel:run_until_complete finished with '0'
[70.122s] DEBUG:colcon.colcon_core.event_reactor:joining thread
[70.221s] INFO:colcon.colcon_core.plugin_system:Skipping extension 'colcon_notification.desktop_notification.terminal_notifier': Not used on non-Darwin systems
[70.224s] INFO:colcon.colcon_core.plugin_system:Skipping extension 'colcon_notification.desktop_notification.win32': Not used on non-Windows systems
[70.226s] INFO:colcon.colcon_notification.desktop_notification:Sending desktop notification using 'notify2'
[70.394s] DEBUG:colcon.colcon_core.event_reactor:joined thread
[70.397s] INFO:colcon.colcon_core.shell:Creating prefix script '/home/endika/Documents/openarm_ros2/install/local_setup.ps1'
[70.413s] INFO:colcon.colcon_core.shell:Creating prefix util module '/home/endika/Documents/openarm_ros2/install/_local_setup_util_ps1.py'
[70.443s] INFO:colcon.colcon_core.shell:Creating prefix chain script '/home/endika/Documents/openarm_ros2/install/setup.ps1'
[70.461s] INFO:colcon.colcon_core.shell:Creating prefix script '/home/endika/Documents/openarm_ros2/install/local_setup.sh'
[70.472s] INFO:colcon.colcon_core.shell:Creating prefix util module '/home/endika/Documents/openarm_ros2/install/_local_setup_util_sh.py'
[70.483s] INFO:colcon.colcon_core.shell:Creating prefix chain script '/home/endika/Documents/openarm_ros2/install/setup.sh'
[70.506s] INFO:colcon.colcon_core.shell:Creating prefix script '/home/endika/Documents/openarm_ros2/install/local_setup.bash'
[70.517s] INFO:colcon.colcon_core.shell:Creating prefix chain script '/home/endika/Documents/openarm_ros2/install/setup.bash'
[70.538s] INFO:colcon.colcon_core.shell:Creating prefix script '/home/endika/Documents/openarm_ros2/install/local_setup.zsh'
[70.550s] INFO:colcon.colcon_core.shell:Creating prefix chain script '/home/endika/Documents/openarm_ros2/install/setup.zsh'
