[0.137s] Invoking command in '/home/endika/Documents/openarm_ros2/build/openarm_p_p': CMAKE_PREFIX_PATH=${CMAKE_PREFIX_PATH}:/home/endika/ws_moveit2/install/moveit_configs_utils:/home/endika/ws_moveit2/install/launch_param_builder:/opt/ros/humble /usr/bin/cmake --build /home/endika/Documents/openarm_ros2/build/openarm_p_p -- -j4 -l4
[0.930s] [35m[1mConsolidate compiler generated dependencies of target openarm_p_p[0m
[1.234s] [ 50%] [32mBuilding CXX object CMakeFiles/openarm_p_p.dir/src/openarm_p_p.cpp.o[0m
[39.754s] [01m[K/home/endika/Documents/openarm_ros2/openarm_p_p/src/openarm_p_p.cpp:[m[K In function ‘[01m[Kint main(int, char**)[m[K’:
[39.756s] [01m[K/home/endika/Documents/openarm_ros2/openarm_p_p/src/openarm_p_p.cpp:125:16:[m[K [01;31m[Kerror: [m[K‘[01m[Kusing Pose = struct geometry_msgs::msg::Pose_<std::allocator<void> >[m[K’ {aka ‘[01m[Kstruct geometry_msgs::msg::Pose_<std::allocator<void> >[m[K’} has no member named ‘[01m[Kpose[m[K’
[39.758s]   125 |   target_pose1.[01;31m[Kpose[m[K.orientation.w = 0.000002;
[39.759s]       |                [01;31m[K^~~~[m[K
[39.759s] [01m[K/home/endika/Documents/openarm_ros2/openarm_p_p/src/openarm_p_p.cpp:126:16:[m[K [01;31m[Kerror: [m[K‘[01m[Kusing Pose = struct geometry_msgs::msg::Pose_<std::allocator<void> >[m[K’ {aka ‘[01m[Kstruct geometry_msgs::msg::Pose_<std::allocator<void> >[m[K’} has no member named ‘[01m[Kpose[m[K’
[39.759s]   126 |   target_pose1.[01;31m[Kpose[m[K.orientation.w = 1.0;
[39.760s]       |                [01;31m[K^~~~[m[K
[39.760s] [01m[K/home/endika/Documents/openarm_ros2/openarm_p_p/src/openarm_p_p.cpp:127:16:[m[K [01;31m[Kerror: [m[K‘[01m[Kusing Pose = struct geometry_msgs::msg::Pose_<std::allocator<void> >[m[K’ {aka ‘[01m[Kstruct geometry_msgs::msg::Pose_<std::allocator<void> >[m[K’} has no member named ‘[01m[Kpose[m[K’
[39.760s]   127 |   target_pose1.[01;31m[Kpose[m[K.orientation.w = 0.0;
[39.760s]       |                [01;31m[K^~~~[m[K
[39.760s] [01m[K/home/endika/Documents/openarm_ros2/openarm_p_p/src/openarm_p_p.cpp:128:16:[m[K [01;31m[Kerror: [m[K‘[01m[Kusing Pose = struct geometry_msgs::msg::Pose_<std::allocator<void> >[m[K’ {aka ‘[01m[Kstruct geometry_msgs::msg::Pose_<std::allocator<void> >[m[K’} has no member named ‘[01m[Kpose[m[K’
[39.761s]   128 |   target_pose1.[01;31m[Kpose[m[K.orientation.w = 0.0;
[39.761s]       |                [01;31m[K^~~~[m[K
[39.761s] [01m[K/home/endika/Documents/openarm_ros2/openarm_p_p/src/openarm_p_p.cpp:129:16:[m[K [01;31m[Kerror: [m[K‘[01m[Kusing Pose = struct geometry_msgs::msg::Pose_<std::allocator<void> >[m[K’ {aka ‘[01m[Kstruct geometry_msgs::msg::Pose_<std::allocator<void> >[m[K’} has no member named ‘[01m[Kpose[m[K’
[39.762s]   129 |   target_pose1.[01;31m[Kpose[m[K.position.x = 0.0;
[39.762s]       |                [01;31m[K^~~~[m[K
[39.762s] [01m[K/home/endika/Documents/openarm_ros2/openarm_p_p/src/openarm_p_p.cpp:130:16:[m[K [01;31m[Kerror: [m[K‘[01m[Kusing Pose = struct geometry_msgs::msg::Pose_<std::allocator<void> >[m[K’ {aka ‘[01m[Kstruct geometry_msgs::msg::Pose_<std::allocator<void> >[m[K’} has no member named ‘[01m[Kpose[m[K’
[39.762s]   130 |   target_pose1.[01;31m[Kpose[m[K.position.y = 0.153498;
[39.764s]       |                [01;31m[K^~~~[m[K
[39.765s] [01m[K/home/endika/Documents/openarm_ros2/openarm_p_p/src/openarm_p_p.cpp:131:16:[m[K [01;31m[Kerror: [m[K‘[01m[Kusing Pose = struct geometry_msgs::msg::Pose_<std::allocator<void> >[m[K’ {aka ‘[01m[Kstruct geometry_msgs::msg::Pose_<std::allocator<void> >[m[K’} has no member named ‘[01m[Kpose[m[K’
[39.770s]   131 |   target_pose1.[01;31m[Kpose[m[K.position.z = 0.262000;
[39.771s]       |                [01;31m[K^~~~[m[K
[39.771s] [01m[K/home/endika/Documents/openarm_ros2/openarm_p_p/src/openarm_p_p.cpp:85:40:[m[K [01;35m[Kwarning: [m[Kunused variable ‘[01m[Kjoint_model_group[m[K’ [[01;35m[K]8;;https://gcc.gnu.org/onlinedocs/gcc/Warning-Options.html#index-Wunused-variable-Wunused-variable]8;;[m[K]
[39.771s]    85 |   const moveit::core::JointModelGroup* [01;35m[Kjoint_model_group[m[K =
[39.772s]       |                                        [01;35m[K^~~~~~~~~~~~~~~~~[m[K
[53.681s] gmake[2]: *** [CMakeFiles/openarm_p_p.dir/build.make:76: CMakeFiles/openarm_p_p.dir/src/openarm_p_p.cpp.o] Error 1
[53.683s] gmake[1]: *** [CMakeFiles/Makefile2:137: CMakeFiles/openarm_p_p.dir/all] Error 2
[53.683s] gmake: *** [Makefile:146: all] Error 2
[53.691s] Invoked command in '/home/endika/Documents/openarm_ros2/build/openarm_p_p' returned '2': CMAKE_PREFIX_PATH=${CMAKE_PREFIX_PATH}:/home/endika/ws_moveit2/install/moveit_configs_utils:/home/endika/ws_moveit2/install/launch_param_builder:/opt/ros/humble /usr/bin/cmake --build /home/endika/Documents/openarm_ros2/build/openarm_p_p -- -j4 -l4
