[ 71%] Built target openarm_can
[ 85%] Built target motor-check
[100%] Built target openarm-demo
-- Install configuration: ""
-- Up-to-date: /home/endika/Documents/openarm_ros2/install/openarm_can/lib/libopenarm_can.a
-- Up-to-date: /home/endika/Documents/openarm_ros2/install/openarm_can/include/openarm
-- Up-to-date: /home/endika/Documents/openarm_ros2/install/openarm_can/include/openarm/damiao_motor
-- Up-to-date: /home/endika/Documents/openarm_ros2/install/openarm_can/include/openarm/damiao_motor/dm_motor_constants.hpp
-- Up-to-date: /home/endika/Documents/openarm_ros2/install/openarm_can/include/openarm/damiao_motor/dm_motor.hpp
-- Up-to-date: /home/endika/Documents/openarm_ros2/install/openarm_can/include/openarm/damiao_motor/dm_motor_control.hpp
-- Up-to-date: /home/endika/Documents/openarm_ros2/install/openarm_can/include/openarm/damiao_motor/dm_motor_device.hpp
-- Up-to-date: /home/endika/Documents/openarm_ros2/install/openarm_can/include/openarm/damiao_motor/dm_motor_device_collection.hpp
-- Up-to-date: /home/endika/Documents/openarm_ros2/install/openarm_can/include/openarm/canbus
-- Up-to-date: /home/endika/Documents/openarm_ros2/install/openarm_can/include/openarm/canbus/can_device_collection.hpp
-- Up-to-date: /home/endika/Documents/openarm_ros2/install/openarm_can/include/openarm/canbus/can_socket.hpp
-- Up-to-date: /home/endika/Documents/openarm_ros2/install/openarm_can/include/openarm/canbus/can_device.hpp
-- Up-to-date: /home/endika/Documents/openarm_ros2/install/openarm_can/include/openarm/can
-- Up-to-date: /home/endika/Documents/openarm_ros2/install/openarm_can/include/openarm/can/socket
-- Up-to-date: /home/endika/Documents/openarm_ros2/install/openarm_can/include/openarm/can/socket/arm_component.hpp
-- Up-to-date: /home/endika/Documents/openarm_ros2/install/openarm_can/include/openarm/can/socket/gripper_component.hpp
-- Up-to-date: /home/endika/Documents/openarm_ros2/install/openarm_can/include/openarm/can/socket/openarm.hpp
-- Up-to-date: /home/endika/Documents/openarm_ros2/install/openarm_can/lib/cmake/OpenArmCAN/OpenArmCANTargets.cmake
-- Up-to-date: /home/endika/Documents/openarm_ros2/install/openarm_can/lib/cmake/OpenArmCAN/OpenArmCANTargets-noconfig.cmake
-- Up-to-date: /home/endika/Documents/openarm_ros2/install/openarm_can/lib/cmake/OpenArmCAN/OpenArmCANConfig.cmake
-- Up-to-date: /home/endika/Documents/openarm_ros2/install/openarm_can/lib/cmake/OpenArmCAN/OpenArmCANVersion.cmake
-- Up-to-date: /home/endika/Documents/openarm_ros2/install/openarm_can/lib/pkgconfig/openarm-can.pc
