[0.082s] Invoking command in '/home/endika/Documents/openarm_ros2/build/openarm_can': /usr/bin/cmake --build /home/endika/Documents/openarm_ros2/build/openarm_can -- -j4 -l4
[0.299s] [ 71%] Built target openarm_can
[0.375s] [ 85%] Built target motor-check
[0.470s] [100%] Built target openarm-demo
[0.554s] Invoked command in '/home/endika/Documents/openarm_ros2/build/openarm_can' returned '0': /usr/bin/cmake --build /home/endika/Documents/openarm_ros2/build/openarm_can -- -j4 -l4
[0.556s] Invoking command in '/home/endika/Documents/openarm_ros2/build/openarm_can': /usr/bin/cmake --install /home/endika/Documents/openarm_ros2/build/openarm_can
[0.604s] -- Install configuration: ""
[0.605s] -- Up-to-date: /home/endika/Documents/openarm_ros2/install/openarm_can/lib/libopenarm_can.a
[0.605s] -- Up-to-date: /home/endika/Documents/openarm_ros2/install/openarm_can/include/openarm
[0.605s] -- Up-to-date: /home/endika/Documents/openarm_ros2/install/openarm_can/include/openarm/damiao_motor
[0.605s] -- Up-to-date: /home/endika/Documents/openarm_ros2/install/openarm_can/include/openarm/damiao_motor/dm_motor_constants.hpp
[0.606s] -- Up-to-date: /home/endika/Documents/openarm_ros2/install/openarm_can/include/openarm/damiao_motor/dm_motor.hpp
[0.606s] -- Up-to-date: /home/endika/Documents/openarm_ros2/install/openarm_can/include/openarm/damiao_motor/dm_motor_control.hpp
[0.606s] -- Up-to-date: /home/endika/Documents/openarm_ros2/install/openarm_can/include/openarm/damiao_motor/dm_motor_device.hpp
[0.607s] -- Up-to-date: /home/endika/Documents/openarm_ros2/install/openarm_can/include/openarm/damiao_motor/dm_motor_device_collection.hpp
[0.607s] -- Up-to-date: /home/endika/Documents/openarm_ros2/install/openarm_can/include/openarm/canbus
[0.607s] -- Up-to-date: /home/endika/Documents/openarm_ros2/install/openarm_can/include/openarm/canbus/can_device_collection.hpp
[0.607s] -- Up-to-date: /home/endika/Documents/openarm_ros2/install/openarm_can/include/openarm/canbus/can_socket.hpp
[0.608s] -- Up-to-date: /home/endika/Documents/openarm_ros2/install/openarm_can/include/openarm/canbus/can_device.hpp
[0.608s] -- Up-to-date: /home/endika/Documents/openarm_ros2/install/openarm_can/include/openarm/can
[0.608s] -- Up-to-date: /home/endika/Documents/openarm_ros2/install/openarm_can/include/openarm/can/socket
[0.615s] -- Up-to-date: /home/endika/Documents/openarm_ros2/install/openarm_can/include/openarm/can/socket/arm_component.hpp
[0.615s] -- Up-to-date: /home/endika/Documents/openarm_ros2/install/openarm_can/include/openarm/can/socket/gripper_component.hpp
[0.616s] -- Up-to-date: /home/endika/Documents/openarm_ros2/install/openarm_can/include/openarm/can/socket/openarm.hpp
[0.616s] -- Up-to-date: /home/endika/Documents/openarm_ros2/install/openarm_can/lib/cmake/OpenArmCAN/OpenArmCANTargets.cmake
[0.616s] -- Up-to-date: /home/endika/Documents/openarm_ros2/install/openarm_can/lib/cmake/OpenArmCAN/OpenArmCANTargets-noconfig.cmake
[0.616s] -- Up-to-date: /home/endika/Documents/openarm_ros2/install/openarm_can/lib/cmake/OpenArmCAN/OpenArmCANConfig.cmake
[0.616s] -- Up-to-date: /home/endika/Documents/openarm_ros2/install/openarm_can/lib/cmake/OpenArmCAN/OpenArmCANVersion.cmake
[0.617s] -- Up-to-date: /home/endika/Documents/openarm_ros2/install/openarm_can/lib/pkgconfig/openarm-can.pc
[0.629s] Invoked command in '/home/endika/Documents/openarm_ros2/build/openarm_can' returned '0': /usr/bin/cmake --install /home/endika/Documents/openarm_ros2/build/openarm_can
