[0.113s] Invoking command in '/home/endika/Documents/openarm_ros2/build/openarm_can': /usr/bin/cmake --build /home/endika/Documents/openarm_ros2/build/openarm_can -- -j4 -l4
[0.540s] [ 71%] Built target openarm_can
[0.540s] [ 85%] Built target openarm-demo
[0.540s] [100%] Built target motor-check
[0.753s] Invoked command in '/home/endika/Documents/openarm_ros2/build/openarm_can' returned '0': /usr/bin/cmake --build /home/endika/Documents/openarm_ros2/build/openarm_can -- -j4 -l4
[0.774s] Invoking command in '/home/endika/Documents/openarm_ros2/build/openarm_can': /usr/bin/cmake --install /home/endika/Documents/openarm_ros2/build/openarm_can
[0.795s] -- Install configuration: ""
[0.795s] -- Up-to-date: /home/endika/Documents/openarm_ros2/install/openarm_can/lib/libopenarm_can.a
[0.795s] -- Up-to-date: /home/endika/Documents/openarm_ros2/install/openarm_can/include/openarm
[0.796s] -- Up-to-date: /home/endika/Documents/openarm_ros2/install/openarm_can/include/openarm/damiao_motor
[0.796s] -- Up-to-date: /home/endika/Documents/openarm_ros2/install/openarm_can/include/openarm/damiao_motor/dm_motor_constants.hpp
[0.796s] -- Up-to-date: /home/endika/Documents/openarm_ros2/install/openarm_can/include/openarm/damiao_motor/dm_motor.hpp
[0.796s] -- Up-to-date: /home/endika/Documents/openarm_ros2/install/openarm_can/include/openarm/damiao_motor/dm_motor_control.hpp
[0.797s] -- Up-to-date: /home/endika/Documents/openarm_ros2/install/openarm_can/include/openarm/damiao_motor/dm_motor_device.hpp
[0.797s] -- Up-to-date: /home/endika/Documents/openarm_ros2/install/openarm_can/include/openarm/damiao_motor/dm_motor_device_collection.hpp
[0.797s] -- Up-to-date: /home/endika/Documents/openarm_ros2/install/openarm_can/include/openarm/canbus
[0.797s] -- Up-to-date: /home/endika/Documents/openarm_ros2/install/openarm_can/include/openarm/canbus/can_device_collection.hpp
[0.798s] -- Up-to-date: /home/endika/Documents/openarm_ros2/install/openarm_can/include/openarm/canbus/can_socket.hpp
[0.798s] -- Up-to-date: /home/endika/Documents/openarm_ros2/install/openarm_can/include/openarm/canbus/can_device.hpp
[0.799s] -- Up-to-date: /home/endika/Documents/openarm_ros2/install/openarm_can/include/openarm/can
[0.799s] -- Up-to-date: /home/endika/Documents/openarm_ros2/install/openarm_can/include/openarm/can/socket
[0.799s] -- Up-to-date: /home/endika/Documents/openarm_ros2/install/openarm_can/include/openarm/can/socket/arm_component.hpp
[0.799s] -- Up-to-date: /home/endika/Documents/openarm_ros2/install/openarm_can/include/openarm/can/socket/gripper_component.hpp
[0.800s] -- Up-to-date: /home/endika/Documents/openarm_ros2/install/openarm_can/include/openarm/can/socket/openarm.hpp
[0.800s] -- Up-to-date: /home/endika/Documents/openarm_ros2/install/openarm_can/lib/cmake/OpenArmCAN/OpenArmCANTargets.cmake
[0.800s] -- Up-to-date: /home/endika/Documents/openarm_ros2/install/openarm_can/lib/cmake/OpenArmCAN/OpenArmCANTargets-noconfig.cmake
[0.800s] -- Up-to-date: /home/endika/Documents/openarm_ros2/install/openarm_can/lib/cmake/OpenArmCAN/OpenArmCANConfig.cmake
[0.800s] -- Up-to-date: /home/endika/Documents/openarm_ros2/install/openarm_can/lib/cmake/OpenArmCAN/OpenArmCANVersion.cmake
[0.801s] -- Up-to-date: /home/endika/Documents/openarm_ros2/install/openarm_can/lib/pkgconfig/openarm-can.pc
[1.916s] Invoked command in '/home/endika/Documents/openarm_ros2/build/openarm_can' returned '0': /usr/bin/cmake --install /home/endika/Documents/openarm_ros2/build/openarm_can
