[0.036s] Invoking command in '/home/endika/Documents/openarm_ros2/build/openarm': CMAKE_PREFIX_PATH=/home/endika/Documents/openarm_ros2/install/openarm_hardware:/home/endika/Documents/openarm_ros2/install/openarm_description:/home/endika/Documents/openarm_ros2/install/openarm_bringup:/home/endika/Documents/openarm_ros2/install/openarm:/home/endika/Documents/openarm_ros2/install/openarm_bimanual_moveit_config:/home/endika/Documents/openarm_ros2/install/openarm_can:/home/endika/Documents/openarm_ros2/install/openarm_p_p:/opt/ros/humble /usr/bin/cmake --build /home/endika/Documents/openarm_ros2/build/openarm -- -j4 -l4
[0.156s] Invoked command in '/home/endika/Documents/openarm_ros2/build/openarm' returned '0': CMAKE_PREFIX_PATH=/home/endika/Documents/openarm_ros2/install/openarm_hardware:/home/endika/Documents/openarm_ros2/install/openarm_description:/home/endika/Documents/openarm_ros2/install/openarm_bringup:/home/endika/Documents/openarm_ros2/install/openarm:/home/endika/Documents/openarm_ros2/install/openarm_bimanual_moveit_config:/home/endika/Documents/openarm_ros2/install/openarm_can:/home/endika/Documents/openarm_ros2/install/openarm_p_p:/opt/ros/humble /usr/bin/cmake --build /home/endika/Documents/openarm_ros2/build/openarm -- -j4 -l4
[0.163s] Invoking command in '/home/endika/Documents/openarm_ros2/build/openarm': CMAKE_PREFIX_PATH=/home/endika/Documents/openarm_ros2/install/openarm_hardware:/home/endika/Documents/openarm_ros2/install/openarm_description:/home/endika/Documents/openarm_ros2/install/openarm_bringup:/home/endika/Documents/openarm_ros2/install/openarm:/home/endika/Documents/openarm_ros2/install/openarm_bimanual_moveit_config:/home/endika/Documents/openarm_ros2/install/openarm_can:/home/endika/Documents/openarm_ros2/install/openarm_p_p:/opt/ros/humble /usr/bin/cmake --install /home/endika/Documents/openarm_ros2/build/openarm
[0.179s] -- Install configuration: ""
[0.180s] -- Up-to-date: /home/endika/Documents/openarm_ros2/install/openarm/share/ament_index/resource_index/package_run_dependencies/openarm
[0.182s] -- Up-to-date: /home/endika/Documents/openarm_ros2/install/openarm/share/ament_index/resource_index/parent_prefix_path/openarm
[0.182s] -- Up-to-date: /home/endika/Documents/openarm_ros2/install/openarm/share/openarm/environment/ament_prefix_path.sh
[0.182s] -- Up-to-date: /home/endika/Documents/openarm_ros2/install/openarm/share/openarm/environment/ament_prefix_path.dsv
[0.183s] -- Up-to-date: /home/endika/Documents/openarm_ros2/install/openarm/share/openarm/environment/path.sh
[0.185s] -- Up-to-date: /home/endika/Documents/openarm_ros2/install/openarm/share/openarm/environment/path.dsv
[0.186s] -- Up-to-date: /home/endika/Documents/openarm_ros2/install/openarm/share/openarm/local_setup.bash
[0.187s] -- Up-to-date: /home/endika/Documents/openarm_ros2/install/openarm/share/openarm/local_setup.sh
[0.187s] -- Up-to-date: /home/endika/Documents/openarm_ros2/install/openarm/share/openarm/local_setup.zsh
[0.187s] -- Up-to-date: /home/endika/Documents/openarm_ros2/install/openarm/share/openarm/local_setup.dsv
[0.188s] -- Installing: /home/endika/Documents/openarm_ros2/install/openarm/share/openarm/package.dsv
[0.188s] -- Up-to-date: /home/endika/Documents/openarm_ros2/install/openarm/share/ament_index/resource_index/packages/openarm
[0.191s] -- Up-to-date: /home/endika/Documents/openarm_ros2/install/openarm/share/openarm/cmake/openarmConfig.cmake
[0.191s] -- Up-to-date: /home/endika/Documents/openarm_ros2/install/openarm/share/openarm/cmake/openarmConfig-version.cmake
[0.192s] -- Up-to-date: /home/endika/Documents/openarm_ros2/install/openarm/share/openarm/package.xml
[0.192s] Invoked command in '/home/endika/Documents/openarm_ros2/build/openarm' returned '0': CMAKE_PREFIX_PATH=/home/endika/Documents/openarm_ros2/install/openarm_hardware:/home/endika/Documents/openarm_ros2/install/openarm_description:/home/endika/Documents/openarm_ros2/install/openarm_bringup:/home/endika/Documents/openarm_ros2/install/openarm:/home/endika/Documents/openarm_ros2/install/openarm_bimanual_moveit_config:/home/endika/Documents/openarm_ros2/install/openarm_can:/home/endika/Documents/openarm_ros2/install/openarm_p_p:/opt/ros/humble /usr/bin/cmake --install /home/endika/Documents/openarm_ros2/build/openarm
