[2.767s] Invoking command in '/home/endika/Documents/openarm_ros2/openarm_p_p': PYTHONPATH=/home/endika/Documents/openarm_ros2/build/openarm_p_p/prefix_override:/usr/lib/python3/dist-packages/colcon_core/task/python/colcon_distutils_commands:/home/endika/Documents/openarm_ros2/install/openarm_p_p/lib/python3.10/site-packages:${PYTHONPATH} /usr/bin/python3 -W ignore:setup.py install is deprecated -W ignore:easy_install command is deprecated setup.py egg_info --egg-base ../build/openarm_p_p build --build-base /home/endika/Documents/openarm_ros2/build/openarm_p_p/build install --record /home/endika/Documents/openarm_ros2/build/openarm_p_p/install.log --single-version-externally-managed install_data
[3.724s] running egg_info
[3.729s] writing ../build/openarm_p_p/openarm_p_p.egg-info/PKG-INFO
[3.729s] writing dependency_links to ../build/openarm_p_p/openarm_p_p.egg-info/dependency_links.txt
[3.729s] writing entry points to ../build/openarm_p_p/openarm_p_p.egg-info/entry_points.txt
[3.730s] writing requirements to ../build/openarm_p_p/openarm_p_p.egg-info/requires.txt
[3.730s] writing top-level names to ../build/openarm_p_p/openarm_p_p.egg-info/top_level.txt
[3.738s] reading manifest file '../build/openarm_p_p/openarm_p_p.egg-info/SOURCES.txt'
[3.740s] writing manifest file '../build/openarm_p_p/openarm_p_p.egg-info/SOURCES.txt'
[3.741s] running build
[3.741s] running build_py
[3.741s] copying openarm_p_p/openarm_p_p.py -> /home/endika/Documents/openarm_ros2/build/openarm_p_p/build/lib/openarm_p_p
[3.742s] running install
[3.746s] running install_lib
[3.747s] copying /home/endika/Documents/openarm_ros2/build/openarm_p_p/build/lib/openarm_p_p/openarm_p_p.py -> /home/endika/Documents/openarm_ros2/install/openarm_p_p/lib/python3.10/site-packages/openarm_p_p
[3.748s] byte-compiling /home/endika/Documents/openarm_ros2/install/openarm_p_p/lib/python3.10/site-packages/openarm_p_p/openarm_p_p.py to openarm_p_p.cpython-310.pyc
[3.750s] running install_data
[3.750s] running install_egg_info
[3.759s] removing '/home/endika/Documents/openarm_ros2/install/openarm_p_p/lib/python3.10/site-packages/openarm_p_p-0.0.0-py3.10.egg-info' (and everything under it)
[3.759s] Copying ../build/openarm_p_p/openarm_p_p.egg-info to /home/endika/Documents/openarm_ros2/install/openarm_p_p/lib/python3.10/site-packages/openarm_p_p-0.0.0-py3.10.egg-info
[3.765s] running install_scripts
[3.825s] Installing openarm_p_p script to /home/endika/Documents/openarm_ros2/install/openarm_p_p/bin
[3.827s] writing list of installed files to '/home/endika/Documents/openarm_ros2/build/openarm_p_p/install.log'
[3.938s] Invoked command in '/home/endika/Documents/openarm_ros2/openarm_p_p' returned '0': PYTHONPATH=/home/endika/Documents/openarm_ros2/build/openarm_p_p/prefix_override:/usr/lib/python3/dist-packages/colcon_core/task/python/colcon_distutils_commands:/home/endika/Documents/openarm_ros2/install/openarm_p_p/lib/python3.10/site-packages:${PYTHONPATH} /usr/bin/python3 -W ignore:setup.py install is deprecated -W ignore:easy_install command is deprecated setup.py egg_info --egg-base ../build/openarm_p_p build --build-base /home/endika/Documents/openarm_ros2/build/openarm_p_p/build install --record /home/endika/Documents/openarm_ros2/build/openarm_p_p/install.log --single-version-externally-managed install_data
