[7.524s] Invoking command in '/home/endika/Documents/openarm_ros2/openarm_p_p': PYTHONPATH=/home/endika/Documents/openarm_ros2/build/openarm_p_p/prefix_override:/usr/lib/python3/dist-packages/colcon_core/task/python/colcon_distutils_commands:/home/endika/Documents/openarm_ros2/install/openarm_p_p/lib/python3.10/site-packages:${PYTHONPATH} /usr/bin/python3 -W ignore:setup.py install is deprecated -W ignore:easy_install command is deprecated setup.py egg_info --egg-base ../build/openarm_p_p build --build-base /home/endika/Documents/openarm_ros2/build/openarm_p_p/build install --record /home/endika/Documents/openarm_ros2/build/openarm_p_p/install.log --single-version-externally-managed install_data
[8.897s] running egg_info
[8.899s] creating ../build/openarm_p_p/openarm_p_p.egg-info
[8.900s] writing ../build/openarm_p_p/openarm_p_p.egg-info/PKG-INFO
[8.901s] writing dependency_links to ../build/openarm_p_p/openarm_p_p.egg-info/dependency_links.txt
[8.901s] writing entry points to ../build/openarm_p_p/openarm_p_p.egg-info/entry_points.txt
[8.901s] writing requirements to ../build/openarm_p_p/openarm_p_p.egg-info/requires.txt
[8.902s] writing top-level names to ../build/openarm_p_p/openarm_p_p.egg-info/top_level.txt
[8.906s] writing manifest file '../build/openarm_p_p/openarm_p_p.egg-info/SOURCES.txt'
[8.908s] reading manifest file '../build/openarm_p_p/openarm_p_p.egg-info/SOURCES.txt'
[8.912s] writing manifest file '../build/openarm_p_p/openarm_p_p.egg-info/SOURCES.txt'
[8.912s] running build
[8.913s] running build_py
[8.913s] creating /home/endika/Documents/openarm_ros2/build/openarm_p_p/build
[8.914s] creating /home/endika/Documents/openarm_ros2/build/openarm_p_p/build/lib
[8.914s] creating /home/endika/Documents/openarm_ros2/build/openarm_p_p/build/lib/openarm_p_p
[8.915s] copying openarm_p_p/openarm_p_p.py -> /home/endika/Documents/openarm_ros2/build/openarm_p_p/build/lib/openarm_p_p
[8.917s] copying openarm_p_p/__init__.py -> /home/endika/Documents/openarm_ros2/build/openarm_p_p/build/lib/openarm_p_p
[8.918s] running install
[8.923s] running install_lib
[8.923s] creating /home/endika/Documents/openarm_ros2/install/openarm_p_p/lib/python3.10/site-packages/openarm_p_p
[8.924s] copying /home/endika/Documents/openarm_ros2/build/openarm_p_p/build/lib/openarm_p_p/openarm_p_p.py -> /home/endika/Documents/openarm_ros2/install/openarm_p_p/lib/python3.10/site-packages/openarm_p_p
[8.924s] copying /home/endika/Documents/openarm_ros2/build/openarm_p_p/build/lib/openarm_p_p/__init__.py -> /home/endika/Documents/openarm_ros2/install/openarm_p_p/lib/python3.10/site-packages/openarm_p_p
[8.924s] byte-compiling /home/endika/Documents/openarm_ros2/install/openarm_p_p/lib/python3.10/site-packages/openarm_p_p/openarm_p_p.py to openarm_p_p.cpython-310.pyc
[8.924s] byte-compiling /home/endika/Documents/openarm_ros2/install/openarm_p_p/lib/python3.10/site-packages/openarm_p_p/__init__.py to __init__.cpython-310.pyc
[8.925s] running install_data
[8.925s] creating /home/endika/Documents/openarm_ros2/install/openarm_p_p/share/ament_index
[8.931s] creating /home/endika/Documents/openarm_ros2/install/openarm_p_p/share/ament_index/resource_index
[8.931s] creating /home/endika/Documents/openarm_ros2/install/openarm_p_p/share/ament_index/resource_index/packages
[8.931s] copying resource/openarm_p_p -> /home/endika/Documents/openarm_ros2/install/openarm_p_p/share/ament_index/resource_index/packages
[8.932s] copying package.xml -> /home/endika/Documents/openarm_ros2/install/openarm_p_p/share/openarm_p_p
[8.932s] running install_egg_info
[8.951s] Copying ../build/openarm_p_p/openarm_p_p.egg-info to /home/endika/Documents/openarm_ros2/install/openarm_p_p/lib/python3.10/site-packages/openarm_p_p-0.0.0-py3.10.egg-info
[8.951s] running install_scripts
[9.036s] Installing move_group_python script to /home/endika/Documents/openarm_ros2/install/openarm_p_p/bin
[9.036s] writing list of installed files to '/home/endika/Documents/openarm_ros2/build/openarm_p_p/install.log'
[9.120s] Invoked command in '/home/endika/Documents/openarm_ros2/openarm_p_p' returned '0': PYTHONPATH=/home/endika/Documents/openarm_ros2/build/openarm_p_p/prefix_override:/usr/lib/python3/dist-packages/colcon_core/task/python/colcon_distutils_commands:/home/endika/Documents/openarm_ros2/install/openarm_p_p/lib/python3.10/site-packages:${PYTHONPATH} /usr/bin/python3 -W ignore:setup.py install is deprecated -W ignore:easy_install command is deprecated setup.py egg_info --egg-base ../build/openarm_p_p build --build-base /home/endika/Documents/openarm_ros2/build/openarm_p_p/build install --record /home/endika/Documents/openarm_ros2/build/openarm_p_p/install.log --single-version-externally-managed install_data
