[0.224s] Invoking command in '/home/endika/Documents/openarm_ros2/build/openarm_p_p': CMAKE_PREFIX_PATH=${CMAKE_PREFIX_PATH}:/opt/ros/humble /usr/bin/cmake --build /home/endika/Documents/openarm_ros2/build/openarm_p_p -- -j4 -l4
[0.942s] [35m[1mConsolidate compiler generated dependencies of target openarm_p_p[0m
[1.336s] [ 50%] [32mBuilding CXX object CMakeFiles/openarm_p_p.dir/src/openarm_p_p.cpp.o[0m
[68.596s] [100%] [32m[1mLinking CXX executable openarm_p_p[0m
[71.383s] [100%] Built target openarm_p_p
[71.506s] Invoked command in '/home/endika/Documents/openarm_ros2/build/openarm_p_p' returned '0': CMAKE_PREFIX_PATH=${CMAKE_PREFIX_PATH}:/opt/ros/humble /usr/bin/cmake --build /home/endika/Documents/openarm_ros2/build/openarm_p_p -- -j4 -l4
[71.555s] Invoking command in '/home/endika/Documents/openarm_ros2/build/openarm_p_p': CMAKE_PREFIX_PATH=${CMAKE_PREFIX_PATH}:/opt/ros/humble /usr/bin/cmake --install /home/endika/Documents/openarm_ros2/build/openarm_p_p
[71.591s] -- Install configuration: ""
[71.592s] -- Execute custom install script
[71.592s] -- Up-to-date symlink: /home/endika/Documents/openarm_ros2/install/openarm_p_p/lib/openarm_p_p/openarm_p_p
[71.592s] -- Up-to-date symlink: /home/endika/Documents/openarm_ros2/install/openarm_p_p/share/openarm_p_p//launch/move.launch.py
[71.593s] -- Up-to-date symlink: /home/endika/Documents/openarm_ros2/install/openarm_p_p/share/ament_index/resource_index/package_run_dependencies/openarm_p_p
[71.596s] -- Up-to-date symlink: /home/endika/Documents/openarm_ros2/install/openarm_p_p/share/ament_index/resource_index/parent_prefix_path/openarm_p_p
[71.603s] -- Up-to-date symlink: /home/endika/Documents/openarm_ros2/install/openarm_p_p/share/openarm_p_p/environment/ament_prefix_path.sh
[71.604s] -- Up-to-date symlink: /home/endika/Documents/openarm_ros2/install/openarm_p_p/share/openarm_p_p/environment/ament_prefix_path.dsv
[71.605s] -- Up-to-date symlink: /home/endika/Documents/openarm_ros2/install/openarm_p_p/share/openarm_p_p/environment/path.sh
[71.609s] -- Up-to-date symlink: /home/endika/Documents/openarm_ros2/install/openarm_p_p/share/openarm_p_p/environment/path.dsv
[71.610s] -- Up-to-date symlink: /home/endika/Documents/openarm_ros2/install/openarm_p_p/share/openarm_p_p/local_setup.bash
[71.612s] -- Up-to-date symlink: /home/endika/Documents/openarm_ros2/install/openarm_p_p/share/openarm_p_p/local_setup.sh
[71.614s] -- Up-to-date symlink: /home/endika/Documents/openarm_ros2/install/openarm_p_p/share/openarm_p_p/local_setup.zsh
[71.615s] -- Up-to-date symlink: /home/endika/Documents/openarm_ros2/install/openarm_p_p/share/openarm_p_p/local_setup.dsv
[71.616s] -- Symlinking: /home/endika/Documents/openarm_ros2/install/openarm_p_p/share/openarm_p_p/package.dsv
[71.762s] -- Up-to-date symlink: /home/endika/Documents/openarm_ros2/install/openarm_p_p/share/ament_index/resource_index/packages/openarm_p_p
[71.767s] -- Up-to-date symlink: /home/endika/Documents/openarm_ros2/install/openarm_p_p/share/openarm_p_p/cmake/openarm_p_pConfig.cmake
[71.768s] -- Up-to-date symlink: /home/endika/Documents/openarm_ros2/install/openarm_p_p/share/openarm_p_p/cmake/openarm_p_pConfig-version.cmake
[71.774s] -- Up-to-date symlink: /home/endika/Documents/openarm_ros2/install/openarm_p_p/share/openarm_p_p/package.xml
[71.804s] Invoked command in '/home/endika/Documents/openarm_ros2/build/openarm_p_p' returned '0': CMAKE_PREFIX_PATH=${CMAKE_PREFIX_PATH}:/opt/ros/humble /usr/bin/cmake --install /home/endika/Documents/openarm_ros2/build/openarm_p_p
