[0.359s] Invoking command in '/home/endika/Documents/openarm_ros2/build/openarm_p_p': CMAKE_PREFIX_PATH=${CMAKE_PREFIX_PATH}:/home/endika/ws_moveit2/install/launch_param_builder:/opt/ros/humble /usr/bin/cmake --build /home/endika/Documents/openarm_ros2/build/openarm_p_p -- -j4 -l4
[1.380s] [35m[1mConsolidate compiler generated dependencies of target openarm_p_p[0m
[1.669s] [ 50%] [32mBuilding CXX object CMakeFiles/openarm_p_p.dir/src/openarm_p_p.cpp.o[0m
[98.481s] [100%] [32m[1mLinking CXX executable openarm_p_p[0m
[102.421s] [100%] Built target openarm_p_p
[102.565s] Invoked command in '/home/endika/Documents/openarm_ros2/build/openarm_p_p' returned '0': CMAKE_PREFIX_PATH=${CMAKE_PREFIX_PATH}:/home/endika/ws_moveit2/install/launch_param_builder:/opt/ros/humble /usr/bin/cmake --build /home/endika/Documents/openarm_ros2/build/openarm_p_p -- -j4 -l4
[102.697s] Invoking command in '/home/endika/Documents/openarm_ros2/build/openarm_p_p': CMAKE_PREFIX_PATH=${CMAKE_PREFIX_PATH}:/home/endika/ws_moveit2/install/launch_param_builder:/opt/ros/humble /usr/bin/cmake --install /home/endika/Documents/openarm_ros2/build/openarm_p_p
[102.779s] -- Install configuration: ""
[102.790s] -- Execute custom install script
[102.794s] -- Up-to-date symlink: /home/endika/Documents/openarm_ros2/install/openarm_p_p/lib/openarm_p_p/openarm_p_p
[102.806s] -- Up-to-date symlink: /home/endika/Documents/openarm_ros2/install/openarm_p_p/share/openarm_p_p//launch/move.launch.py
[102.809s] -- Up-to-date symlink: /home/endika/Documents/openarm_ros2/install/openarm_p_p/share/ament_index/resource_index/package_run_dependencies/openarm_p_p
[102.810s] -- Up-to-date symlink: /home/endika/Documents/openarm_ros2/install/openarm_p_p/share/ament_index/resource_index/parent_prefix_path/openarm_p_p
[102.815s] -- Up-to-date symlink: /home/endika/Documents/openarm_ros2/install/openarm_p_p/share/openarm_p_p/environment/ament_prefix_path.sh
[102.815s] -- Up-to-date symlink: /home/endika/Documents/openarm_ros2/install/openarm_p_p/share/openarm_p_p/environment/ament_prefix_path.dsv
[102.816s] -- Up-to-date symlink: /home/endika/Documents/openarm_ros2/install/openarm_p_p/share/openarm_p_p/environment/path.sh
[102.816s] -- Up-to-date symlink: /home/endika/Documents/openarm_ros2/install/openarm_p_p/share/openarm_p_p/environment/path.dsv
[102.816s] -- Up-to-date symlink: /home/endika/Documents/openarm_ros2/install/openarm_p_p/share/openarm_p_p/local_setup.bash
[102.817s] -- Up-to-date symlink: /home/endika/Documents/openarm_ros2/install/openarm_p_p/share/openarm_p_p/local_setup.sh
[102.818s] -- Up-to-date symlink: /home/endika/Documents/openarm_ros2/install/openarm_p_p/share/openarm_p_p/local_setup.zsh
[102.818s] -- Up-to-date symlink: /home/endika/Documents/openarm_ros2/install/openarm_p_p/share/openarm_p_p/local_setup.dsv
[102.818s] -- Symlinking: /home/endika/Documents/openarm_ros2/install/openarm_p_p/share/openarm_p_p/package.dsv
[102.919s] -- Up-to-date symlink: /home/endika/Documents/openarm_ros2/install/openarm_p_p/share/ament_index/resource_index/packages/openarm_p_p
[102.919s] -- Up-to-date symlink: /home/endika/Documents/openarm_ros2/install/openarm_p_p/share/openarm_p_p/cmake/openarm_p_pConfig.cmake
[102.920s] -- Up-to-date symlink: /home/endika/Documents/openarm_ros2/install/openarm_p_p/share/openarm_p_p/cmake/openarm_p_pConfig-version.cmake
[102.920s] -- Up-to-date symlink: /home/endika/Documents/openarm_ros2/install/openarm_p_p/share/openarm_p_p/package.xml
[102.949s] Invoked command in '/home/endika/Documents/openarm_ros2/build/openarm_p_p' returned '0': CMAKE_PREFIX_PATH=${CMAKE_PREFIX_PATH}:/home/endika/ws_moveit2/install/launch_param_builder:/opt/ros/humble /usr/bin/cmake --install /home/endika/Documents/openarm_ros2/build/openarm_p_p
