[0.128s] Invoking command in '/home/endika/Documents/openarm_ros2/build/openarm_hardware': /usr/bin/cmake --build /home/endika/Documents/openarm_ros2/build/openarm_hardware -- -j4 -l4
[0.786s] [100%] Built target openarm_hardware
[0.952s] Invoked command in '/home/endika/Documents/openarm_ros2/build/openarm_hardware' returned '0': /usr/bin/cmake --build /home/endika/Documents/openarm_ros2/build/openarm_hardware -- -j4 -l4
[0.968s] Invoking command in '/home/endika/Documents/openarm_ros2/build/openarm_hardware': /usr/bin/cmake --install /home/endika/Documents/openarm_ros2/build/openarm_hardware
[1.039s] -- Install configuration: ""
[1.040s] -- Up-to-date: /home/endika/Documents/openarm_ros2/install/openarm_hardware/share/openarm_hardware/openarm_hardware.xml
[1.043s] -- Up-to-date: /home/endika/Documents/openarm_ros2/install/openarm_hardware/lib/libopenarm_hardware.so
[1.043s] -- Up-to-date: /home/endika/Documents/openarm_ros2/install/openarm_hardware/include
[1.044s] -- Up-to-date: /home/endika/Documents/openarm_ros2/install/openarm_hardware/include/openarm_hardware
[1.054s] -- Up-to-date: /home/endika/Documents/openarm_ros2/install/openarm_hardware/include/openarm_hardware/v10_simple_hardware.hpp
[1.054s] -- Up-to-date: /home/endika/Documents/openarm_ros2/install/openarm_hardware/include/openarm_hardware/visibility_control.h
[1.054s] -- Up-to-date: /home/endika/Documents/openarm_ros2/install/openarm_hardware/share/openarm_hardware/environment/library_path.sh
[1.054s] -- Up-to-date: /home/endika/Documents/openarm_ros2/install/openarm_hardware/share/openarm_hardware/environment/library_path.dsv
[1.055s] -- Up-to-date: /home/endika/Documents/openarm_ros2/install/openarm_hardware/share/ament_index/resource_index/package_run_dependencies/openarm_hardware
[1.055s] -- Up-to-date: /home/endika/Documents/openarm_ros2/install/openarm_hardware/share/ament_index/resource_index/parent_prefix_path/openarm_hardware
[1.055s] -- Up-to-date: /home/endika/Documents/openarm_ros2/install/openarm_hardware/share/openarm_hardware/environment/ament_prefix_path.sh
[1.062s] -- Up-to-date: /home/endika/Documents/openarm_ros2/install/openarm_hardware/share/openarm_hardware/environment/ament_prefix_path.dsv
[1.062s] -- Up-to-date: /home/endika/Documents/openarm_ros2/install/openarm_hardware/share/openarm_hardware/environment/path.sh
[1.068s] -- Up-to-date: /home/endika/Documents/openarm_ros2/install/openarm_hardware/share/openarm_hardware/environment/path.dsv
[1.082s] -- Up-to-date: /home/endika/Documents/openarm_ros2/install/openarm_hardware/share/openarm_hardware/local_setup.bash
[1.082s] -- Up-to-date: /home/endika/Documents/openarm_ros2/install/openarm_hardware/share/openarm_hardware/local_setup.sh
[1.083s] -- Up-to-date: /home/endika/Documents/openarm_ros2/install/openarm_hardware/share/openarm_hardware/local_setup.zsh
[1.083s] -- Up-to-date: /home/endika/Documents/openarm_ros2/install/openarm_hardware/share/openarm_hardware/local_setup.dsv
[1.083s] -- Installing: /home/endika/Documents/openarm_ros2/install/openarm_hardware/share/openarm_hardware/package.dsv
[1.102s] -- Up-to-date: /home/endika/Documents/openarm_ros2/install/openarm_hardware/share/ament_index/resource_index/packages/openarm_hardware
[1.103s] -- Up-to-date: /home/endika/Documents/openarm_ros2/install/openarm_hardware/share/ament_index/resource_index/hardware_interface__pluginlib__plugin/openarm_hardware
[1.120s] -- Up-to-date: /home/endika/Documents/openarm_ros2/install/openarm_hardware/share/openarm_hardware/cmake/ament_cmake_export_include_directories-extras.cmake
[1.121s] -- Up-to-date: /home/endika/Documents/openarm_ros2/install/openarm_hardware/share/openarm_hardware/cmake/ament_cmake_export_libraries-extras.cmake
[1.121s] -- Up-to-date: /home/endika/Documents/openarm_ros2/install/openarm_hardware/share/openarm_hardware/cmake/ament_cmake_export_dependencies-extras.cmake
[1.121s] -- Up-to-date: /home/endika/Documents/openarm_ros2/install/openarm_hardware/share/openarm_hardware/cmake/openarm_hardwareConfig.cmake
[1.122s] -- Up-to-date: /home/endika/Documents/openarm_ros2/install/openarm_hardware/share/openarm_hardware/cmake/openarm_hardwareConfig-version.cmake
[1.122s] -- Up-to-date: /home/endika/Documents/openarm_ros2/install/openarm_hardware/share/openarm_hardware/package.xml
[1.215s] Invoked command in '/home/endika/Documents/openarm_ros2/build/openarm_hardware' returned '0': /usr/bin/cmake --install /home/endika/Documents/openarm_ros2/build/openarm_hardware
