[ 50%] [32mBuilding CXX object CMakeFiles/openarm_p_p.dir/src/openarm_p_p.cpp.o[0m
[01m[K/root/workspace/openarm/src/openarm_p_p/src/openarm_p_p.cpp:[m[K In function ‘[01m[Kint main(int, char**)[m[K’:
[01m[K/root/workspace/openarm/src/openarm_p_p/src/openarm_p_p.cpp:85:40:[m[K [01;35m[Kwarning: [m[Kunused variable ‘[01m[Kjoint_model_group[m[K’ [[01;35m[K-Wunused-variable[m[K]
   85 |   const moveit::core::JointModelGroup* [01;35m[Kjoint_model_group[m[K =
      |                                        [01;35m[K^~~~~~~~~~~~~~~~~[m[K
[100%] [32m[1mLinking CXX executable openarm_p_p[0m
[100%] Built target openarm_p_p
-- Install configuration: ""
-- Execute custom install script
-- Symlinking: /root/workspace/openarm/install/openarm_p_p/lib/openarm_p_p/openarm_p_p
-- Symlinking: /root/workspace/openarm/install/openarm_p_p/share/openarm_p_p//launch/move.launch.py
-- Symlinking: /root/workspace/openarm/install/openarm_p_p/share/ament_index/resource_index/package_run_dependencies/openarm_p_p
-- Symlinking: /root/workspace/openarm/install/openarm_p_p/share/ament_index/resource_index/parent_prefix_path/openarm_p_p
-- Symlinking: /root/workspace/openarm/install/openarm_p_p/share/openarm_p_p/environment/ament_prefix_path.sh
-- Symlinking: /root/workspace/openarm/install/openarm_p_p/share/openarm_p_p/environment/ament_prefix_path.dsv
-- Symlinking: /root/workspace/openarm/install/openarm_p_p/share/openarm_p_p/environment/path.sh
-- Symlinking: /root/workspace/openarm/install/openarm_p_p/share/openarm_p_p/environment/path.dsv
-- Symlinking: /root/workspace/openarm/install/openarm_p_p/share/openarm_p_p/local_setup.bash
-- Symlinking: /root/workspace/openarm/install/openarm_p_p/share/openarm_p_p/local_setup.sh
-- Symlinking: /root/workspace/openarm/install/openarm_p_p/share/openarm_p_p/local_setup.zsh
-- Symlinking: /root/workspace/openarm/install/openarm_p_p/share/openarm_p_p/local_setup.dsv
-- Symlinking: /root/workspace/openarm/install/openarm_p_p/share/openarm_p_p/package.dsv
-- Symlinking: /root/workspace/openarm/install/openarm_p_p/share/ament_index/resource_index/packages/openarm_p_p
-- Symlinking: /root/workspace/openarm/install/openarm_p_p/share/openarm_p_p/cmake/openarm_p_pConfig.cmake
-- Symlinking: /root/workspace/openarm/install/openarm_p_p/share/openarm_p_p/cmake/openarm_p_pConfig-version.cmake
-- Symlinking: /root/workspace/openarm/install/openarm_p_p/share/openarm_p_p/package.xml
