[0.118s] DEBUG:colcon:Command line arguments: ['/usr/bin/colcon', 'build', '--symlink-install']
[0.118s] DEBUG:colcon:Parsed command line arguments: Namespace(log_base=None, log_level=None, verb_name='build', build_base='build', install_base='install', merge_install=False, symlink_install=True, test_result_base=None, continue_on_error=False, executor='parallel', parallel_workers=6, event_handlers=None, ignore_user_meta=False, metas=['./colcon.meta'], base_paths=['.'], packages_ignore=None, packages_ignore_regex=None, paths=None, packages_up_to=None, packages_up_to_regex=None, packages_above=None, packages_above_and_dependencies=None, packages_above_depth=None, packages_select_by_dep=None, packages_skip_by_dep=None, packages_skip_up_to=None, packages_select_build_failed=False, packages_skip_build_finished=False, packages_select_test_failures=False, packages_skip_test_passed=False, packages_select=None, packages_skip=None, packages_select_regex=None, packages_skip_regex=None, packages_start=None, packages_end=None, cmake_args=None, cmake_target=None, cmake_target_skip_unavailable=False, cmake_clean_cache=False, cmake_clean_first=False, cmake_force_configure=False, ament_cmake_args=None, catkin_cmake_args=None, catkin_skip_building_tests=False, mixin_files=None, mixin=None, verb_parser=<colcon_mixin.mixin.mixin_argument.MixinArgumentDecorator object at 0x71539a45f010>, verb_extension=<colcon_core.verb.build.BuildVerb object at 0x71539a557f40>, main=<bound method BuildVerb.main of <colcon_core.verb.build.BuildVerb object at 0x71539a557f40>>, mixin_verb=('build',))
[0.241s] Level 1:colcon.colcon_core.package_discovery:discover_packages(colcon_meta) check parameters
[0.241s] INFO:colcon.colcon_metadata.package_discovery.colcon_meta:Using configuration from '/root/.colcon/metadata/default/Gazebo.meta'
[0.242s] INFO:colcon.colcon_metadata.package_discovery.colcon_meta:Using configuration from '/root/.colcon/metadata/default/fastdds.meta'
[0.242s] INFO:colcon.colcon_metadata.package_discovery.colcon_meta:Using configuration from '/root/.colcon/metadata/default/fastrtps.meta'
[0.243s] Level 1:colcon.colcon_core.package_discovery:discover_packages(recursive) check parameters
[0.243s] Level 1:colcon.colcon_core.package_discovery:discover_packages(ignore) check parameters
[0.243s] Level 1:colcon.colcon_core.package_discovery:discover_packages(path) check parameters
[0.243s] Level 1:colcon.colcon_core.package_discovery:discover_packages(colcon_meta) discover
[0.244s] Level 1:colcon.colcon_core.package_discovery:discover_packages(recursive) discover
[0.244s] INFO:colcon.colcon_core.package_discovery:Crawling recursively for packages in '/root/workspace/openarm/src/openarm_can'
[0.245s] Level 1:colcon.colcon_core.package_identification:_identify(.) by extensions ['ignore', 'ignore_ament_install']
[0.246s] Level 1:colcon.colcon_core.package_identification:_identify(.) by extension 'ignore'
[0.246s] Level 1:colcon.colcon_core.package_identification:_identify(.) by extension 'ignore_ament_install'
[0.246s] Level 1:colcon.colcon_core.package_identification:_identify(.) by extensions ['colcon_pkg']
[0.246s] Level 1:colcon.colcon_core.package_identification:_identify(.) by extension 'colcon_pkg'
[0.246s] Level 1:colcon.colcon_core.package_identification:_identify(.) by extensions ['colcon_meta']
[0.247s] Level 1:colcon.colcon_core.package_identification:_identify(.) by extension 'colcon_meta'
[0.247s] Level 1:colcon.colcon_core.package_identification:_identify(.) by extensions ['ros']
[0.247s] Level 1:colcon.colcon_core.package_identification:_identify(.) by extension 'ros'
[0.258s] Level 1:colcon.colcon_core.package_identification:_identify(.) by extensions ['cmake', 'python']
[0.258s] Level 1:colcon.colcon_core.package_identification:_identify(.) by extension 'cmake'
[0.436s] Level 1:colcon.colcon_core.package_identification:_identify(.) by extension 'python'
[0.436s] DEBUG:colcon.colcon_core.package_identification:Package '.' with type 'cmake' and name 'openarm_can'
[0.436s] Level 1:colcon.colcon_core.package_discovery:discover_packages(recursive) using defaults
[0.437s] Level 1:colcon.colcon_core.package_discovery:discover_packages(ignore) discover
[0.437s] Level 1:colcon.colcon_core.package_discovery:discover_packages(ignore) using defaults
[0.437s] Level 1:colcon.colcon_core.package_discovery:discover_packages(path) discover
[0.437s] Level 1:colcon.colcon_core.package_discovery:discover_packages(path) using defaults
[0.457s] Level 5:colcon.colcon_core.verb:set package 'openarm_can' build argument 'cmake_args' from command line to 'None'
[0.457s] Level 5:colcon.colcon_core.verb:set package 'openarm_can' build argument 'cmake_target' from command line to 'None'
[0.457s] Level 5:colcon.colcon_core.verb:set package 'openarm_can' build argument 'cmake_target_skip_unavailable' from command line to 'False'
[0.457s] Level 5:colcon.colcon_core.verb:set package 'openarm_can' build argument 'cmake_clean_cache' from command line to 'False'
[0.457s] Level 5:colcon.colcon_core.verb:set package 'openarm_can' build argument 'cmake_clean_first' from command line to 'False'
[0.457s] Level 5:colcon.colcon_core.verb:set package 'openarm_can' build argument 'cmake_force_configure' from command line to 'False'
[0.457s] Level 5:colcon.colcon_core.verb:set package 'openarm_can' build argument 'ament_cmake_args' from command line to 'None'
[0.458s] Level 5:colcon.colcon_core.verb:set package 'openarm_can' build argument 'catkin_cmake_args' from command line to 'None'
[0.458s] Level 5:colcon.colcon_core.verb:set package 'openarm_can' build argument 'catkin_skip_building_tests' from command line to 'False'
[0.458s] DEBUG:colcon.colcon_core.verb:Building package 'openarm_can' with the following arguments: {'ament_cmake_args': None, 'build_base': '/root/workspace/openarm/src/openarm_can/build/openarm_can', 'catkin_cmake_args': None, 'catkin_skip_building_tests': False, 'cmake_args': None, 'cmake_clean_cache': False, 'cmake_clean_first': False, 'cmake_force_configure': False, 'cmake_target': None, 'cmake_target_skip_unavailable': False, 'install_base': '/root/workspace/openarm/src/openarm_can/install/openarm_can', 'merge_install': False, 'path': '/root/workspace/openarm/src/openarm_can', 'symlink_install': True, 'test_result_base': None}
[0.458s] INFO:colcon.colcon_core.executor:Executing jobs using 'parallel' executor
[0.460s] DEBUG:colcon.colcon_parallel_executor.executor.parallel:run_until_complete
[0.460s] INFO:colcon.colcon_cmake.task.cmake.build:Building CMake package in '/root/workspace/openarm/src/openarm_can'
[0.462s] INFO:colcon.colcon_core.plugin_system:Skipping extension 'colcon_core.shell.bat': Not used on non-Windows systems
[0.462s] INFO:colcon.colcon_core.shell:Skip shell extension 'powershell' for command environment: Not usable outside of PowerShell
[0.463s] DEBUG:colcon.colcon_core.shell:Skip shell extension 'dsv' for command environment
[0.493s] DEBUG:colcon.colcon_core.event_handler.log_command:Invoking command in '/root/workspace/openarm/src/openarm_can/build/openarm_can': /usr/bin/cmake /root/workspace/openarm/src/openarm_can -DCMAKE_INSTALL_PREFIX=/root/workspace/openarm/src/openarm_can/install/openarm_can
[2.171s] DEBUG:colcon.colcon_core.event_handler.log_command:Invoked command in '/root/workspace/openarm/src/openarm_can/build/openarm_can' returned '0': /usr/bin/cmake /root/workspace/openarm/src/openarm_can -DCMAKE_INSTALL_PREFIX=/root/workspace/openarm/src/openarm_can/install/openarm_can
[2.174s] DEBUG:colcon.colcon_core.event_handler.log_command:Invoking command in '/root/workspace/openarm/src/openarm_can/build/openarm_can': /usr/bin/cmake --build /root/workspace/openarm/src/openarm_can/build/openarm_can -- -j6 -l6
[4.468s] DEBUG:colcon.colcon_core.event_handler.log_command:Invoked command in '/root/workspace/openarm/src/openarm_can/build/openarm_can' returned '0': /usr/bin/cmake --build /root/workspace/openarm/src/openarm_can/build/openarm_can -- -j6 -l6
[4.488s] DEBUG:colcon.colcon_core.event_handler.log_command:Invoking command in '/root/workspace/openarm/src/openarm_can/build/openarm_can': /usr/bin/cmake --install /root/workspace/openarm/src/openarm_can/build/openarm_can
[4.561s] Level 1:colcon.colcon_core.environment:create_environment_scripts_only(openarm_can)
[4.561s] DEBUG:colcon.colcon_core.event_handler.log_command:Invoked command in '/root/workspace/openarm/src/openarm_can/build/openarm_can' returned '0': /usr/bin/cmake --install /root/workspace/openarm/src/openarm_can/build/openarm_can
[4.563s] Level 1:colcon.colcon_core.environment:checking '/root/workspace/openarm/src/openarm_can/install/openarm_can' for CMake module files
[4.569s] Level 1:colcon.colcon_core.environment:checking '/root/workspace/openarm/src/openarm_can/install/openarm_can' for CMake config files
[4.573s] Level 1:colcon.colcon_core.shell:create_environment_hook('openarm_can', 'cmake_prefix_path')
[4.573s] INFO:colcon.colcon_core.shell:Creating environment hook '/root/workspace/openarm/src/openarm_can/install/openarm_can/share/openarm_can/hook/cmake_prefix_path.ps1'
[4.576s] INFO:colcon.colcon_core.shell:Creating environment descriptor '/root/workspace/openarm/src/openarm_can/install/openarm_can/share/openarm_can/hook/cmake_prefix_path.dsv'
[4.579s] INFO:colcon.colcon_core.shell:Creating environment hook '/root/workspace/openarm/src/openarm_can/install/openarm_can/share/openarm_can/hook/cmake_prefix_path.sh'
[4.582s] Level 1:colcon.colcon_core.environment:checking '/root/workspace/openarm/src/openarm_can/install/openarm_can/lib'
[4.583s] Level 1:colcon.colcon_core.environment:checking '/root/workspace/openarm/src/openarm_can/install/openarm_can/bin'
[4.583s] Level 1:colcon.colcon_core.environment:checking '/root/workspace/openarm/src/openarm_can/install/openarm_can/lib/pkgconfig/openarm_can.pc'
[4.585s] Level 1:colcon.colcon_core.environment:checking '/root/workspace/openarm/src/openarm_can/install/openarm_can/lib/python3.10/site-packages'
[4.586s] Level 1:colcon.colcon_core.environment:checking '/root/workspace/openarm/src/openarm_can/install/openarm_can/bin'
[4.586s] INFO:colcon.colcon_core.shell:Creating package script '/root/workspace/openarm/src/openarm_can/install/openarm_can/share/openarm_can/package.ps1'
[4.590s] INFO:colcon.colcon_core.shell:Creating package descriptor '/root/workspace/openarm/src/openarm_can/install/openarm_can/share/openarm_can/package.dsv'
[4.593s] INFO:colcon.colcon_core.shell:Creating package script '/root/workspace/openarm/src/openarm_can/install/openarm_can/share/openarm_can/package.sh'
[4.595s] INFO:colcon.colcon_core.shell:Creating package script '/root/workspace/openarm/src/openarm_can/install/openarm_can/share/openarm_can/package.bash'
[4.598s] INFO:colcon.colcon_core.shell:Creating package script '/root/workspace/openarm/src/openarm_can/install/openarm_can/share/openarm_can/package.zsh'
[4.601s] Level 1:colcon.colcon_core.environment:create_file_with_runtime_dependencies(/root/workspace/openarm/src/openarm_can/install/openarm_can/share/colcon-core/packages/openarm_can)
[4.602s] DEBUG:colcon.colcon_parallel_executor.executor.parallel:closing loop
[4.603s] DEBUG:colcon.colcon_parallel_executor.executor.parallel:loop closed
[4.603s] DEBUG:colcon.colcon_parallel_executor.executor.parallel:run_until_complete finished with '0'
[4.603s] DEBUG:colcon.colcon_core.event_reactor:joining thread
[4.613s] INFO:colcon.colcon_core.plugin_system:Skipping extension 'colcon_notification.desktop_notification.notify_send': Could not find 'notify-send'
[4.613s] INFO:colcon.colcon_core.plugin_system:Skipping extension 'colcon_notification.desktop_notification.terminal_notifier': Not used on non-Darwin systems
[4.613s] INFO:colcon.colcon_core.plugin_system:Skipping extension 'colcon_notification.desktop_notification.win32': Not used on non-Windows systems
[4.613s] INFO:colcon.colcon_notification.desktop_notification:Sending desktop notification using 'notify2'
[4.616s] DEBUG:colcon.colcon_notification.desktop_notification.notify2:Failed to initialize notify2: org.freedesktop.DBus.Error.Spawn.ExecFailed: /usr/bin/dbus-launch terminated abnormally without any error message
[4.617s] DEBUG:colcon.colcon_core.event_reactor:joined thread
[4.618s] INFO:colcon.colcon_core.shell:Creating prefix script '/root/workspace/openarm/src/openarm_can/install/local_setup.ps1'
[4.621s] INFO:colcon.colcon_core.shell:Creating prefix util module '/root/workspace/openarm/src/openarm_can/install/_local_setup_util_ps1.py'
[4.626s] INFO:colcon.colcon_core.shell:Creating prefix chain script '/root/workspace/openarm/src/openarm_can/install/setup.ps1'
[4.631s] INFO:colcon.colcon_core.shell:Creating prefix script '/root/workspace/openarm/src/openarm_can/install/local_setup.sh'
[4.635s] INFO:colcon.colcon_core.shell:Creating prefix util module '/root/workspace/openarm/src/openarm_can/install/_local_setup_util_sh.py'
[4.638s] INFO:colcon.colcon_core.shell:Creating prefix chain script '/root/workspace/openarm/src/openarm_can/install/setup.sh'
[4.644s] INFO:colcon.colcon_core.shell:Creating prefix script '/root/workspace/openarm/src/openarm_can/install/local_setup.bash'
[4.646s] INFO:colcon.colcon_core.shell:Creating prefix chain script '/root/workspace/openarm/src/openarm_can/install/setup.bash'
[4.652s] INFO:colcon.colcon_core.shell:Creating prefix script '/root/workspace/openarm/src/openarm_can/install/local_setup.zsh'
[4.655s] INFO:colcon.colcon_core.shell:Creating prefix chain script '/root/workspace/openarm/src/openarm_can/install/setup.zsh'
