-- The C compiler identification is GNU 11.4.0
-- The CXX compiler identification is GNU 11.4.0
-- Detecting C compiler ABI info
-- Detecting C compiler ABI info - done
-- Check for working C compiler: /usr/bin/cc - skipped
-- Detecting C compile features
-- Detecting C compile features - done
-- Detecting CXX compiler ABI info
-- Detecting CXX compiler ABI info - done
-- Check for working CXX compiler: /usr/bin/c++ - skipped
-- Detecting CXX compile features
-- Detecting CXX compile features - done
-- Found ament_cmake: 1.3.12 (/opt/ros/humble/share/ament_cmake/cmake)
-- Found Python3: /usr/bin/python3 (found version "3.10.12") found components: Interpreter 
-- Override CMake install command with custom implementation using symlinks instead of copying resources
-- Found rclcpp: 16.0.15 (/opt/ros/humble/share/rclcpp/cmake)
-- Found rosidl_generator_c: 3.1.7 (/opt/ros/humble/share/rosidl_generator_c/cmake)
-- Found rosidl_adapter: 3.1.7 (/opt/ros/humble/share/rosidl_adapter/cmake)
-- Found rosidl_generator_cpp: 3.1.7 (/opt/ros/humble/share/rosidl_generator_cpp/cmake)
-- Using all available rosidl_typesupport_c: rosidl_typesupport_fastrtps_c;rosidl_typesupport_introspection_c
-- Using all available rosidl_typesupport_cpp: rosidl_typesupport_fastrtps_cpp;rosidl_typesupport_introspection_cpp
-- Found rmw_implementation_cmake: 6.1.2 (/opt/ros/humble/share/rmw_implementation_cmake/cmake)
-- Found rmw_cyclonedds_cpp: 1.3.4 (/opt/ros/humble/share/rmw_cyclonedds_cpp/cmake)
-- Using RMW implementation 'rmw_cyclonedds_cpp' as default
-- Looking for pthread.h
-- Looking for pthread.h - found
-- Performing Test CMAKE_HAVE_LIBC_PTHREAD
-- Performing Test CMAKE_HAVE_LIBC_PTHREAD - Success
-- Found Threads: TRUE  
-- Found rclcpp_action: 16.0.15 (/opt/ros/humble/share/rclcpp_action/cmake)
-- Found moveit_msgs: 2.2.1 (/opt/ros/humble/share/moveit_msgs/cmake)
-- Found moveit_core: 2.5.9 (/opt/ros/humble/share/moveit_core/cmake)
-- Found Boost: /usr/lib/x86_64-linux-gnu/cmake/Boost-1.74.0/BoostConfig.cmake (found version "1.74.0") found components: chrono date_time filesystem iostreams program_options regex serialization system thread 
-- Found parameter_traits: 0.5.0 (/opt/ros/humble/share/parameter_traits/cmake)
-- Found rclcpp_lifecycle: 16.0.15 (/opt/ros/humble/share/rclcpp_lifecycle/cmake)
-- Found Boost: /usr/lib/x86_64-linux-gnu/cmake/Boost-1.74.0/BoostConfig.cmake (found version "1.74.0") found components: filesystem 
-- library: /usr/lib/x86_64-linux-gnu/libcurl.so
-- Found Eigen3: TRUE (found version "3.4.0") 
-- Ensuring Eigen3 include directory is part of orocos-kdl CMake target
-- Found moveit_ros_planning: 2.5.9 (/opt/ros/humble/share/moveit_ros_planning/cmake)
-- Found Boost: /usr/lib/x86_64-linux-gnu/cmake/Boost-1.74.0/BoostConfig.cmake (found version "1.74.0") found components: system filesystem date_time program_options thread chrono 
-- Found moveit_ros_planning_interface: 2.5.9 (/opt/ros/humble/share/moveit_ros_planning_interface/cmake)
-- Found Boost: /usr/lib/x86_64-linux-gnu/cmake/Boost-1.74.0/BoostConfig.cmake (found version "1.74.0") found components: date_time filesystem program_options system thread 
-- Found Boost: /usr/lib/x86_64-linux-gnu/cmake/Boost-1.74.0/BoostConfig.cmake (found version "1.74.0") found components: thread system filesystem regex date_time program_options 
-- Found Boost: /usr/lib/x86_64-linux-gnu/cmake/Boost-1.74.0/BoostConfig.cmake (found version "1.74.0") found components: system filesystem date_time program_options thread 
-- Found ament_lint_auto: 0.12.14 (/opt/ros/humble/share/ament_lint_auto/cmake)
-- Added test 'copyright' to check source files copyright and LICENSE
-- Added test 'cppcheck' to perform static code analysis on C / C++ code
-- Configured cppcheck include dirs: /home/endika/Documents/openarm/src/openarm_p_p/include
-- Configured cppcheck exclude dirs and/or files: 
-- Added test 'cpplint' to check C / C++ code against the Google style
-- Configured cpplint exclude dirs and/or files: 
-- Added test 'flake8' to check Python code syntax and style conventions
-- Added test 'lint_cmake' to check CMake code style
-- Added test 'pep257' to check Python code against some of the docstring style conventions in PEP 257
-- Added test 'uncrustify' to check C / C++ code style
-- Configured uncrustify additional arguments: 
-- Added test 'xmllint' to check XML markup files
-- Configuring done
-- Generating done
-- Build files have been written to: /home/endika/Documents/openarm/build/openarm_p_p
[ 50%] [32mBuilding CXX object CMakeFiles/openarm_p_p.dir/src/openarm_p_p.cpp.o[0m
[01m[K/home/endika/Documents/openarm/src/openarm_p_p/src/openarm_p_p.cpp:[m[K In function ‘[01m[Kint main(int, char**)[m[K’:
[01m[K/home/endika/Documents/openarm/src/openarm_p_p/src/openarm_p_p.cpp:85:40:[m[K [01;35m[Kwarning: [m[Kunused variable ‘[01m[Kjoint_model_group[m[K’ [[01;35m[K]8;;https://gcc.gnu.org/onlinedocs/gcc/Warning-Options.html#index-Wunused-variable-Wunused-variable]8;;[m[K]
   85 |   const moveit::core::JointModelGroup* [01;35m[Kjoint_model_group[m[K =
      |                                        [01;35m[K^~~~~~~~~~~~~~~~~[m[K
[100%] [32m[1mLinking CXX executable openarm_p_p[0m
[100%] Built target openarm_p_p
-- Install configuration: ""
-- Execute custom install script
-- Symlinking: /home/endika/Documents/openarm/install/openarm_p_p/lib/openarm_p_p/openarm_p_p
-- Symlinking: /home/endika/Documents/openarm/install/openarm_p_p/share/openarm_p_p//launch/move.launch.py
-- Symlinking: /home/endika/Documents/openarm/install/openarm_p_p/share/ament_index/resource_index/package_run_dependencies/openarm_p_p
-- Symlinking: /home/endika/Documents/openarm/install/openarm_p_p/share/ament_index/resource_index/parent_prefix_path/openarm_p_p
-- Symlinking: /home/endika/Documents/openarm/install/openarm_p_p/share/openarm_p_p/environment/ament_prefix_path.sh
-- Symlinking: /home/endika/Documents/openarm/install/openarm_p_p/share/openarm_p_p/environment/ament_prefix_path.dsv
-- Symlinking: /home/endika/Documents/openarm/install/openarm_p_p/share/openarm_p_p/environment/path.sh
-- Symlinking: /home/endika/Documents/openarm/install/openarm_p_p/share/openarm_p_p/environment/path.dsv
-- Symlinking: /home/endika/Documents/openarm/install/openarm_p_p/share/openarm_p_p/local_setup.bash
-- Symlinking: /home/endika/Documents/openarm/install/openarm_p_p/share/openarm_p_p/local_setup.sh
-- Symlinking: /home/endika/Documents/openarm/install/openarm_p_p/share/openarm_p_p/local_setup.zsh
-- Symlinking: /home/endika/Documents/openarm/install/openarm_p_p/share/openarm_p_p/local_setup.dsv
-- Symlinking: /home/endika/Documents/openarm/install/openarm_p_p/share/openarm_p_p/package.dsv
-- Symlinking: /home/endika/Documents/openarm/install/openarm_p_p/share/ament_index/resource_index/packages/openarm_p_p
-- Symlinking: /home/endika/Documents/openarm/install/openarm_p_p/share/openarm_p_p/cmake/openarm_p_pConfig.cmake
-- Symlinking: /home/endika/Documents/openarm/install/openarm_p_p/share/openarm_p_p/cmake/openarm_p_pConfig-version.cmake
-- Symlinking: /home/endika/Documents/openarm/install/openarm_p_p/share/openarm_p_p/package.xml
