[0.124s] Invoking command in '/home/endika/Documents/openarm_ros2/build/openarm_description': CMAKE_PREFIX_PATH=${CMAKE_PREFIX_PATH}:/home/endika/Documents/openarm_ros2/install/openarm_p_p:/opt/ros/humble /usr/bin/cmake --build /home/endika/Documents/openarm_ros2/build/openarm_description -- -j4 -l4
[0.402s] Invoked command in '/home/endika/Documents/openarm_ros2/build/openarm_description' returned '0': CMAKE_PREFIX_PATH=${CMAKE_PREFIX_PATH}:/home/endika/Documents/openarm_ros2/install/openarm_p_p:/opt/ros/humble /usr/bin/cmake --build /home/endika/Documents/openarm_ros2/build/openarm_description -- -j4 -l4
[0.409s] Invoking command in '/home/endika/Documents/openarm_ros2/build/openarm_description': CMAKE_PREFIX_PATH=${CMAKE_PREFIX_PATH}:/home/endika/Documents/openarm_ros2/install/openarm_p_p:/opt/ros/humble /usr/bin/cmake --install /home/endika/Documents/openarm_ros2/build/openarm_description
[0.461s] -- Install configuration: ""
[0.467s] -- Up-to-date: /home/endika/Documents/openarm_ros2/install/openarm_description/share/openarm_description/launch
[0.472s] -- Up-to-date: /home/endika/Documents/openarm_ros2/install/openarm_description/share/openarm_description/launch/display_openarm.launch.py
[0.476s] -- Up-to-date: /home/endika/Documents/openarm_ros2/install/openarm_description/share/openarm_description/meshes
[0.476s] -- Up-to-date: /home/endika/Documents/openarm_ros2/install/openarm_description/share/openarm_description/meshes/body
[0.500s] -- Up-to-date: /home/endika/Documents/openarm_ros2/install/openarm_description/share/openarm_description/meshes/body/v10
[0.500s] -- Up-to-date: /home/endika/Documents/openarm_ros2/install/openarm_description/share/openarm_description/meshes/body/v10/collision
[0.500s] -- Up-to-date: /home/endika/Documents/openarm_ros2/install/openarm_description/share/openarm_description/meshes/body/v10/collision/body_link0_symp.stl
[0.501s] -- Up-to-date: /home/endika/Documents/openarm_ros2/install/openarm_description/share/openarm_description/meshes/body/v10/visual
[0.501s] -- Up-to-date: /home/endika/Documents/openarm_ros2/install/openarm_description/share/openarm_description/meshes/body/v10/visual/body_link0.dae
[0.502s] -- Up-to-date: /home/endika/Documents/openarm_ros2/install/openarm_description/share/openarm_description/meshes/body/v10/visual/body_link0.stl
[0.502s] -- Up-to-date: /home/endika/Documents/openarm_ros2/install/openarm_description/share/openarm_description/meshes/ee
[0.502s] -- Up-to-date: /home/endika/Documents/openarm_ros2/install/openarm_description/share/openarm_description/meshes/ee/openarm_hand
[0.503s] -- Up-to-date: /home/endika/Documents/openarm_ros2/install/openarm_description/share/openarm_description/meshes/ee/openarm_hand/collision
[0.503s] -- Up-to-date: /home/endika/Documents/openarm_ros2/install/openarm_description/share/openarm_description/meshes/ee/openarm_hand/collision/finger.stl
[0.513s] -- Up-to-date: /home/endika/Documents/openarm_ros2/install/openarm_description/share/openarm_description/meshes/ee/openarm_hand/collision/hand.stl
[0.513s] -- Up-to-date: /home/endika/Documents/openarm_ros2/install/openarm_description/share/openarm_description/meshes/ee/openarm_hand/visual
[0.513s] -- Up-to-date: /home/endika/Documents/openarm_ros2/install/openarm_description/share/openarm_description/meshes/ee/openarm_hand/visual/finger.stl
[0.514s] -- Up-to-date: /home/endika/Documents/openarm_ros2/install/openarm_description/share/openarm_description/meshes/ee/openarm_hand/visual/hand.dae
[0.514s] -- Up-to-date: /home/endika/Documents/openarm_ros2/install/openarm_description/share/openarm_description/meshes/ee/openarm_hand/visual/finger.dae
[0.514s] -- Up-to-date: /home/endika/Documents/openarm_ros2/install/openarm_description/share/openarm_description/meshes/arm
[0.514s] -- Up-to-date: /home/endika/Documents/openarm_ros2/install/openarm_description/share/openarm_description/meshes/arm/v10
[0.515s] -- Up-to-date: /home/endika/Documents/openarm_ros2/install/openarm_description/share/openarm_description/meshes/arm/v10/collision
[0.515s] -- Up-to-date: /home/endika/Documents/openarm_ros2/install/openarm_description/share/openarm_description/meshes/arm/v10/collision/link6_symp.stl
[0.515s] -- Up-to-date: /home/endika/Documents/openarm_ros2/install/openarm_description/share/openarm_description/meshes/arm/v10/collision/link2_symp.stl
[0.525s] -- Up-to-date: /home/endika/Documents/openarm_ros2/install/openarm_description/share/openarm_description/meshes/arm/v10/collision/link1_symp.stl
[0.525s] -- Up-to-date: /home/endika/Documents/openarm_ros2/install/openarm_description/share/openarm_description/meshes/arm/v10/collision/link3_symp.stl
[0.525s] -- Up-to-date: /home/endika/Documents/openarm_ros2/install/openarm_description/share/openarm_description/meshes/arm/v10/collision/link5_symp.stl
[0.525s] -- Up-to-date: /home/endika/Documents/openarm_ros2/install/openarm_description/share/openarm_description/meshes/arm/v10/collision/link7_symp.stl
[0.526s] -- Up-to-date: /home/endika/Documents/openarm_ros2/install/openarm_description/share/openarm_description/meshes/arm/v10/collision/link4_symp.stl
[0.526s] -- Up-to-date: /home/endika/Documents/openarm_ros2/install/openarm_description/share/openarm_description/meshes/arm/v10/collision/link0_symp.stl
[0.531s] -- Up-to-date: /home/endika/Documents/openarm_ros2/install/openarm_description/share/openarm_description/meshes/arm/v10/visual
[0.532s] -- Up-to-date: /home/endika/Documents/openarm_ros2/install/openarm_description/share/openarm_description/meshes/arm/v10/visual/link5.stl
[0.532s] -- Up-to-date: /home/endika/Documents/openarm_ros2/install/openarm_description/share/openarm_description/meshes/arm/v10/visual/link0.stl
[0.532s] -- Up-to-date: /home/endika/Documents/openarm_ros2/install/openarm_description/share/openarm_description/meshes/arm/v10/visual/link6.stl
[0.533s] -- Up-to-date: /home/endika/Documents/openarm_ros2/install/openarm_description/share/openarm_description/meshes/arm/v10/visual/link7.dae
[0.533s] -- Up-to-date: /home/endika/Documents/openarm_ros2/install/openarm_description/share/openarm_description/meshes/arm/v10/visual/link3.stl
[0.533s] -- Up-to-date: /home/endika/Documents/openarm_ros2/install/openarm_description/share/openarm_description/meshes/arm/v10/visual/link0.dae
[0.533s] -- Up-to-date: /home/endika/Documents/openarm_ros2/install/openarm_description/share/openarm_description/meshes/arm/v10/visual/link1.stl
[0.533s] -- Up-to-date: /home/endika/Documents/openarm_ros2/install/openarm_description/share/openarm_description/meshes/arm/v10/visual/link3.dae
[0.534s] -- Up-to-date: /home/endika/Documents/openarm_ros2/install/openarm_description/share/openarm_description/meshes/arm/v10/visual/link4.stl
[0.534s] -- Up-to-date: /home/endika/Documents/openarm_ros2/install/openarm_description/share/openarm_description/meshes/arm/v10/visual/link2.stl
[0.536s] -- Up-to-date: /home/endika/Documents/openarm_ros2/install/openarm_description/share/openarm_description/meshes/arm/v10/visual/link4.dae
[0.537s] -- Up-to-date: /home/endika/Documents/openarm_ros2/install/openarm_description/share/openarm_description/meshes/arm/v10/visual/link2.dae
[0.537s] -- Up-to-date: /home/endika/Documents/openarm_ros2/install/openarm_description/share/openarm_description/meshes/arm/v10/visual/link5.dae
[0.537s] -- Up-to-date: /home/endika/Documents/openarm_ros2/install/openarm_description/share/openarm_description/meshes/arm/v10/visual/link1.dae
[0.538s] -- Up-to-date: /home/endika/Documents/openarm_ros2/install/openarm_description/share/openarm_description/meshes/arm/v10/visual/link7.stl
[0.538s] -- Up-to-date: /home/endika/Documents/openarm_ros2/install/openarm_description/share/openarm_description/meshes/arm/v10/visual/link6.dae
[0.538s] -- Up-to-date: /home/endika/Documents/openarm_ros2/install/openarm_description/share/openarm_description/rviz
[0.538s] -- Up-to-date: /home/endika/Documents/openarm_ros2/install/openarm_description/share/openarm_description/rviz/arm_only.rviz
[0.539s] -- Up-to-date: /home/endika/Documents/openarm_ros2/install/openarm_description/share/openarm_description/rviz/bimanual.rviz
[0.539s] -- Up-to-date: /home/endika/Documents/openarm_ros2/install/openarm_description/share/openarm_description/urdf
[0.552s] -- Up-to-date: /home/endika/Documents/openarm_ros2/install/openarm_description/share/openarm_description/urdf/body
[0.552s] -- Up-to-date: /home/endika/Documents/openarm_ros2/install/openarm_description/share/openarm_description/urdf/body/openarm_body_macro.xacro
[0.552s] -- Up-to-date: /home/endika/Documents/openarm_ros2/install/openarm_description/share/openarm_description/urdf/body/openarm_body.xacro
[0.553s] -- Up-to-date: /home/endika/Documents/openarm_ros2/install/openarm_description/share/openarm_description/urdf/ee
[0.553s] -- Up-to-date: /home/endika/Documents/openarm_ros2/install/openarm_description/share/openarm_description/urdf/ee/openarm_hand_arguments.xacro
[0.553s] -- Up-to-date: /home/endika/Documents/openarm_ros2/install/openarm_description/share/openarm_description/urdf/ee/openarm_hand.xacro
[0.553s] -- Up-to-date: /home/endika/Documents/openarm_ros2/install/openarm_description/share/openarm_description/urdf/ee/ee_with_one_link.xacro
[0.554s] -- Up-to-date: /home/endika/Documents/openarm_ros2/install/openarm_description/share/openarm_description/urdf/ee/openarm_hand_macro.xacro
[0.554s] -- Up-to-date: /home/endika/Documents/openarm_ros2/install/openarm_description/share/openarm_description/urdf/robot
[0.554s] -- Up-to-date: /home/endika/Documents/openarm_ros2/install/openarm_description/share/openarm_description/urdf/robot/v10.urdf.xacro
[0.564s] -- Up-to-date: /home/endika/Documents/openarm_ros2/install/openarm_description/share/openarm_description/urdf/robot/openarm_robot.xacro
[0.564s] -- Up-to-date: /home/endika/Documents/openarm_ros2/install/openarm_description/share/openarm_description/urdf/arm
[0.564s] -- Up-to-date: /home/endika/Documents/openarm_ros2/install/openarm_description/share/openarm_description/urdf/arm/openarm_macro.xacro
[0.565s] -- Up-to-date: /home/endika/Documents/openarm_ros2/install/openarm_description/share/openarm_description/urdf/arm/openarm_arm.xacro
[0.565s] -- Up-to-date: /home/endika/Documents/openarm_ros2/install/openarm_description/share/openarm_description/urdf/ros2_control
[0.565s] -- Up-to-date: /home/endika/Documents/openarm_ros2/install/openarm_description/share/openarm_description/urdf/ros2_control/openarm.bimanual.ros2_control.xacro
[0.565s] -- Up-to-date: /home/endika/Documents/openarm_ros2/install/openarm_description/share/openarm_description/urdf/ros2_control/openarm.ros2_control.xacro
[0.566s] -- Up-to-date: /home/endika/Documents/openarm_ros2/install/openarm_description/share/openarm_description/config
[0.566s] -- Up-to-date: /home/endika/Documents/openarm_ros2/install/openarm_description/share/openarm_description/config/body
[0.566s] -- Up-to-date: /home/endika/Documents/openarm_ros2/install/openarm_description/share/openarm_description/config/body/v10
[0.566s] -- Up-to-date: /home/endika/Documents/openarm_ros2/install/openarm_description/share/openarm_description/config/body/v10/kinematics_link.yaml
[0.579s] -- Up-to-date: /home/endika/Documents/openarm_ros2/install/openarm_description/share/openarm_description/config/body/v10/kinematics.yaml
[0.580s] -- Up-to-date: /home/endika/Documents/openarm_ros2/install/openarm_description/share/openarm_description/config/body/v10/inertials.yaml
[0.580s] -- Up-to-date: /home/endika/Documents/openarm_ros2/install/openarm_description/share/openarm_description/config/hand
[0.580s] -- Up-to-date: /home/endika/Documents/openarm_ros2/install/openarm_description/share/openarm_description/config/hand/openarm_hand
[0.581s] -- Up-to-date: /home/endika/Documents/openarm_ros2/install/openarm_description/share/openarm_description/config/hand/openarm_hand/kinematics_link.yaml
[0.585s] -- Up-to-date: /home/endika/Documents/openarm_ros2/install/openarm_description/share/openarm_description/config/hand/openarm_hand/joint_limits.yaml
[0.588s] -- Up-to-date: /home/endika/Documents/openarm_ros2/install/openarm_description/share/openarm_description/config/hand/openarm_hand/kinematics.yaml
[0.588s] -- Up-to-date: /home/endika/Documents/openarm_ros2/install/openarm_description/share/openarm_description/config/hand/openarm_hand/inertials.yaml
[0.589s] -- Up-to-date: /home/endika/Documents/openarm_ros2/install/openarm_description/share/openarm_description/config/arm
[0.589s] -- Up-to-date: /home/endika/Documents/openarm_ros2/install/openarm_description/share/openarm_description/config/arm/v10
[0.589s] -- Up-to-date: /home/endika/Documents/openarm_ros2/install/openarm_description/share/openarm_description/config/arm/v10/kinematics_offset.yaml
[0.589s] -- Up-to-date: /home/endika/Documents/openarm_ros2/install/openarm_description/share/openarm_description/config/arm/v10/kinematics_link.yaml
[0.590s] -- Up-to-date: /home/endika/Documents/openarm_ros2/install/openarm_description/share/openarm_description/config/arm/v10/joint_limits.yaml
[0.590s] -- Up-to-date: /home/endika/Documents/openarm_ros2/install/openarm_description/share/openarm_description/config/arm/v10/kinematics.yaml
[0.590s] -- Up-to-date: /home/endika/Documents/openarm_ros2/install/openarm_description/share/openarm_description/config/arm/v10/inertials.yaml
[0.595s] -- Up-to-date: /home/endika/Documents/openarm_ros2/install/openarm_description/share/ament_index/resource_index/package_run_dependencies/openarm_description
[0.595s] -- Up-to-date: /home/endika/Documents/openarm_ros2/install/openarm_description/share/ament_index/resource_index/parent_prefix_path/openarm_description
[0.595s] -- Up-to-date: /home/endika/Documents/openarm_ros2/install/openarm_description/share/openarm_description/environment/ament_prefix_path.sh
[0.596s] -- Up-to-date: /home/endika/Documents/openarm_ros2/install/openarm_description/share/openarm_description/environment/ament_prefix_path.dsv
[0.596s] -- Up-to-date: /home/endika/Documents/openarm_ros2/install/openarm_description/share/openarm_description/environment/path.sh
[0.596s] -- Up-to-date: /home/endika/Documents/openarm_ros2/install/openarm_description/share/openarm_description/environment/path.dsv
[0.597s] -- Up-to-date: /home/endika/Documents/openarm_ros2/install/openarm_description/share/openarm_description/local_setup.bash
[0.597s] -- Up-to-date: /home/endika/Documents/openarm_ros2/install/openarm_description/share/openarm_description/local_setup.sh
[0.597s] -- Up-to-date: /home/endika/Documents/openarm_ros2/install/openarm_description/share/openarm_description/local_setup.zsh
[0.607s] -- Up-to-date: /home/endika/Documents/openarm_ros2/install/openarm_description/share/openarm_description/local_setup.dsv
[0.608s] -- Installing: /home/endika/Documents/openarm_ros2/install/openarm_description/share/openarm_description/package.dsv
[0.609s] -- Up-to-date: /home/endika/Documents/openarm_ros2/install/openarm_description/share/ament_index/resource_index/packages/openarm_description
[0.613s] -- Up-to-date: /home/endika/Documents/openarm_ros2/install/openarm_description/share/openarm_description/cmake/openarm_descriptionConfig.cmake
[0.614s] -- Up-to-date: /home/endika/Documents/openarm_ros2/install/openarm_description/share/openarm_description/cmake/openarm_descriptionConfig-version.cmake
[0.614s] -- Up-to-date: /home/endika/Documents/openarm_ros2/install/openarm_description/share/openarm_description/package.xml
[0.682s] Invoked command in '/home/endika/Documents/openarm_ros2/build/openarm_description' returned '0': CMAKE_PREFIX_PATH=${CMAKE_PREFIX_PATH}:/home/endika/Documents/openarm_ros2/install/openarm_p_p:/opt/ros/humble /usr/bin/cmake --install /home/endika/Documents/openarm_ros2/build/openarm_description
