[1.106s] DEBUG:colcon:Command line arguments: ['/usr/bin/colcon', 'build', '--packages-select', 'openarm_p_p']
[1.107s] DEBUG:colcon:Parsed command line arguments: Namespace(log_base=None, log_level=None, verb_name='build', build_base='build', install_base='install', merge_install=False, symlink_install=False, test_result_base=None, continue_on_error=False, executor='parallel', parallel_workers=4, event_handlers=None, ignore_user_meta=False, metas=['./colcon.meta'], base_paths=['.'], packages_ignore=None, packages_ignore_regex=None, paths=None, packages_up_to=None, packages_up_to_regex=None, packages_above=None, packages_above_and_dependencies=None, packages_above_depth=None, packages_select_by_dep=None, packages_skip_by_dep=None, packages_skip_up_to=None, packages_select_build_failed=False, packages_skip_build_finished=False, packages_select_test_failures=False, packages_skip_test_passed=False, packages_select=['openarm_p_p'], packages_skip=None, packages_select_regex=None, packages_skip_regex=None, packages_start=None, packages_end=None, allow_overriding=[], cmake_args=None, cmake_target=None, cmake_target_skip_unavailable=False, cmake_clean_cache=False, cmake_clean_first=False, cmake_force_configure=False, ament_cmake_args=None, catkin_cmake_args=None, catkin_skip_building_tests=False, mixin_files=None, mixin=None, verb_parser=<colcon_mixin.mixin.mixin_argument.MixinArgumentDecorator object at 0x7fd946d63010>, verb_extension=<colcon_core.verb.build.BuildVerb object at 0x7fd946e57f40>, main=<bound method BuildVerb.main of <colcon_core.verb.build.BuildVerb object at 0x7fd946e57f40>>, mixin_verb=('build',))
[2.685s] Level 1:colcon.colcon_core.package_discovery:discover_packages(colcon_meta) check parameters
[2.686s] Level 1:colcon.colcon_core.package_discovery:discover_packages(recursive) check parameters
[2.686s] Level 1:colcon.colcon_core.package_discovery:discover_packages(ignore) check parameters
[2.686s] Level 1:colcon.colcon_core.package_discovery:discover_packages(path) check parameters
[2.687s] Level 1:colcon.colcon_core.package_discovery:discover_packages(colcon_meta) discover
[2.687s] Level 1:colcon.colcon_core.package_discovery:discover_packages(recursive) discover
[2.688s] INFO:colcon.colcon_core.package_discovery:Crawling recursively for packages in '/home/endika/Documents/openarm_ros2'
[2.689s] Level 1:colcon.colcon_core.package_identification:_identify(.) by extensions ['ignore', 'ignore_ament_install']
[2.691s] Level 1:colcon.colcon_core.package_identification:_identify(.) by extension 'ignore'
[2.692s] Level 1:colcon.colcon_core.package_identification:_identify(.) by extension 'ignore_ament_install'
[2.692s] Level 1:colcon.colcon_core.package_identification:_identify(.) by extensions ['colcon_pkg']
[2.693s] Level 1:colcon.colcon_core.package_identification:_identify(.) by extension 'colcon_pkg'
[2.693s] Level 1:colcon.colcon_core.package_identification:_identify(.) by extensions ['colcon_meta']
[2.693s] Level 1:colcon.colcon_core.package_identification:_identify(.) by extension 'colcon_meta'
[2.694s] Level 1:colcon.colcon_core.package_identification:_identify(.) by extensions ['ros']
[2.694s] Level 1:colcon.colcon_core.package_identification:_identify(.) by extension 'ros'
[3.022s] Level 1:colcon.colcon_core.package_identification:_identify(.) by extensions ['cmake', 'python']
[3.023s] Level 1:colcon.colcon_core.package_identification:_identify(.) by extension 'cmake'
[3.023s] Level 1:colcon.colcon_core.package_identification:_identify(.) by extension 'python'
[3.027s] Level 1:colcon.colcon_core.package_identification:_identify(.) by extensions ['python_setup_py']
[3.030s] Level 1:colcon.colcon_core.package_identification:_identify(.) by extension 'python_setup_py'
[3.032s] Level 1:colcon.colcon_core.package_identification:_identify(__pycache__) by extensions ['ignore', 'ignore_ament_install']
[3.040s] Level 1:colcon.colcon_core.package_identification:_identify(__pycache__) by extension 'ignore'
[3.041s] Level 1:colcon.colcon_core.package_identification:_identify(__pycache__) by extension 'ignore_ament_install'
[3.042s] Level 1:colcon.colcon_core.package_identification:_identify(__pycache__) by extensions ['colcon_pkg']
[3.042s] Level 1:colcon.colcon_core.package_identification:_identify(__pycache__) by extension 'colcon_pkg'
[3.052s] Level 1:colcon.colcon_core.package_identification:_identify(__pycache__) by extensions ['colcon_meta']
[3.054s] Level 1:colcon.colcon_core.package_identification:_identify(__pycache__) by extension 'colcon_meta'
[3.055s] Level 1:colcon.colcon_core.package_identification:_identify(__pycache__) by extensions ['ros']
[3.055s] Level 1:colcon.colcon_core.package_identification:_identify(__pycache__) by extension 'ros'
[3.061s] Level 1:colcon.colcon_core.package_identification:_identify(__pycache__) by extensions ['cmake', 'python']
[3.066s] Level 1:colcon.colcon_core.package_identification:_identify(__pycache__) by extension 'cmake'
[3.066s] Level 1:colcon.colcon_core.package_identification:_identify(__pycache__) by extension 'python'
[3.067s] Level 1:colcon.colcon_core.package_identification:_identify(__pycache__) by extensions ['python_setup_py']
[3.067s] Level 1:colcon.colcon_core.package_identification:_identify(__pycache__) by extension 'python_setup_py'
[3.074s] Level 1:colcon.colcon_core.package_identification:_identify(build) by extensions ['ignore', 'ignore_ament_install']
[3.075s] Level 1:colcon.colcon_core.package_identification:_identify(build) by extension 'ignore'
[3.075s] Level 1:colcon.colcon_core.package_identification:_identify(build) ignored
[3.076s] Level 1:colcon.colcon_core.package_identification:_identify(dev) by extensions ['ignore', 'ignore_ament_install']
[3.076s] Level 1:colcon.colcon_core.package_identification:_identify(dev) by extension 'ignore'
[3.076s] Level 1:colcon.colcon_core.package_identification:_identify(dev) by extension 'ignore_ament_install'
[3.079s] Level 1:colcon.colcon_core.package_identification:_identify(dev) by extensions ['colcon_pkg']
[3.080s] Level 1:colcon.colcon_core.package_identification:_identify(dev) by extension 'colcon_pkg'
[3.080s] Level 1:colcon.colcon_core.package_identification:_identify(dev) by extensions ['colcon_meta']
[3.080s] Level 1:colcon.colcon_core.package_identification:_identify(dev) by extension 'colcon_meta'
[3.080s] Level 1:colcon.colcon_core.package_identification:_identify(dev) by extensions ['ros']
[3.080s] Level 1:colcon.colcon_core.package_identification:_identify(dev) by extension 'ros'
[3.081s] Level 1:colcon.colcon_core.package_identification:_identify(dev) by extensions ['cmake', 'python']
[3.081s] Level 1:colcon.colcon_core.package_identification:_identify(dev) by extension 'cmake'
[3.081s] Level 1:colcon.colcon_core.package_identification:_identify(dev) by extension 'python'
[3.082s] Level 1:colcon.colcon_core.package_identification:_identify(dev) by extensions ['python_setup_py']
[3.082s] Level 1:colcon.colcon_core.package_identification:_identify(dev) by extension 'python_setup_py'
[3.083s] Level 1:colcon.colcon_core.package_identification:_identify(install) by extensions ['ignore', 'ignore_ament_install']
[3.083s] Level 1:colcon.colcon_core.package_identification:_identify(install) by extension 'ignore'
[3.083s] Level 1:colcon.colcon_core.package_identification:_identify(install) ignored
[3.084s] Level 1:colcon.colcon_core.package_identification:_identify(log) by extensions ['ignore', 'ignore_ament_install']
[3.087s] Level 1:colcon.colcon_core.package_identification:_identify(log) by extension 'ignore'
[3.088s] Level 1:colcon.colcon_core.package_identification:_identify(log) ignored
[3.088s] Level 1:colcon.colcon_core.package_identification:_identify(openarm) by extensions ['ignore', 'ignore_ament_install']
[3.088s] Level 1:colcon.colcon_core.package_identification:_identify(openarm) by extension 'ignore'
[3.089s] Level 1:colcon.colcon_core.package_identification:_identify(openarm) by extension 'ignore_ament_install'
[3.090s] Level 1:colcon.colcon_core.package_identification:_identify(openarm) by extensions ['colcon_pkg']
[3.091s] Level 1:colcon.colcon_core.package_identification:_identify(openarm) by extension 'colcon_pkg'
[3.091s] Level 1:colcon.colcon_core.package_identification:_identify(openarm) by extensions ['colcon_meta']
[3.091s] Level 1:colcon.colcon_core.package_identification:_identify(openarm) by extension 'colcon_meta'
[3.092s] Level 1:colcon.colcon_core.package_identification:_identify(openarm) by extensions ['ros']
[3.093s] Level 1:colcon.colcon_core.package_identification:_identify(openarm) by extension 'ros'
[3.175s] DEBUG:colcon.colcon_core.package_identification:Package 'openarm' with type 'ros.ament_cmake' and name 'openarm'
[3.176s] Level 1:colcon.colcon_core.package_identification:_identify(openarm_bimanual_moveit_config) by extensions ['ignore', 'ignore_ament_install']
[3.177s] Level 1:colcon.colcon_core.package_identification:_identify(openarm_bimanual_moveit_config) by extension 'ignore'
[3.184s] Level 1:colcon.colcon_core.package_identification:_identify(openarm_bimanual_moveit_config) by extension 'ignore_ament_install'
[3.188s] Level 1:colcon.colcon_core.package_identification:_identify(openarm_bimanual_moveit_config) by extensions ['colcon_pkg']
[3.188s] Level 1:colcon.colcon_core.package_identification:_identify(openarm_bimanual_moveit_config) by extension 'colcon_pkg'
[3.189s] Level 1:colcon.colcon_core.package_identification:_identify(openarm_bimanual_moveit_config) by extensions ['colcon_meta']
[3.189s] Level 1:colcon.colcon_core.package_identification:_identify(openarm_bimanual_moveit_config) by extension 'colcon_meta'
[3.189s] Level 1:colcon.colcon_core.package_identification:_identify(openarm_bimanual_moveit_config) by extensions ['ros']
[3.196s] Level 1:colcon.colcon_core.package_identification:_identify(openarm_bimanual_moveit_config) by extension 'ros'
[3.220s] DEBUG:colcon.colcon_core.package_identification:Package 'openarm_bimanual_moveit_config' with type 'ros.ament_cmake' and name 'openarm_bimanual_moveit_config'
[3.220s] Level 1:colcon.colcon_core.package_identification:_identify(openarm_bringup) by extensions ['ignore', 'ignore_ament_install']
[3.225s] Level 1:colcon.colcon_core.package_identification:_identify(openarm_bringup) by extension 'ignore'
[3.226s] Level 1:colcon.colcon_core.package_identification:_identify(openarm_bringup) by extension 'ignore_ament_install'
[3.226s] Level 1:colcon.colcon_core.package_identification:_identify(openarm_bringup) by extensions ['colcon_pkg']
[3.226s] Level 1:colcon.colcon_core.package_identification:_identify(openarm_bringup) by extension 'colcon_pkg'
[3.227s] Level 1:colcon.colcon_core.package_identification:_identify(openarm_bringup) by extensions ['colcon_meta']
[3.227s] Level 1:colcon.colcon_core.package_identification:_identify(openarm_bringup) by extension 'colcon_meta'
[3.235s] Level 1:colcon.colcon_core.package_identification:_identify(openarm_bringup) by extensions ['ros']
[3.235s] Level 1:colcon.colcon_core.package_identification:_identify(openarm_bringup) by extension 'ros'
[3.249s] DEBUG:colcon.colcon_core.package_identification:Package 'openarm_bringup' with type 'ros.ament_cmake' and name 'openarm_bringup'
[3.250s] Level 1:colcon.colcon_core.package_identification:_identify(openarm_can) by extensions ['ignore', 'ignore_ament_install']
[3.265s] Level 1:colcon.colcon_core.package_identification:_identify(openarm_can) by extension 'ignore'
[3.265s] Level 1:colcon.colcon_core.package_identification:_identify(openarm_can) by extension 'ignore_ament_install'
[3.269s] Level 1:colcon.colcon_core.package_identification:_identify(openarm_can) by extensions ['colcon_pkg']
[3.269s] Level 1:colcon.colcon_core.package_identification:_identify(openarm_can) by extension 'colcon_pkg'
[3.276s] Level 1:colcon.colcon_core.package_identification:_identify(openarm_can) by extensions ['colcon_meta']
[3.276s] Level 1:colcon.colcon_core.package_identification:_identify(openarm_can) by extension 'colcon_meta'
[3.277s] Level 1:colcon.colcon_core.package_identification:_identify(openarm_can) by extensions ['ros']
[3.277s] Level 1:colcon.colcon_core.package_identification:_identify(openarm_can) by extension 'ros'
[3.277s] Level 1:colcon.colcon_core.package_identification:_identify(openarm_can) by extensions ['cmake', 'python']
[3.278s] Level 1:colcon.colcon_core.package_identification:_identify(openarm_can) by extension 'cmake'
[3.547s] Level 1:colcon.colcon_core.package_identification:_identify(openarm_can) by extension 'python'
[3.548s] DEBUG:colcon.colcon_core.package_identification:Package 'openarm_can' with type 'cmake' and name 'openarm_can'
[3.549s] Level 1:colcon.colcon_core.package_identification:_identify(openarm_description) by extensions ['ignore', 'ignore_ament_install']
[3.550s] Level 1:colcon.colcon_core.package_identification:_identify(openarm_description) by extension 'ignore'
[3.553s] Level 1:colcon.colcon_core.package_identification:_identify(openarm_description) by extension 'ignore_ament_install'
[3.555s] Level 1:colcon.colcon_core.package_identification:_identify(openarm_description) by extensions ['colcon_pkg']
[3.555s] Level 1:colcon.colcon_core.package_identification:_identify(openarm_description) by extension 'colcon_pkg'
[3.557s] Level 1:colcon.colcon_core.package_identification:_identify(openarm_description) by extensions ['colcon_meta']
[3.558s] Level 1:colcon.colcon_core.package_identification:_identify(openarm_description) by extension 'colcon_meta'
[3.558s] Level 1:colcon.colcon_core.package_identification:_identify(openarm_description) by extensions ['ros']
[3.558s] Level 1:colcon.colcon_core.package_identification:_identify(openarm_description) by extension 'ros'
[3.576s] DEBUG:colcon.colcon_core.package_identification:Package 'openarm_description' with type 'ros.ament_cmake' and name 'openarm_description'
[3.591s] Level 1:colcon.colcon_core.package_identification:_identify(openarm_hardware) by extensions ['ignore', 'ignore_ament_install']
[3.592s] Level 1:colcon.colcon_core.package_identification:_identify(openarm_hardware) by extension 'ignore'
[3.592s] Level 1:colcon.colcon_core.package_identification:_identify(openarm_hardware) by extension 'ignore_ament_install'
[3.597s] Level 1:colcon.colcon_core.package_identification:_identify(openarm_hardware) by extensions ['colcon_pkg']
[3.597s] Level 1:colcon.colcon_core.package_identification:_identify(openarm_hardware) by extension 'colcon_pkg'
[3.598s] Level 1:colcon.colcon_core.package_identification:_identify(openarm_hardware) by extensions ['colcon_meta']
[3.598s] Level 1:colcon.colcon_core.package_identification:_identify(openarm_hardware) by extension 'colcon_meta'
[3.598s] Level 1:colcon.colcon_core.package_identification:_identify(openarm_hardware) by extensions ['ros']
[3.599s] Level 1:colcon.colcon_core.package_identification:_identify(openarm_hardware) by extension 'ros'
[3.606s] DEBUG:colcon.colcon_core.package_identification:Package 'openarm_hardware' with type 'ros.ament_cmake' and name 'openarm_hardware'
[3.608s] Level 1:colcon.colcon_core.package_identification:_identify(openarm_p_p) by extensions ['ignore', 'ignore_ament_install']
[3.609s] Level 1:colcon.colcon_core.package_identification:_identify(openarm_p_p) by extension 'ignore'
[3.610s] Level 1:colcon.colcon_core.package_identification:_identify(openarm_p_p) by extension 'ignore_ament_install'
[3.611s] Level 1:colcon.colcon_core.package_identification:_identify(openarm_p_p) by extensions ['colcon_pkg']
[3.612s] Level 1:colcon.colcon_core.package_identification:_identify(openarm_p_p) by extension 'colcon_pkg'
[3.616s] Level 1:colcon.colcon_core.package_identification:_identify(openarm_p_p) by extensions ['colcon_meta']
[3.616s] Level 1:colcon.colcon_core.package_identification:_identify(openarm_p_p) by extension 'colcon_meta'
[3.621s] Level 1:colcon.colcon_core.package_identification:_identify(openarm_p_p) by extensions ['ros']
[3.621s] Level 1:colcon.colcon_core.package_identification:_identify(openarm_p_p) by extension 'ros'
[3.647s] DEBUG:colcon.colcon_core.package_identification:Package 'openarm_p_p' with type 'ros.ament_cmake' and name 'openarm_p_p'
[3.648s] Level 1:colcon.colcon_core.package_discovery:discover_packages(recursive) using defaults
[3.648s] Level 1:colcon.colcon_core.package_discovery:discover_packages(ignore) discover
[3.648s] Level 1:colcon.colcon_core.package_discovery:discover_packages(ignore) using defaults
[3.648s] Level 1:colcon.colcon_core.package_discovery:discover_packages(path) discover
[3.648s] Level 1:colcon.colcon_core.package_discovery:discover_packages(path) using defaults
[4.013s] INFO:colcon.colcon_core.package_selection:Skipping not selected package 'openarm_bringup' in 'openarm_bringup'
[4.026s] INFO:colcon.colcon_core.package_selection:Skipping not selected package 'openarm_can' in 'openarm_can'
[4.027s] INFO:colcon.colcon_core.package_selection:Skipping not selected package 'openarm_description' in 'openarm_description'
[4.027s] INFO:colcon.colcon_core.package_selection:Skipping not selected package 'openarm_hardware' in 'openarm_hardware'
[4.027s] INFO:colcon.colcon_core.package_selection:Skipping not selected package 'openarm' in 'openarm'
[4.028s] INFO:colcon.colcon_core.package_selection:Skipping not selected package 'openarm_bimanual_moveit_config' in 'openarm_bimanual_moveit_config'
[4.050s] Level 1:colcon.colcon_core.package_discovery:discover_packages(prefix_path) check parameters
[4.051s] Level 1:colcon.colcon_core.package_discovery:discover_packages(prefix_path) discover
[4.094s] DEBUG:colcon.colcon_installed_package_information.package_discovery:Found 7 installed packages in /home/endika/Documents/openarm_ros2/install
[4.115s] DEBUG:colcon.colcon_installed_package_information.package_discovery:Found 371 installed packages in /opt/ros/humble
[4.147s] Level 1:colcon.colcon_core.package_discovery:discover_packages(prefix_path) using defaults
[4.833s] Level 5:colcon.colcon_core.verb:set package 'openarm_p_p' build argument 'cmake_args' from command line to 'None'
[4.833s] Level 5:colcon.colcon_core.verb:set package 'openarm_p_p' build argument 'cmake_target' from command line to 'None'
[4.834s] Level 5:colcon.colcon_core.verb:set package 'openarm_p_p' build argument 'cmake_target_skip_unavailable' from command line to 'False'
[4.834s] Level 5:colcon.colcon_core.verb:set package 'openarm_p_p' build argument 'cmake_clean_cache' from command line to 'False'
[4.834s] Level 5:colcon.colcon_core.verb:set package 'openarm_p_p' build argument 'cmake_clean_first' from command line to 'False'
[4.835s] Level 5:colcon.colcon_core.verb:set package 'openarm_p_p' build argument 'cmake_force_configure' from command line to 'False'
[4.835s] Level 5:colcon.colcon_core.verb:set package 'openarm_p_p' build argument 'ament_cmake_args' from command line to 'None'
[4.835s] Level 5:colcon.colcon_core.verb:set package 'openarm_p_p' build argument 'catkin_cmake_args' from command line to 'None'
[4.835s] Level 5:colcon.colcon_core.verb:set package 'openarm_p_p' build argument 'catkin_skip_building_tests' from command line to 'False'
[4.836s] DEBUG:colcon.colcon_core.verb:Building package 'openarm_p_p' with the following arguments: {'ament_cmake_args': None, 'build_base': '/home/endika/Documents/openarm_ros2/build/openarm_p_p', 'catkin_cmake_args': None, 'catkin_skip_building_tests': False, 'cmake_args': None, 'cmake_clean_cache': False, 'cmake_clean_first': False, 'cmake_force_configure': False, 'cmake_target': None, 'cmake_target_skip_unavailable': False, 'install_base': '/home/endika/Documents/openarm_ros2/install/openarm_p_p', 'merge_install': False, 'path': '/home/endika/Documents/openarm_ros2/openarm_p_p', 'symlink_install': False, 'test_result_base': None}
[4.837s] INFO:colcon.colcon_core.executor:Executing jobs using 'parallel' executor
[4.845s] DEBUG:colcon.colcon_parallel_executor.executor.parallel:run_until_complete
[4.849s] INFO:colcon.colcon_ros.task.ament_cmake.build:Building ROS package in '/home/endika/Documents/openarm_ros2/openarm_p_p' with build type 'ament_cmake'
[4.851s] INFO:colcon.colcon_cmake.task.cmake.build:Building CMake package in '/home/endika/Documents/openarm_ros2/openarm_p_p'
[4.865s] INFO:colcon.colcon_core.plugin_system:Skipping extension 'colcon_core.shell.bat': Not used on non-Windows systems
[4.866s] INFO:colcon.colcon_core.shell:Skip shell extension 'powershell' for command environment: Not usable outside of PowerShell
[4.866s] DEBUG:colcon.colcon_core.shell:Skip shell extension 'dsv' for command environment
[4.957s] DEBUG:colcon.colcon_core.event_handler.log_command:Invoking command in '/home/endika/Documents/openarm_ros2/build/openarm_p_p': CMAKE_PREFIX_PATH=${CMAKE_PREFIX_PATH}:/opt/ros/humble /usr/bin/cmake --build /home/endika/Documents/openarm_ros2/build/openarm_p_p -- -j4 -l4
[77.774s] DEBUG:colcon.colcon_core.event_handler.log_command:Invoked command in '/home/endika/Documents/openarm_ros2/build/openarm_p_p' returned '0': CMAKE_PREFIX_PATH=${CMAKE_PREFIX_PATH}:/opt/ros/humble /usr/bin/cmake --build /home/endika/Documents/openarm_ros2/build/openarm_p_p -- -j4 -l4
[77.896s] DEBUG:colcon.colcon_core.event_handler.log_command:Invoking command in '/home/endika/Documents/openarm_ros2/build/openarm_p_p': CMAKE_PREFIX_PATH=${CMAKE_PREFIX_PATH}:/opt/ros/humble /usr/bin/cmake --install /home/endika/Documents/openarm_ros2/build/openarm_p_p
[78.149s] Level 1:colcon.colcon_core.environment:create_environment_scripts_only(openarm_p_p)
[78.158s] DEBUG:colcon.colcon_core.event_handler.log_command:Invoked command in '/home/endika/Documents/openarm_ros2/build/openarm_p_p' returned '0': CMAKE_PREFIX_PATH=${CMAKE_PREFIX_PATH}:/opt/ros/humble /usr/bin/cmake --install /home/endika/Documents/openarm_ros2/build/openarm_p_p
[78.176s] Level 1:colcon.colcon_core.environment:checking '/home/endika/Documents/openarm_ros2/install/openarm_p_p' for CMake module files
[78.181s] Level 1:colcon.colcon_core.environment:checking '/home/endika/Documents/openarm_ros2/install/openarm_p_p' for CMake config files
[78.183s] Level 1:colcon.colcon_core.shell:create_environment_hook('openarm_p_p', 'cmake_prefix_path')
[78.186s] INFO:colcon.colcon_core.shell:Creating environment hook '/home/endika/Documents/openarm_ros2/install/openarm_p_p/share/openarm_p_p/hook/cmake_prefix_path.ps1'
[78.192s] INFO:colcon.colcon_core.shell:Creating environment descriptor '/home/endika/Documents/openarm_ros2/install/openarm_p_p/share/openarm_p_p/hook/cmake_prefix_path.dsv'
[78.199s] INFO:colcon.colcon_core.shell:Creating environment hook '/home/endika/Documents/openarm_ros2/install/openarm_p_p/share/openarm_p_p/hook/cmake_prefix_path.sh'
[78.206s] Level 1:colcon.colcon_core.environment:checking '/home/endika/Documents/openarm_ros2/install/openarm_p_p/lib'
[78.208s] Level 1:colcon.colcon_core.environment:checking '/home/endika/Documents/openarm_ros2/install/openarm_p_p/bin'
[78.209s] Level 1:colcon.colcon_core.environment:checking '/home/endika/Documents/openarm_ros2/install/openarm_p_p/lib/pkgconfig/openarm_p_p.pc'
[78.211s] Level 1:colcon.colcon_core.environment:checking '/home/endika/Documents/openarm_ros2/install/openarm_p_p/lib/python3.10/site-packages'
[78.213s] Level 1:colcon.colcon_core.environment:checking '/home/endika/Documents/openarm_ros2/install/openarm_p_p/bin'
[78.217s] INFO:colcon.colcon_core.shell:Creating package script '/home/endika/Documents/openarm_ros2/install/openarm_p_p/share/openarm_p_p/package.ps1'
[78.220s] INFO:colcon.colcon_core.shell:Creating package descriptor '/home/endika/Documents/openarm_ros2/install/openarm_p_p/share/openarm_p_p/package.dsv'
[78.223s] INFO:colcon.colcon_core.shell:Creating package script '/home/endika/Documents/openarm_ros2/install/openarm_p_p/share/openarm_p_p/package.sh'
[78.237s] INFO:colcon.colcon_core.shell:Creating package script '/home/endika/Documents/openarm_ros2/install/openarm_p_p/share/openarm_p_p/package.bash'
[78.261s] INFO:colcon.colcon_core.shell:Creating package script '/home/endika/Documents/openarm_ros2/install/openarm_p_p/share/openarm_p_p/package.zsh'
[78.271s] Level 1:colcon.colcon_core.environment:create_file_with_runtime_dependencies(/home/endika/Documents/openarm_ros2/install/openarm_p_p/share/colcon-core/packages/openarm_p_p)
[78.277s] Level 1:colcon.colcon_core.environment:create_environment_scripts_only(openarm_p_p)
[78.279s] Level 1:colcon.colcon_core.environment:checking '/home/endika/Documents/openarm_ros2/install/openarm_p_p' for CMake module files
[78.285s] Level 1:colcon.colcon_core.environment:checking '/home/endika/Documents/openarm_ros2/install/openarm_p_p' for CMake config files
[78.288s] Level 1:colcon.colcon_core.shell:create_environment_hook('openarm_p_p', 'cmake_prefix_path')
[78.291s] INFO:colcon.colcon_core.shell:Creating environment hook '/home/endika/Documents/openarm_ros2/install/openarm_p_p/share/openarm_p_p/hook/cmake_prefix_path.ps1'
[78.299s] INFO:colcon.colcon_core.shell:Creating environment descriptor '/home/endika/Documents/openarm_ros2/install/openarm_p_p/share/openarm_p_p/hook/cmake_prefix_path.dsv'
[78.311s] INFO:colcon.colcon_core.shell:Creating environment hook '/home/endika/Documents/openarm_ros2/install/openarm_p_p/share/openarm_p_p/hook/cmake_prefix_path.sh'
[78.317s] Level 1:colcon.colcon_core.environment:checking '/home/endika/Documents/openarm_ros2/install/openarm_p_p/lib'
[78.317s] Level 1:colcon.colcon_core.environment:checking '/home/endika/Documents/openarm_ros2/install/openarm_p_p/bin'
[78.318s] Level 1:colcon.colcon_core.environment:checking '/home/endika/Documents/openarm_ros2/install/openarm_p_p/lib/pkgconfig/openarm_p_p.pc'
[78.323s] Level 1:colcon.colcon_core.environment:checking '/home/endika/Documents/openarm_ros2/install/openarm_p_p/lib/python3.10/site-packages'
[78.325s] Level 1:colcon.colcon_core.environment:checking '/home/endika/Documents/openarm_ros2/install/openarm_p_p/bin'
[78.329s] INFO:colcon.colcon_core.shell:Creating package script '/home/endika/Documents/openarm_ros2/install/openarm_p_p/share/openarm_p_p/package.ps1'
[78.343s] INFO:colcon.colcon_core.shell:Creating package descriptor '/home/endika/Documents/openarm_ros2/install/openarm_p_p/share/openarm_p_p/package.dsv'
[78.353s] INFO:colcon.colcon_core.shell:Creating package script '/home/endika/Documents/openarm_ros2/install/openarm_p_p/share/openarm_p_p/package.sh'
[78.365s] INFO:colcon.colcon_core.shell:Creating package script '/home/endika/Documents/openarm_ros2/install/openarm_p_p/share/openarm_p_p/package.bash'
[78.383s] INFO:colcon.colcon_core.shell:Creating package script '/home/endika/Documents/openarm_ros2/install/openarm_p_p/share/openarm_p_p/package.zsh'
[78.396s] Level 1:colcon.colcon_core.environment:create_file_with_runtime_dependencies(/home/endika/Documents/openarm_ros2/install/openarm_p_p/share/colcon-core/packages/openarm_p_p)
[78.402s] DEBUG:colcon.colcon_parallel_executor.executor.parallel:closing loop
[78.409s] DEBUG:colcon.colcon_parallel_executor.executor.parallel:loop closed
[78.409s] DEBUG:colcon.colcon_parallel_executor.executor.parallel:run_until_complete finished with '0'
[78.410s] DEBUG:colcon.colcon_core.event_reactor:joining thread
[78.503s] INFO:colcon.colcon_core.plugin_system:Skipping extension 'colcon_notification.desktop_notification.terminal_notifier': Not used on non-Darwin systems
[78.504s] INFO:colcon.colcon_core.plugin_system:Skipping extension 'colcon_notification.desktop_notification.win32': Not used on non-Windows systems
[78.505s] INFO:colcon.colcon_notification.desktop_notification:Sending desktop notification using 'notify2'
[78.693s] DEBUG:colcon.colcon_core.event_reactor:joined thread
[78.695s] INFO:colcon.colcon_core.shell:Creating prefix script '/home/endika/Documents/openarm_ros2/install/local_setup.ps1'
[78.727s] INFO:colcon.colcon_core.shell:Creating prefix util module '/home/endika/Documents/openarm_ros2/install/_local_setup_util_ps1.py'
[78.755s] INFO:colcon.colcon_core.shell:Creating prefix chain script '/home/endika/Documents/openarm_ros2/install/setup.ps1'
[78.814s] INFO:colcon.colcon_core.shell:Creating prefix script '/home/endika/Documents/openarm_ros2/install/local_setup.sh'
[78.833s] INFO:colcon.colcon_core.shell:Creating prefix util module '/home/endika/Documents/openarm_ros2/install/_local_setup_util_sh.py'
[78.850s] INFO:colcon.colcon_core.shell:Creating prefix chain script '/home/endika/Documents/openarm_ros2/install/setup.sh'
[78.859s] INFO:colcon.colcon_core.shell:Creating prefix script '/home/endika/Documents/openarm_ros2/install/local_setup.bash'
[78.862s] INFO:colcon.colcon_core.shell:Creating prefix chain script '/home/endika/Documents/openarm_ros2/install/setup.bash'
[78.876s] INFO:colcon.colcon_core.shell:Creating prefix script '/home/endika/Documents/openarm_ros2/install/local_setup.zsh'
[78.879s] INFO:colcon.colcon_core.shell:Creating prefix chain script '/home/endika/Documents/openarm_ros2/install/setup.zsh'
