[0.262s] Invoking command in '/home/endika/Documents/openarm_ros2/build/openarm_p_p': /usr/bin/cmake --build /home/endika/Documents/openarm_ros2/build/openarm_p_p -- -j4 -l4
[0.793s] [35m[1mConsolidate compiler generated dependencies of target openarm_p_p[0m
[1.062s] [100%] Built target openarm_p_p
[1.193s] Invoked command in '/home/endika/Documents/openarm_ros2/build/openarm_p_p' returned '0': /usr/bin/cmake --build /home/endika/Documents/openarm_ros2/build/openarm_p_p -- -j4 -l4
[1.211s] Invoking command in '/home/endika/Documents/openarm_ros2/build/openarm_p_p': /usr/bin/cmake --install /home/endika/Documents/openarm_ros2/build/openarm_p_p
[1.286s] -- Install configuration: ""
[1.287s] -- Up-to-date: /home/endika/Documents/openarm_ros2/install/openarm_p_p/lib/openarm_p_p/openarm_p_p
[1.297s] -- Up-to-date: /home/endika/Documents/openarm_ros2/install/openarm_p_p/share/ament_index/resource_index/package_run_dependencies/openarm_p_p
[1.298s] -- Up-to-date: /home/endika/Documents/openarm_ros2/install/openarm_p_p/share/ament_index/resource_index/parent_prefix_path/openarm_p_p
[1.299s] -- Up-to-date: /home/endika/Documents/openarm_ros2/install/openarm_p_p/share/openarm_p_p/environment/ament_prefix_path.sh
[1.299s] -- Up-to-date: /home/endika/Documents/openarm_ros2/install/openarm_p_p/share/openarm_p_p/environment/ament_prefix_path.dsv
[1.299s] -- Up-to-date: /home/endika/Documents/openarm_ros2/install/openarm_p_p/share/openarm_p_p/environment/path.sh
[1.300s] -- Up-to-date: /home/endika/Documents/openarm_ros2/install/openarm_p_p/share/openarm_p_p/environment/path.dsv
[1.308s] -- Up-to-date: /home/endika/Documents/openarm_ros2/install/openarm_p_p/share/openarm_p_p/local_setup.bash
[1.309s] -- Up-to-date: /home/endika/Documents/openarm_ros2/install/openarm_p_p/share/openarm_p_p/local_setup.sh
[1.309s] -- Up-to-date: /home/endika/Documents/openarm_ros2/install/openarm_p_p/share/openarm_p_p/local_setup.zsh
[1.309s] -- Up-to-date: /home/endika/Documents/openarm_ros2/install/openarm_p_p/share/openarm_p_p/local_setup.dsv
[1.310s] -- Installing: /home/endika/Documents/openarm_ros2/install/openarm_p_p/share/openarm_p_p/package.dsv
[1.310s] -- Up-to-date: /home/endika/Documents/openarm_ros2/install/openarm_p_p/share/ament_index/resource_index/packages/openarm_p_p
[1.310s] -- Up-to-date: /home/endika/Documents/openarm_ros2/install/openarm_p_p/share/openarm_p_p/cmake/openarm_p_pConfig.cmake
[1.310s] -- Up-to-date: /home/endika/Documents/openarm_ros2/install/openarm_p_p/share/openarm_p_p/cmake/openarm_p_pConfig-version.cmake
[1.314s] -- Up-to-date: /home/endika/Documents/openarm_ros2/install/openarm_p_p/share/openarm_p_p/package.xml
[1.368s] Invoked command in '/home/endika/Documents/openarm_ros2/build/openarm_p_p' returned '0': /usr/bin/cmake --install /home/endika/Documents/openarm_ros2/build/openarm_p_p
