[0.046s] Invoking command in '/home/endika/Documents/openarm_ros2/build/openarm_p_p': CMAKE_PREFIX_PATH=${CMAKE_PREFIX_PATH}:/opt/ros/humble /usr/bin/cmake --build /home/endika/Documents/openarm_ros2/build/openarm_p_p -- -j4 -l4
[0.143s] -- Found ament_cmake: 1.3.12 (/opt/ros/humble/share/ament_cmake/cmake)
[0.704s] -- Override CMake install command with custom implementation using symlinks instead of copying resources
[0.745s] -- Found rclcpp: 16.0.14 (/opt/ros/humble/share/rclcpp/cmake)
[0.874s] -- Found rosidl_generator_c: 3.1.7 (/opt/ros/humble/share/rosidl_generator_c/cmake)
[0.887s] -- Found rosidl_adapter: 3.1.7 (/opt/ros/humble/share/rosidl_adapter/cmake)
[0.920s] -- Found rosidl_generator_cpp: 3.1.7 (/opt/ros/humble/share/rosidl_generator_cpp/cmake)
[0.962s] -- Using all available rosidl_typesupport_c: rosidl_typesupport_fastrtps_c;rosidl_typesupport_introspection_c
[1.019s] -- Using all available rosidl_typesupport_cpp: rosidl_typesupport_fastrtps_cpp;rosidl_typesupport_introspection_cpp
[1.171s] -- Found rmw_implementation_cmake: 6.1.2 (/opt/ros/humble/share/rmw_implementation_cmake/cmake)
[1.193s] -- Found rmw_cyclonedds_cpp: 1.3.4 (/opt/ros/humble/share/rmw_cyclonedds_cpp/cmake)
[1.286s] -- Using RMW implementation 'rmw_cyclonedds_cpp' as default
[1.501s] -- Found rclcpp_action: 16.0.14 (/opt/ros/humble/share/rclcpp_action/cmake)
[1.625s] -- Found moveit_msgs: 2.2.1 (/opt/ros/humble/share/moveit_msgs/cmake)
[2.156s] -- Found moveit_core: 2.5.9 (/opt/ros/humble/share/moveit_core/cmake)
[2.209s] -- Found Boost: /usr/lib/x86_64-linux-gnu/cmake/Boost-1.74.0/BoostConfig.cmake (found version "1.74.0") found components: chrono date_time filesystem iostreams program_options regex serialization system thread 
[2.339s] -- Found parameter_traits: 0.5.0 (/opt/ros/humble/share/parameter_traits/cmake)
[2.372s] -- Found rclcpp_lifecycle: 16.0.14 (/opt/ros/humble/share/rclcpp_lifecycle/cmake)
[2.463s] -- Found Boost: /usr/lib/x86_64-linux-gnu/cmake/Boost-1.74.0/BoostConfig.cmake (found version "1.74.0") found components: filesystem 
[2.615s] -- library: /usr/lib/x86_64-linux-gnu/libcurl.so
[2.720s] -- Ensuring Eigen3 include directory is part of orocos-kdl CMake target
[3.105s] -- Found moveit_ros_planning: 2.5.9 (/opt/ros/humble/share/moveit_ros_planning/cmake)
[3.126s] -- Found Boost: /usr/lib/x86_64-linux-gnu/cmake/Boost-1.74.0/BoostConfig.cmake (found version "1.74.0") found components: system filesystem date_time program_options thread chrono 
[3.213s] -- Found moveit_ros_planning_interface: 2.5.9 (/opt/ros/humble/share/moveit_ros_planning_interface/cmake)
[3.232s] -- Found Boost: /usr/lib/x86_64-linux-gnu/cmake/Boost-1.74.0/BoostConfig.cmake (found version "1.74.0") found components: date_time filesystem program_options system thread 
[3.321s] -- Found Boost: /usr/lib/x86_64-linux-gnu/cmake/Boost-1.74.0/BoostConfig.cmake (found version "1.74.0") found components: thread system filesystem regex date_time program_options 
[3.481s] -- Found Boost: /usr/lib/x86_64-linux-gnu/cmake/Boost-1.74.0/BoostConfig.cmake (found version "1.74.0") found components: system filesystem date_time program_options thread 
[3.686s] -- Found ament_lint_auto: 0.12.14 (/opt/ros/humble/share/ament_lint_auto/cmake)
[4.252s] -- Added test 'copyright' to check source files copyright and LICENSE
[4.264s] -- Added test 'cppcheck' to perform static code analysis on C / C++ code
[4.273s] -- Configured cppcheck include dirs: /home/endika/Documents/openarm_ros2/openarm_p_p/include
[4.274s] -- Configured cppcheck exclude dirs and/or files: 
[4.301s] -- Added test 'cpplint' to check C / C++ code against the Google style
[4.301s] -- Configured cpplint exclude dirs and/or files: 
[4.302s] -- Added test 'flake8' to check Python code syntax and style conventions
[4.320s] -- Added test 'lint_cmake' to check CMake code style
[4.323s] -- Added test 'pep257' to check Python code against some of the docstring style conventions in PEP 257
[4.341s] -- Added test 'uncrustify' to check C / C++ code style
[4.345s] -- Configured uncrustify additional arguments: 
[4.345s] -- Added test 'xmllint' to check XML markup files
[4.350s] -- Configuring done
[4.531s] -- Generating done
[4.594s] -- Build files have been written to: /home/endika/Documents/openarm_ros2/build/openarm_p_p
[4.809s] [35m[1mConsolidate compiler generated dependencies of target openarm_p_p[0m
[4.961s] [100%] Built target openarm_p_p
[5.034s] Invoked command in '/home/endika/Documents/openarm_ros2/build/openarm_p_p' returned '0': CMAKE_PREFIX_PATH=${CMAKE_PREFIX_PATH}:/opt/ros/humble /usr/bin/cmake --build /home/endika/Documents/openarm_ros2/build/openarm_p_p -- -j4 -l4
[5.087s] Invoking command in '/home/endika/Documents/openarm_ros2/build/openarm_p_p': CMAKE_PREFIX_PATH=${CMAKE_PREFIX_PATH}:/opt/ros/humble /usr/bin/cmake --install /home/endika/Documents/openarm_ros2/build/openarm_p_p
[5.125s] -- Install configuration: ""
[5.126s] -- Execute custom install script
[5.128s] -- Up-to-date symlink: /home/endika/Documents/openarm_ros2/install/openarm_p_p/lib/openarm_p_p/openarm_p_p
[5.130s] -- Symlinking: /home/endika/Documents/openarm_ros2/install/openarm_p_p/share/openarm_p_p//launch/move.launch.py
[5.171s] -- Up-to-date symlink: /home/endika/Documents/openarm_ros2/install/openarm_p_p/share/ament_index/resource_index/package_run_dependencies/openarm_p_p
[5.174s] -- Up-to-date symlink: /home/endika/Documents/openarm_ros2/install/openarm_p_p/share/ament_index/resource_index/parent_prefix_path/openarm_p_p
[5.175s] -- Up-to-date symlink: /home/endika/Documents/openarm_ros2/install/openarm_p_p/share/openarm_p_p/environment/ament_prefix_path.sh
[5.176s] -- Up-to-date symlink: /home/endika/Documents/openarm_ros2/install/openarm_p_p/share/openarm_p_p/environment/ament_prefix_path.dsv
[5.177s] -- Up-to-date symlink: /home/endika/Documents/openarm_ros2/install/openarm_p_p/share/openarm_p_p/environment/path.sh
[5.178s] -- Up-to-date symlink: /home/endika/Documents/openarm_ros2/install/openarm_p_p/share/openarm_p_p/environment/path.dsv
[5.181s] -- Up-to-date symlink: /home/endika/Documents/openarm_ros2/install/openarm_p_p/share/openarm_p_p/local_setup.bash
[5.183s] -- Up-to-date symlink: /home/endika/Documents/openarm_ros2/install/openarm_p_p/share/openarm_p_p/local_setup.sh
[5.185s] -- Up-to-date symlink: /home/endika/Documents/openarm_ros2/install/openarm_p_p/share/openarm_p_p/local_setup.zsh
[5.187s] -- Up-to-date symlink: /home/endika/Documents/openarm_ros2/install/openarm_p_p/share/openarm_p_p/local_setup.dsv
[5.188s] -- Symlinking: /home/endika/Documents/openarm_ros2/install/openarm_p_p/share/openarm_p_p/package.dsv
[5.232s] -- Up-to-date symlink: /home/endika/Documents/openarm_ros2/install/openarm_p_p/share/ament_index/resource_index/packages/openarm_p_p
[5.233s] -- Up-to-date symlink: /home/endika/Documents/openarm_ros2/install/openarm_p_p/share/openarm_p_p/cmake/openarm_p_pConfig.cmake
[5.236s] -- Up-to-date symlink: /home/endika/Documents/openarm_ros2/install/openarm_p_p/share/openarm_p_p/cmake/openarm_p_pConfig-version.cmake
[5.237s] -- Up-to-date symlink: /home/endika/Documents/openarm_ros2/install/openarm_p_p/share/openarm_p_p/package.xml
[5.247s] Invoked command in '/home/endika/Documents/openarm_ros2/build/openarm_p_p' returned '0': CMAKE_PREFIX_PATH=${CMAKE_PREFIX_PATH}:/opt/ros/humble /usr/bin/cmake --install /home/endika/Documents/openarm_ros2/build/openarm_p_p
