running egg_info
writing ../build/openarm_p_p/openarm_p_p.egg-info/PKG-INFO
writing dependency_links to ../build/openarm_p_p/openarm_p_p.egg-info/dependency_links.txt
writing entry points to ../build/openarm_p_p/openarm_p_p.egg-info/entry_points.txt
writing requirements to ../build/openarm_p_p/openarm_p_p.egg-info/requires.txt
writing top-level names to ../build/openarm_p_p/openarm_p_p.egg-info/top_level.txt
reading manifest file '../build/openarm_p_p/openarm_p_p.egg-info/SOURCES.txt'
writing manifest file '../build/openarm_p_p/openarm_p_p.egg-info/SOURCES.txt'
running build
running build_py
running install
running install_lib
running install_data
copying package.xml -> /home/endika/Documents/openarm_ros2/install/openarm_p_p/share/openarm_p_p
running install_egg_info
removing '/home/endika/Documents/openarm_ros2/install/openarm_p_p/lib/python3.10/site-packages/openarm_p_p-0.0.0-py3.10.egg-info' (and everything under it)
Copying ../build/openarm_p_p/openarm_p_p.egg-info to /home/endika/Documents/openarm_ros2/install/openarm_p_p/lib/python3.10/site-packages/openarm_p_p-0.0.0-py3.10.egg-info
running install_scripts
Installing openarm_p_p script to /home/endika/Documents/openarm_ros2/install/openarm_p_p/bin
writing list of installed files to '/home/endika/Documents/openarm_ros2/build/openarm_p_p/install.log'
