[0.082s] Invoking command in '/home/endika/Documents/openarm_ros2/build/openarm_hardware': CMAKE_PREFIX_PATH=${CMAKE_PREFIX_PATH}:/home/endika/Documents/openarm_ros2/install/openarm_p_p:/opt/ros/humble /usr/bin/cmake /home/endika/Documents/openarm_ros2/openarm_hardware -DCMAKE_INSTALL_PREFIX=/home/endika/Documents/openarm_ros2/install/openarm_hardware
[0.369s] -- The C compiler identification is GNU 11.4.0
[0.671s] -- The CXX compiler identification is GNU 11.4.0
[0.749s] -- Detecting C compiler ABI info
[1.171s] -- Detecting C compiler ABI info - done
[1.218s] -- Check for working C compiler: /usr/bin/cc - skipped
[1.221s] -- Detecting C compile features
[1.229s] -- Detecting C compile features - done
[1.249s] -- Detecting CXX compiler ABI info
[1.808s] -- Detecting CXX compiler ABI info - done
[1.842s] -- Check for working CXX compiler: /usr/bin/c++ - skipped
[1.844s] -- Detecting CXX compile features
[1.846s] -- Detecting CXX compile features - done
[1.855s] -- Found ament_cmake: 1.3.12 (/opt/ros/humble/share/ament_cmake/cmake)
[2.938s] -- Found Python3: /usr/bin/python3 (found version "3.10.12") found components: Interpreter 
[3.573s] -- Found hardware_interface: 2.51.0 (/opt/ros/humble/share/hardware_interface/cmake)
[4.141s] -- Found rosidl_generator_c: 3.1.7 (/opt/ros/humble/share/rosidl_generator_c/cmake)
[4.213s] -- Found rosidl_adapter: 3.1.7 (/opt/ros/humble/share/rosidl_adapter/cmake)
[4.303s] -- Found rosidl_generator_cpp: 3.1.7 (/opt/ros/humble/share/rosidl_generator_cpp/cmake)
[4.395s] -- Using all available rosidl_typesupport_c: rosidl_typesupport_fastrtps_c;rosidl_typesupport_introspection_c
[4.562s] -- Using all available rosidl_typesupport_cpp: rosidl_typesupport_fastrtps_cpp;rosidl_typesupport_introspection_cpp
[6.219s] -- Found rmw_implementation_cmake: 6.1.2 (/opt/ros/humble/share/rmw_implementation_cmake/cmake)
[6.227s] -- Found rmw_cyclonedds_cpp: 1.3.4 (/opt/ros/humble/share/rmw_cyclonedds_cpp/cmake)
[6.326s] -- Using RMW implementation 'rmw_cyclonedds_cpp' as default
[6.361s] -- Looking for pthread.h
[7.047s] -- Looking for pthread.h - found
[7.049s] -- Performing Test CMAKE_HAVE_LIBC_PTHREAD
[7.744s] -- Performing Test CMAKE_HAVE_LIBC_PTHREAD - Success
[7.754s] -- Found Threads: TRUE  
[8.385s] -- Configuring done
[8.488s] -- Generating done
[8.510s] -- Build files have been written to: /home/endika/Documents/openarm_ros2/build/openarm_hardware
[9.314s] Invoked command in '/home/endika/Documents/openarm_ros2/build/openarm_hardware' returned '0': CMAKE_PREFIX_PATH=${CMAKE_PREFIX_PATH}:/home/endika/Documents/openarm_ros2/install/openarm_p_p:/opt/ros/humble /usr/bin/cmake /home/endika/Documents/openarm_ros2/openarm_hardware -DCMAKE_INSTALL_PREFIX=/home/endika/Documents/openarm_ros2/install/openarm_hardware
[9.332s] Invoking command in '/home/endika/Documents/openarm_ros2/build/openarm_hardware': CMAKE_PREFIX_PATH=${CMAKE_PREFIX_PATH}:/home/endika/Documents/openarm_ros2/install/openarm_p_p:/opt/ros/humble /usr/bin/cmake --build /home/endika/Documents/openarm_ros2/build/openarm_hardware -- -j4 -l4
[9.759s] [ 50%] [32mBuilding CXX object CMakeFiles/openarm_hardware.dir/src/v10_simple_hardware.cpp.o[0m
[29.924s] [100%] [32m[1mLinking CXX shared library libopenarm_hardware.so[0m
[30.732s] [100%] Built target openarm_hardware
[30.770s] Invoked command in '/home/endika/Documents/openarm_ros2/build/openarm_hardware' returned '0': CMAKE_PREFIX_PATH=${CMAKE_PREFIX_PATH}:/home/endika/Documents/openarm_ros2/install/openarm_p_p:/opt/ros/humble /usr/bin/cmake --build /home/endika/Documents/openarm_ros2/build/openarm_hardware -- -j4 -l4
[30.774s] Invoking command in '/home/endika/Documents/openarm_ros2/build/openarm_hardware': CMAKE_PREFIX_PATH=${CMAKE_PREFIX_PATH}:/home/endika/Documents/openarm_ros2/install/openarm_p_p:/opt/ros/humble /usr/bin/cmake --install /home/endika/Documents/openarm_ros2/build/openarm_hardware
[30.797s] -- Install configuration: ""
[30.798s] -- Installing: /home/endika/Documents/openarm_ros2/install/openarm_hardware/share/openarm_hardware/openarm_hardware.xml
[30.799s] -- Installing: /home/endika/Documents/openarm_ros2/install/openarm_hardware/lib/libopenarm_hardware.so
[30.803s] -- Set runtime path of "/home/endika/Documents/openarm_ros2/install/openarm_hardware/lib/libopenarm_hardware.so" to ""
[30.805s] -- Installing: /home/endika/Documents/openarm_ros2/install/openarm_hardware/include
[30.805s] -- Installing: /home/endika/Documents/openarm_ros2/install/openarm_hardware/include/openarm_hardware
[30.806s] -- Installing: /home/endika/Documents/openarm_ros2/install/openarm_hardware/include/openarm_hardware/v10_simple_hardware.hpp
[30.806s] -- Installing: /home/endika/Documents/openarm_ros2/install/openarm_hardware/include/openarm_hardware/visibility_control.h
[30.806s] -- Installing: /home/endika/Documents/openarm_ros2/install/openarm_hardware/share/openarm_hardware/environment/library_path.sh
[30.807s] -- Installing: /home/endika/Documents/openarm_ros2/install/openarm_hardware/share/openarm_hardware/environment/library_path.dsv
[30.807s] -- Installing: /home/endika/Documents/openarm_ros2/install/openarm_hardware/share/ament_index/resource_index/package_run_dependencies/openarm_hardware
[30.808s] -- Installing: /home/endika/Documents/openarm_ros2/install/openarm_hardware/share/ament_index/resource_index/parent_prefix_path/openarm_hardware
[30.808s] -- Installing: /home/endika/Documents/openarm_ros2/install/openarm_hardware/share/openarm_hardware/environment/ament_prefix_path.sh
[30.808s] -- Installing: /home/endika/Documents/openarm_ros2/install/openarm_hardware/share/openarm_hardware/environment/ament_prefix_path.dsv
[30.809s] -- Installing: /home/endika/Documents/openarm_ros2/install/openarm_hardware/share/openarm_hardware/environment/path.sh
[30.809s] -- Installing: /home/endika/Documents/openarm_ros2/install/openarm_hardware/share/openarm_hardware/environment/path.dsv
[30.810s] -- Installing: /home/endika/Documents/openarm_ros2/install/openarm_hardware/share/openarm_hardware/local_setup.bash
[30.810s] -- Installing: /home/endika/Documents/openarm_ros2/install/openarm_hardware/share/openarm_hardware/local_setup.sh
[30.811s] -- Installing: /home/endika/Documents/openarm_ros2/install/openarm_hardware/share/openarm_hardware/local_setup.zsh
[30.811s] -- Installing: /home/endika/Documents/openarm_ros2/install/openarm_hardware/share/openarm_hardware/local_setup.dsv
[30.812s] -- Installing: /home/endika/Documents/openarm_ros2/install/openarm_hardware/share/openarm_hardware/package.dsv
[30.814s] -- Installing: /home/endika/Documents/openarm_ros2/install/openarm_hardware/share/ament_index/resource_index/packages/openarm_hardware
[30.815s] -- Installing: /home/endika/Documents/openarm_ros2/install/openarm_hardware/share/ament_index/resource_index/hardware_interface__pluginlib__plugin/openarm_hardware
[30.817s] -- Installing: /home/endika/Documents/openarm_ros2/install/openarm_hardware/share/openarm_hardware/cmake/ament_cmake_export_include_directories-extras.cmake
[30.817s] -- Installing: /home/endika/Documents/openarm_ros2/install/openarm_hardware/share/openarm_hardware/cmake/ament_cmake_export_libraries-extras.cmake
[30.817s] -- Installing: /home/endika/Documents/openarm_ros2/install/openarm_hardware/share/openarm_hardware/cmake/ament_cmake_export_dependencies-extras.cmake
[30.817s] -- Installing: /home/endika/Documents/openarm_ros2/install/openarm_hardware/share/openarm_hardware/cmake/openarm_hardwareConfig.cmake
[30.817s] -- Installing: /home/endika/Documents/openarm_ros2/install/openarm_hardware/share/openarm_hardware/cmake/openarm_hardwareConfig-version.cmake
[30.818s] -- Installing: /home/endika/Documents/openarm_ros2/install/openarm_hardware/share/openarm_hardware/package.xml
[30.830s] Invoked command in '/home/endika/Documents/openarm_ros2/build/openarm_hardware' returned '0': CMAKE_PREFIX_PATH=${CMAKE_PREFIX_PATH}:/home/endika/Documents/openarm_ros2/install/openarm_p_p:/opt/ros/humble /usr/bin/cmake --install /home/endika/Documents/openarm_ros2/build/openarm_hardware
