-- The C compiler identification is GNU 11.4.0
-- The CXX compiler identification is GNU 11.4.0
-- Detecting C compiler ABI info
-- Detecting C compiler ABI info - done
-- Check for working C compiler: /usr/bin/cc - skipped
-- Detecting C compile features
-- Detecting C compile features - done
-- Detecting CXX compiler ABI info
-- Detecting CXX compiler ABI info - done
-- Check for working CXX compiler: /usr/bin/c++ - skipped
-- Detecting CXX compile features
-- Detecting CXX compile features - done
-- Configuring done
-- Generating done
-- Build files have been written to: /root/workspace/openarm/build/openarm_can
[  7%] [32mBuilding CXX object CMakeFiles/openarm_can.dir/src/openarm/can/socket/arm_component.cpp.o[0m
[ 14%] [32mBuilding CXX object CMakeFiles/openarm_can.dir/src/openarm/canbus/can_device_collection.cpp.o[0m
[ 28%] [32mBuilding CXX object CMakeFiles/openarm_can.dir/src/openarm/canbus/can_socket.cpp.o[0m
[ 28%] [32mBuilding CXX object CMakeFiles/openarm_can.dir/src/openarm/can/socket/gripper_component.cpp.o[0m
[ 42%] [32mBuilding CXX object CMakeFiles/openarm_can.dir/src/openarm/can/socket/openarm.cpp.o[0m
[ 42%] [32mBuilding CXX object CMakeFiles/openarm_can.dir/src/openarm/damiao_motor/dm_motor.cpp.o[0m
[ 50%] [32mBuilding CXX object CMakeFiles/openarm_can.dir/src/openarm/damiao_motor/dm_motor_control.cpp.o[0m
[ 57%] [32mBuilding CXX object CMakeFiles/openarm_can.dir/src/openarm/damiao_motor/dm_motor_device.cpp.o[0m
[ 64%] [32mBuilding CXX object CMakeFiles/openarm_can.dir/src/openarm/damiao_motor/dm_motor_device_collection.cpp.o[0m
[ 71%] [32m[1mLinking CXX static library libopenarm_can.a[0m
[ 71%] Built target openarm_can
[ 85%] [32mBuilding CXX object CMakeFiles/motor-check.dir/setup/motor_check.cpp.o[0m
[ 85%] [32mBuilding CXX object CMakeFiles/openarm-demo.dir/examples/demo.cpp.o[0m
[ 92%] [32m[1mLinking CXX executable motor-check[0m
[ 92%] Built target motor-check
[100%] [32m[1mLinking CXX executable openarm-demo[0m
[100%] Built target openarm-demo
