[0.087s] Invoking command in '/home/endika/Documents/openarm/build/openarm_bimanual_moveit_config': CMAKE_PREFIX_PATH=/opt/ros/humble /usr/bin/cmake /home/endika/Documents/openarm/src/openarm_bimanual_moveit_config -DAMENT_CMAKE_SYMLINK_INSTALL=1 -DCMAKE_INSTALL_PREFIX=/home/endika/Documents/openarm/install/openarm_bimanual_moveit_config
[0.788s] -- The C compiler identification is GNU 11.4.0
[1.385s] -- The CXX compiler identification is GNU 11.4.0
[1.417s] -- Detecting C compiler ABI info
[1.850s] -- Detecting C compiler ABI info - done
[1.931s] -- Check for working C compiler: /usr/bin/cc - skipped
[1.940s] -- Detecting C compile features
[1.940s] -- Detecting C compile features - done
[1.976s] -- Detecting CXX compiler ABI info
[2.673s] -- Detecting CXX compiler ABI info - done
[2.738s] -- Check for working CXX compiler: /usr/bin/c++ - skipped
[2.739s] -- Detecting CXX compile features
[2.744s] -- Detecting CXX compile features - done
[2.772s] -- Found ament_cmake: 1.3.12 (/opt/ros/humble/share/ament_cmake/cmake)
[3.733s] -- Found Python3: /usr/bin/python3 (found version "3.10.12") found components: Interpreter 
[4.257s] -- Override CMake install command with custom implementation using symlinks instead of copying resources
[5.292s] -- Configuring done
[5.328s] -- Generating done
[5.353s] -- Build files have been written to: /home/endika/Documents/openarm/build/openarm_bimanual_moveit_config
[5.402s] Invoked command in '/home/endika/Documents/openarm/build/openarm_bimanual_moveit_config' returned '0': CMAKE_PREFIX_PATH=/opt/ros/humble /usr/bin/cmake /home/endika/Documents/openarm/src/openarm_bimanual_moveit_config -DAMENT_CMAKE_SYMLINK_INSTALL=1 -DCMAKE_INSTALL_PREFIX=/home/endika/Documents/openarm/install/openarm_bimanual_moveit_config
[5.420s] Invoking command in '/home/endika/Documents/openarm/build/openarm_bimanual_moveit_config': CMAKE_PREFIX_PATH=/opt/ros/humble /usr/bin/cmake --build /home/endika/Documents/openarm/build/openarm_bimanual_moveit_config -- -j4 -l4
[5.746s] Invoked command in '/home/endika/Documents/openarm/build/openarm_bimanual_moveit_config' returned '0': CMAKE_PREFIX_PATH=/opt/ros/humble /usr/bin/cmake --build /home/endika/Documents/openarm/build/openarm_bimanual_moveit_config -- -j4 -l4
[5.784s] Invoking command in '/home/endika/Documents/openarm/build/openarm_bimanual_moveit_config': CMAKE_PREFIX_PATH=/opt/ros/humble /usr/bin/cmake --install /home/endika/Documents/openarm/build/openarm_bimanual_moveit_config
[5.804s] -- Install configuration: ""
[5.808s] -- Execute custom install script
[5.809s] -- Symlinking: /home/endika/Documents/openarm/install/openarm_bimanual_moveit_config/share/ament_index/resource_index/package_run_dependencies/openarm_bimanual_moveit_config
[5.839s] -- Symlinking: /home/endika/Documents/openarm/install/openarm_bimanual_moveit_config/share/ament_index/resource_index/parent_prefix_path/openarm_bimanual_moveit_config
[5.888s] -- Symlinking: /home/endika/Documents/openarm/install/openarm_bimanual_moveit_config/share/openarm_bimanual_moveit_config/environment/ament_prefix_path.sh
[5.979s] -- Symlinking: /home/endika/Documents/openarm/install/openarm_bimanual_moveit_config/share/openarm_bimanual_moveit_config/environment/ament_prefix_path.dsv
[6.096s] -- Symlinking: /home/endika/Documents/openarm/install/openarm_bimanual_moveit_config/share/openarm_bimanual_moveit_config/environment/path.sh
[6.191s] -- Symlinking: /home/endika/Documents/openarm/install/openarm_bimanual_moveit_config/share/openarm_bimanual_moveit_config/environment/path.dsv
[6.258s] -- Symlinking: /home/endika/Documents/openarm/install/openarm_bimanual_moveit_config/share/openarm_bimanual_moveit_config/local_setup.bash
[6.318s] -- Symlinking: /home/endika/Documents/openarm/install/openarm_bimanual_moveit_config/share/openarm_bimanual_moveit_config/local_setup.sh
[6.426s] -- Symlinking: /home/endika/Documents/openarm/install/openarm_bimanual_moveit_config/share/openarm_bimanual_moveit_config/local_setup.zsh
[6.530s] -- Symlinking: /home/endika/Documents/openarm/install/openarm_bimanual_moveit_config/share/openarm_bimanual_moveit_config/local_setup.dsv
[6.600s] -- Symlinking: /home/endika/Documents/openarm/install/openarm_bimanual_moveit_config/share/openarm_bimanual_moveit_config/package.dsv
[6.644s] -- Symlinking: /home/endika/Documents/openarm/install/openarm_bimanual_moveit_config/share/ament_index/resource_index/packages/openarm_bimanual_moveit_config
[6.711s] -- Symlinking: /home/endika/Documents/openarm/install/openarm_bimanual_moveit_config/share/openarm_bimanual_moveit_config/cmake/openarm_bimanual_moveit_configConfig.cmake
[6.776s] -- Symlinking: /home/endika/Documents/openarm/install/openarm_bimanual_moveit_config/share/openarm_bimanual_moveit_config/cmake/openarm_bimanual_moveit_configConfig-version.cmake
[6.905s] -- Symlinking: /home/endika/Documents/openarm/install/openarm_bimanual_moveit_config/share/openarm_bimanual_moveit_config/package.xml
[7.071s] -- Symlinking: /home/endika/Documents/openarm/install/openarm_bimanual_moveit_config/share/openarm_bimanual_moveit_config/launch/demo.launch.py
[7.254s] -- Symlinking: /home/endika/Documents/openarm/install/openarm_bimanual_moveit_config/share/openarm_bimanual_moveit_config/launch/move_group.launch.py
[7.420s] -- Symlinking: /home/endika/Documents/openarm/install/openarm_bimanual_moveit_config/share/openarm_bimanual_moveit_config/launch/moveit_rviz.launch.py
[7.515s] -- Symlinking: /home/endika/Documents/openarm/install/openarm_bimanual_moveit_config/share/openarm_bimanual_moveit_config/launch/setup_assistant.launch.py
[7.627s] -- Symlinking: /home/endika/Documents/openarm/install/openarm_bimanual_moveit_config/share/openarm_bimanual_moveit_config/launch/spawn_controllers.launch.py
[7.753s] -- Symlinking: /home/endika/Documents/openarm/install/openarm_bimanual_moveit_config/share/openarm_bimanual_moveit_config/launch/static_virtual_joint_tfs.launch.py
[7.869s] -- Symlinking: /home/endika/Documents/openarm/install/openarm_bimanual_moveit_config/share/openarm_bimanual_moveit_config/config/initial_positions.yaml
[7.962s] -- Symlinking: /home/endika/Documents/openarm/install/openarm_bimanual_moveit_config/share/openarm_bimanual_moveit_config/config/joint_limits.yaml
[8.027s] -- Symlinking: /home/endika/Documents/openarm/install/openarm_bimanual_moveit_config/share/openarm_bimanual_moveit_config/config/kinematics.yaml
[8.123s] -- Symlinking: /home/endika/Documents/openarm/install/openarm_bimanual_moveit_config/share/openarm_bimanual_moveit_config/config/moveit.rviz
[8.168s] -- Symlinking: /home/endika/Documents/openarm/install/openarm_bimanual_moveit_config/share/openarm_bimanual_moveit_config/config/moveit_controllers.yaml
[8.298s] -- Symlinking: /home/endika/Documents/openarm/install/openarm_bimanual_moveit_config/share/openarm_bimanual_moveit_config/config/openarm_bimanual.srdf
[8.416s] -- Symlinking: /home/endika/Documents/openarm/install/openarm_bimanual_moveit_config/share/openarm_bimanual_moveit_config/config/openarm_bimanual.urdf.xacro
[8.460s] -- Symlinking: /home/endika/Documents/openarm/install/openarm_bimanual_moveit_config/share/openarm_bimanual_moveit_config/config/pilz_cartesian_limits.yaml
[8.579s] -- Symlinking: /home/endika/Documents/openarm/install/openarm_bimanual_moveit_config/share/openarm_bimanual_moveit_config/config/ros2_controllers.yaml
[8.673s] -- Symlinking: /home/endika/Documents/openarm/install/openarm_bimanual_moveit_config/share/openarm_bimanual_moveit_config/config/sensors_3d.yaml
[8.738s] -- Symlinking: /home/endika/Documents/openarm/install/openarm_bimanual_moveit_config/share/openarm_bimanual_moveit_config/.setup_assistant
[8.813s] Invoked command in '/home/endika/Documents/openarm/build/openarm_bimanual_moveit_config' returned '0': CMAKE_PREFIX_PATH=/opt/ros/humble /usr/bin/cmake --install /home/endika/Documents/openarm/build/openarm_bimanual_moveit_config
