[0.094s] Invoking command in '/root/workspace/openarm/build/openarm_p_p': CMAKE_PREFIX_PATH=${CMAKE_PREFIX_PATH}:/root/ws_moveit/install/moveit_configs_utils:/root/ws_moveit/install/launch_param_builder:/opt/ros/humble /usr/bin/cmake /root/workspace/openarm/src/openarm_p_p -DAMENT_CMAKE_SYMLINK_INSTALL=1 -DCMAKE_INSTALL_PREFIX=/root/workspace/openarm/install/openarm_p_p
[2.077s] -- The C compiler identification is GNU 11.4.0
[2.652s] -- The CXX compiler identification is GNU 11.4.0
[2.705s] -- Detecting C compiler ABI info
[3.072s] -- Detecting C compiler ABI info - done
[3.086s] -- Check for working C compiler: /usr/bin/cc - skipped
[3.087s] -- Detecting C compile features
[3.106s] -- Detecting C compile features - done
[3.119s] -- Detecting CXX compiler ABI info
[3.372s] -- Detecting CXX compiler ABI info - done
[3.385s] -- Check for working CXX compiler: /usr/bin/c++ - skipped
[3.386s] -- Detecting CXX compile features
[3.386s] -- Detecting CXX compile features - done
[3.506s] -- Found ament_cmake: 1.3.11 (/opt/ros/humble/share/ament_cmake/cmake)
[3.791s] -- Found Python3: /usr/bin/python3 (found version "3.10.12") found components: Interpreter 
[3.936s] -- Override CMake install command with custom implementation using symlinks instead of copying resources
[4.210s] -- Found rclcpp: 16.0.12 (/opt/ros/humble/share/rclcpp/cmake)
[4.728s] -- Found rosidl_generator_c: 3.1.6 (/opt/ros/humble/share/rosidl_generator_c/cmake)
[4.842s] -- Found rosidl_adapter: 3.1.6 (/opt/ros/humble/share/rosidl_adapter/cmake)
[4.932s] -- Found rosidl_generator_cpp: 3.1.6 (/opt/ros/humble/share/rosidl_generator_cpp/cmake)
[6.457s] -- Using all available rosidl_typesupport_c: rosidl_typesupport_fastrtps_c;rosidl_typesupport_introspection_c
[6.676s] -- Using all available rosidl_typesupport_cpp: rosidl_typesupport_fastrtps_cpp;rosidl_typesupport_introspection_cpp
[7.049s] -- Found rmw_implementation_cmake: 6.1.2 (/opt/ros/humble/share/rmw_implementation_cmake/cmake)
[7.069s] -- Found rmw_fastrtps_cpp: 6.2.7 (/opt/ros/humble/share/rmw_fastrtps_cpp/cmake)
[7.908s] -- Found OpenSSL: /usr/lib/x86_64-linux-gnu/libcrypto.so (found version "3.0.2")  
[7.959s] -- Found FastRTPS: /opt/ros/humble/include  
[8.042s] -- Using RMW implementation 'rmw_fastrtps_cpp' as default
[8.194s] -- Looking for pthread.h
[8.416s] -- Looking for pthread.h - found
[8.420s] -- Performing Test CMAKE_HAVE_LIBC_PTHREAD
[8.616s] -- Performing Test CMAKE_HAVE_LIBC_PTHREAD - Success
[8.618s] -- Found Threads: TRUE  
[9.321s] -- Found rclcpp_action: 16.0.12 (/opt/ros/humble/share/rclcpp_action/cmake)
[9.549s] -- Found moveit_msgs: 2.2.1 (/opt/ros/humble/share/moveit_msgs/cmake)
[10.385s] -- Found moveit_core: 2.5.9 (/root/ws_moveit/install/moveit_core/share/moveit_core/cmake)
[11.152s] -- Found Boost: /usr/lib/x86_64-linux-gnu/cmake/Boost-1.74.0/BoostConfig.cmake (found version "1.74.0") found components: chrono date_time filesystem iostreams program_options regex serialization system thread 
[11.656s] -- Found parameter_traits: 0.4.0 (/opt/ros/humble/share/parameter_traits/cmake)
[11.746s] -- Found Eigen3: TRUE (found version "3.4.0") 
[11.756s] -- Found rclcpp_lifecycle: 16.0.12 (/opt/ros/humble/share/rclcpp_lifecycle/cmake)
[11.823s] -- Found Boost: /usr/lib/x86_64-linux-gnu/cmake/Boost-1.74.0/BoostConfig.cmake (found version "1.74.0") found components: filesystem 
[12.174s] -- library: /usr/lib/x86_64-linux-gnu/libcurl.so
[12.503s] -- Ensuring Eigen3 include directory is part of orocos-kdl CMake target
[13.153s] -- Found moveit_ros_planning: 2.5.9 (/root/ws_moveit/install/moveit_ros_planning/share/moveit_ros_planning/cmake)
[13.191s] -- Found Boost: /usr/lib/x86_64-linux-gnu/cmake/Boost-1.74.0/BoostConfig.cmake (found version "1.74.0") found components: system filesystem date_time program_options thread chrono 
[13.390s] -- Found moveit_ros_planning_interface: 2.5.9 (/root/ws_moveit/install/moveit_ros_planning_interface/share/moveit_ros_planning_interface/cmake)
[13.402s] -- Found Boost: /usr/lib/x86_64-linux-gnu/cmake/Boost-1.74.0/BoostConfig.cmake (found version "1.74.0") found components: date_time filesystem program_options system thread 
[13.421s] -- Found Boost: /usr/lib/x86_64-linux-gnu/cmake/Boost-1.74.0/BoostConfig.cmake (found version "1.74.0") found components: thread system filesystem regex date_time program_options 
[13.588s] -- Found Boost: /usr/lib/x86_64-linux-gnu/cmake/Boost-1.74.0/BoostConfig.cmake (found version "1.74.0") found components: system filesystem date_time program_options thread 
[13.894s] -- Found ament_lint_auto: 0.12.12 (/opt/ros/humble/share/ament_lint_auto/cmake)
[14.321s] -- Added test 'copyright' to check source files copyright and LICENSE
[14.334s] -- Added test 'cppcheck' to perform static code analysis on C / C++ code
[14.335s] -- Configured cppcheck include dirs: /root/workspace/openarm/src/openarm_p_p/include
[14.335s] -- Configured cppcheck exclude dirs and/or files: 
[14.348s] -- Added test 'cpplint' to check C / C++ code against the Google style
[14.348s] -- Configured cpplint exclude dirs and/or files: 
[14.352s] -- Added test 'flake8' to check Python code syntax and style conventions
[14.357s] -- Added test 'lint_cmake' to check CMake code style
[14.362s] -- Added test 'pep257' to check Python code against some of the docstring style conventions in PEP 257
[14.373s] -- Added test 'uncrustify' to check C / C++ code style
[14.374s] -- Configured uncrustify additional arguments: 
[14.378s] -- Added test 'xmllint' to check XML markup files
[14.408s] -- Configuring done
[15.044s] -- Generating done
[15.099s] -- Build files have been written to: /root/workspace/openarm/build/openarm_p_p
