[0.093s] Invoking command in '/home/endika/Documents/openarm_ros2/build/openarm_hardware': CMAKE_PREFIX_PATH=${CMAKE_PREFIX_PATH}:/home/endika/Documents/openarm_ros2/install/openarm_p_p:/opt/ros/humble /usr/bin/cmake --build /home/endika/Documents/openarm_ros2/build/openarm_hardware -- -j4 -l4
[0.352s] [35m[1mConsolidate compiler generated dependencies of target openarm_hardware[0m
[0.481s] [100%] Built target openarm_hardware
[0.566s] Invoked command in '/home/endika/Documents/openarm_ros2/build/openarm_hardware' returned '0': CMAKE_PREFIX_PATH=${CMAKE_PREFIX_PATH}:/home/endika/Documents/openarm_ros2/install/openarm_p_p:/opt/ros/humble /usr/bin/cmake --build /home/endika/Documents/openarm_ros2/build/openarm_hardware -- -j4 -l4
[0.587s] Invoking command in '/home/endika/Documents/openarm_ros2/build/openarm_hardware': CMAKE_PREFIX_PATH=${CMAKE_PREFIX_PATH}:/home/endika/Documents/openarm_ros2/install/openarm_p_p:/opt/ros/humble /usr/bin/cmake --install /home/endika/Documents/openarm_ros2/build/openarm_hardware
[0.702s] -- Install configuration: ""
[0.706s] -- Up-to-date: /home/endika/Documents/openarm_ros2/install/openarm_hardware/share/openarm_hardware/openarm_hardware.xml
[0.707s] -- Up-to-date: /home/endika/Documents/openarm_ros2/install/openarm_hardware/lib/libopenarm_hardware.so
[0.713s] -- Up-to-date: /home/endika/Documents/openarm_ros2/install/openarm_hardware/include
[0.713s] -- Up-to-date: /home/endika/Documents/openarm_ros2/install/openarm_hardware/include/openarm_hardware
[0.713s] -- Up-to-date: /home/endika/Documents/openarm_ros2/install/openarm_hardware/include/openarm_hardware/v10_simple_hardware.hpp
[0.714s] -- Up-to-date: /home/endika/Documents/openarm_ros2/install/openarm_hardware/include/openarm_hardware/visibility_control.h
[0.714s] -- Up-to-date: /home/endika/Documents/openarm_ros2/install/openarm_hardware/share/openarm_hardware/environment/library_path.sh
[0.714s] -- Up-to-date: /home/endika/Documents/openarm_ros2/install/openarm_hardware/share/openarm_hardware/environment/library_path.dsv
[0.715s] -- Up-to-date: /home/endika/Documents/openarm_ros2/install/openarm_hardware/share/ament_index/resource_index/package_run_dependencies/openarm_hardware
[0.720s] -- Up-to-date: /home/endika/Documents/openarm_ros2/install/openarm_hardware/share/ament_index/resource_index/parent_prefix_path/openarm_hardware
[0.721s] -- Up-to-date: /home/endika/Documents/openarm_ros2/install/openarm_hardware/share/openarm_hardware/environment/ament_prefix_path.sh
[0.721s] -- Up-to-date: /home/endika/Documents/openarm_ros2/install/openarm_hardware/share/openarm_hardware/environment/ament_prefix_path.dsv
[0.721s] -- Up-to-date: /home/endika/Documents/openarm_ros2/install/openarm_hardware/share/openarm_hardware/environment/path.sh
[0.722s] -- Up-to-date: /home/endika/Documents/openarm_ros2/install/openarm_hardware/share/openarm_hardware/environment/path.dsv
[0.722s] -- Up-to-date: /home/endika/Documents/openarm_ros2/install/openarm_hardware/share/openarm_hardware/local_setup.bash
[0.722s] -- Up-to-date: /home/endika/Documents/openarm_ros2/install/openarm_hardware/share/openarm_hardware/local_setup.sh
[0.722s] -- Up-to-date: /home/endika/Documents/openarm_ros2/install/openarm_hardware/share/openarm_hardware/local_setup.zsh
[0.724s] -- Up-to-date: /home/endika/Documents/openarm_ros2/install/openarm_hardware/share/openarm_hardware/local_setup.dsv
[0.724s] -- Installing: /home/endika/Documents/openarm_ros2/install/openarm_hardware/share/openarm_hardware/package.dsv
[0.725s] -- Up-to-date: /home/endika/Documents/openarm_ros2/install/openarm_hardware/share/ament_index/resource_index/packages/openarm_hardware
[0.725s] -- Up-to-date: /home/endika/Documents/openarm_ros2/install/openarm_hardware/share/ament_index/resource_index/hardware_interface__pluginlib__plugin/openarm_hardware
[0.725s] -- Up-to-date: /home/endika/Documents/openarm_ros2/install/openarm_hardware/share/openarm_hardware/cmake/ament_cmake_export_include_directories-extras.cmake
[0.726s] -- Up-to-date: /home/endika/Documents/openarm_ros2/install/openarm_hardware/share/openarm_hardware/cmake/ament_cmake_export_libraries-extras.cmake
[0.726s] -- Up-to-date: /home/endika/Documents/openarm_ros2/install/openarm_hardware/share/openarm_hardware/cmake/ament_cmake_export_dependencies-extras.cmake
[0.726s] -- Up-to-date: /home/endika/Documents/openarm_ros2/install/openarm_hardware/share/openarm_hardware/cmake/openarm_hardwareConfig.cmake
[0.733s] -- Up-to-date: /home/endika/Documents/openarm_ros2/install/openarm_hardware/share/openarm_hardware/cmake/openarm_hardwareConfig-version.cmake
[0.734s] -- Up-to-date: /home/endika/Documents/openarm_ros2/install/openarm_hardware/share/openarm_hardware/package.xml
[1.862s] Invoked command in '/home/endika/Documents/openarm_ros2/build/openarm_hardware' returned '0': CMAKE_PREFIX_PATH=${CMAKE_PREFIX_PATH}:/home/endika/Documents/openarm_ros2/install/openarm_p_p:/opt/ros/humble /usr/bin/cmake --install /home/endika/Documents/openarm_ros2/build/openarm_hardware
