[0.055s] Invoking command in '/home/endika/Documents/openarm_ros2/build/openarm_p_p': /usr/bin/cmake /home/endika/Documents/openarm_ros2/openarm_p_p -DCMAKE_INSTALL_PREFIX=/home/endika/Documents/openarm_ros2/install/openarm_p_p
[0.121s] -- Found ament_cmake: 1.3.12 (/opt/ros/humble/share/ament_cmake/cmake)
[0.890s] -- Found rclcpp: 16.0.14 (/opt/ros/humble/share/rclcpp/cmake)
[1.045s] -- Found rosidl_generator_c: 3.1.7 (/opt/ros/humble/share/rosidl_generator_c/cmake)
[1.069s] -- Found rosidl_adapter: 3.1.7 (/opt/ros/humble/share/rosidl_adapter/cmake)
[1.092s] -- Found rosidl_generator_cpp: 3.1.7 (/opt/ros/humble/share/rosidl_generator_cpp/cmake)
[1.157s] [31mCMake Error at /opt/ros/humble/share/rosidl_typesupport_c/cmake/get_used_typesupports.cmake:35 (message):
[1.161s]   No 'rosidl_typesupport_c' found
[1.161s] Call Stack (most recent call first):
[1.162s]   /opt/ros/humble/share/rosidl_typesupport_c/cmake/rosidl_typesupport_c-extras.cmake:8 (get_used_typesupports)
[1.162s]   /opt/ros/humble/share/rosidl_typesupport_c/cmake/rosidl_typesupport_cConfig.cmake:41 (include)
[1.162s]   /opt/ros/humble/share/builtin_interfaces/cmake/ament_cmake_export_dependencies-extras.cmake:21 (find_package)
[1.163s]   /opt/ros/humble/share/builtin_interfaces/cmake/builtin_interfacesConfig.cmake:41 (include)
[1.163s]   /opt/ros/humble/share/libstatistics_collector/cmake/ament_cmake_export_dependencies-extras.cmake:21 (find_package)
[1.163s]   /opt/ros/humble/share/libstatistics_collector/cmake/libstatistics_collectorConfig.cmake:41 (include)
[1.164s]   /opt/ros/humble/share/rclcpp/cmake/ament_cmake_export_dependencies-extras.cmake:21 (find_package)
[1.164s]   /opt/ros/humble/share/rclcpp/cmake/rclcppConfig.cmake:41 (include)
[1.164s]   CMakeLists.txt:10 (find_package)
[1.169s] 
[1.169s] [0m
[1.170s] -- Configuring incomplete, errors occurred!
[1.170s] See also "/home/endika/Documents/openarm_ros2/build/openarm_p_p/CMakeFiles/CMakeOutput.log".
[1.185s] Invoked command in '/home/endika/Documents/openarm_ros2/build/openarm_p_p' returned '1': /usr/bin/cmake /home/endika/Documents/openarm_ros2/openarm_p_p -DCMAKE_INSTALL_PREFIX=/home/endika/Documents/openarm_ros2/install/openarm_p_p
