[0.229s] Invoking command in '/home/endika/Documents/openarm_ros2/build/openarm_p_p': CMAKE_PREFIX_PATH=${CMAKE_PREFIX_PATH}:/home/endika/ws_moveit2/install/launch_param_builder:/opt/ros/humble /usr/bin/cmake --build /home/endika/Documents/openarm_ros2/build/openarm_p_p -- -j4 -l4
[1.201s] [35m[1mConsolidate compiler generated dependencies of target openarm_p_p[0m
[1.651s] [ 50%] [32mBuilding CXX object CMakeFiles/openarm_p_p.dir/src/openarm_p_p.cpp.o[0m
[98.890s] [100%] [32m[1mLinking CXX executable openarm_p_p[0m
[103.690s] [100%] Built target openarm_p_p
[103.766s] Invoked command in '/home/endika/Documents/openarm_ros2/build/openarm_p_p' returned '0': CMAKE_PREFIX_PATH=${CMAKE_PREFIX_PATH}:/home/endika/ws_moveit2/install/launch_param_builder:/opt/ros/humble /usr/bin/cmake --build /home/endika/Documents/openarm_ros2/build/openarm_p_p -- -j4 -l4
[103.832s] Invoking command in '/home/endika/Documents/openarm_ros2/build/openarm_p_p': CMAKE_PREFIX_PATH=${CMAKE_PREFIX_PATH}:/home/endika/ws_moveit2/install/launch_param_builder:/opt/ros/humble /usr/bin/cmake --install /home/endika/Documents/openarm_ros2/build/openarm_p_p
[103.937s] -- Install configuration: ""
[103.949s] -- Execute custom install script
[103.967s] -- Up-to-date symlink: /home/endika/Documents/openarm_ros2/install/openarm_p_p/lib/openarm_p_p/openarm_p_p
[103.979s] -- Up-to-date symlink: /home/endika/Documents/openarm_ros2/install/openarm_p_p/share/openarm_p_p//launch/move.launch.py
[103.980s] -- Up-to-date symlink: /home/endika/Documents/openarm_ros2/install/openarm_p_p/share/ament_index/resource_index/package_run_dependencies/openarm_p_p
[103.988s] -- Up-to-date symlink: /home/endika/Documents/openarm_ros2/install/openarm_p_p/share/ament_index/resource_index/parent_prefix_path/openarm_p_p
[103.992s] -- Up-to-date symlink: /home/endika/Documents/openarm_ros2/install/openarm_p_p/share/openarm_p_p/environment/ament_prefix_path.sh
[103.992s] -- Up-to-date symlink: /home/endika/Documents/openarm_ros2/install/openarm_p_p/share/openarm_p_p/environment/ament_prefix_path.dsv
[103.999s] -- Up-to-date symlink: /home/endika/Documents/openarm_ros2/install/openarm_p_p/share/openarm_p_p/environment/path.sh
[104.005s] -- Up-to-date symlink: /home/endika/Documents/openarm_ros2/install/openarm_p_p/share/openarm_p_p/environment/path.dsv
[104.006s] -- Up-to-date symlink: /home/endika/Documents/openarm_ros2/install/openarm_p_p/share/openarm_p_p/local_setup.bash
[104.006s] -- Up-to-date symlink: /home/endika/Documents/openarm_ros2/install/openarm_p_p/share/openarm_p_p/local_setup.sh
[104.006s] -- Up-to-date symlink: /home/endika/Documents/openarm_ros2/install/openarm_p_p/share/openarm_p_p/local_setup.zsh
[104.008s] -- Up-to-date symlink: /home/endika/Documents/openarm_ros2/install/openarm_p_p/share/openarm_p_p/local_setup.dsv
[104.013s] -- Symlinking: /home/endika/Documents/openarm_ros2/install/openarm_p_p/share/openarm_p_p/package.dsv
[104.136s] -- Up-to-date symlink: /home/endika/Documents/openarm_ros2/install/openarm_p_p/share/ament_index/resource_index/packages/openarm_p_p
[104.137s] -- Up-to-date symlink: /home/endika/Documents/openarm_ros2/install/openarm_p_p/share/openarm_p_p/cmake/openarm_p_pConfig.cmake
[104.137s] -- Up-to-date symlink: /home/endika/Documents/openarm_ros2/install/openarm_p_p/share/openarm_p_p/cmake/openarm_p_pConfig-version.cmake
[104.138s] -- Up-to-date symlink: /home/endika/Documents/openarm_ros2/install/openarm_p_p/share/openarm_p_p/package.xml
[104.160s] Invoked command in '/home/endika/Documents/openarm_ros2/build/openarm_p_p' returned '0': CMAKE_PREFIX_PATH=${CMAKE_PREFIX_PATH}:/home/endika/ws_moveit2/install/launch_param_builder:/opt/ros/humble /usr/bin/cmake --install /home/endika/Documents/openarm_ros2/build/openarm_p_p
