[0.088s] Invoking command in '/home/endika/Documents/openarm/build/openarm_hardware': CMAKE_PREFIX_PATH=/opt/ros/humble /usr/bin/cmake /home/endika/Documents/openarm/src/openarm_hardware -DAMENT_CMAKE_SYMLINK_INSTALL=1 -DCMAKE_INSTALL_PREFIX=/home/endika/Documents/openarm/install/openarm_hardware
[0.713s] -- The C compiler identification is GNU 11.4.0
[1.361s] -- The CXX compiler identification is GNU 11.4.0
[1.419s] -- Detecting C compiler ABI info
[1.905s] -- Detecting C compiler ABI info - done
[2.009s] -- Check for working C compiler: /usr/bin/cc - skipped
[2.010s] -- Detecting C compile features
[2.020s] -- Detecting C compile features - done
[2.056s] -- Detecting CXX compiler ABI info
[2.683s] -- Detecting CXX compiler ABI info - done
[2.726s] -- Check for working CXX compiler: /usr/bin/c++ - skipped
[2.726s] -- Detecting CXX compile features
[2.733s] -- Detecting CXX compile features - done
[2.783s] -- Found ament_cmake: 1.3.12 (/opt/ros/humble/share/ament_cmake/cmake)
[4.069s] -- Found Python3: /usr/bin/python3 (found version "3.10.12") found components: Interpreter 
[4.697s] -- Override CMake install command with custom implementation using symlinks instead of copying resources
[4.842s] -- Found hardware_interface: 2.52.0 (/opt/ros/humble/share/hardware_interface/cmake)
[5.243s] -- Found rosidl_generator_c: 3.1.7 (/opt/ros/humble/share/rosidl_generator_c/cmake)
[5.269s] -- Found rosidl_adapter: 3.1.7 (/opt/ros/humble/share/rosidl_adapter/cmake)
[5.314s] -- Found rosidl_generator_cpp: 3.1.7 (/opt/ros/humble/share/rosidl_generator_cpp/cmake)
[5.453s] -- Using all available rosidl_typesupport_c: rosidl_typesupport_fastrtps_c;rosidl_typesupport_introspection_c
[5.673s] -- Using all available rosidl_typesupport_cpp: rosidl_typesupport_fastrtps_cpp;rosidl_typesupport_introspection_cpp
[8.754s] -- Found rmw_implementation_cmake: 6.1.2 (/opt/ros/humble/share/rmw_implementation_cmake/cmake)
[8.771s] -- Found rmw_cyclonedds_cpp: 1.3.4 (/opt/ros/humble/share/rmw_cyclonedds_cpp/cmake)
[8.871s] -- Using RMW implementation 'rmw_cyclonedds_cpp' as default
[8.908s] -- Looking for pthread.h
[9.371s] -- Looking for pthread.h - found
[9.371s] -- Performing Test CMAKE_HAVE_LIBC_PTHREAD
[9.802s] -- Performing Test CMAKE_HAVE_LIBC_PTHREAD - Success
[9.813s] -- Found Threads: TRUE  
[10.616s] -- Configuring done
[10.677s] -- Generating done
[10.697s] -- Build files have been written to: /home/endika/Documents/openarm/build/openarm_hardware
[10.738s] Invoked command in '/home/endika/Documents/openarm/build/openarm_hardware' returned '0': CMAKE_PREFIX_PATH=/opt/ros/humble /usr/bin/cmake /home/endika/Documents/openarm/src/openarm_hardware -DAMENT_CMAKE_SYMLINK_INSTALL=1 -DCMAKE_INSTALL_PREFIX=/home/endika/Documents/openarm/install/openarm_hardware
[10.748s] Invoking command in '/home/endika/Documents/openarm/build/openarm_hardware': CMAKE_PREFIX_PATH=/opt/ros/humble /usr/bin/cmake --build /home/endika/Documents/openarm/build/openarm_hardware -- -j4 -l4
[11.193s] [ 50%] [32mBuilding CXX object CMakeFiles/openarm_hardware.dir/src/v10_simple_hardware.cpp.o[0m
[32.935s] [100%] [32m[1mLinking CXX shared library libopenarm_hardware.so[0m
[35.253s] [100%] Built target openarm_hardware
[35.426s] Invoked command in '/home/endika/Documents/openarm/build/openarm_hardware' returned '0': CMAKE_PREFIX_PATH=/opt/ros/humble /usr/bin/cmake --build /home/endika/Documents/openarm/build/openarm_hardware -- -j4 -l4
[35.434s] Invoking command in '/home/endika/Documents/openarm/build/openarm_hardware': CMAKE_PREFIX_PATH=/opt/ros/humble /usr/bin/cmake --install /home/endika/Documents/openarm/build/openarm_hardware
[35.539s] -- Install configuration: ""
[35.545s] -- Execute custom install script
[35.550s] -- Symlinking: /home/endika/Documents/openarm/install/openarm_hardware/share/openarm_hardware//openarm_hardware.xml
[35.662s] -- Symlinking: /home/endika/Documents/openarm/install/openarm_hardware/lib/libopenarm_hardware.so
[35.792s] -- Symlinking: /home/endika/Documents/openarm/install/openarm_hardware/include/openarm_hardware/v10_simple_hardware.hpp
[35.858s] -- Symlinking: /home/endika/Documents/openarm/install/openarm_hardware/include/openarm_hardware/visibility_control.h
[35.960s] -- Symlinking: /home/endika/Documents/openarm/install/openarm_hardware/share/openarm_hardware/environment/library_path.sh
[36.011s] -- Symlinking: /home/endika/Documents/openarm/install/openarm_hardware/share/openarm_hardware/environment/library_path.dsv
[36.061s] -- Symlinking: /home/endika/Documents/openarm/install/openarm_hardware/share/ament_index/resource_index/package_run_dependencies/openarm_hardware
[36.112s] -- Symlinking: /home/endika/Documents/openarm/install/openarm_hardware/share/ament_index/resource_index/parent_prefix_path/openarm_hardware
[36.154s] -- Symlinking: /home/endika/Documents/openarm/install/openarm_hardware/share/openarm_hardware/environment/ament_prefix_path.sh
[36.184s] -- Symlinking: /home/endika/Documents/openarm/install/openarm_hardware/share/openarm_hardware/environment/ament_prefix_path.dsv
[36.228s] -- Symlinking: /home/endika/Documents/openarm/install/openarm_hardware/share/openarm_hardware/environment/path.sh
[36.269s] -- Symlinking: /home/endika/Documents/openarm/install/openarm_hardware/share/openarm_hardware/environment/path.dsv
[36.320s] -- Symlinking: /home/endika/Documents/openarm/install/openarm_hardware/share/openarm_hardware/local_setup.bash
[36.360s] -- Symlinking: /home/endika/Documents/openarm/install/openarm_hardware/share/openarm_hardware/local_setup.sh
[36.398s] -- Symlinking: /home/endika/Documents/openarm/install/openarm_hardware/share/openarm_hardware/local_setup.zsh
[36.439s] -- Symlinking: /home/endika/Documents/openarm/install/openarm_hardware/share/openarm_hardware/local_setup.dsv
[36.486s] -- Symlinking: /home/endika/Documents/openarm/install/openarm_hardware/share/openarm_hardware/package.dsv
[36.523s] -- Symlinking: /home/endika/Documents/openarm/install/openarm_hardware/share/ament_index/resource_index/packages/openarm_hardware
[36.553s] -- Symlinking: /home/endika/Documents/openarm/install/openarm_hardware/share/ament_index/resource_index/hardware_interface__pluginlib__plugin/openarm_hardware
[36.583s] -- Symlinking: /home/endika/Documents/openarm/install/openarm_hardware/share/openarm_hardware/cmake/ament_cmake_export_include_directories-extras.cmake
[36.608s] -- Symlinking: /home/endika/Documents/openarm/install/openarm_hardware/share/openarm_hardware/cmake/ament_cmake_export_libraries-extras.cmake
[36.640s] -- Symlinking: /home/endika/Documents/openarm/install/openarm_hardware/share/openarm_hardware/cmake/ament_cmake_export_dependencies-extras.cmake
[36.678s] -- Symlinking: /home/endika/Documents/openarm/install/openarm_hardware/share/openarm_hardware/cmake/openarm_hardwareConfig.cmake
[36.709s] -- Symlinking: /home/endika/Documents/openarm/install/openarm_hardware/share/openarm_hardware/cmake/openarm_hardwareConfig-version.cmake
[36.736s] -- Symlinking: /home/endika/Documents/openarm/install/openarm_hardware/share/openarm_hardware/package.xml
[36.776s] Invoked command in '/home/endika/Documents/openarm/build/openarm_hardware' returned '0': CMAKE_PREFIX_PATH=/opt/ros/humble /usr/bin/cmake --install /home/endika/Documents/openarm/build/openarm_hardware
