[0.094s] Invoking command in '/root/workspace/openarm/build/openarm_hardware': CMAKE_PREFIX_PATH=${CMAKE_PREFIX_PATH}:/root/ws_moveit/install/moveit_configs_utils:/root/ws_moveit/install/launch_param_builder:/opt/ros/humble /usr/bin/cmake /root/workspace/openarm/src/openarm_hardware -DAMENT_CMAKE_SYMLINK_INSTALL=1 -DCMAKE_INSTALL_PREFIX=/root/workspace/openarm/install/openarm_hardware
[2.096s] -- The C compiler identification is GNU 11.4.0
[2.672s] -- The CXX compiler identification is GNU 11.4.0
[2.723s] -- Detecting C compiler ABI info
[3.094s] -- Detecting C compiler ABI info - done
[3.108s] -- Check for working C compiler: /usr/bin/cc - skipped
[3.108s] -- Detecting C compile features
[3.125s] -- Detecting C compile features - done
[3.137s] -- Detecting CXX compiler ABI info
[3.390s] -- Detecting CXX compiler ABI info - done
[3.403s] -- Check for working CXX compiler: /usr/bin/c++ - skipped
[3.404s] -- Detecting CXX compile features
[3.404s] -- Detecting CXX compile features - done
[3.524s] -- Found ament_cmake: 1.3.11 (/opt/ros/humble/share/ament_cmake/cmake)
[3.810s] -- Found Python3: /usr/bin/python3 (found version "3.10.12") found components: Interpreter 
[3.954s] -- Override CMake install command with custom implementation using symlinks instead of copying resources
[4.255s] -- Found hardware_interface: 2.50.0 (/opt/ros/humble/share/hardware_interface/cmake)
[4.747s] -- Found rosidl_generator_c: 3.1.6 (/opt/ros/humble/share/rosidl_generator_c/cmake)
[4.861s] -- Found rosidl_adapter: 3.1.6 (/opt/ros/humble/share/rosidl_adapter/cmake)
[4.951s] -- Found rosidl_generator_cpp: 3.1.6 (/opt/ros/humble/share/rosidl_generator_cpp/cmake)
[6.480s] -- Using all available rosidl_typesupport_c: rosidl_typesupport_fastrtps_c;rosidl_typesupport_introspection_c
[6.694s] -- Using all available rosidl_typesupport_cpp: rosidl_typesupport_fastrtps_cpp;rosidl_typesupport_introspection_cpp
[8.073s] -- Found rmw_implementation_cmake: 6.1.2 (/opt/ros/humble/share/rmw_implementation_cmake/cmake)
[8.084s] -- Found rmw_fastrtps_cpp: 6.2.7 (/opt/ros/humble/share/rmw_fastrtps_cpp/cmake)
[8.143s] -- Found TinyXML2 via Config file: TinyXML2_DIR-NOTFOUND
[8.232s] -- Found OpenSSL: /usr/lib/x86_64-linux-gnu/libcrypto.so (found version "3.0.2")  
[8.235s] -- Found TinyXML2 via Config file: TinyXML2_DIR-NOTFOUND
[8.251s] -- Found FastRTPS: /opt/ros/humble/include  
[8.254s] -- Found TinyXML2 via Config file: TinyXML2_DIR-NOTFOUND
[8.264s] -- Found TinyXML2 via Config file: TinyXML2_DIR-NOTFOUND
[8.278s] -- Using RMW implementation 'rmw_fastrtps_cpp' as default
[8.312s] -- Looking for pthread.h
[8.489s] -- Looking for pthread.h - found
[8.492s] -- Performing Test CMAKE_HAVE_LIBC_PTHREAD
[8.678s] -- Performing Test CMAKE_HAVE_LIBC_PTHREAD - Success
[8.680s] -- Found Threads: TRUE  
[9.424s] [31mCMake Error at CMakeLists.txt:30 (find_package):
[9.424s]   By not providing "FindOpenArmCAN.cmake" in CMAKE_MODULE_PATH this project
[9.425s]   has asked CMake to find a package configuration file provided by
[9.425s]   "OpenArmCAN", but CMake did not find one.
[9.425s] 
[9.426s]   Could not find a package configuration file provided by "OpenArmCAN" with
[9.426s]   any of the following names:
[9.426s] 
[9.427s]     OpenArmCANConfig.cmake
[9.427s]     openarmcan-config.cmake
[9.428s] 
[9.428s]   Add the installation prefix of "OpenArmCAN" to CMAKE_PREFIX_PATH or set
[9.429s]   "OpenArmCAN_DIR" to a directory containing one of the above files.  If
[9.429s]   "OpenArmCAN" provides a separate development package or SDK, be sure it has
[9.430s]   been installed.
[9.430s] 
[9.430s] [0m
[9.430s] -- Configuring incomplete, errors occurred!
[9.431s] See also "/root/workspace/openarm/build/openarm_hardware/CMakeFiles/CMakeOutput.log".
[9.438s] Invoked command in '/root/workspace/openarm/build/openarm_hardware' returned '1': CMAKE_PREFIX_PATH=${CMAKE_PREFIX_PATH}:/root/ws_moveit/install/moveit_configs_utils:/root/ws_moveit/install/launch_param_builder:/opt/ros/humble /usr/bin/cmake /root/workspace/openarm/src/openarm_hardware -DAMENT_CMAKE_SYMLINK_INSTALL=1 -DCMAKE_INSTALL_PREFIX=/root/workspace/openarm/install/openarm_hardware
