[0.041s] Invoking command in '/home/endika/Documents/openarm_ros2/build/openarm': CMAKE_PREFIX_PATH=/home/endika/Documents/openarm_ros2/install/openarm_hardware:/home/endika/Documents/openarm_ros2/install/openarm_description:/home/endika/Documents/openarm_ros2/install/openarm_bringup:/home/endika/Documents/openarm_ros2/install/openarm:/home/endika/Documents/openarm_ros2/install/openarm_bimanual_moveit_config:/home/endika/Documents/openarm_ros2/install/openarm_can:/home/endika/Documents/openarm_ros2/install/openarm_p_p:/opt/ros/humble /usr/bin/cmake /home/endika/Documents/openarm_ros2/openarm -DCMAKE_INSTALL_PREFIX=/home/endika/Documents/openarm_ros2/install/openarm
[0.238s] -- The C compiler identification is GNU 11.4.0
[0.473s] -- The CXX compiler identification is GNU 11.4.0
[0.508s] -- Detecting C compiler ABI info
[0.819s] -- Detecting C compiler ABI info - done
[0.857s] -- Check for working C compiler: /usr/bin/cc - skipped
[0.859s] -- Detecting C compile features
[0.864s] -- Detecting C compile features - done
[0.879s] -- Detecting CXX compiler ABI info
[1.173s] -- Detecting CXX compiler ABI info - done
[1.209s] -- Check for working CXX compiler: /usr/bin/c++ - skipped
[1.212s] -- Detecting CXX compile features
[1.213s] -- Detecting CXX compile features - done
[1.232s] -- Found ament_cmake: 1.3.12 (/opt/ros/humble/share/ament_cmake/cmake)
[1.867s] -- Found Python3: /usr/bin/python3 (found version "3.10.12") found components: Interpreter 
[2.579s] -- Configuring done
[2.590s] -- Generating done
[2.600s] -- Build files have been written to: /home/endika/Documents/openarm_ros2/build/openarm
[2.617s] Invoked command in '/home/endika/Documents/openarm_ros2/build/openarm' returned '0': CMAKE_PREFIX_PATH=/home/endika/Documents/openarm_ros2/install/openarm_hardware:/home/endika/Documents/openarm_ros2/install/openarm_description:/home/endika/Documents/openarm_ros2/install/openarm_bringup:/home/endika/Documents/openarm_ros2/install/openarm:/home/endika/Documents/openarm_ros2/install/openarm_bimanual_moveit_config:/home/endika/Documents/openarm_ros2/install/openarm_can:/home/endika/Documents/openarm_ros2/install/openarm_p_p:/opt/ros/humble /usr/bin/cmake /home/endika/Documents/openarm_ros2/openarm -DCMAKE_INSTALL_PREFIX=/home/endika/Documents/openarm_ros2/install/openarm
[2.623s] Invoking command in '/home/endika/Documents/openarm_ros2/build/openarm': CMAKE_PREFIX_PATH=/home/endika/Documents/openarm_ros2/install/openarm_hardware:/home/endika/Documents/openarm_ros2/install/openarm_description:/home/endika/Documents/openarm_ros2/install/openarm_bringup:/home/endika/Documents/openarm_ros2/install/openarm:/home/endika/Documents/openarm_ros2/install/openarm_bimanual_moveit_config:/home/endika/Documents/openarm_ros2/install/openarm_can:/home/endika/Documents/openarm_ros2/install/openarm_p_p:/opt/ros/humble /usr/bin/cmake --build /home/endika/Documents/openarm_ros2/build/openarm -- -j4 -l4
[2.786s] Invoked command in '/home/endika/Documents/openarm_ros2/build/openarm' returned '0': CMAKE_PREFIX_PATH=/home/endika/Documents/openarm_ros2/install/openarm_hardware:/home/endika/Documents/openarm_ros2/install/openarm_description:/home/endika/Documents/openarm_ros2/install/openarm_bringup:/home/endika/Documents/openarm_ros2/install/openarm:/home/endika/Documents/openarm_ros2/install/openarm_bimanual_moveit_config:/home/endika/Documents/openarm_ros2/install/openarm_can:/home/endika/Documents/openarm_ros2/install/openarm_p_p:/opt/ros/humble /usr/bin/cmake --build /home/endika/Documents/openarm_ros2/build/openarm -- -j4 -l4
[2.806s] Invoking command in '/home/endika/Documents/openarm_ros2/build/openarm': CMAKE_PREFIX_PATH=/home/endika/Documents/openarm_ros2/install/openarm_hardware:/home/endika/Documents/openarm_ros2/install/openarm_description:/home/endika/Documents/openarm_ros2/install/openarm_bringup:/home/endika/Documents/openarm_ros2/install/openarm:/home/endika/Documents/openarm_ros2/install/openarm_bimanual_moveit_config:/home/endika/Documents/openarm_ros2/install/openarm_can:/home/endika/Documents/openarm_ros2/install/openarm_p_p:/opt/ros/humble /usr/bin/cmake --install /home/endika/Documents/openarm_ros2/build/openarm
[2.844s] -- Install configuration: ""
[2.844s] -- Installing: /home/endika/Documents/openarm_ros2/install/openarm/share/ament_index/resource_index/package_run_dependencies/openarm
[2.847s] -- Installing: /home/endika/Documents/openarm_ros2/install/openarm/share/ament_index/resource_index/parent_prefix_path/openarm
[2.848s] -- Installing: /home/endika/Documents/openarm_ros2/install/openarm/share/openarm/environment/ament_prefix_path.sh
[2.848s] -- Installing: /home/endika/Documents/openarm_ros2/install/openarm/share/openarm/environment/ament_prefix_path.dsv
[2.848s] -- Installing: /home/endika/Documents/openarm_ros2/install/openarm/share/openarm/environment/path.sh
[2.849s] -- Installing: /home/endika/Documents/openarm_ros2/install/openarm/share/openarm/environment/path.dsv
[2.849s] -- Installing: /home/endika/Documents/openarm_ros2/install/openarm/share/openarm/local_setup.bash
[2.854s] -- Installing: /home/endika/Documents/openarm_ros2/install/openarm/share/openarm/local_setup.sh
[2.855s] -- Installing: /home/endika/Documents/openarm_ros2/install/openarm/share/openarm/local_setup.zsh
[2.855s] -- Installing: /home/endika/Documents/openarm_ros2/install/openarm/share/openarm/local_setup.dsv
[2.855s] -- Installing: /home/endika/Documents/openarm_ros2/install/openarm/share/openarm/package.dsv
[2.856s] -- Installing: /home/endika/Documents/openarm_ros2/install/openarm/share/ament_index/resource_index/packages/openarm
[2.856s] -- Installing: /home/endika/Documents/openarm_ros2/install/openarm/share/openarm/cmake/openarmConfig.cmake
[2.864s] -- Installing: /home/endika/Documents/openarm_ros2/install/openarm/share/openarm/cmake/openarmConfig-version.cmake
[2.864s] -- Installing: /home/endika/Documents/openarm_ros2/install/openarm/share/openarm/package.xml
[2.864s] Invoked command in '/home/endika/Documents/openarm_ros2/build/openarm' returned '0': CMAKE_PREFIX_PATH=/home/endika/Documents/openarm_ros2/install/openarm_hardware:/home/endika/Documents/openarm_ros2/install/openarm_description:/home/endika/Documents/openarm_ros2/install/openarm_bringup:/home/endika/Documents/openarm_ros2/install/openarm:/home/endika/Documents/openarm_ros2/install/openarm_bimanual_moveit_config:/home/endika/Documents/openarm_ros2/install/openarm_can:/home/endika/Documents/openarm_ros2/install/openarm_p_p:/opt/ros/humble /usr/bin/cmake --install /home/endika/Documents/openarm_ros2/build/openarm
