[0.104s] Invoking command in '/home/endika/Documents/openarm_ros2/build/openarm': AMENT_PREFIX_PATH=/home/endika/Documents/openarm_ros2/install/openarm_hardware:/home/endika/Documents/openarm_ros2/install/openarm_description:/home/endika/Documents/openarm_ros2/install/openarm_bringup CMAKE_PREFIX_PATH=/home/endika/Documents/openarm_ros2/install/openarm_hardware:/home/endika/Documents/openarm_ros2/install/openarm_description:/home/endika/Documents/openarm_ros2/install/openarm_bringup LD_LIBRARY_PATH=/home/endika/Documents/openarm_ros2/install/openarm_hardware/lib:${LD_LIBRARY_PATH} /usr/bin/cmake --build /home/endika/Documents/openarm_ros2/build/openarm -- -j4 -l4
[0.682s] Invoked command in '/home/endika/Documents/openarm_ros2/build/openarm' returned '0': AMENT_PREFIX_PATH=/home/endika/Documents/openarm_ros2/install/openarm_hardware:/home/endika/Documents/openarm_ros2/install/openarm_description:/home/endika/Documents/openarm_ros2/install/openarm_bringup CMAKE_PREFIX_PATH=/home/endika/Documents/openarm_ros2/install/openarm_hardware:/home/endika/Documents/openarm_ros2/install/openarm_description:/home/endika/Documents/openarm_ros2/install/openarm_bringup LD_LIBRARY_PATH=/home/endika/Documents/openarm_ros2/install/openarm_hardware/lib:${LD_LIBRARY_PATH} /usr/bin/cmake --build /home/endika/Documents/openarm_ros2/build/openarm -- -j4 -l4
[0.695s] Invoking command in '/home/endika/Documents/openarm_ros2/build/openarm': AMENT_PREFIX_PATH=/home/endika/Documents/openarm_ros2/install/openarm_hardware:/home/endika/Documents/openarm_ros2/install/openarm_description:/home/endika/Documents/openarm_ros2/install/openarm_bringup CMAKE_PREFIX_PATH=/home/endika/Documents/openarm_ros2/install/openarm_hardware:/home/endika/Documents/openarm_ros2/install/openarm_description:/home/endika/Documents/openarm_ros2/install/openarm_bringup LD_LIBRARY_PATH=/home/endika/Documents/openarm_ros2/install/openarm_hardware/lib:${LD_LIBRARY_PATH} /usr/bin/cmake --install /home/endika/Documents/openarm_ros2/build/openarm
[0.742s] -- Install configuration: ""
[0.742s] -- Up-to-date: /home/endika/Documents/openarm_ros2/install/openarm/share/ament_index/resource_index/package_run_dependencies/openarm
[0.742s] -- Up-to-date: /home/endika/Documents/openarm_ros2/install/openarm/share/ament_index/resource_index/parent_prefix_path/openarm
[0.749s] -- Up-to-date: /home/endika/Documents/openarm_ros2/install/openarm/share/openarm/environment/ament_prefix_path.sh
[0.750s] -- Up-to-date: /home/endika/Documents/openarm_ros2/install/openarm/share/openarm/environment/ament_prefix_path.dsv
[0.751s] -- Up-to-date: /home/endika/Documents/openarm_ros2/install/openarm/share/openarm/environment/path.sh
[0.751s] -- Up-to-date: /home/endika/Documents/openarm_ros2/install/openarm/share/openarm/environment/path.dsv
[0.751s] -- Up-to-date: /home/endika/Documents/openarm_ros2/install/openarm/share/openarm/local_setup.bash
[0.752s] -- Up-to-date: /home/endika/Documents/openarm_ros2/install/openarm/share/openarm/local_setup.sh
[0.752s] -- Up-to-date: /home/endika/Documents/openarm_ros2/install/openarm/share/openarm/local_setup.zsh
[0.758s] -- Up-to-date: /home/endika/Documents/openarm_ros2/install/openarm/share/openarm/local_setup.dsv
[0.759s] -- Installing: /home/endika/Documents/openarm_ros2/install/openarm/share/openarm/package.dsv
[0.759s] -- Up-to-date: /home/endika/Documents/openarm_ros2/install/openarm/share/ament_index/resource_index/packages/openarm
[0.759s] -- Up-to-date: /home/endika/Documents/openarm_ros2/install/openarm/share/openarm/cmake/openarmConfig.cmake
[0.760s] -- Up-to-date: /home/endika/Documents/openarm_ros2/install/openarm/share/openarm/cmake/openarmConfig-version.cmake
[0.760s] -- Up-to-date: /home/endika/Documents/openarm_ros2/install/openarm/share/openarm/package.xml
[0.783s] Invoked command in '/home/endika/Documents/openarm_ros2/build/openarm' returned '0': AMENT_PREFIX_PATH=/home/endika/Documents/openarm_ros2/install/openarm_hardware:/home/endika/Documents/openarm_ros2/install/openarm_description:/home/endika/Documents/openarm_ros2/install/openarm_bringup CMAKE_PREFIX_PATH=/home/endika/Documents/openarm_ros2/install/openarm_hardware:/home/endika/Documents/openarm_ros2/install/openarm_description:/home/endika/Documents/openarm_ros2/install/openarm_bringup LD_LIBRARY_PATH=/home/endika/Documents/openarm_ros2/install/openarm_hardware/lib:${LD_LIBRARY_PATH} /usr/bin/cmake --install /home/endika/Documents/openarm_ros2/build/openarm
