[1.900s] DEBUG:colcon:Command line arguments: ['/usr/bin/colcon', 'build', '--packages-select', 'openarm_p_p']
[1.902s] DEBUG:colcon:Parsed command line arguments: Namespace(log_base=None, log_level=None, verb_name='build', build_base='build', install_base='install', merge_install=False, symlink_install=False, test_result_base=None, continue_on_error=False, executor='parallel', parallel_workers=4, event_handlers=None, ignore_user_meta=False, metas=['./colcon.meta'], base_paths=['.'], packages_ignore=None, packages_ignore_regex=None, paths=None, packages_up_to=None, packages_up_to_regex=None, packages_above=None, packages_above_and_dependencies=None, packages_above_depth=None, packages_select_by_dep=None, packages_skip_by_dep=None, packages_skip_up_to=None, packages_select_build_failed=False, packages_skip_build_finished=False, packages_select_test_failures=False, packages_skip_test_passed=False, packages_select=['openarm_p_p'], packages_skip=None, packages_select_regex=None, packages_skip_regex=None, packages_start=None, packages_end=None, allow_overriding=[], cmake_args=None, cmake_target=None, cmake_target_skip_unavailable=False, cmake_clean_cache=False, cmake_clean_first=False, cmake_force_configure=False, ament_cmake_args=None, catkin_cmake_args=None, catkin_skip_building_tests=False, mixin_files=None, mixin=None, verb_parser=<colcon_mixin.mixin.mixin_argument.MixinArgumentDecorator object at 0x7176bbc577c0>, verb_extension=<colcon_core.verb.build.BuildVerb object at 0x7176bbc14cd0>, main=<bound method BuildVerb.main of <colcon_core.verb.build.BuildVerb object at 0x7176bbc14cd0>>, mixin_verb=('build',))
[3.785s] Level 1:colcon.colcon_core.package_discovery:discover_packages(colcon_meta) check parameters
[3.786s] Level 1:colcon.colcon_core.package_discovery:discover_packages(recursive) check parameters
[3.787s] Level 1:colcon.colcon_core.package_discovery:discover_packages(ignore) check parameters
[3.787s] Level 1:colcon.colcon_core.package_discovery:discover_packages(path) check parameters
[3.787s] Level 1:colcon.colcon_core.package_discovery:discover_packages(colcon_meta) discover
[3.787s] Level 1:colcon.colcon_core.package_discovery:discover_packages(recursive) discover
[3.787s] INFO:colcon.colcon_core.package_discovery:Crawling recursively for packages in '/home/endika/Documents/openarm_ros2'
[3.788s] Level 1:colcon.colcon_core.package_identification:_identify(.) by extensions ['ignore', 'ignore_ament_install']
[3.789s] Level 1:colcon.colcon_core.package_identification:_identify(.) by extension 'ignore'
[3.789s] Level 1:colcon.colcon_core.package_identification:_identify(.) by extension 'ignore_ament_install'
[3.790s] Level 1:colcon.colcon_core.package_identification:_identify(.) by extensions ['colcon_pkg']
[3.790s] Level 1:colcon.colcon_core.package_identification:_identify(.) by extension 'colcon_pkg'
[3.790s] Level 1:colcon.colcon_core.package_identification:_identify(.) by extensions ['colcon_meta']
[3.791s] Level 1:colcon.colcon_core.package_identification:_identify(.) by extension 'colcon_meta'
[3.791s] Level 1:colcon.colcon_core.package_identification:_identify(.) by extensions ['ros']
[3.791s] Level 1:colcon.colcon_core.package_identification:_identify(.) by extension 'ros'
[4.016s] Level 1:colcon.colcon_core.package_identification:_identify(.) by extensions ['cmake', 'python']
[4.016s] Level 1:colcon.colcon_core.package_identification:_identify(.) by extension 'cmake'
[4.017s] Level 1:colcon.colcon_core.package_identification:_identify(.) by extension 'python'
[4.017s] Level 1:colcon.colcon_core.package_identification:_identify(.) by extensions ['python_setup_py']
[4.017s] Level 1:colcon.colcon_core.package_identification:_identify(.) by extension 'python_setup_py'
[4.019s] Level 1:colcon.colcon_core.package_identification:_identify(__pycache__) by extensions ['ignore', 'ignore_ament_install']
[4.020s] Level 1:colcon.colcon_core.package_identification:_identify(__pycache__) by extension 'ignore'
[4.022s] Level 1:colcon.colcon_core.package_identification:_identify(__pycache__) by extension 'ignore_ament_install'
[4.024s] Level 1:colcon.colcon_core.package_identification:_identify(__pycache__) by extensions ['colcon_pkg']
[4.024s] Level 1:colcon.colcon_core.package_identification:_identify(__pycache__) by extension 'colcon_pkg'
[4.025s] Level 1:colcon.colcon_core.package_identification:_identify(__pycache__) by extensions ['colcon_meta']
[4.025s] Level 1:colcon.colcon_core.package_identification:_identify(__pycache__) by extension 'colcon_meta'
[4.025s] Level 1:colcon.colcon_core.package_identification:_identify(__pycache__) by extensions ['ros']
[4.026s] Level 1:colcon.colcon_core.package_identification:_identify(__pycache__) by extension 'ros'
[4.028s] Level 1:colcon.colcon_core.package_identification:_identify(__pycache__) by extensions ['cmake', 'python']
[4.029s] Level 1:colcon.colcon_core.package_identification:_identify(__pycache__) by extension 'cmake'
[4.030s] Level 1:colcon.colcon_core.package_identification:_identify(__pycache__) by extension 'python'
[4.030s] Level 1:colcon.colcon_core.package_identification:_identify(__pycache__) by extensions ['python_setup_py']
[4.030s] Level 1:colcon.colcon_core.package_identification:_identify(__pycache__) by extension 'python_setup_py'
[4.031s] Level 1:colcon.colcon_core.package_identification:_identify(build) by extensions ['ignore', 'ignore_ament_install']
[4.032s] Level 1:colcon.colcon_core.package_identification:_identify(build) by extension 'ignore'
[4.033s] Level 1:colcon.colcon_core.package_identification:_identify(build) ignored
[4.035s] Level 1:colcon.colcon_core.package_identification:_identify(dev) by extensions ['ignore', 'ignore_ament_install']
[4.036s] Level 1:colcon.colcon_core.package_identification:_identify(dev) by extension 'ignore'
[4.037s] Level 1:colcon.colcon_core.package_identification:_identify(dev) by extension 'ignore_ament_install'
[4.037s] Level 1:colcon.colcon_core.package_identification:_identify(dev) by extensions ['colcon_pkg']
[4.037s] Level 1:colcon.colcon_core.package_identification:_identify(dev) by extension 'colcon_pkg'
[4.038s] Level 1:colcon.colcon_core.package_identification:_identify(dev) by extensions ['colcon_meta']
[4.038s] Level 1:colcon.colcon_core.package_identification:_identify(dev) by extension 'colcon_meta'
[4.038s] Level 1:colcon.colcon_core.package_identification:_identify(dev) by extensions ['ros']
[4.040s] Level 1:colcon.colcon_core.package_identification:_identify(dev) by extension 'ros'
[4.042s] Level 1:colcon.colcon_core.package_identification:_identify(dev) by extensions ['cmake', 'python']
[4.042s] Level 1:colcon.colcon_core.package_identification:_identify(dev) by extension 'cmake'
[4.042s] Level 1:colcon.colcon_core.package_identification:_identify(dev) by extension 'python'
[4.043s] Level 1:colcon.colcon_core.package_identification:_identify(dev) by extensions ['python_setup_py']
[4.044s] Level 1:colcon.colcon_core.package_identification:_identify(dev) by extension 'python_setup_py'
[4.045s] Level 1:colcon.colcon_core.package_identification:_identify(install) by extensions ['ignore', 'ignore_ament_install']
[4.046s] Level 1:colcon.colcon_core.package_identification:_identify(install) by extension 'ignore'
[4.046s] Level 1:colcon.colcon_core.package_identification:_identify(install) ignored
[4.047s] Level 1:colcon.colcon_core.package_identification:_identify(log) by extensions ['ignore', 'ignore_ament_install']
[4.049s] Level 1:colcon.colcon_core.package_identification:_identify(log) by extension 'ignore'
[4.049s] Level 1:colcon.colcon_core.package_identification:_identify(log) ignored
[4.050s] Level 1:colcon.colcon_core.package_identification:_identify(openarm) by extensions ['ignore', 'ignore_ament_install']
[4.051s] Level 1:colcon.colcon_core.package_identification:_identify(openarm) by extension 'ignore'
[4.051s] Level 1:colcon.colcon_core.package_identification:_identify(openarm) by extension 'ignore_ament_install'
[4.052s] Level 1:colcon.colcon_core.package_identification:_identify(openarm) by extensions ['colcon_pkg']
[4.052s] Level 1:colcon.colcon_core.package_identification:_identify(openarm) by extension 'colcon_pkg'
[4.052s] Level 1:colcon.colcon_core.package_identification:_identify(openarm) by extensions ['colcon_meta']
[4.053s] Level 1:colcon.colcon_core.package_identification:_identify(openarm) by extension 'colcon_meta'
[4.053s] Level 1:colcon.colcon_core.package_identification:_identify(openarm) by extensions ['ros']
[4.053s] Level 1:colcon.colcon_core.package_identification:_identify(openarm) by extension 'ros'
[4.071s] DEBUG:colcon.colcon_core.package_identification:Package 'openarm' with type 'ros.ament_cmake' and name 'openarm'
[4.075s] Level 1:colcon.colcon_core.package_identification:_identify(openarm_bimanual_moveit_config) by extensions ['ignore', 'ignore_ament_install']
[4.076s] Level 1:colcon.colcon_core.package_identification:_identify(openarm_bimanual_moveit_config) by extension 'ignore'
[4.077s] Level 1:colcon.colcon_core.package_identification:_identify(openarm_bimanual_moveit_config) by extension 'ignore_ament_install'
[4.078s] Level 1:colcon.colcon_core.package_identification:_identify(openarm_bimanual_moveit_config) by extensions ['colcon_pkg']
[4.078s] Level 1:colcon.colcon_core.package_identification:_identify(openarm_bimanual_moveit_config) by extension 'colcon_pkg'
[4.079s] Level 1:colcon.colcon_core.package_identification:_identify(openarm_bimanual_moveit_config) by extensions ['colcon_meta']
[4.079s] Level 1:colcon.colcon_core.package_identification:_identify(openarm_bimanual_moveit_config) by extension 'colcon_meta'
[4.079s] Level 1:colcon.colcon_core.package_identification:_identify(openarm_bimanual_moveit_config) by extensions ['ros']
[4.079s] Level 1:colcon.colcon_core.package_identification:_identify(openarm_bimanual_moveit_config) by extension 'ros'
[4.085s] DEBUG:colcon.colcon_core.package_identification:Package 'openarm_bimanual_moveit_config' with type 'ros.ament_cmake' and name 'openarm_bimanual_moveit_config'
[4.086s] Level 1:colcon.colcon_core.package_identification:_identify(openarm_bringup) by extensions ['ignore', 'ignore_ament_install']
[4.087s] Level 1:colcon.colcon_core.package_identification:_identify(openarm_bringup) by extension 'ignore'
[4.087s] Level 1:colcon.colcon_core.package_identification:_identify(openarm_bringup) by extension 'ignore_ament_install'
[4.088s] Level 1:colcon.colcon_core.package_identification:_identify(openarm_bringup) by extensions ['colcon_pkg']
[4.088s] Level 1:colcon.colcon_core.package_identification:_identify(openarm_bringup) by extension 'colcon_pkg'
[4.088s] Level 1:colcon.colcon_core.package_identification:_identify(openarm_bringup) by extensions ['colcon_meta']
[4.088s] Level 1:colcon.colcon_core.package_identification:_identify(openarm_bringup) by extension 'colcon_meta'
[4.089s] Level 1:colcon.colcon_core.package_identification:_identify(openarm_bringup) by extensions ['ros']
[4.089s] Level 1:colcon.colcon_core.package_identification:_identify(openarm_bringup) by extension 'ros'
[4.092s] DEBUG:colcon.colcon_core.package_identification:Package 'openarm_bringup' with type 'ros.ament_cmake' and name 'openarm_bringup'
[4.092s] Level 1:colcon.colcon_core.package_identification:_identify(openarm_can) by extensions ['ignore', 'ignore_ament_install']
[4.096s] Level 1:colcon.colcon_core.package_identification:_identify(openarm_can) by extension 'ignore'
[4.097s] Level 1:colcon.colcon_core.package_identification:_identify(openarm_can) by extension 'ignore_ament_install'
[4.097s] Level 1:colcon.colcon_core.package_identification:_identify(openarm_can) by extensions ['colcon_pkg']
[4.097s] Level 1:colcon.colcon_core.package_identification:_identify(openarm_can) by extension 'colcon_pkg'
[4.098s] Level 1:colcon.colcon_core.package_identification:_identify(openarm_can) by extensions ['colcon_meta']
[4.098s] Level 1:colcon.colcon_core.package_identification:_identify(openarm_can) by extension 'colcon_meta'
[4.098s] Level 1:colcon.colcon_core.package_identification:_identify(openarm_can) by extensions ['ros']
[4.099s] Level 1:colcon.colcon_core.package_identification:_identify(openarm_can) by extension 'ros'
[4.099s] Level 1:colcon.colcon_core.package_identification:_identify(openarm_can) by extensions ['cmake', 'python']
[4.099s] Level 1:colcon.colcon_core.package_identification:_identify(openarm_can) by extension 'cmake'
[4.143s] Level 1:colcon.colcon_core.package_identification:_identify(openarm_can) by extension 'python'
[4.144s] DEBUG:colcon.colcon_core.package_identification:Package 'openarm_can' with type 'cmake' and name 'openarm_can'
[4.145s] Level 1:colcon.colcon_core.package_identification:_identify(openarm_description) by extensions ['ignore', 'ignore_ament_install']
[4.146s] Level 1:colcon.colcon_core.package_identification:_identify(openarm_description) by extension 'ignore'
[4.147s] Level 1:colcon.colcon_core.package_identification:_identify(openarm_description) by extension 'ignore_ament_install'
[4.148s] Level 1:colcon.colcon_core.package_identification:_identify(openarm_description) by extensions ['colcon_pkg']
[4.149s] Level 1:colcon.colcon_core.package_identification:_identify(openarm_description) by extension 'colcon_pkg'
[4.149s] Level 1:colcon.colcon_core.package_identification:_identify(openarm_description) by extensions ['colcon_meta']
[4.149s] Level 1:colcon.colcon_core.package_identification:_identify(openarm_description) by extension 'colcon_meta'
[4.150s] Level 1:colcon.colcon_core.package_identification:_identify(openarm_description) by extensions ['ros']
[4.151s] Level 1:colcon.colcon_core.package_identification:_identify(openarm_description) by extension 'ros'
[4.156s] DEBUG:colcon.colcon_core.package_identification:Package 'openarm_description' with type 'ros.ament_cmake' and name 'openarm_description'
[4.158s] Level 1:colcon.colcon_core.package_identification:_identify(openarm_hardware) by extensions ['ignore', 'ignore_ament_install']
[4.159s] Level 1:colcon.colcon_core.package_identification:_identify(openarm_hardware) by extension 'ignore'
[4.159s] Level 1:colcon.colcon_core.package_identification:_identify(openarm_hardware) by extension 'ignore_ament_install'
[4.160s] Level 1:colcon.colcon_core.package_identification:_identify(openarm_hardware) by extensions ['colcon_pkg']
[4.160s] Level 1:colcon.colcon_core.package_identification:_identify(openarm_hardware) by extension 'colcon_pkg'
[4.161s] Level 1:colcon.colcon_core.package_identification:_identify(openarm_hardware) by extensions ['colcon_meta']
[4.161s] Level 1:colcon.colcon_core.package_identification:_identify(openarm_hardware) by extension 'colcon_meta'
[4.161s] Level 1:colcon.colcon_core.package_identification:_identify(openarm_hardware) by extensions ['ros']
[4.161s] Level 1:colcon.colcon_core.package_identification:_identify(openarm_hardware) by extension 'ros'
[4.166s] DEBUG:colcon.colcon_core.package_identification:Package 'openarm_hardware' with type 'ros.ament_cmake' and name 'openarm_hardware'
[4.167s] Level 1:colcon.colcon_core.package_identification:_identify(openarm_moveit) by extensions ['ignore', 'ignore_ament_install']
[4.168s] Level 1:colcon.colcon_core.package_identification:_identify(openarm_moveit) by extension 'ignore'
[4.168s] Level 1:colcon.colcon_core.package_identification:_identify(openarm_moveit) by extension 'ignore_ament_install'
[4.168s] Level 1:colcon.colcon_core.package_identification:_identify(openarm_moveit) by extensions ['colcon_pkg']
[4.168s] Level 1:colcon.colcon_core.package_identification:_identify(openarm_moveit) by extension 'colcon_pkg'
[4.169s] Level 1:colcon.colcon_core.package_identification:_identify(openarm_moveit) by extensions ['colcon_meta']
[4.169s] Level 1:colcon.colcon_core.package_identification:_identify(openarm_moveit) by extension 'colcon_meta'
[4.169s] Level 1:colcon.colcon_core.package_identification:_identify(openarm_moveit) by extensions ['ros']
[4.170s] Level 1:colcon.colcon_core.package_identification:_identify(openarm_moveit) by extension 'ros'
[4.170s] Level 1:colcon.colcon_core.package_identification:_identify(openarm_moveit) by extensions ['cmake', 'python']
[4.170s] Level 1:colcon.colcon_core.package_identification:_identify(openarm_moveit) by extension 'cmake'
[4.171s] Level 1:colcon.colcon_core.package_identification:_identify(openarm_moveit) by extension 'python'
[4.171s] Level 1:colcon.colcon_core.package_identification:_identify(openarm_moveit) by extensions ['python_setup_py']
[4.171s] Level 1:colcon.colcon_core.package_identification:_identify(openarm_moveit) by extension 'python_setup_py'
[4.172s] Level 1:colcon.colcon_core.package_identification:_identify(openarm_moveit/config) by extensions ['ignore', 'ignore_ament_install']
[4.173s] Level 1:colcon.colcon_core.package_identification:_identify(openarm_moveit/config) by extension 'ignore'
[4.173s] Level 1:colcon.colcon_core.package_identification:_identify(openarm_moveit/config) by extension 'ignore_ament_install'
[4.174s] Level 1:colcon.colcon_core.package_identification:_identify(openarm_moveit/config) by extensions ['colcon_pkg']
[4.174s] Level 1:colcon.colcon_core.package_identification:_identify(openarm_moveit/config) by extension 'colcon_pkg'
[4.174s] Level 1:colcon.colcon_core.package_identification:_identify(openarm_moveit/config) by extensions ['colcon_meta']
[4.174s] Level 1:colcon.colcon_core.package_identification:_identify(openarm_moveit/config) by extension 'colcon_meta'
[4.174s] Level 1:colcon.colcon_core.package_identification:_identify(openarm_moveit/config) by extensions ['ros']
[4.175s] Level 1:colcon.colcon_core.package_identification:_identify(openarm_moveit/config) by extension 'ros'
[4.175s] Level 1:colcon.colcon_core.package_identification:_identify(openarm_moveit/config) by extensions ['cmake', 'python']
[4.175s] Level 1:colcon.colcon_core.package_identification:_identify(openarm_moveit/config) by extension 'cmake'
[4.175s] Level 1:colcon.colcon_core.package_identification:_identify(openarm_moveit/config) by extension 'python'
[4.176s] Level 1:colcon.colcon_core.package_identification:_identify(openarm_moveit/config) by extensions ['python_setup_py']
[4.176s] Level 1:colcon.colcon_core.package_identification:_identify(openarm_moveit/config) by extension 'python_setup_py'
[4.176s] Level 1:colcon.colcon_core.package_identification:_identify(openarm_moveit/config/launch) by extensions ['ignore', 'ignore_ament_install']
[4.177s] Level 1:colcon.colcon_core.package_identification:_identify(openarm_moveit/config/launch) by extension 'ignore'
[4.178s] Level 1:colcon.colcon_core.package_identification:_identify(openarm_moveit/config/launch) by extension 'ignore_ament_install'
[4.178s] Level 1:colcon.colcon_core.package_identification:_identify(openarm_moveit/config/launch) by extensions ['colcon_pkg']
[4.178s] Level 1:colcon.colcon_core.package_identification:_identify(openarm_moveit/config/launch) by extension 'colcon_pkg'
[4.179s] Level 1:colcon.colcon_core.package_identification:_identify(openarm_moveit/config/launch) by extensions ['colcon_meta']
[4.179s] Level 1:colcon.colcon_core.package_identification:_identify(openarm_moveit/config/launch) by extension 'colcon_meta'
[4.179s] Level 1:colcon.colcon_core.package_identification:_identify(openarm_moveit/config/launch) by extensions ['ros']
[4.179s] Level 1:colcon.colcon_core.package_identification:_identify(openarm_moveit/config/launch) by extension 'ros'
[4.180s] Level 1:colcon.colcon_core.package_identification:_identify(openarm_moveit/config/launch) by extensions ['cmake', 'python']
[4.180s] Level 1:colcon.colcon_core.package_identification:_identify(openarm_moveit/config/launch) by extension 'cmake'
[4.181s] Level 1:colcon.colcon_core.package_identification:_identify(openarm_moveit/config/launch) by extension 'python'
[4.181s] Level 1:colcon.colcon_core.package_identification:_identify(openarm_moveit/config/launch) by extensions ['python_setup_py']
[4.181s] Level 1:colcon.colcon_core.package_identification:_identify(openarm_moveit/config/launch) by extension 'python_setup_py'
[4.182s] Level 1:colcon.colcon_core.package_identification:_identify(openarm_p_p) by extensions ['ignore', 'ignore_ament_install']
[4.182s] Level 1:colcon.colcon_core.package_identification:_identify(openarm_p_p) by extension 'ignore'
[4.183s] Level 1:colcon.colcon_core.package_identification:_identify(openarm_p_p) by extension 'ignore_ament_install'
[4.183s] Level 1:colcon.colcon_core.package_identification:_identify(openarm_p_p) by extensions ['colcon_pkg']
[4.183s] Level 1:colcon.colcon_core.package_identification:_identify(openarm_p_p) by extension 'colcon_pkg'
[4.183s] Level 1:colcon.colcon_core.package_identification:_identify(openarm_p_p) by extensions ['colcon_meta']
[4.184s] Level 1:colcon.colcon_core.package_identification:_identify(openarm_p_p) by extension 'colcon_meta'
[4.184s] Level 1:colcon.colcon_core.package_identification:_identify(openarm_p_p) by extensions ['ros']
[4.184s] Level 1:colcon.colcon_core.package_identification:_identify(openarm_p_p) by extension 'ros'
[4.196s] DEBUG:colcon.colcon_core.package_identification:Package 'openarm_p_p' with type 'ros.ament_cmake' and name 'openarm_p_p'
[4.197s] Level 1:colcon.colcon_core.package_discovery:discover_packages(recursive) using defaults
[4.197s] Level 1:colcon.colcon_core.package_discovery:discover_packages(ignore) discover
[4.197s] Level 1:colcon.colcon_core.package_discovery:discover_packages(ignore) using defaults
[4.198s] Level 1:colcon.colcon_core.package_discovery:discover_packages(path) discover
[4.198s] Level 1:colcon.colcon_core.package_discovery:discover_packages(path) using defaults
[4.332s] INFO:colcon.colcon_core.package_selection:Skipping not selected package 'openarm_bringup' in 'openarm_bringup'
[4.333s] INFO:colcon.colcon_core.package_selection:Skipping not selected package 'openarm_can' in 'openarm_can'
[4.333s] INFO:colcon.colcon_core.package_selection:Skipping not selected package 'openarm_description' in 'openarm_description'
[4.333s] INFO:colcon.colcon_core.package_selection:Skipping not selected package 'openarm_hardware' in 'openarm_hardware'
[4.333s] INFO:colcon.colcon_core.package_selection:Skipping not selected package 'openarm' in 'openarm'
[4.334s] INFO:colcon.colcon_core.package_selection:Skipping not selected package 'openarm_bimanual_moveit_config' in 'openarm_bimanual_moveit_config'
[4.336s] Level 1:colcon.colcon_core.package_discovery:discover_packages(prefix_path) check parameters
[4.337s] Level 1:colcon.colcon_core.package_discovery:discover_packages(prefix_path) discover
[4.361s] DEBUG:colcon.colcon_installed_package_information.package_discovery:Found 7 installed packages in /home/endika/Documents/openarm_ros2/install
[4.372s] DEBUG:colcon.colcon_installed_package_information.package_discovery:Found 55 installed packages in /home/endika/ws_moveit2/install
[4.381s] DEBUG:colcon.colcon_installed_package_information.package_discovery:Found 371 installed packages in /opt/ros/humble
[4.399s] Level 1:colcon.colcon_core.package_discovery:discover_packages(prefix_path) using defaults
[4.774s] Level 5:colcon.colcon_core.verb:set package 'openarm_p_p' build argument 'cmake_args' from command line to 'None'
[4.774s] Level 5:colcon.colcon_core.verb:set package 'openarm_p_p' build argument 'cmake_target' from command line to 'None'
[4.775s] Level 5:colcon.colcon_core.verb:set package 'openarm_p_p' build argument 'cmake_target_skip_unavailable' from command line to 'False'
[4.775s] Level 5:colcon.colcon_core.verb:set package 'openarm_p_p' build argument 'cmake_clean_cache' from command line to 'False'
[4.775s] Level 5:colcon.colcon_core.verb:set package 'openarm_p_p' build argument 'cmake_clean_first' from command line to 'False'
[4.775s] Level 5:colcon.colcon_core.verb:set package 'openarm_p_p' build argument 'cmake_force_configure' from command line to 'False'
[4.775s] Level 5:colcon.colcon_core.verb:set package 'openarm_p_p' build argument 'ament_cmake_args' from command line to 'None'
[4.776s] Level 5:colcon.colcon_core.verb:set package 'openarm_p_p' build argument 'catkin_cmake_args' from command line to 'None'
[4.776s] Level 5:colcon.colcon_core.verb:set package 'openarm_p_p' build argument 'catkin_skip_building_tests' from command line to 'False'
[4.776s] DEBUG:colcon.colcon_core.verb:Building package 'openarm_p_p' with the following arguments: {'ament_cmake_args': None, 'build_base': '/home/endika/Documents/openarm_ros2/build/openarm_p_p', 'catkin_cmake_args': None, 'catkin_skip_building_tests': False, 'cmake_args': None, 'cmake_clean_cache': False, 'cmake_clean_first': False, 'cmake_force_configure': False, 'cmake_target': None, 'cmake_target_skip_unavailable': False, 'install_base': '/home/endika/Documents/openarm_ros2/install/openarm_p_p', 'merge_install': False, 'path': '/home/endika/Documents/openarm_ros2/openarm_p_p', 'symlink_install': False, 'test_result_base': None}
[4.777s] INFO:colcon.colcon_core.executor:Executing jobs using 'parallel' executor
[4.785s] DEBUG:colcon.colcon_parallel_executor.executor.parallel:run_until_complete
[4.787s] INFO:colcon.colcon_ros.task.ament_cmake.build:Building ROS package in '/home/endika/Documents/openarm_ros2/openarm_p_p' with build type 'ament_cmake'
[4.789s] INFO:colcon.colcon_cmake.task.cmake.build:Building CMake package in '/home/endika/Documents/openarm_ros2/openarm_p_p'
[4.802s] INFO:colcon.colcon_core.plugin_system:Skipping extension 'colcon_core.shell.bat': Not used on non-Windows systems
[4.805s] INFO:colcon.colcon_core.shell:Skip shell extension 'powershell' for command environment: Not usable outside of PowerShell
[4.805s] DEBUG:colcon.colcon_core.shell:Skip shell extension 'dsv' for command environment
[4.891s] DEBUG:colcon.colcon_core.event_handler.log_command:Invoking command in '/home/endika/Documents/openarm_ros2/build/openarm_p_p': CMAKE_PREFIX_PATH=${CMAKE_PREFIX_PATH}:/home/endika/ws_moveit2/install/moveit_configs_utils:/home/endika/ws_moveit2/install/launch_param_builder:/opt/ros/humble /usr/bin/cmake --build /home/endika/Documents/openarm_ros2/build/openarm_p_p -- -j4 -l4
[64.368s] DEBUG:colcon.colcon_core.event_handler.log_command:Invoked command in '/home/endika/Documents/openarm_ros2/build/openarm_p_p' returned '0': CMAKE_PREFIX_PATH=${CMAKE_PREFIX_PATH}:/home/endika/ws_moveit2/install/moveit_configs_utils:/home/endika/ws_moveit2/install/launch_param_builder:/opt/ros/humble /usr/bin/cmake --build /home/endika/Documents/openarm_ros2/build/openarm_p_p -- -j4 -l4
[64.421s] DEBUG:colcon.colcon_core.event_handler.log_command:Invoking command in '/home/endika/Documents/openarm_ros2/build/openarm_p_p': CMAKE_PREFIX_PATH=${CMAKE_PREFIX_PATH}:/home/endika/ws_moveit2/install/moveit_configs_utils:/home/endika/ws_moveit2/install/launch_param_builder:/opt/ros/humble /usr/bin/cmake --install /home/endika/Documents/openarm_ros2/build/openarm_p_p
[64.588s] Level 1:colcon.colcon_core.environment:create_environment_scripts_only(openarm_p_p)
[64.596s] DEBUG:colcon.colcon_core.event_handler.log_command:Invoked command in '/home/endika/Documents/openarm_ros2/build/openarm_p_p' returned '0': CMAKE_PREFIX_PATH=${CMAKE_PREFIX_PATH}:/home/endika/ws_moveit2/install/moveit_configs_utils:/home/endika/ws_moveit2/install/launch_param_builder:/opt/ros/humble /usr/bin/cmake --install /home/endika/Documents/openarm_ros2/build/openarm_p_p
[64.620s] Level 1:colcon.colcon_core.environment:checking '/home/endika/Documents/openarm_ros2/install/openarm_p_p' for CMake module files
[64.624s] Level 1:colcon.colcon_core.environment:checking '/home/endika/Documents/openarm_ros2/install/openarm_p_p' for CMake config files
[64.633s] Level 1:colcon.colcon_core.shell:create_environment_hook('openarm_p_p', 'cmake_prefix_path')
[64.638s] INFO:colcon.colcon_core.shell:Creating environment hook '/home/endika/Documents/openarm_ros2/install/openarm_p_p/share/openarm_p_p/hook/cmake_prefix_path.ps1'
[64.645s] INFO:colcon.colcon_core.shell:Creating environment descriptor '/home/endika/Documents/openarm_ros2/install/openarm_p_p/share/openarm_p_p/hook/cmake_prefix_path.dsv'
[64.650s] INFO:colcon.colcon_core.shell:Creating environment hook '/home/endika/Documents/openarm_ros2/install/openarm_p_p/share/openarm_p_p/hook/cmake_prefix_path.sh'
[64.665s] Level 1:colcon.colcon_core.environment:checking '/home/endika/Documents/openarm_ros2/install/openarm_p_p/lib'
[64.668s] Level 1:colcon.colcon_core.environment:checking '/home/endika/Documents/openarm_ros2/install/openarm_p_p/bin'
[64.668s] Level 1:colcon.colcon_core.environment:checking '/home/endika/Documents/openarm_ros2/install/openarm_p_p/lib/pkgconfig/openarm_p_p.pc'
[64.677s] Level 1:colcon.colcon_core.environment:checking '/home/endika/Documents/openarm_ros2/install/openarm_p_p/lib/python3.10/site-packages'
[64.680s] Level 1:colcon.colcon_core.environment:checking '/home/endika/Documents/openarm_ros2/install/openarm_p_p/bin'
[64.684s] INFO:colcon.colcon_core.shell:Creating package script '/home/endika/Documents/openarm_ros2/install/openarm_p_p/share/openarm_p_p/package.ps1'
[64.696s] INFO:colcon.colcon_core.shell:Creating package descriptor '/home/endika/Documents/openarm_ros2/install/openarm_p_p/share/openarm_p_p/package.dsv'
[64.703s] INFO:colcon.colcon_core.shell:Creating package script '/home/endika/Documents/openarm_ros2/install/openarm_p_p/share/openarm_p_p/package.sh'
[64.708s] INFO:colcon.colcon_core.shell:Creating package script '/home/endika/Documents/openarm_ros2/install/openarm_p_p/share/openarm_p_p/package.bash'
[64.723s] INFO:colcon.colcon_core.shell:Creating package script '/home/endika/Documents/openarm_ros2/install/openarm_p_p/share/openarm_p_p/package.zsh'
[64.729s] Level 1:colcon.colcon_core.environment:create_file_with_runtime_dependencies(/home/endika/Documents/openarm_ros2/install/openarm_p_p/share/colcon-core/packages/openarm_p_p)
[64.733s] Level 1:colcon.colcon_core.environment:create_environment_scripts_only(openarm_p_p)
[64.734s] Level 1:colcon.colcon_core.environment:checking '/home/endika/Documents/openarm_ros2/install/openarm_p_p' for CMake module files
[64.737s] Level 1:colcon.colcon_core.environment:checking '/home/endika/Documents/openarm_ros2/install/openarm_p_p' for CMake config files
[64.738s] Level 1:colcon.colcon_core.shell:create_environment_hook('openarm_p_p', 'cmake_prefix_path')
[64.740s] INFO:colcon.colcon_core.shell:Creating environment hook '/home/endika/Documents/openarm_ros2/install/openarm_p_p/share/openarm_p_p/hook/cmake_prefix_path.ps1'
[64.743s] INFO:colcon.colcon_core.shell:Creating environment descriptor '/home/endika/Documents/openarm_ros2/install/openarm_p_p/share/openarm_p_p/hook/cmake_prefix_path.dsv'
[64.745s] INFO:colcon.colcon_core.shell:Creating environment hook '/home/endika/Documents/openarm_ros2/install/openarm_p_p/share/openarm_p_p/hook/cmake_prefix_path.sh'
[64.750s] Level 1:colcon.colcon_core.environment:checking '/home/endika/Documents/openarm_ros2/install/openarm_p_p/lib'
[64.752s] Level 1:colcon.colcon_core.environment:checking '/home/endika/Documents/openarm_ros2/install/openarm_p_p/bin'
[64.753s] Level 1:colcon.colcon_core.environment:checking '/home/endika/Documents/openarm_ros2/install/openarm_p_p/lib/pkgconfig/openarm_p_p.pc'
[64.756s] Level 1:colcon.colcon_core.environment:checking '/home/endika/Documents/openarm_ros2/install/openarm_p_p/lib/python3.10/site-packages'
[64.758s] Level 1:colcon.colcon_core.environment:checking '/home/endika/Documents/openarm_ros2/install/openarm_p_p/bin'
[64.761s] INFO:colcon.colcon_core.shell:Creating package script '/home/endika/Documents/openarm_ros2/install/openarm_p_p/share/openarm_p_p/package.ps1'
[64.765s] INFO:colcon.colcon_core.shell:Creating package descriptor '/home/endika/Documents/openarm_ros2/install/openarm_p_p/share/openarm_p_p/package.dsv'
[64.769s] INFO:colcon.colcon_core.shell:Creating package script '/home/endika/Documents/openarm_ros2/install/openarm_p_p/share/openarm_p_p/package.sh'
[64.772s] INFO:colcon.colcon_core.shell:Creating package script '/home/endika/Documents/openarm_ros2/install/openarm_p_p/share/openarm_p_p/package.bash'
[64.776s] INFO:colcon.colcon_core.shell:Creating package script '/home/endika/Documents/openarm_ros2/install/openarm_p_p/share/openarm_p_p/package.zsh'
[64.781s] Level 1:colcon.colcon_core.environment:create_file_with_runtime_dependencies(/home/endika/Documents/openarm_ros2/install/openarm_p_p/share/colcon-core/packages/openarm_p_p)
[64.786s] DEBUG:colcon.colcon_parallel_executor.executor.parallel:closing loop
[64.787s] DEBUG:colcon.colcon_parallel_executor.executor.parallel:loop closed
[64.788s] DEBUG:colcon.colcon_parallel_executor.executor.parallel:run_until_complete finished with '0'
[64.788s] DEBUG:colcon.colcon_core.event_reactor:joining thread
[64.831s] INFO:colcon.colcon_core.plugin_system:Skipping extension 'colcon_notification.desktop_notification.terminal_notifier': Not used on non-Darwin systems
[64.832s] INFO:colcon.colcon_core.plugin_system:Skipping extension 'colcon_notification.desktop_notification.win32': Not used on non-Windows systems
[64.832s] INFO:colcon.colcon_notification.desktop_notification:Sending desktop notification using 'notify2'
[64.929s] DEBUG:colcon.colcon_core.event_reactor:joined thread
[64.931s] INFO:colcon.colcon_core.shell:Creating prefix script '/home/endika/Documents/openarm_ros2/install/local_setup.ps1'
[64.939s] INFO:colcon.colcon_core.shell:Creating prefix util module '/home/endika/Documents/openarm_ros2/install/_local_setup_util_ps1.py'
[64.947s] INFO:colcon.colcon_core.shell:Creating prefix chain script '/home/endika/Documents/openarm_ros2/install/setup.ps1'
[64.970s] INFO:colcon.colcon_core.shell:Creating prefix script '/home/endika/Documents/openarm_ros2/install/local_setup.sh'
[64.980s] INFO:colcon.colcon_core.shell:Creating prefix util module '/home/endika/Documents/openarm_ros2/install/_local_setup_util_sh.py'
[64.986s] INFO:colcon.colcon_core.shell:Creating prefix chain script '/home/endika/Documents/openarm_ros2/install/setup.sh'
[65.016s] INFO:colcon.colcon_core.shell:Creating prefix script '/home/endika/Documents/openarm_ros2/install/local_setup.bash'
[65.019s] INFO:colcon.colcon_core.shell:Creating prefix chain script '/home/endika/Documents/openarm_ros2/install/setup.bash'
[65.065s] INFO:colcon.colcon_core.shell:Creating prefix script '/home/endika/Documents/openarm_ros2/install/local_setup.zsh'
[65.068s] INFO:colcon.colcon_core.shell:Creating prefix chain script '/home/endika/Documents/openarm_ros2/install/setup.zsh'
